0.163242
0.163242
0.159954
0.156666
0.159954
0.163242
0.159954
0.163242
0.156666
0.163242
0.159954
0.163242
0.159954
0.163242
0.159954
0.159954
0.146801
0.475625
0.482201
0.478913
0.482201
0.488778
0.485490
0.485490
0.485490
0.488778
0.485490
0.488778
0.488778
0.488778
0.488778
0.413148
0.159954
0.169819
0.166530
0.169819
0.166530
0.169819
0.163242
0.166530
0.166530
0.166530
0.159954
0.166530
0.163242
0.163242
0.163242
0.166530
0.163242
0.166530
0.159954
0.159954
0.159954
0.163242
0.163242
0.159954
0.163242
0.163242
0.159954
0.163242
0.163242
0.163242
0.163242
0.166530
0.163242
0.159954
0.163242
0.163242
0.163242
0.159954
0.163242
0.163242
0.159954
0.166530
0.163242
0.163242
0.166530
0.163242
0.166530
0.159954
0.159954
0.159954
0.159954
0.159954
0.159954
0.166530
0.156666
0.159954
0.163242
0.163242
0.166530
0.159954
0.163242
0.163242
0.163242
0.163242
0.159954
0.163242
0.166530
0.163242
0.166530
0.163242
0.163242
0.166530
0.163242
0.163242
0.163242
0.159954
0.163242
0.163242
0.163242
0.159954
0.163242
0.159954
0.159954
0.166530
0.159954
0.159954
0.163242
0.163242
0.159954
0.163242
0.159954
0.163242
0.163242
0.159954
0.163242
0.163242
0.163242
0.159954
0.163242
0.166530
0.159954
0.159954
0.159954
0.163242
0.159954
0.159954
0.169819
0.159954
0.163242
0.159954
0.163242
0.163242
0.159954
0.163242
0.163242
0.159954
0.159954
0.163242
0.163242
0.166530
0.159954
0.163242
0.159954
0.159954
0.166530
0.163242
0.163242
0.159954
0.163242
0.163242
0.163242
0.159954
0.163242
0.159954
0.163242
0.156666
0.163242
0.163242
0.159954
0.163242
0.159954
0.163242
0.163242
0.156666
0.166530
0.159954
0.163242
0.159954
0.159954
0.163242
0.159954
0.159954
0.163242
0.163242
0.156666
0.163242
0.163242
0.159954
0.163242
0.163242
0.159954
0.163242
0.166530
0.159954
0.159954
0.156666
0.159954
0.163242
0.159954
0.163242
0.166530
0.163242
0.159954
0.163242
0.163242
0.166530
0.159954
0.163242
0.159954
0.163242
0.156666
0.163242
0.163242
0.159954
0.166530
0.159954
0.159954
0.163242
0.159954
0.156666
0.163242
0.163242
0.159954
0.163242
0.156666
0.166530
0.163242
0.159954
0.166530
0.159954
0.159954
0.159954
0.159954
0.163242
0.166530
0.163242
0.163242
0.163242
0.163242
0.159954
0.159954
0.163242
0.159954
0.159954
0.159954
0.163242
0.159954
0.159954
0.163242
0.163242
0.163242
0.163242
0.163242
0.156666
0.156666
0.159954
0.159954
0.163242
0.163242
0.159954
0.163242
0.159954
0.163242
0.159954
0.159954
0.159954
0.159954
0.159954
0.159954
0.156666
0.163242
0.159954
0.163242
0.159954
0.159954
0.163242
0.163242
0.159954
0.159954
0.159954
0.159954
0.166530
0.163242
0.163242
0.166530
0.159954
0.163242
0.166530
0.159954
0.166530
0.163242
0.163242
0.163242
0.159954
0.159954
0.163242
0.163242
0.163242
0.159954
0.159954
0.163242
0.163242
0.156666
0.163242
0.159954
0.163242
0.163242
0.163242
0.163242
0.159954
0.159954
0.163242
0.163242
0.166530
0.163242
0.163242
0.163242
0.159954
0.163242
0.166530
0.163242
0.159954
0.163242
0.159954
0.163242
0.159954
0.163242
0.159954
0.163242
0.159954
0.163242
0.159954
0.159954
0.166530
0.159954
0.163242
0.159954
0.163242
0.163242
0.166530
0.159954
0.159954
0.163242
0.159954
0.159954
0.163242
0.166530
0.159954
0.163242
0.163242
0.166530
0.159954
0.159954
0.163242
0.163242
0.159954
0.159954
0.159954
0.163242
0.163242
0.163242
0.163242
0.163242
0.166530
0.163242
0.163242
0.163242
0.163242
0.159954
0.159954
0.163242
0.166530
0.159954
0.159954
0.163242
0.163242
0.156666
0.166530
0.159954
0.163242
0.163242
0.156666
0.163242
0.163242
0.159954
0.163242
0.163242
0.163242
0.159954
0.163242
0.163242
0.163242
0.156666
0.163242
0.159954
0.159954
0.156666
0.163242
0.163242
0.156666
0.166530
0.163242
0.156666
0.163242
0.159954
0.163242
0.159954
0.163242
0.156666
0.156666
0.156666
0.156666
0.159954
0.159954
0.159954
0.163242
0.163242
0.163242
0.159954
0.159954
0.163242
0.163242
0.156666
0.163242
0.159954
0.163242
0.163242
0.156666
0.163242
0.159954
0.163242
0.159954
0.163242
0.163242
0.159954
0.166530
0.163242
0.159954
0.163242
0.163242
0.156666
0.163242
0.163242
0.163242
0.163242
0.163242
0.159954
0.159954
0.159954
0.159954
0.159954
0.159954
0.159954
0.159954
0.163242
0.163242
0.163242
0.163242
0.163242
0.163242
0.156666
0.159954
0.159954
0.163242
0.163242
0.156666
0.166530
0.163242
0.159954
0.163242
0.163242
0.159954
0.163242
0.159954
0.163242
0.163242
0.159954
0.159954
0.159954
0.156666
0.156666
0.159954
0.159954
0.163242
0.163242
0.159954
0.159954
0.163242
0.159954
0.153377
0.156666
0.163242
0.163242
0.159954
0.156666
0.159954
0.163242
0.163242
0.159954
0.163242
