2.505192
2.504535
2.504864
2.504864
2.504535
2.504864
2.504864
2.504864
2.505192
2.504535
2.504535
2.504864
2.504864
2.504864
2.504535
2.504864
2.504535
2.504864
2.504535
2.505192
2.505192
2.505192
2.504864
2.504864
2.505192
2.504864
2.504864
2.504864
2.503877
2.501246
2.506179
2.505521
2.507494
2.502562
2.503219
2.508809
2.503219
2.504864
2.505521
2.505521
2.500589
2.507494
2.503548
2.505521
2.507165
2.505521
2.502233
2.508809
2.508152
2.505850
2.506836
2.502891
2.501904
2.504206
2.503548
2.503548
2.505521
2.507165
2.502233
2.501575
2.505192
2.508481
2.502233
2.506508
2.506836
2.504535
2.504206
2.507165
2.508481
2.503877
2.505521
2.502891
2.506508
2.507494
2.504206
2.507165
2.507494
2.504535
2.505850
2.503548
2.507165
2.502233
2.503877
2.505850
2.506836
2.507494
2.505850
2.502891
2.505521
2.505521
2.504206
2.507165
2.506179
2.505192
2.503548
2.507165
2.503548
2.500260
2.504535
2.505850
2.503219
2.499931
2.505192
2.505850
2.504864
2.506179
2.503877
2.511111
2.507165
2.503548
2.509467
2.503548
2.502233
2.509138
2.503548
2.506836
2.507494
2.505850
2.506179
2.505192
2.502562
2.505521
2.507165
2.503877
2.501904
2.503548
2.507165
2.508809
2.506179
2.502891
2.504864
2.505521
2.505521
2.501904
2.503877
2.502562
2.507494
2.501904
2.499602
2.505521
2.504535
2.502233
2.507494
2.507823
2.507823
2.504864
2.502562
2.502891
2.504535
2.504864
2.505850
2.508481
2.503219
2.504535
2.509138
2.504206
2.504206
2.504864
2.501904
2.504206
2.502891
2.510125
2.505521
2.498945
2.501904
2.504535
2.496972
2.506179
2.505192
2.504206
2.504864
2.505521
2.504535
2.504206
2.506179
2.504535
2.505521
2.505192
2.504864
2.501575
2.506836
2.504864
2.507165
2.507823
2.503877
2.505521
2.506508
2.505521
2.501246
2.505521
2.505521
2.502562
2.503548
2.502562
2.506179
2.502891
2.503877
2.502891
2.503877
2.503877
2.503548
2.506179
2.505192
2.504206
2.507165
2.504535
2.504864
2.504864
2.503219
2.504864
2.507494
2.502233
2.504864
2.505192
2.504535
2.507494
2.506179
2.500589
2.503877
2.508481
2.508481
2.508152
2.506508
2.503219
2.503219
2.503877
2.505850
2.502562
2.505850
2.504535
2.502562
2.504864
2.506179
2.500260
2.502891
2.505850
2.505850
2.504864
2.507494
2.502891
2.505850
2.508809
2.503548
2.507823
2.506508
2.503548
2.504206
2.507494
2.504864
2.505192
2.502562
2.505850
2.501904
2.504206
2.504535
2.509467
2.504535
2.506508
2.503219
2.501246
2.504864
2.505192
2.503877
2.505850
2.504864
2.506508
2.506179
2.506179
2.505192
2.502891
2.506836
2.500918
2.504206
2.501246
2.508481
2.504206
2.505521
2.506508
2.506836
2.508809
2.506508
2.509467
2.505850
2.506836
2.507494
2.507165
2.505850
2.506836
2.509796
2.505192
2.505192
2.506836
2.503877
2.508481
2.501246
2.505521
2.507494
2.507165
2.501904
2.506179
2.503548
2.507494
2.505850
2.504535
2.500589
2.506179
2.502891
2.505850
2.508152
2.507494
2.504535
2.507823
2.503877
2.504864
2.504206
2.506179
2.503548
2.504864
2.508152
2.505192
2.508481
2.507165
2.507165
2.504206
2.505850
2.504206
2.502891
2.506179
2.505192
2.505521
2.506179
2.504864
2.505850
2.505192
2.508809
2.505521
2.502891
2.504206
2.503219
2.506179
2.504206
2.503219
2.505850
2.502562
2.502891
2.503548
2.502562
2.508152
2.506508
2.505192
2.501246
2.508809
2.507494
2.506836
2.505521
2.509138
2.504535
2.507823
2.504535
2.503219
2.505192
2.505521
2.507823
2.504206
2.505521
2.503877
2.505192
2.507494
2.505192
2.505192
2.502891
2.503548
2.503219
2.506508
2.503548
2.509467
2.505521
2.509796
2.505521
2.508809
2.508152
2.509138
2.502891
2.503548
2.505850
2.506179
2.503219
2.506508
2.504864
2.504206
2.507494
2.507165
2.503548
2.505192
2.506836
2.506508
2.505192
2.504864
2.506836
2.504864
2.503548
2.500589
2.508152
2.504535
2.507494
2.505850
2.503877
2.505850
2.510454
2.508481
2.503219
2.506836
2.508481
2.506508
2.502562
2.507823
2.504535
2.502562
2.503877
2.506508
2.507165
2.509796
2.499274
2.505850
2.507823
2.506836
2.504535
2.509467
2.506836
2.502891
2.508481
2.505192
2.504535
2.506179
2.506508
2.508481
2.509796
2.504535
2.503219
2.505850
2.506508
2.505850
2.504206
2.506179
2.504864
2.503548
2.506179
2.506836
2.501904
2.507165
2.508809
2.504206
2.505850
2.506508
2.506508
2.503548
2.501904
2.502562
2.505192
2.507494
2.507165
2.509138
2.502233
2.509796
2.506179
2.502233
2.511769
2.507823
2.510454
2.506836
2.507494
2.507165
2.508152
2.507494
2.502891
2.507823
2.508152
2.508152
2.508481
2.506508
2.508481
2.506179
2.504535
2.509796
2.505850
2.507165
2.510454
2.503548
2.511111
2.507823
2.505521
2.503548
2.509796
2.505521
2.507823
2.504864
2.506836
2.504535
2.505521
2.505192
2.506179
2.505850
