2.508481
2.506508
2.509796
2.503548
2.502562
2.511769
2.509138
2.504206
2.504535
2.506179
2.509467
2.507165
2.509467
2.502562
2.504535
2.508152
2.510454
2.508152
2.507165
2.506179
2.505850
2.505850
2.503548
2.506508
2.505850
2.506508
2.508152
2.504535
2.506836
2.507823
2.508481
2.511111
2.507165
2.504864
2.509796
2.508481
2.510125
2.508809
2.506179
2.508481
2.507823
2.509138
2.506179
2.510454
2.508809
2.507165
2.511769
2.505192
2.507823
2.505521
2.506508
2.506836
2.505521
2.508152
2.509467
2.511111
2.510782
2.506179
2.507823
2.505521
2.502562
2.508481
2.508809
2.505850
2.508481
2.503877
2.503548
2.502562
2.503548
2.505192
2.503877
2.509138
2.505521
2.507494
2.506836
2.506179
2.507823
2.509467
2.503219
2.506836
2.510125
2.506508
2.509467
2.504535
2.509138
2.504535
2.503219
2.507823
2.506508
2.508481
2.505192
2.507165
2.509138
2.505521
2.506179
2.504864
2.510125
2.506179
2.507823
2.510125
2.506836
2.509467
2.509138
2.508152
2.503877
2.510125
2.503548
2.508481
2.505192
2.500589
2.508152
2.503548
2.508152
2.509796
2.510125
2.506179
2.504535
2.509796
2.507494
2.507494
2.508481
2.506179
2.509138
2.505850
2.511111
2.508809
2.506179
2.504535
2.503877
2.510782
2.507165
2.503219
2.508481
2.505192
2.509138
2.507165
2.506508
2.505192
2.507165
2.503219
2.507165
2.507823
2.508481
2.510125
2.511111
2.504535
2.504206
2.509796
2.509467
2.505192
2.507165
2.509796
2.508152
2.507165
2.507494
2.505192
2.504535
2.507494
2.506508
2.508152
2.507494
2.507165
2.505850
2.503548
2.505850
2.507165
2.505192
2.507165
2.504206
2.503548
2.507165
2.505192
2.505850
2.506836
2.507494
2.510454
2.504864
2.506836
2.504535
2.507165
2.508152
2.508152
2.501575
2.506508
2.509138
2.504206
2.507494
2.503219
2.505521
2.504864
2.507823
2.505521
2.507494
2.509796
2.504206
2.509467
2.507165
2.508152
2.510454
2.507494
2.506508
2.503548
2.508809
2.504864
2.504206
2.506179
2.508809
2.506508
2.504864
2.504206
2.508809
2.507494
2.507165
2.506836
2.507823
2.504864
2.504864
2.503548
2.507823
2.504535
2.504535
2.504535
2.508809
2.507823
2.508481
2.507165
2.502562
2.509467
2.506508
2.503548
2.506508
2.505192
2.508481
2.510454
2.502562
2.512755
2.509138
2.506836
2.507823
2.507165
2.502891
2.508809
2.507165
2.503877
2.509796
2.502233
2.499931
2.505850
2.511111
2.510454
2.506836
2.507494
2.506836
2.504864
2.506179
2.506179
2.504206
2.505850
2.507494
2.504206
2.507165
2.506508
2.508481
2.504206
2.504206
2.506179
2.506508
2.507823
2.507823
2.507823
2.506836
2.502891
2.506508
2.510454
2.507165
2.505192
2.507494
2.507494
2.511769
2.506508
2.508809
2.503877
2.505850
2.502233
2.507165
2.509138
2.505521
2.507823
2.508152
2.507165
2.505521
2.508481
2.508481
2.505521
2.511769
2.501246
2.504206
2.505192
2.505192
2.509138
2.510454
2.509138
2.504206
2.508809
2.507165
2.506179
2.506836
2.508481
2.508809
2.507165
2.508152
2.508809
2.508152
2.510782
2.504206
2.501904
2.504864
2.509138
2.501904
2.503548
2.502562
2.504206
2.507494
2.505850
2.506179
2.506508
2.508809
2.504864
2.505521
2.506179
2.506836
2.507494
2.505192
2.505521
2.509138
2.505850
2.508809
2.504535
2.509138
2.509796
2.507494
2.510454
2.507165
2.500918
2.504864
2.505521
2.509467
2.499602
2.505192
2.508152
2.502891
2.508481
2.504206
2.509796
2.504206
2.505850
2.509467
2.508481
2.509467
2.507165
2.502891
2.508809
2.503219
2.506836
2.506508
2.510782
2.505521
2.506179
2.509796
2.509796
2.512098
2.509796
2.510782
2.513084
2.509138
2.510454
2.510782
2.510782
2.511440
2.508809
2.510125
2.508809
2.511440
2.506179
2.510454
2.514728
2.507494
2.510125
2.511769
2.510782
2.506836
2.505850
2.508809
2.504864
2.508809
2.514399
2.508152
2.507823
2.510454
2.512098
2.514071
2.510125
2.510454
2.512755
2.511440
2.510454
2.513084
2.513413
2.510125
2.513742
2.516044
2.511769
2.508152
2.510454
2.516701
2.514399
2.514728
2.516372
2.516372
2.514399
2.518674
2.517030
2.514399
2.510454
2.515386
2.518674
2.517359
2.514399
2.512098
2.513413
2.517030
2.515057
2.517030
2.515715
2.514728
2.517688
2.513413
2.511440
2.512426
2.509138
2.517688
2.513084
2.514728
2.517030
2.511769
2.518674
2.516372
2.518674
2.513742
2.516701
2.515715
2.513413
2.512098
2.517359
2.513084
2.514399
2.514399
2.517030
2.513413
2.514728
2.515715
2.514071
2.514399
2.510125
2.516372
2.517359
2.518016
2.514071
2.511769
2.514071
2.509467
2.511769
2.512426
2.515715
2.516701
2.511769
2.514071
2.514071
2.513742
2.513742
2.513742
2.512098
2.512098
2.513413
2.515386
2.512755
2.516044
2.516044
2.519003
2.518674
2.514071
2.511440
2.512755
2.510454
2.507165
2.517359
2.514399
2.514071
2.514399
2.510454
2.515715
2.513084
