2.511111
2.514399
2.515386
2.511111
2.519003
2.513413
2.516044
2.515715
2.515386
2.514399
2.514071
2.515386
2.515715
2.512755
2.516044
2.512098
2.514071
2.510782
2.515715
2.511769
2.518674
2.509467
2.514399
2.512426
2.516372
2.514071
2.518345
2.515057
2.514399
2.510782
2.507823
2.518345
2.515715
2.513413
2.518345
2.515386
2.512755
2.507494
2.512755
2.514399
2.511769
2.512426
2.514399
2.516701
2.513413
2.515386
2.517688
2.514728
2.519003
2.515715
2.518345
2.518674
2.512755
2.516701
2.509467
2.513413
2.510782
2.512098
2.515057
2.514728
2.513413
2.513413
2.518345
2.519332
2.511769
2.516701
2.514071
2.514071
2.516372
2.507823
2.512098
2.517688
2.511769
2.515715
2.514728
2.510454
2.514071
2.512755
2.511440
2.508809
2.517359
2.509796
2.515057
2.514728
2.513413
2.517030
2.514071
2.514728
2.511769
2.519003
2.510454
2.515386
2.514399
2.517688
2.513084
2.514071
2.513413
2.516372
2.512426
2.514399
2.514071
2.516701
2.515057
2.516701
2.518016
2.513742
2.515057
2.513413
2.512755
2.514728
2.515715
2.512098
2.513413
2.515386
2.516701
2.515057
2.516372
2.509467
2.519989
2.514399
2.515715
2.518674
2.512755
2.520318
2.511440
2.516372
2.513413
2.516044
2.512755
2.513742
2.514728
2.516044
2.516701
2.517688
2.519332
2.511440
2.520318
2.511111
2.516044
2.512426
2.514071
2.516044
2.516372
2.516701
2.515715
2.516701
2.514071
2.516701
2.512098
2.516044
2.514071
2.517359
2.517030
2.513413
2.514399
2.517688
2.516044
2.517688
2.515715
2.514399
2.513084
2.513413
2.512098
2.519661
2.518674
2.516044
2.513742
2.512755
2.513413
2.513413
2.516701
2.513084
2.515057
2.514071
2.511111
2.514399
2.512755
2.517030
2.517359
2.515057
2.516044
2.511769
2.519661
2.516044
2.517030
2.511440
2.519003
2.509138
2.516044
2.516044
2.507823
2.515057
2.511769
2.511440
2.515057
2.517030
2.517359
2.514399
2.517030
2.512755
2.515057
2.515057
2.517030
2.520647
2.521634
2.516372
2.512098
2.513084
2.510782
2.512098
2.514728
2.510782
2.519332
2.516701
2.514071
2.511440
2.518345
2.517030
2.517688
2.517688
2.515715
2.510782
2.520647
2.517688
2.510125
2.519332
2.518016
2.514399
2.513742
2.518345
2.512426
2.515386
2.518345
2.515715
2.515057
2.516044
2.515715
2.518016
2.518345
2.514399
2.515386
2.517688
2.516701
2.515715
2.517688
2.513413
2.515386
2.517359
2.522291
2.520318
2.517030
2.515715
2.520318
2.520318
2.523606
2.526237
2.519332
2.517688
2.520976
2.517688
2.517030
2.516701
2.525908
2.518016
2.521634
2.523606
2.517359
2.519003
2.516701
2.517030
2.521634
2.521962
2.519989
2.518674
2.524593
2.526237
2.519661
2.515057
2.513084
2.520647
2.520976
2.514071
2.518674
2.521962
2.518016
2.520318
2.521305
2.523278
2.519661
2.522291
2.523606
2.521634
2.520318
2.516044
2.521634
2.518674
2.518345
2.519332
2.517688
2.523278
2.521962
2.514071
2.518674
2.525908
2.520647
2.518016
2.519003
2.518016
2.514399
2.521962
2.521305
2.519989
2.518016
2.517030
2.516701
2.520318
2.517359
2.526237
2.515715
2.521305
2.518016
2.528210
2.517359
2.521962
2.514071
2.518345
2.514728
2.518674
2.516044
2.511769
2.519661
2.519661
2.518016
2.514728
2.519661
2.518674
2.517030
2.519003
2.521962
2.520647
2.515057
2.519003
2.511440
2.516372
2.512098
2.519661
2.524264
2.519332
2.520318
2.520318
2.513742
2.516044
2.521634
2.518674
2.520976
2.516372
2.523606
2.519989
2.515386
2.520976
2.519661
2.525908
2.520976
2.522620
2.519003
2.516701
2.521305
2.517688
2.523606
2.521305
2.520318
2.516701
2.522620
2.521305
2.521962
2.517030
2.519332
2.522620
2.519003
2.515386
2.518674
2.518016
2.512755
2.522949
2.516044
2.521962
2.519332
2.521634
2.522291
2.520318
2.515057
2.517688
2.517030
2.519332
2.518345
2.517030
2.522291
2.521962
2.517030
2.518016
2.517030
2.518345
2.513413
2.519661
2.519989
2.514728
2.517030
2.524922
2.522949
2.520647
2.517030
2.519332
2.524593
2.518345
2.520647
2.521305
2.516372
2.519989
2.522949
2.517359
2.517030
2.519989
2.524593
2.524264
2.518345
2.519003
2.515715
2.523935
2.522620
2.517030
2.519661
2.525908
2.524264
2.521305
2.520976
2.513742
2.517688
2.520647
2.524593
2.516701
2.518016
2.524593
2.524264
2.522949
2.516372
2.517688
2.520647
2.517030
2.514071
2.518345
2.517030
2.518674
2.518345
2.518345
2.522949
2.517688
2.518674
2.520318
2.517030
2.520318
2.519332
2.520976
2.514399
2.518016
2.517030
2.522291
2.519661
2.519332
2.519661
2.520318
2.521305
2.520976
2.518345
2.518016
2.523935
2.515057
2.518674
2.516372
2.523278
2.519332
2.516701
2.523606
2.520976
2.517359
2.519332
2.516701
2.522620
2.519332
2.523606
2.520647
2.520976
2.517030
2.516372
2.515386
2.521634
2.519332
2.520318
2.522620
2.524264
2.518674
2.522291
