35.810277
35.824919
35.839570
35.766397
35.854228
35.781016
35.795642
35.795642
35.766397
35.795642
35.795642
35.839570
35.824919
35.781016
35.810277
35.810277
35.781016
35.824919
35.795642
35.868894
35.781016
35.795642
35.824919
35.810277
35.824919
35.795642
35.824919
35.795642
35.781016
35.824919
35.795642
35.868894
35.810277
35.854228
35.810277
35.854228
35.795642
35.781016
35.824919
35.781016
35.839570
35.810277
35.795642
35.824919
35.839570
35.795642
35.781016
35.810277
35.810277
35.868894
35.810277
35.810277
35.751786
35.810277
35.810277
35.810277
35.854228
35.854228
35.737183
35.781016
35.854228
35.781016
35.839570
35.810277
35.824919
35.795642
35.766397
35.810277
35.795642
35.766397
35.810277
35.795642
35.824919
35.839570
35.810277
35.795642
35.766397
35.766397
35.795642
35.781016
35.810277
35.751786
35.810277
35.781016
35.781016
35.810277
35.795642
35.795642
35.751786
35.810277
35.810277
35.810277
35.810277
35.781016
35.810277
35.795642
35.810277
35.839570
35.781016
35.795642
35.839570
35.810277
35.824919
35.839570
35.766397
35.810277
35.766397
35.781016
35.810277
35.766397
35.781016
35.795642
35.781016
35.795642
35.810277
35.781016
35.810277
35.766397
35.810277
35.795642
35.795642
35.795642
35.810277
35.824919
35.839570
35.839570
35.795642
35.766397
35.810277
35.795642
35.839570
35.824919
35.781016
35.810277
35.795642
35.810277
35.824919
35.810277
35.810277
35.781016
35.795642
35.795642
35.751786
35.824919
35.839570
35.824919
35.781016
35.766397
35.824919
35.824919
35.824919
35.824919
35.810277
35.824919
35.824919
35.795642
35.781016
35.810277
35.810277
35.795642
35.795642
35.810277
35.766397
35.839570
35.810277
35.810277
35.810277
35.781016
35.824919
35.810277
35.839570
35.766397
35.751786
35.766397
35.781016
35.824919
35.766397
35.839570
35.839570
35.795642
35.824919
35.810277
35.781016
35.795642
35.781016
35.795642
35.824919
35.839570
35.795642
35.824919
35.854228
35.810277
35.781016
35.824919
35.795642
35.766397
35.766397
35.766397
35.839570
35.795642
35.781016
35.810277
35.795642
35.810277
35.781016
35.781016
35.781016
35.824919
35.766397
35.810277
35.824919
35.766397
35.766397
35.781016
35.824919
35.824919
35.839570
35.810277
35.781016
35.810277
35.781016
35.824919
35.766397
35.781016
35.737183
35.795642
35.766397
35.839570
35.810277
35.824919
35.824919
35.781016
35.795642
35.795642
35.810277
35.810277
35.810277
35.824919
35.839570
35.781016
35.795642
35.781016
35.795642
35.795642
35.781016
35.781016
35.839570
35.810277
35.810277
35.810277
35.781016
35.854228
35.781016
35.766397
35.795642
35.781016
35.810277
35.824919
35.795642
35.781016
35.810277
35.766397
35.795642
35.824919
35.839570
35.781016
35.854228
35.839570
35.766397
35.810277
35.781016
35.824919
35.766397
35.795642
35.839570
35.751786
35.795642
35.766397
35.795642
35.839570
35.766397
35.766397
35.766397
35.781016
35.781016
35.810277
35.781016
35.795642
35.795642
35.824919
35.795642
35.795642
35.766397
35.824919
35.751786
35.751786
35.795642
35.854228
35.781016
35.751786
35.795642
35.810277
35.766397
35.751786
35.751786
35.810277
35.766397
35.781016
35.795642
35.781016
35.839570
35.824919
35.751786
35.810277
35.781016
35.781016
35.795642
35.824919
35.781016
35.810277
35.781016
35.795642
35.824919
35.839570
35.810277
35.824919
35.854228
35.824919
35.766397
35.781016
35.795642
35.795642
35.810277
35.824919
35.795642
35.781016
35.810277
35.810277
35.795642
35.810277
35.795642
35.795642
35.795642
35.781016
35.781016
35.781016
35.795642
35.781016
35.810277
35.810277
35.839570
35.824919
35.795642
35.839570
35.824919
35.810277
35.795642
35.781016
35.810277
35.824919
35.839570
35.810277
35.795642
35.810277
35.781016
35.781016
35.810277
35.781016
35.810277
35.824919
35.824919
35.795642
35.795642
35.824919
35.810277
35.810277
35.810277
35.839570
35.824919
35.839570
35.795642
35.839570
35.766397
35.795642
35.766397
35.781016
35.781016
35.795642
35.824919
35.795642
35.766397
35.795642
35.781016
35.781016
35.795642
35.824919
35.824919
35.824919
35.781016
35.810277
35.781016
35.766397
35.810277
35.810277
35.781016
35.824919
35.810277
35.810277
35.795642
35.824919
35.824919
35.781016
35.810277
35.824919
35.795642
35.781016
35.824919
35.766397
35.766397
35.839570
35.824919
35.810277
35.795642
35.839570
35.766397
35.795642
35.810277
35.766397
35.824919
35.810277
35.766397
35.839570
35.810277
35.824919
35.766397
35.781016
35.810277
35.766397
35.810277
35.795642
35.795642
35.781016
35.810277
35.795642
35.795642
35.810277
35.766397
35.751786
35.824919
35.766397
35.810277
35.839570
35.795642
35.810277
35.766397
35.781016
35.795642
35.795642
35.810277
35.824919
35.781016
35.795642
35.795642
35.824919
35.824919
35.824919
35.824919
35.810277
35.766397
35.751786
35.781016
35.781016
35.824919
35.766397
35.810277
35.781016
35.810277
35.854228
35.824919
35.795642
35.766397
35.766397
35.795642
35.766397
35.781016
35.781016
35.839570
35.795642
35.781016
35.795642
35.781016
35.781016
35.824919
35.824919
35.795642
35.810277
35.751786
35.795642
35.781016
35.751786
35.795642
