1.224752
1.225081
1.225410
1.225081
1.225410
1.225410
1.225410
1.225081
1.225081
1.225081
1.224752
1.225410
1.225081
1.225081
1.225081
1.225081
1.225081
1.225081
1.225081
1.225081
1.225410
1.225081
1.225410
1.225081
1.225410
1.225410
1.225410
1.225739
1.225081
1.225410
1.225739
1.225081
1.224752
1.225081
1.225410
1.225081
1.225081
1.225410
1.225081
1.225410
1.224752
1.224752
1.225081
1.225081
1.225410
1.225081
1.225410
1.225410
1.225081
1.225410
1.225081
1.224752
1.225081
1.225081
1.224752
1.225081
1.225410
1.225081
1.224752
1.225081
1.225081
1.224752
1.225081
1.225081
1.225081
1.225410
1.225410
1.225410
1.225081
1.224423
1.224752
1.225410
1.225410
1.224752
1.225081
1.225081
1.225081
1.225410
1.224752
1.225410
1.225081
1.225081
1.225410
1.224752
1.225081
1.225081
1.225410
1.225410
1.225410
1.225081
1.225081
1.224752
1.224752
1.225739
1.225410
1.224752
1.225081
1.224752
1.225081
1.225081
1.225081
1.225410
1.225410
1.225081
1.225410
1.225081
1.225081
1.224752
1.225410
1.225081
1.225410
1.225410
1.225410
1.225410
1.225410
1.224752
1.225081
1.225410
1.225410
1.225410
1.225739
1.225081
1.224752
1.225739
1.225739
1.225081
1.225410
1.225081
1.225081
1.225739
1.225410
1.224752
1.225739
1.225081
1.224423
1.225081
1.225081
1.224752
1.225410
1.225410
1.225081
1.228041
1.225081
1.225081
1.225081
1.225410
1.225410
1.224752
1.225081
1.225410
1.225081
1.225081
1.225410
1.224752
1.225410
1.224752
1.225081
1.224752
1.225410
1.225410
1.224752
1.225081
1.225410
1.225081
1.225081
1.225081
1.225081
1.225410
1.225410
1.225081
1.225410
1.225081
1.225410
1.224752
1.225081
1.225410
1.225410
1.225081
1.225410
1.225081
1.225081
1.225410
1.225410
1.225081
1.224752
1.225081
1.225081
1.225081
1.225410
1.225081
1.225081
1.225081
1.225081
1.225410
1.225739
1.225081
1.225081
1.225081
1.225410
1.225081
1.225410
1.224752
1.225081
1.225081
1.225081
1.225410
1.224752
1.225410
1.225081
1.225410
1.225081
1.225081
1.225081
1.225410
1.225410
1.225081
1.225081
1.224752
1.225739
1.225081
1.225739
1.225739
1.225739
1.225081
1.229027
1.225081
1.226396
1.226396
1.228041
1.222779
1.225739
1.225081
1.225081
1.224423
1.224752
1.224752
1.223437
1.226068
1.227712
1.226068
1.222122
1.228041
1.221135
1.222450
1.228698
1.226068
1.222122
1.225081
1.229685
1.229027
1.226396
1.226068
1.227054
1.224752
1.229356
1.231658
1.224752
1.225739
1.221793
1.225081
1.227712
1.221464
1.225081
1.228041
1.224423
1.225410
1.228041
1.222122
1.225081
1.224095
1.227712
1.225739
1.224095
1.223766
1.225081
1.227383
1.226068
1.224752
1.225410
1.225410
1.225410
1.224752
1.225739
1.224752
1.225410
1.225081
1.225081
1.224752
1.225081
1.225410
1.225410
1.225410
1.225081
1.225081
1.225081
1.225081
1.225410
1.225410
1.225081
1.225081
1.225739
1.225081
1.225081
1.225410
1.225739
1.225081
1.224752
1.225410
1.225410
1.226068
1.225081
1.225081
1.225410
1.224752
1.225081
1.225739
1.225410
1.225081
1.225081
1.225081
1.225081
1.225081
1.225410
1.225410
1.225410
1.225410
1.225081
1.224752
1.225081
1.225410
1.225081
1.225081
1.225410
1.225081
1.225081
1.224752
1.224752
1.224752
1.224752
1.225081
1.225410
1.225081
1.224752
1.225410
1.225410
1.224752
1.225739
1.225081
1.225081
1.225081
1.225081
1.225410
1.225410
1.225081
1.225081
1.225081
1.225081
1.225081
1.225081
1.225410
1.225739
1.224752
1.225739
1.225410
1.224752
1.225410
1.225081
1.224752
1.224752
1.225410
1.224423
1.225081
1.225081
1.225410
1.225081
1.224752
1.225410
1.225081
1.225410
1.225081
1.224752
1.225410
1.224752
1.225081
1.225081
1.225081
1.225739
1.225410
1.225081
1.225081
1.225081
1.225081
1.225410
1.225081
1.225081
1.225081
1.225410
1.225410
1.225081
1.225081
1.225410
1.225081
1.225081
1.225081
1.224752
1.224752
1.225081
1.225410
1.224752
1.225410
1.225081
1.225081
1.225081
1.224752
1.225081
1.225410
1.225410
1.225739
1.225081
1.224752
1.225081
1.225081
1.225410
1.224752
1.225410
1.225081
1.225081
1.225081
1.225410
1.225739
1.225081
1.224752
1.225410
1.225410
1.225081
1.225410
1.225081
1.225081
1.224752
1.225410
1.225081
1.225081
1.225081
1.225081
1.225081
1.224752
1.225081
1.225081
1.225081
1.224752
1.225081
1.225410
1.225081
1.224752
1.225081
1.225081
1.225410
1.225081
1.224752
1.224752
1.225410
1.225410
1.225081
1.225081
1.225410
1.225081
1.225410
1.225410
1.225081
1.225410
1.225081
1.225410
1.225410
1.225081
1.224752
1.225410
1.224752
1.225081
1.225410
1.225081
1.224752
1.224752
1.224752
1.225410
1.225410
1.225081
1.225410
1.224752
1.225081
1.225410
1.225410
1.225410
1.225081
1.225081
1.224752
1.225739
1.225081
1.225081
1.225081
1.225081
1.225410
