41.896294
41.897947
41.917134
41.918111
41.913576
41.902891
41.911761
51.552771
45.791696
45.807929
45.959445
46.088715
46.252351
46.399901
46.556028
46.694450
46.820092
46.989277
47.072756
47.138223
47.235001
47.357357
40.893919
43.562756
43.615099
43.619559
43.491236
43.351765
43.267183
43.141914
43.070899
42.986856
42.888535
42.839009
42.783919
42.696298
42.666956
42.610309
42.569336
42.533634
42.466534
42.466600
42.425863
42.406475
42.343680
42.369292
42.314177
42.307650
42.260393
42.221929
42.199744
42.196942
42.140985
42.159164
42.144468
42.125392
42.110570
42.094256
42.087639
42.062597
42.045668
42.048576
42.047598
42.035427
42.025872
42.018473
42.020182
41.895830
41.901591
41.881578
41.898129
41.877037
41.890166
41.886023
41.896410
41.870052
41.902831
41.861862
41.871267
41.872910
41.876740
41.896506
41.886885
41.897786
41.911560
41.893729
41.902241
41.888014
41.895165
41.884955
41.881351
41.886915
41.900487
41.907170
41.869573
41.896440
41.889758
41.893321
41.886320
41.910048
41.878680
41.910441
41.883690
41.891385
41.909997
41.902997
41.896702
41.887323
41.873721
41.890508
41.898113
41.913228
41.888624
41.891340
41.895251
41.901838
41.869321
41.903829
41.911741
41.910854
41.862119
41.891728
41.876689
41.922279
41.912431
41.908556
41.896425
41.885000
41.868167
41.905068
41.896980
41.871629
41.899011
41.888004
41.894576
41.874366
41.883014
41.897448
41.906606
41.895342
41.883987
41.895231
41.902952
41.888634
41.897247
41.898446
41.891920
41.898754
41.880993
41.879103
41.882863
41.892877
41.873560
41.891587
41.868167
41.900019
41.880399
41.901284
41.888644
41.889259
41.908148
41.891965
41.872174
41.867099
41.893729
41.890720
41.886618
41.878882
41.899404
41.884431
41.914830
41.889788
41.869226
41.886028
41.896728
41.900800
41.921060
41.902070
41.898411
41.931865
41.885569
41.889813
41.878796
41.901752
41.918711
41.896370
41.893774
41.874789
41.902135
41.897408
41.888775
41.925187
41.880852
41.903113
41.907165
41.865385
41.877869
41.880283
41.896339
41.907951
41.878640
41.885015
41.881386
41.889702
41.892313
41.897625
41.888745
41.873746
41.908702
41.903234
41.885393
41.898779
41.885096
41.898355
41.913344
41.873313
41.908425
41.869866
41.883095
41.912663
41.923232
41.876261
41.886860
41.891521
41.874850
41.910285
41.892303
41.892222
41.880918
41.905844
41.906167
41.869306
41.912608
41.919961
41.894782
41.884143
41.855285
41.897615
41.930555
41.855306
41.865068
41.898885
41.880983
41.891511
41.908813
41.880434
41.871075
41.902181
41.889208
41.907830
41.886280
41.875792
41.908193
41.905411
41.912925
41.901173
41.901510
41.882435
41.901284
41.902317
41.908173
41.902019
41.917335
41.900457
41.912230
41.901929
41.885569
41.901777
41.907760
41.904937
41.892751
41.871806
41.900250
41.877188
41.872829
41.909992
41.890735
41.870868
41.916947
41.899661
41.864962
41.910587
41.890977
41.905144
41.881331
41.921110
41.873842
41.895347
41.892056
41.891113
41.862029
41.884733
41.886855
41.880343
41.889818
41.912608
41.885504
41.904353
41.875288
41.874558
41.909639
41.894954
41.897186
41.931144
41.884884
41.900628
41.890453
41.923368
41.888225
41.891219
41.877657
41.892570
41.860406
41.935997
41.887202
41.890382
41.886986
41.884436
41.891874
41.878080
41.870228
41.891773
41.885378
41.894520
41.896203
41.917250
41.887958
41.901435
41.900528
41.910214
41.908238
41.901969
41.904297
41.886073
41.911953
41.884924
41.923811
41.886492
41.887908
41.901757
41.881865
41.879985
41.898779
41.892696
41.896657
41.875122
41.896591
41.918933
41.886366
41.887943
41.906822
41.909463
41.936345
41.897106
41.881235
41.898955
41.890524
41.924466
41.892832
41.894767
41.874114
41.878725
41.896143
41.874064
41.871458
41.883594
41.902831
41.912981
41.872098
41.892257
41.889495
41.924053
41.906762
41.900900
41.923736
41.893588
41.887026
41.916861
41.921614
41.905451
41.916368
41.922713
41.907447
41.892761
41.894349
41.952876
41.901964
41.881946
41.895493
41.908914
41.889450
41.899389
41.915027
41.927435
41.913187
41.905124
41.928463
41.898965
41.900442
41.896375
41.895553
41.897625
41.913550
41.908435
41.901168
41.880363
41.910824
41.930166
41.893164
41.900497
41.909629
41.919286
41.868318
41.896143
41.887822
41.913838
41.894616
41.921936
41.913752
41.898446
41.930212
41.918600
41.938588
41.885711
41.902669
41.925389
41.897912
41.900407
41.904862
41.897730
41.896123
41.905235
41.895165
41.902216
41.924386
41.898708
41.911726
41.899021
41.913142
41.919361
41.869820
41.893275
41.877466
41.922864
41.891491
41.908858
41.883790
41.920813
41.892267
41.926810
41.920082
41.905215
41.905623
41.889415
41.918555
41.913913
41.876130
41.874709
41.889480
41.907140
41.896259
41.880721
41.889269
41.906737
41.919296
41.896274
41.933709
41.909302
41.886043
41.892640
41.906752
41.907447
41.893356
41.902569
41.897579
41.922249
41.900638
41.894505
41.887646
41.927319
41.908148
41.902397
41.898204
41.912608
41.914533
41.900467
41.931814
41.885534
41.880464
41.898612
41.904227
41.915808
41.910521
41.937010
41.903496
41.893744
41.885837
41.917935
41.886789
41.916418
