1.243495
1.243495
1.243824
1.244482
1.243495
1.244153
1.243495
1.243824
1.243495
1.244153
1.243495
1.244153
1.244153
1.243495
1.243824
1.243495
1.243824
1.247112
1.247441
1.247441
1.247112
1.246783
1.247441
1.247770
1.247441
1.247770
1.247441
1.246783
1.247112
1.246783
1.247112
1.247770
1.243824
1.243824
1.243824
1.243824
1.243166
1.243495
1.243824
1.243495
1.243495
1.243166
1.243824
1.243824
1.243495
1.243824
1.244153
1.243166
1.243824
1.244153
1.243495
1.243824
1.243824
1.243824
1.243824
1.243824
1.243495
1.244153
1.243824
1.243495
1.243824
1.243824
1.243824
1.243824
1.244153
1.243824
1.243824
1.243824
1.243495
1.243495
1.243495
1.243495
1.244153
1.243824
1.243495
1.243495
1.243495
1.243495
1.243495
1.244153
1.243824
1.244153
1.243824
1.243166
1.244153
1.243824
1.244153
1.244153
1.243824
1.243166
1.243824
1.243495
1.242838
1.244153
1.244153
1.244153
1.243495
1.243495
1.243824
1.243824
1.243495
1.243495
1.243495
1.243495
1.244153
1.243824
1.243495
1.243824
1.243824
1.243824
1.244153
1.243824
1.243824
1.243495
1.243495
1.243166
1.243824
1.243495
1.244153
1.243824
1.243824
1.243824
1.243824
1.244153
1.243824
1.243824
1.243824
1.243824
1.243495
1.243495
1.243495
1.243824
1.243824
1.243824
1.243166
1.243824
1.243495
1.243495
1.243824
1.244153
1.243495
1.243824
1.243495
1.243495
1.244482
1.243166
1.243495
1.243495
1.243824
1.244153
1.243495
1.244153
1.243495
1.243495
1.243495
1.243495
1.243824
1.243824
1.242838
1.243495
1.243495
1.243824
1.244153
1.243824
1.243824
1.243824
1.243495
1.244153
1.243824
1.243824
1.243495
1.243495
1.243824
1.243824
1.243166
1.243824
1.243495
1.243495
1.244153
1.243824
1.243495
1.243495
1.243824
1.243824
1.243824
1.243166
1.243495
1.243824
1.243824
1.243824
1.243824
1.243166
1.243495
1.243824
1.243495
1.243824
1.243495
1.243824
1.243495
1.243824
1.244153
1.243824
1.243824
1.243824
1.243166
1.244153
1.243824
1.243824
1.243495
1.243495
1.244153
1.243495
1.243495
1.243166
1.243824
1.243495
1.244153
1.243495
1.243824
1.243824
1.242838
1.243166
1.243166
1.244153
1.243824
1.243495
1.243495
1.243495
1.243166
1.243824
1.243495
1.243824
1.244482
1.243495
1.242838
1.243166
1.243166
1.243824
1.243495
1.243824
1.243495
1.243824
1.243824
1.243824
1.243824
1.243824
1.243495
1.243495
1.243824
1.243824
1.243495
1.243495
1.243824
1.243824
1.243824
1.243495
1.243824
1.243824
1.243824
1.243824
1.243495
1.243495
1.243824
1.243495
1.243824
1.243495
1.243495
1.243495
1.243824
1.243495
1.243495
1.244153
1.243495
1.243495
1.243824
1.243495
1.243824
1.243495
1.243824
1.243824
1.243824
1.243495
1.243824
1.243495
1.243495
1.243824
1.243824
1.243824
1.243824
1.243495
1.243495
1.243824
1.243824
1.244153
1.243824
1.243495
1.243824
1.243824
1.243824
1.243824
1.243495
1.243824
1.243495
1.244153
1.243824
1.243495
1.243824
1.243166
1.243166
1.243495
1.243495
1.243824
1.243824
1.243824
1.243166
1.243495
1.243824
1.243495
1.243495
1.244153
1.243824
1.243824
1.244153
1.244482
1.244153
1.243824
1.243824
1.243495
1.243824
1.243166
1.243824
1.242838
1.243824
1.244153
1.243495
1.243495
1.243166
1.244153
1.243166
1.243495
1.243824
1.243495
1.243824
1.243824
1.243495
1.243495
1.243824
1.244153
1.243495
1.243824
1.243166
1.243495
1.243824
1.242838
1.243824
1.243495
1.244153
1.243495
1.243824
1.243495
1.243166
1.243824
1.243824
1.243824
1.243495
1.243495
1.243495
1.243824
1.243824
1.243495
1.243824
1.243824
1.243166
1.243166
1.243166
1.244153
1.243166
1.243824
1.243824
1.243824
1.243824
1.243824
1.243824
1.243824
1.244482
1.243824
1.243495
1.243824
1.243495
1.243824
1.243824
1.243824
1.243495
1.243495
1.243166
1.243495
1.243824
1.243166
1.243495
1.242838
1.243824
1.243495
1.243824
1.243495
1.243824
1.243824
1.243166
1.243824
1.243495
1.243166
1.243166
1.243166
1.243495
1.243824
1.243824
1.243824
1.243824
1.243495
1.243824
1.243824
1.243495
1.243495
1.243166
1.243166
1.243824
1.243495
1.243495
1.243495
1.243824
1.244153
1.243495
1.243166
1.243824
1.243166
1.243824
1.243495
1.243495
1.243824
1.243824
1.243166
1.243166
1.243824
1.243495
1.243166
1.243495
1.243495
1.244153
1.243495
1.243824
1.243495
1.243824
1.243824
1.243824
1.243166
1.243166
1.243495
1.243824
1.243166
1.243166
1.243166
1.243166
1.243495
1.244153
1.243824
1.243824
1.243495
1.243824
1.243166
1.243495
1.243824
1.243495
1.243495
1.243495
1.243824
1.243166
1.243824
1.243824
1.243824
1.243495
1.243495
1.243495
1.243495
1.243166
1.243824
1.243824
1.243824
1.244153
1.243495
1.243824
1.243495
1.243495
1.243824
1.243495
1.243495
1.243495
1.243495
1.243824
1.243824
1.243824
1.243495
1.244153
1.243824
