E:\Adam\Characterizing\characterizer_planahead\dut_mb_v4lx60_template_pre_rapidsmith\hw\implementation\system.ngc 1444527659
E:/Adam/Characterizing/characterizer_planahead/dut_mb_v4lx60_template_pre_rapidsmith/hw/implementation/system_dut_control_core_0_wrapper.ngc 1444526907
E:/Adam/Characterizing/characterizer_planahead/dut_mb_v4lx60_template_pre_rapidsmith/hw/implementation/system_microblaze_0_wrapper.ngc 1444527478
E:/Adam/Characterizing/characterizer_planahead/dut_mb_v4lx60_template_pre_rapidsmith/hw/implementation/system_mb_plb_wrapper.ngc 1444527281
E:/Adam/Characterizing/characterizer_planahead/dut_mb_v4lx60_template_pre_rapidsmith/hw/implementation/system_ilmb_wrapper.ngc 1444527483
E:/Adam/Characterizing/characterizer_planahead/dut_mb_v4lx60_template_pre_rapidsmith/hw/implementation/system_dlmb_wrapper.ngc 1444527488
E:/Adam/Characterizing/characterizer_planahead/dut_mb_v4lx60_template_pre_rapidsmith/hw/implementation/system_dlmb_cntlr_wrapper.ngc 1444527302
E:/Adam/Characterizing/characterizer_planahead/dut_mb_v4lx60_template_pre_rapidsmith/hw/implementation/system_ilmb_cntlr_wrapper.ngc 1444527309
E:/Adam/Characterizing/characterizer_planahead/dut_mb_v4lx60_template_pre_rapidsmith/hw/implementation/system_lmb_bram_wrapper.ngc 1444527323
E:/Adam/Characterizing/characterizer_planahead/dut_mb_v4lx60_template_pre_rapidsmith/hw/implementation/system_rs232_uart_1_wrapper.ngc 1444527347
E:/Adam/Characterizing/characterizer_planahead/dut_mb_v4lx60_template_pre_rapidsmith/hw/implementation/system_orgate_1_wrapper.ngc 1444527353
E:/Adam/Characterizing/characterizer_planahead/dut_mb_v4lx60_template_pre_rapidsmith/hw/implementation/system_clock_generator_0_wrapper.ngc 1444527493
E:/Adam/Characterizing/characterizer_planahead/dut_mb_v4lx60_template_pre_rapidsmith/hw/implementation/system_mdm_0_wrapper.ngc 1444527372
E:/Adam/Characterizing/characterizer_planahead/dut_mb_v4lx60_template_pre_rapidsmith/hw/implementation/system_proc_sys_reset_0_wrapper.ngc 1444527379
E:/Adam/Characterizing/characterizer_planahead/dut_mb_v4lx60_template_pre_rapidsmith/hw/implementation/system_xps_timer_0_wrapper.ngc 1444527402
E:/Adam/Characterizing/characterizer_planahead/dut_mb_v4lx60_template_pre_rapidsmith/hw/implementation/system_xps_intc_0_wrapper.ngc 1444527498
E:/Adam/Characterizing/characterizer_planahead/dut_mb_v4lx60_template_pre_rapidsmith/hw/implementation/system_ring_osc_0_wrapper.ngc 1444527438
E:/Adam/Characterizing/characterizer_planahead/dut_mb_v4lx60_template_pre_rapidsmith/hw/implementation/system_ring_osc_1_wrapper.ngc 1444527455
E:/Adam/Characterizing/characterizer_planahead/dut_mb_v4lx60_template_pre_rapidsmith/hw/implementation/system_ring_osc_2_wrapper.ngc 1444527471
OK
