/home/adam/RO-PUF/XPS_workspace/hw/implementation/system.ngc 1525104968
/home/adam/RO-PUF/XPS_workspace/hw/implementation/system_xps_timer_0_wrapper.ngc 1525104794
/home/adam/RO-PUF/XPS_workspace/hw/implementation/system_xps_intc_0_wrapper.ngc 1525104794
/home/adam/RO-PUF/XPS_workspace/hw/implementation/system_proc_sys_reset_0_wrapper.ngc 1525104794
/home/adam/RO-PUF/XPS_workspace/hw/implementation/system_microblaze_0_wrapper.ngc 1525104794
/home/adam/RO-PUF/XPS_workspace/hw/implementation/system_mdm_0_wrapper.ngc 1525104794
/home/adam/RO-PUF/XPS_workspace/hw/implementation/system_mb_plb_wrapper.ngc 1525104816
/home/adam/RO-PUF/XPS_workspace/hw/implementation/system_lmb_bram_wrapper.ngc 1525104794
/home/adam/RO-PUF/XPS_workspace/hw/implementation/system_ilmb_cntlr_wrapper.ngc 1525104794
/home/adam/RO-PUF/XPS_workspace/hw/implementation/system_ilmb_wrapper.ngc 1525104794
/home/adam/RO-PUF/XPS_workspace/hw/implementation/system_dut_control_core_0_wrapper.ngc 1525104825
/home/adam/RO-PUF/XPS_workspace/hw/implementation/system_dlmb_cntlr_wrapper.ngc 1525104794
/home/adam/RO-PUF/XPS_workspace/hw/implementation/system_dlmb_wrapper.ngc 1525104794
/home/adam/RO-PUF/XPS_workspace/hw/implementation/system_clock_generator_0_wrapper.ngc 1525104883
/home/adam/RO-PUF/XPS_workspace/hw/implementation/system_rs232_uart_1_wrapper.ngc 1525104794
/home/adam/RO-PUF/XPS_workspace/hw/implementation/system_orgate_1_wrapper.ngc 1525104794
/home/adam/RO-PUF/XPS_workspace/hw/implementation/system_counter_0_wrapper.ngc 1525104843
/home/adam/RO-PUF/XPS_workspace/hw/implementation/system_counter_1_wrapper.ngc 1525104855
/home/adam/RO-PUF/XPS_workspace/hw/implementation/system_counter_2_wrapper.ngc 1525104867
/home/adam/RO-PUF/XPS_workspace/hw/implementation/system_counter_3_wrapper.ngc 1525104878
OK
