41.877864
41.875490
41.858531
41.901208
41.911771
41.905739
41.909025
41.902065
41.901042
41.885932
41.885942
41.879330
41.897952
41.882601
41.915264
41.901188
41.890715
41.929224
41.920692
41.919578
41.899681
41.896208
41.883423
41.900099
41.915476
41.893865
41.929481
41.914921
41.910148
41.897116
41.904292
41.892499
41.894767
41.907442
41.899908
41.914417
41.911565
41.896375
41.907024
41.911161
41.901959
41.908863
41.881946
41.904398
41.990750
41.902538
41.907679
41.896405
41.903622
41.890438
41.897307
41.903471
41.896717
41.902110
41.911958
41.880681
41.896027
41.900286
41.900563
41.905628
41.898920
41.889052
41.905784
41.916630
41.920213
41.905804
41.904438
41.877420
41.893306
41.888039
41.889843
41.864256
41.886517
41.897489
41.891128
41.883775
41.894873
41.903304
41.896833
41.900003
41.877718
41.867890
41.884173
41.904433
41.905305
41.900533
41.898612
41.898078
41.910531
41.877813
41.893205
41.897106
41.902881
41.913313
41.895458
41.888377
41.900749
41.879834
41.892696
41.907528
41.899328
41.868701
41.891335
41.909881
41.877133
41.887681
41.880414
41.872527
41.904328
41.914624
41.883549
41.899061
41.886945
41.910789
41.896390
41.887757
41.891421
41.895377
41.885464
41.895659
41.879985
41.886114
41.902433
41.898189
41.892167
41.898441
41.886174
41.896430
41.879466
41.877017
41.895931
41.897166
41.896329
41.899635
41.903607
41.904927
41.912517
41.896944
41.899449
41.884793
41.893139
41.889868
41.907709
41.898607
41.870390
41.903819
41.901621
41.902286
41.920868
41.880671
41.883876
41.881780
41.896717
41.923020
41.899399
41.891768
41.902171
41.902876
41.884854
41.902433
41.894399
41.911303
41.898784
41.905724
41.895836
41.896420
41.877919
41.893472
41.901954
41.893114
41.888760
41.899394
41.891406
41.885937
41.894107
41.899101
41.910597
41.887318
41.902831
41.907649
41.890826
41.899782
41.896158
41.892625
41.918620
41.906041
41.894031
41.906061
41.909947
41.894984
41.894686
41.900099
41.889627
41.883206
41.896707
41.898980
41.900376
41.889868
41.903763
41.894671
41.906061
41.883886
41.892897
41.898441
41.893054
41.905325
41.885398
41.899293
41.902473
41.891995
41.918142
41.896012
41.887233
41.903254
41.881397
41.906389
41.899172
41.895604
41.887212
41.888362
41.909282
41.909866
41.888372
41.911812
41.900145
41.888664
41.893835
41.884940
41.883685
41.906983
41.905285
41.913576
41.903561
41.902150
41.866837
41.884446
41.880116
41.878514
41.906348
41.891768
41.876886
41.909050
41.904464
41.868449
41.891804
41.881764
41.887555
41.870969
41.897796
41.884410
41.892731
41.882137
41.890831
41.899137
41.899666
41.898759
41.899530
41.888830
41.906989
41.919734
41.901465
41.906832
41.892182
41.900064
41.889526
41.891920
41.885101
41.882314
41.907664
41.885423
41.907200
41.885267
41.899232
41.912709
41.883186
41.881276
41.889163
41.884531
41.871337
41.878761
41.891930
41.910421
41.904675
41.879502
41.885383
41.883775
41.893280
41.876261
41.900008
41.905371
41.925268
41.890786
41.900769
41.893910
41.886653
41.898481
41.905719
41.883407
41.895266
41.917552
41.900608
41.886915
41.884985
41.880590
41.895992
41.900185
41.868036
41.897993
41.900522
41.894762
41.886164
41.885121
41.902760
41.880676
41.889279
41.882268
41.892126
41.904625
41.889198
41.895337
41.886572
41.878116
41.898935
41.881266
41.907034
41.888392
41.898738
41.906283
41.889732
41.926588
41.898144
41.886678
41.915254
41.898748
41.909937
41.903098
41.929642
41.917985
41.914921
41.916292
41.901510
41.892751
41.895977
41.912290
41.888593
41.917849
41.901677
41.905562
41.939848
41.917250
41.894233
41.908672
41.896728
41.895286
41.890594
41.904081
41.913545
41.904368
41.882606
41.907326
41.902624
41.898345
41.892827
41.889944
41.908838
41.923620
41.908385
41.925096
41.901898
41.900099
41.884536
41.904514
41.898436
41.931129
41.885156
41.883503
41.920183
41.919633
41.897952
41.886033
41.905976
41.905386
41.914800
41.913480
41.909110
41.893028
41.941985
41.916237
41.892187
41.912195
41.904141
41.896617
41.915571
41.918721
41.913848
41.893200
41.890927
41.932984
41.902695
41.901601
41.912482
41.931431
41.910995
41.901349
41.906852
41.900341
41.887812
41.909801
41.894445
41.917461
41.907523
41.897327
41.918081
41.921805
41.912890
41.906983
41.910229
41.904489
41.897982
41.911111
41.915823
41.923655
41.888316
41.910330
41.906283
41.919694
41.898088
41.897095
41.931064
41.926936
41.911519
41.930166
41.909816
41.911988
41.891713
41.899343
41.893260
41.893235
41.890609
41.929602
41.902639
41.918449
41.907165
41.894691
41.907981
41.907568
41.900306
41.913822
41.924829
41.914286
41.901823
41.897136
41.906056
41.904136
41.936869
41.912200
41.915879
41.927359
41.917008
41.924970
