41.927435
41.942655
41.898376
41.937575
41.904328
41.967269
41.932999
41.926104
42.006413
41.841673
41.894188
41.968701
41.919487
41.920727
41.989842
41.941924
41.985720
45.917831
45.770640
45.981927
46.023848
46.195931
46.509455
46.601043
46.846591
46.798804
47.086217
47.035089
47.224740
47.346486
47.308728
46.327222
43.770903
43.625995
43.762053
43.470366
43.369148
43.350566
43.166055
43.217995
42.953911
42.954646
42.932950
42.875184
42.812243
42.724541
42.666734
42.535519
42.567214
42.413314
42.467467
42.455160
42.422703
42.345696
42.368208
42.353225
42.288807
42.278067
42.321449
42.262635
42.146962
42.104669
42.091197
42.088567
42.173724
42.147008
42.047316
42.021548
42.101584
42.060354
42.080291
42.060303
42.151977
42.084777
42.054321
42.057915
41.934717
42.104482
42.081712
42.074642
42.016473
42.015283
41.934617
42.020570
41.999806
41.904227
41.975182
41.985695
41.983507
41.975207
41.993965
41.992932
41.880041
41.951565
41.958041
41.954312
41.964019
41.960471
42.005017
42.025544
41.886436
41.951127
41.940619
41.932696
41.853083
41.948582
41.907986
41.941486
41.970207
41.836754
41.847953
41.913843
42.002850
41.916746
41.963439
41.946218
41.974048
41.942433
41.905814
41.937938
41.840922
42.008338
41.937721
41.986914
42.023150
41.990619
41.836598
41.897226
41.929914
42.021124
42.005773
41.948108
41.919497
41.912280
41.899746
41.972047
41.951087
41.950633
42.008757
41.923151
41.839274
41.975882
41.822340
41.915738
41.898537
41.819181
41.927939
41.782950
41.961176
41.887958
41.886043
41.851234
41.908128
41.936285
41.977974
41.960662
41.990185
41.908858
42.007955
41.940967
41.840726
41.923262
41.987952
41.847756
41.974264
41.910436
41.910799
41.977989
41.916231
41.920712
41.914553
41.975837
41.825631
41.970379
42.003465
41.900422
41.918278
41.881200
41.937701
41.947886
41.899368
41.857649
41.940478
41.922027
41.929148
41.944227
41.904030
41.913490
41.885569
41.944948
41.999363
41.938139
41.836588
41.895332
41.974567
42.055133
41.900931
41.921458
42.017360
41.950698
41.913601
41.809252
41.929698
41.831614
41.910663
41.845045
41.837324
41.897594
41.942206
41.932238
41.800206
41.936058
41.924855
41.939863
41.986073
41.995774
42.004256
41.971860
41.834769
41.832470
41.989802
42.013272
41.922294
41.889768
41.882964
41.927057
41.832712
41.981995
41.902866
41.920803
41.838216
41.986436
41.915289
41.791497
41.947554
41.935317
41.898194
41.934092
41.816953
41.838337
41.978458
41.927636
41.848255
41.916337
41.924043
41.976361
41.916730
41.925066
41.940241
41.942645
41.922627
41.978553
41.921977
41.927521
41.834779
41.983397
41.910748
41.917789
41.923403
41.939077
42.021039
41.930741
41.913374
41.921805
41.915959
41.934914
41.921881
41.808038
41.928004
41.922627
41.924376
41.945281
41.814620
41.898411
41.907578
41.908480
41.832002
41.928166
41.905643
41.977445
41.833055
41.819327
41.934501
41.990034
41.977172
41.911041
41.893663
41.937530
41.992085
41.919462
41.846466
41.907447
41.883942
41.921695
41.804898
41.993587
41.832909
41.920122
41.927445
41.901757
41.903189
41.882717
41.970832
41.930721
41.946465
41.926321
41.954881
41.830339
41.905361
41.878035
42.020913
41.840685
41.894782
41.980630
41.896990
41.937469
41.923015
41.829230
41.917748
41.988719
41.913192
41.878307
41.836921
41.905451
41.916206
41.931225
41.957109
41.930010
41.890771
42.014381
41.834219
41.937761
41.933049
41.926215
41.946823
41.962789
41.923055
41.944323
41.973045
41.965213
41.918852
41.983255
41.932344
42.018952
41.921049
41.993411
42.012874
41.974965
41.966508
41.855210
41.844500
41.947100
41.953057
42.003294
41.927999
41.906354
41.879688
41.940019
41.949726
42.004926
41.929627
41.944343
41.906868
41.850906
41.853658
41.946783
41.847388
41.933639
41.914130
41.954796
41.931109
41.989333
41.848643
41.825007
41.823590
41.963232
41.935776
41.844904
41.938018
41.844757
41.849691
41.943446
41.927269
41.925364
41.923499
42.014643
41.932767
41.938371
41.967632
41.972506
41.848830
41.927727
41.897473
41.951006
41.939450
41.853693
42.000622
41.941607
41.821539
41.930454
41.934405
41.936426
41.927999
41.922042
41.835373
41.943708
42.012894
41.929597
41.925479
41.943013
41.893089
41.978548
41.841693
41.939833
41.939112
41.947050
42.013403
41.931739
41.836724
41.947957
41.870309
41.850130
41.872864
41.918368
41.905033
41.989152
41.949101
41.984142
41.909922
41.924346
41.930323
41.927505
41.992040
41.931981
41.902685
41.916100
41.827098
41.921342
41.937615
41.998486
41.923867
41.915798
41.838533
41.941798
42.013741
41.861575
41.910164
41.900497
41.940906
41.914074
41.967053
41.833977
41.916030
42.037287
41.942690
41.916927
41.908112
41.829683
41.934415
41.937101
41.924461
41.934244
41.957149
41.956348
41.989737
41.998778
41.989928
41.945644
41.975439
41.837031
41.887510
41.936653
41.931346
41.961998
41.933140
41.844369
41.877662
41.895760
41.932465
41.976532
41.931547
41.975928
41.926200
41.831578
41.832344
41.945744
41.909765
41.997392
41.830167
41.984178
41.972783
41.870359
41.914901
41.922849
41.932822
41.935307
41.928851
41.999977
41.837722
41.911378
41.927500
