41.903410
41.917018
41.935700
41.921836
41.955360
41.927384
41.932863
41.914694
41.923196
41.930938
41.918817
41.913999
41.929521
41.910602
41.937026
41.929919
41.926160
41.910219
41.919603
41.930429
41.942967
41.908218
41.909080
41.906686
41.936869
41.900961
41.930600
41.912724
41.919764
41.897060
41.923892
41.925827
41.923897
41.924371
41.910224
41.933100
41.895458
41.916373
41.910642
41.916483
41.913470
41.941022
41.913888
41.943456
41.918928
41.911837
41.917839
41.916327
41.922148
41.894041
41.868963
41.896692
41.902055
41.920107
41.911000
41.903748
41.900976
41.898335
41.899646
41.883680
41.914266
41.927309
41.903965
41.914805
41.909594
41.898698
41.885554
41.893215
41.899167
41.884703
41.899772
41.883201
41.889128
41.888296
41.907291
41.885373
41.905416
41.894450
41.881850
41.900039
41.884320
41.889657
41.916609
41.904796
41.881069
41.893668
41.897403
41.896360
41.883554
41.910587
41.875777
41.903995
41.906152
41.875107
41.898537
41.903995
41.900129
41.883171
41.891023
41.902680
41.909851
41.906767
41.912053
41.892010
41.888598
41.903546
41.877566
41.895246
41.884950
41.907135
41.888432
41.913455
41.915329
41.923776
41.901520
41.909413
41.897831
41.919769
41.912678
41.916332
41.896465
41.924723
41.910824
41.897262
41.874336
41.892323
41.887464
41.894021
41.910421
41.894293
41.902599
41.903486
41.903995
41.905341
41.889334
41.871997
41.882016
41.892827
41.885756
41.906026
41.890020
41.888271
41.888099
41.896909
41.886845
41.885005
41.881008
41.886179
41.889349
41.904751
41.903577
41.888261
41.870858
41.878166
41.889087
41.900780
41.884819
41.890282
41.900739
41.899479
41.885212
41.895281
41.911096
41.902377
41.902554
41.885262
41.907719
41.883382
41.902065
41.896959
41.913656
41.883609
41.892459
41.887545
41.894278
41.898199
41.861117
41.902674
41.907976
41.872456
41.886139
41.887737
41.897524
41.889062
41.890040
41.892076
41.883690
41.884209
41.892303
41.888644
41.895871
41.889808
41.886714
41.892005
41.894979
41.910481
41.870637
41.905204
41.902891
41.885771
41.896284
41.905598
41.895261
41.896047
41.893618
41.887217
41.896743
41.899041
41.896445
41.909801
41.897751
41.908027
41.901016
41.892545
41.910995
41.920137
41.913822
41.877682
41.915833
41.888165
41.908999
41.892454
41.899630
41.909513
41.877551
41.889208
41.912623
41.907825
41.903748
41.900225
41.891592
41.891285
41.909156
41.888135
41.914583
41.912764
41.902352
41.894964
41.903687
41.900477
41.908989
41.903284
41.891058
41.910189
41.897171
41.894409
41.868974
41.910526
41.903667
41.901404
41.890105
41.907271
41.905572
41.899011
41.910426
41.901152
41.915057
41.884622
41.928025
41.889838
41.895977
41.901097
41.902649
41.910320
41.914926
41.896415
41.905598
41.903597
41.905749
41.903355
41.910481
41.914861
41.873081
41.912804
41.916987
41.925726
41.892786
41.895735
41.908833
41.901379
41.912371
41.888205
41.904761
41.908591
41.899510
41.918197
41.891330
41.906994
41.902322
41.888462
41.887097
41.921493
41.909826
41.903158
41.913994
41.923947
41.892338
41.904358
41.892791
41.919336
41.894616
41.913853
41.879915
41.882883
41.918777
41.891753
41.901813
41.887747
41.891143
41.899444
41.924492
41.905981
41.898250
41.916650
41.912260
41.898270
41.894293
41.899419
41.903183
41.896894
41.882606
41.914856
41.927888
41.896027
41.929395
41.923000
41.924149
41.937928
41.912628
41.900250
41.905139
41.903405
41.930444
41.930418
41.916604
41.924295
41.920157
41.906726
41.889465
41.894500
41.910587
41.914780
41.941909
41.928871
41.924356
41.923630
41.917895
41.909221
41.935156
41.901858
41.911917
41.910320
41.916121
41.926024
41.923746
41.919679
41.906495
41.927465
41.936406
41.906399
41.910179
41.938301
41.921226
41.930655
41.929985
41.924723
41.948345
41.928387
41.917083
41.910894
41.921407
41.903335
41.926704
41.906545
41.919890
41.923091
41.911298
41.917572
41.896133
41.897841
41.897982
41.940165
41.927848
41.928821
41.914513
41.904055
41.916196
41.912663
41.913530
41.913021
41.919265
41.901490
41.930423
41.906474
41.934047
41.915203
41.930776
41.928770
41.904529
41.914442
41.911796
41.919573
41.936426
41.905164
41.927097
41.903370
41.911781
41.917073
41.907286
41.923842
41.929375
41.936935
41.917824
41.909861
41.925827
41.910063
41.895866
41.929264
41.930469
41.908500
41.900533
41.907916
41.906096
41.899278
41.923937
41.915808
41.898381
41.908616
41.912134
41.942378
41.918777
41.924068
41.923796
41.927949
41.887011
41.904821
41.920687
41.914195
41.925066
41.958631
41.933725
41.938563
41.940387
41.912653
41.912779
41.919921
41.934511
41.919598
41.939173
41.941899
41.928231
41.948864
41.957749
41.919109
41.904035
41.940155
41.890277
41.928448
41.932611
41.927742
41.932812
41.930272
41.924346
41.926286
41.922299
41.921291
41.910048
41.910597
41.913873
41.924880
41.935342
41.928554
41.928342
41.926346
41.917416
41.925439
41.919664
41.932470
41.935579
41.910884
41.938558
41.924406
41.923710
41.922047
41.928463
41.908329
41.926981
41.928186
41.924955
41.912094
41.929713
41.916252
41.908410
41.935831
41.921735
41.913782
41.930968
41.933946
41.923111
41.922395
41.920530
