41.915002
41.925535
41.932535
41.921740
41.921856
41.887041
41.896098
41.903032
41.906978
41.895019
41.920792
41.909776
41.909518
41.910279
41.911676
41.916872
41.913339
41.915743
41.888316
41.918061
41.900391
41.920510
41.912059
41.911111
41.913666
41.885020
41.908490
41.904413
41.916010
41.903556
41.911388
41.915586
41.919210
41.915002
41.917587
41.926810
41.917295
41.926684
41.916912
41.890221
41.895740
41.895447
41.913802
41.930116
41.918081
41.902554
41.898335
41.919235
41.882908
41.894676
41.919679
41.910219
41.913631
41.906001
41.879391
41.905663
41.891894
41.899046
41.909861
41.875480
41.882440
41.909700
41.892802
41.907482
41.907069
41.894369
41.894198
41.918404
41.887177
41.923358
41.892887
41.932187
41.895437
41.894616
41.907145
41.895377
41.907195
41.901334
41.879078
41.908737
41.903521
41.920586
41.899121
41.893119
41.883065
41.902433
41.894964
41.890997
41.892504
41.895589
41.900664
41.900089
41.929395
41.916126
41.914780
41.906046
41.907719
41.894016
41.900553
41.890841
41.920707
41.907140
41.904917
41.895458
41.906480
41.893598
41.889128
41.900895
41.917557
41.897040
41.906716
41.903677
41.896823
41.887036
41.893799
41.900774
41.901193
41.909861
41.895825
41.891753
41.894833
41.907906
41.900936
41.907185
41.915420
41.912487
41.911595
41.904489
41.896264
41.906016
41.898577
41.909357
41.897952
41.897146
41.915657
41.887752
41.900785
41.908511
41.903652
41.905285
41.897720
41.902967
41.904181
41.901379
41.908828
41.913651
41.908631
41.918268
41.894606
41.902281
41.896128
41.905063
41.913384
41.896556
41.907891
41.914316
41.903894
41.931321
41.913591
41.921674
41.917365
41.915828
41.894505
41.894268
41.881381
41.900820
41.921790
41.908672
41.892776
41.903430
41.910597
41.907200
41.877995
41.896385
41.881044
41.897317
41.906711
41.914644
41.897151
41.921039
41.889163
41.898295
41.903420
41.884506
41.918882
41.905335
41.903869
41.912678
41.894243
41.897529
41.905083
41.909382
41.896803
41.891401
41.887293
41.881895
41.901092
41.890246
41.920162
41.892403
41.900145
41.892681
41.904484
41.905628
41.894434
41.887006
41.894424
41.883730
41.915541
41.891390
41.906983
41.905114
41.888956
41.902735
41.891668
41.883624
41.880489
41.890750
41.915647
41.909937
41.909675
41.916116
41.895226
41.898617
41.906842
41.893351
41.896758
41.906343
41.882747
41.915647
41.896733
41.886628
41.897050
41.881961
41.877183
41.888331
41.884264
41.912557
41.920687
41.916332
41.908556
41.908707
41.878473
41.869271
41.880308
41.890690
41.898280
41.906051
41.878972
41.902518
41.875535
41.907669
41.896334
41.909907
41.897176
41.870284
41.898194
41.909796
41.927193
41.897650
41.889657
41.882747
41.901984
41.906096
41.894334
41.888644
41.895735
41.878156
41.916443
41.899630
41.884340
41.891421
41.867240
41.893114
41.904338
41.890362
41.890821
41.897226
41.901339
41.907291
41.929990
41.933936
41.895402
41.888765
41.896203
41.909030
41.917925
41.904907
41.887973
41.893820
41.901908
41.888644
41.904060
41.899545
41.889929
41.913187
41.922531
41.923433
41.908395
41.910814
41.921775
41.914694
41.895931
41.907976
41.907442
41.900160
41.904141
41.905713
41.925938
41.889158
41.899595
41.882168
41.899409
41.879386
41.911227
41.904403
41.881764
41.906550
41.911479
41.884995
41.894117
41.892524
41.888387
41.926014
41.912608
41.921599
41.933170
41.919275
41.925479
41.905048
41.924774
41.918766
41.917547
41.920974
41.918313
41.922753
41.927707
41.905396
41.925439
41.892928
41.925298
41.906550
41.933442
41.930953
41.921004
41.910819
41.923353
41.910814
41.924290
41.915072
41.917305
41.901616
41.915667
41.939062
41.925157
41.934838
41.938628
41.936113
41.918273
41.919366
41.910436
41.907976
41.918363
41.939162
41.941466
41.924391
41.929002
41.920949
41.922108
41.913354
41.910169
41.939913
41.919533
41.942902
41.941587
41.917980
41.919916
41.934269
41.916695
41.933140
41.915365
41.920011
41.903052
41.911993
41.924330
41.917365
41.939097
41.929844
41.895115
41.910481
41.904842
41.933503
41.937721
41.928367
41.925202
41.932893
41.928287
41.917068
41.908122
41.915410
41.922869
41.908289
41.898854
41.934914
41.910017
41.930388
41.935584
41.929587
41.923363
41.914205
41.922808
41.920591
41.925661
41.916927
41.914457
41.902967
41.904615
41.897111
41.909045
41.918202
41.938739
41.917970
41.915556
41.898285
41.925847
41.925162
41.926689
41.912038
41.915838
41.888074
41.948224
41.923927
41.919628
41.940392
41.916831
41.929909
41.911832
41.922219
41.919905
41.919623
41.925041
41.948592
41.928836
41.920142
41.875157
41.887525
41.909947
41.939072
41.914392
41.906807
41.919376
41.928967
41.921165
41.908354
41.919049
41.904428
41.900517
41.911232
41.890816
41.890534
41.912275
41.931310
41.923957
41.931603
41.928377
41.927505
41.918958
41.921967
41.910315
41.897736
41.898239
41.928952
41.905905
41.929748
41.926366
41.919754
41.921332
41.910078
41.913313
41.916725
41.907054
41.933558
41.919457
41.911000
41.904983
41.915239
41.915299
41.916398
41.903894
41.933659
41.915894
41.907840
41.910083
41.921624
41.918313
41.917370
41.922209
41.919412
41.914704
41.907533
41.902080
