41.934077
41.922763
41.965218
41.931280
41.944051
41.943980
41.967133
41.981905
41.915108
41.952452
41.916287
41.956036
41.954972
41.946853
41.930822
41.889269
41.912285
41.912179
41.944676
41.924537
41.927455
41.924552
41.958218
41.883206
41.892328
41.947055
41.914463
41.943900
41.969063
41.961857
41.915450
41.957044
41.930625
41.946042
41.929199
41.948345
41.936814
41.900563
41.907654
41.907840
41.901737
41.917416
41.931935
41.940201
41.976865
41.929118
41.946873
41.938356
41.902851
41.950069
41.907301
41.922163
41.917224
41.921841
41.919931
41.940216
41.961237
41.913636
41.868197
41.951233
41.923373
41.891395
41.917854
41.919860
41.920515
41.927284
41.920137
41.928090
41.910521
41.870279
41.921276
41.849681
41.911877
41.904086
41.915254
41.949232
41.921397
41.904907
41.943340
41.954055
41.896561
41.930544
41.909277
41.917073
41.911655
41.907689
41.917290
41.900301
41.929390
41.860517
41.920939
41.864236
41.925288
41.924527
41.929577
41.917557
41.934843
41.918439
41.951228
41.868797
41.866882
41.879723
41.927384
41.927536
41.933694
41.950149
41.921181
41.930640
41.937676
41.934949
41.927989
41.933961
41.926356
41.932974
41.929315
41.923343
41.909957
41.884239
41.951520
41.940483
41.879255
41.920394
41.935781
41.935075
41.923302
41.941078
41.935252
41.925212
41.926301
41.899449
41.909161
41.910436
41.931149
41.871428
41.905623
41.969356
41.876322
41.912285
41.904741
41.877607
41.888891
41.930665
41.911781
41.886880
41.917058
41.911146
41.906852
41.864967
41.903410
41.901425
41.934722
41.955118
41.917290
41.923564
41.922783
41.919281
41.947100
41.907165
41.935564
41.902019
41.921145
41.911282
41.903204
41.928765
41.915002
41.917124
41.920853
41.909791
41.929340
41.931860
41.869130
41.875974
41.872557
41.903602
41.911303
41.913994
41.907220
41.904821
41.912502
41.906308
41.912628
41.926613
41.896622
41.896687
41.895080
41.928705
41.921130
41.942010
41.934627
41.906061
41.912129
41.861752
41.910849
41.915234
41.932953
41.908289
41.865738
41.913545
41.846012
41.946878
41.911595
41.944303
41.929441
41.948662
41.891516
41.918525
41.924371
41.886734
41.904857
41.858355
41.900880
41.840262
41.854404
41.917350
41.928125
41.907719
41.906611
41.950094
41.908138
41.895221
41.932953
41.912134
41.913026
41.920641
41.919754
41.929526
41.873368
41.961761
41.904761
41.914064
41.857317
41.927138
41.921196
41.924466
41.924920
41.916695
41.892534
41.878227
41.908133
41.903461
41.903733
41.832526
41.907004
41.925369
41.901646
41.870077
41.919800
41.941405
41.905230
41.913092
41.888981
41.940700
41.916368
41.855215
41.946279
41.844551
41.910844
41.926815
41.953249
41.887424
41.923096
41.927677
41.939475
41.918328
41.912472
41.942670
41.913344
41.954211
41.909584
41.867522
41.915470
41.933619
41.923771
41.910854
41.915218
41.933664
41.936975
41.856419
41.930015
41.946631
41.861157
41.919175
41.939757
41.924925
41.929335
41.918247
41.866983
41.877728
41.900694
41.930323
41.958636
41.915299
41.932258
41.928735
41.919976
41.923207
41.919099
41.903602
41.906802
41.866433
41.897237
41.942932
41.922798
41.948043
41.900250
41.944374
41.889440
41.906999
41.915032
41.912169
41.934768
41.865678
41.934823
41.939419
41.916801
41.939918
41.905194
41.910778
41.880746
41.898663
41.946334
41.925338
41.845362
41.925999
41.889556
41.950109
41.927677
41.926276
41.928952
41.876357
41.966559
41.964805
41.934601
41.908707
41.898411
41.930464
41.953042
41.907120
41.924769
41.859554
41.929572
41.935035
41.892020
41.923504
41.927762
41.926316
41.912638
41.886179
41.946541
41.905754
41.924628
41.964296
41.938719
41.942217
41.942705
41.948798
41.980564
41.938356
41.935297
41.928589
41.953107
41.934183
41.935640
41.955522
41.917068
41.927077
41.939611
41.940473
41.926901
41.921816
41.930232
41.939253
41.939213
41.942831
41.939435
41.937257
41.936506
41.909690
41.930177
41.894223
41.915224
41.881225
41.945966
41.945850
41.926886
41.923065
41.943844
41.927001
41.922788
41.905416
41.945412
41.933064
41.917668
41.944051
41.920566
41.900145
41.927516
41.953632
41.927072
41.927213
41.920399
41.936935
41.942322
41.970792
41.943562
41.954488
41.958303
41.963429
41.938230
41.929526
41.911827
41.947282
41.917244
41.923620
41.950920
41.938028
41.921246
41.918998
41.988467
41.933467
41.934223
41.965142
41.949665
41.941571
41.944328
41.930479
41.941803
41.947367
41.967773
41.930076
41.924799
41.876836
41.886824
41.888372
41.937822
41.939450
41.947423
41.921644
41.929038
41.967234
41.925353
41.930106
41.948844
41.967889
41.945613
41.945261
41.916836
41.932853
41.900124
41.929894
41.940019
41.954504
41.939283
41.939374
41.942111
41.982328
41.937651
41.884184
41.968927
41.958843
41.942978
41.921110
41.937454
41.938321
41.963918
41.931951
41.932384
41.922662
41.928826
41.944474
41.930323
41.941476
41.938921
41.947992
41.935055
41.933316
41.876261
41.930237
41.930030
41.924839
41.940443
41.954781
41.941370
41.872133
41.952125
41.865587
41.933730
41.945785
41.970837
41.936234
41.883811
41.935191
41.902498
41.938643
41.905366
41.948738
41.928145
41.912290
41.911907
41.937147
41.905159
41.934052
