41.935715
41.916786
41.916599
41.927642
41.922743
41.914266
41.902644
41.922924
41.909115
41.927364
41.913167
41.916877
41.891784
41.915148
41.925464
41.913591
41.906096
41.926366
41.942463
41.924829
41.918691
41.920233
41.910657
41.916347
41.929743
41.899852
41.903874
41.955285
41.927783
41.931961
41.909004
41.920974
41.925424
41.915743
41.894565
41.895175
41.931255
41.925117
41.923942
41.939631
41.925187
41.908143
41.920162
41.906817
41.932646
41.902206
41.931134
41.910486
41.905023
41.891390
41.899746
41.899071
41.905638
41.911776
41.908380
41.909191
41.897630
41.909065
41.910365
41.906595
41.871519
41.904761
41.916564
41.918948
41.898880
41.904141
41.900024
41.904005
41.913646
41.899651
41.895760
41.900643
41.902538
41.888608
41.907341
41.899051
41.887001
41.906943
41.915753
41.901661
41.902407
41.909781
41.922783
41.900744
41.901349
41.892671
41.921906
41.907079
41.880671
41.903556
41.895992
41.894702
41.891683
41.910224
41.920722
41.915516
41.908687
41.898945
41.907014
41.916751
41.904106
41.899812
41.919618
41.897887
41.901163
41.894354
41.900487
41.904191
41.904756
41.895866
41.912396
41.888044
41.913439
41.913686
41.911182
41.919517
41.915879
41.891572
41.888699
41.901747
41.926482
41.902155
41.907377
41.892968
41.894031
41.915697
41.901818
41.920702
41.902387
41.914160
41.910612
41.925888
41.916141
41.901707
41.888830
41.910864
41.911731
41.901677
41.932268
41.924441
41.911151
41.930136
41.904428
41.908505
41.911665
41.924411
41.910723
41.897952
41.905582
41.905492
41.901541
41.926125
41.931336
41.896148
41.901551
41.903728
41.912124
41.908556
41.924875
41.915405
41.888860
41.879411
41.915430
41.883055
41.908410
41.927258
41.918021
41.906787
41.905855
41.909881
41.909362
41.906646
41.897615
41.895095
41.899237
41.899822
41.913943
41.911741
41.899908
41.911358
41.902402
41.913107
41.887646
41.910723
41.910481
41.925011
41.941713
41.895528
41.889485
41.919134
41.912875
41.890030
41.916408
41.891007
41.892046
41.903032
41.911610
41.912895
41.917250
41.901667
41.889974
41.879517
41.890861
41.900840
41.918741
41.905305
41.918388
41.897821
41.876266
41.901183
41.903239
41.906066
41.924189
41.888966
41.880691
41.911822
41.889102
41.899182
41.925968
41.883911
41.878831
41.902135
41.883735
41.919386
41.885690
41.923373
41.906464
41.889354
41.905703
41.897060
41.885937
41.910345
41.889228
41.906742
41.894298
41.892318
41.897191
41.891360
41.902050
41.908793
41.894162
41.896405
41.908717
41.909614
41.900875
41.905144
41.906616
41.917633
41.898698
41.902196
41.903803
41.895856
41.885580
41.904383
41.910113
41.918288
41.916675
41.912305
41.903945
41.910390
41.908022
41.916040
41.932359
41.930746
41.892978
41.888860
41.888367
41.903264
41.905134
41.891310
41.905225
41.903511
41.881618
41.899903
41.891280
41.884027
41.899414
41.877657
41.881170
41.867265
41.904610
41.907402
41.902105
41.902816
41.899827
41.889596
41.876201
41.912018
41.885373
41.891441
41.886386
41.889117
41.894555
41.895064
41.905426
41.897584
41.900271
41.896591
41.893109
41.900341
41.891164
41.896077
41.919245
41.905401
41.878725
41.892459
41.902654
41.879693
41.899908
41.894828
41.901223
41.888493
41.911086
41.888493
41.907094
41.924824
41.889677
41.886456
41.905416
41.895367
41.906117
41.895266
41.905517
41.924567
41.913601
41.918232
41.905724
41.906515
41.918268
41.909513
41.906731
41.914402
41.930474
41.897993
41.914689
41.893477
41.915949
41.905678
41.901480
41.912875
41.905844
41.915027
41.922415
41.915727
41.916554
41.914483
41.909564
41.892600
41.905603
41.906298
41.914095
41.912517
41.913465
41.921604
41.930126
41.914054
41.921634
41.907855
41.918137
41.941385
41.911494
41.917481
41.921261
41.923091
41.914614
41.904826
41.909125
41.893084
41.901929
41.913273
41.907785
41.901334
41.936406
41.935121
41.920561
41.896980
41.890670
41.920238
41.938366
41.921982
41.924693
41.917058
41.918036
41.908868
41.887102
41.890760
41.904700
41.913782
41.885731
41.906001
41.918182
41.907946
41.897539
41.933493
41.897428
41.917053
41.899419
41.896037
41.919527
41.935378
41.933951
41.915803
41.922410
41.904821
41.914437
41.906943
41.893925
41.925696
41.892005
41.897080
41.937031
41.921307
41.915425
41.898562
41.938240
41.917083
41.907135
41.893744
41.902901
41.909085
41.915299
41.891753
41.908465
41.897751
41.908233
41.897756
41.894273
41.916191
41.904101
41.907523
41.902055
41.920848
41.901188
41.892539
41.889929
41.913157
41.898854
41.927631
41.902075
41.908944
41.917764
41.922496
41.897594
41.900860
41.883191
41.911398
41.884798
41.912134
41.896365
41.910703
41.921085
41.915027
41.890498
41.908763
41.904680
41.897418
41.904685
41.926427
41.921080
41.909947
41.917834
41.918530
41.918177
41.888427
41.916897
41.892126
41.930429
41.916458
41.911126
41.902417
41.912739
41.909508
41.916670
41.900119
41.927314
41.900981
41.886809
41.931961
41.932162
41.935786
41.924587
41.919381
41.919044
41.925152
41.907876
41.922955
41.924250
41.912951
41.929804
41.937010
41.900734
41.939122
41.920122
41.921538
41.914972
41.908742
41.929194
41.907805
41.933281
41.932278
41.920641
41.913555
