41.895674
41.906474
41.893840
41.888835
41.898945
41.926835
41.893154
41.891143
41.927682
41.896208
41.889107
41.917164
41.896077
41.893764
41.904464
41.913107
41.917905
41.900170
41.924723
41.920238
41.886976
41.903627
41.901500
41.937575
41.906782
41.912321
41.918162
41.936617
41.899600
41.911756
41.923091
41.896899
41.906893
41.903012
41.926976
41.907029
41.916725
41.898628
41.889097
41.893119
41.907785
41.916413
41.906706
41.898985
41.906207
41.930600
41.900815
41.863314
41.901742
41.911660
41.889052
41.889662
41.894374
41.892277
41.908369
41.907760
41.891829
41.912809
41.881875
41.881437
41.894676
41.889284
41.913298
41.891658
41.899515
41.915556
41.876130
41.901359
41.879315
41.891789
41.885620
41.893306
41.911660
41.895946
41.891592
41.916090
41.914049
41.911101
41.906328
41.915420
41.882888
41.906661
41.876780
41.894565
41.910965
41.896229
41.916388
41.886023
41.913092
41.898900
41.901122
41.896017
41.891572
41.887943
41.899746
41.896022
41.889410
41.917300
41.913827
41.891154
41.889566
41.897821
41.904998
41.873958
41.911005
41.914276
41.908082
41.902926
41.892393
41.909105
41.890423
41.883680
41.890957
41.899172
41.927228
41.919805
41.902266
41.932087
41.921135
41.879945
41.887611
41.907613
41.913439
41.876034
41.900255
41.898396
41.921453
41.889813
41.908974
41.899021
41.904942
41.877234
41.906535
41.907109
41.927238
41.905164
41.875394
41.909977
41.901475
41.885968
41.888684
41.902095
41.858828
41.886411
41.907921
41.917265
41.901949
41.904459
41.900003
41.887918
41.892615
41.910657
41.896738
41.898003
41.905220
41.901037
41.924461
41.889717
41.892837
41.896279
41.897836
41.876145
41.919991
41.892232
41.902201
41.913994
41.893069
41.890529
41.888538
41.897972
41.911242
41.887207
41.892479
41.903743
41.880726
41.889249
41.911897
41.917532
41.886023
41.895321
41.893129
41.892610
41.895508
41.903672
41.910627
41.884335
41.895891
41.902387
41.887520
41.895604
41.883171
41.913112
41.897423
41.896788
41.900422
41.900533
41.907059
41.918293
41.900175
41.896213
41.889238
41.907281
41.885227
41.899091
41.897993
41.916141
41.907618
41.894666
41.903501
41.892282
41.878756
41.893608
41.889314
41.912008
41.899968
41.897665
41.904126
41.882772
41.888311
41.890856
41.888830
41.887288
41.901404
41.884083
41.913424
41.889823
41.914241
41.903375
41.905255
41.916761
41.882011
41.902594
41.884058
41.895694
41.883387
41.901168
41.895997
41.878096
41.887434
41.891234
41.875172
41.897927
41.895473
41.897035
41.905446
41.885741
41.898204
41.896355
41.892630
41.908929
41.878685
41.885902
41.887212
41.922990
41.894495
41.890292
41.887485
41.904171
41.900129
41.889561
41.891557
41.899358
41.884803
41.903138
41.912598
41.902579
41.906384
41.890433
41.908329
41.888669
41.893784
41.898300
41.896637
41.890831
41.897065
41.894868
41.895135
41.883982
41.901848
41.890020
41.895962
41.923574
41.899227
41.903748
41.899938
41.901974
41.900719
41.904917
41.890947
41.920485
41.909927
41.894434
41.894591
41.884456
41.911081
41.898497
41.897620
41.886925
41.887036
41.893976
41.904574
41.898391
41.910033
41.894530
41.896612
41.891567
41.879708
41.892313
41.877748
41.895261
41.892741
41.895594
41.892227
41.906767
41.901878
41.918847
41.880998
41.894787
41.900553
41.894530
41.899918
41.892111
41.892585
41.937832
41.901399
41.903209
41.926770
41.906989
41.908637
41.889808
41.888236
41.914059
41.901742
41.926230
41.894545
41.909791
41.907739
41.891980
41.870707
41.908314
41.913450
41.912220
41.892182
41.912305
41.918837
41.895518
41.886245
41.916277
41.908833
41.898043
41.890226
41.912507
41.898184
41.916982
41.900507
41.903924
41.903032
41.895064
41.911373
41.889314
41.931850
41.927001
41.913938
41.907064
41.920969
41.907870
41.886462
41.894636
41.883851
41.881069
41.913525
41.901420
41.913707
41.921564
41.903682
41.914926
41.904766
41.897846
41.911298
41.917471
41.912588
41.927904
41.911973
41.902926
41.925333
41.900099
41.913550
41.913676
41.890841
41.881477
41.908858
41.890100
41.902014
41.917461
41.895926
41.905371
41.906953
41.920354
41.876710
41.874154
41.907331
41.903567
41.905865
41.912542
41.914488
41.882581
41.898093
41.900024
41.913334
41.902039
41.880212
41.909902
41.911484
41.908682
41.912305
41.911953
41.899132
41.904882
41.903778
41.909171
41.901702
41.919250
41.906500
41.909644
41.920314
41.909972
41.903350
41.938769
41.906580
41.902216
41.903929
41.917663
41.899731
41.925797
41.927269
41.911766
41.903435
41.912195
41.922929
41.889828
41.919971
41.909695
41.912699
41.907558
41.914891
41.907704
41.917431
41.908934
41.905547
41.901989
41.898179
41.916665
41.904751
41.910138
41.908883
41.907523
41.911015
41.909821
41.908949
41.922304
41.899938
41.926497
41.903294
41.890529
41.905789
41.900805
41.881447
41.898895
41.907256
41.885998
41.909902
41.910688
41.906681
41.901173
41.905693
41.920253
41.914387
41.906102
41.907916
41.891819
41.912865
41.895458
41.894933
41.900054
41.902755
41.891305
41.881971
41.886542
41.891698
41.902503
41.880137
41.902488
41.893613
41.911776
41.912043
41.920596
41.899772
41.899081
41.892131
41.915526
41.908369
