41.842369
41.946032
41.848502
42.007996
41.848971
41.914503
42.004145
41.980000
41.848739
41.920258
41.907266
41.946752
41.999393
41.920248
41.850140
41.903345
41.983835
41.937797
41.932434
42.006826
41.998959
41.947498
41.953460
41.903058
41.905764
41.845710
41.918852
41.925802
41.996248
41.919749
41.917471
41.909251
41.984833
41.944217
41.840529
42.000582
41.940029
41.960375
41.936386
41.943905
41.996520
41.843356
41.939283
41.922259
41.933054
42.004392
41.926482
41.948224
42.005002
41.923539
41.929839
41.833529
41.803446
41.918394
41.999851
41.813098
41.890090
41.861459
41.987645
41.895891
41.918822
41.913122
41.885811
41.929158
41.964170
41.986718
41.936678
41.911237
41.994892
41.831689
41.830298
41.927757
41.806243
41.925631
41.848230
41.993511
41.913394
42.001908
41.894228
41.921110
41.924416
41.965742
41.911272
41.996888
41.851385
41.903632
41.925268
41.908561
41.926084
41.981144
41.836628
41.815053
41.828338
41.929012
41.909776
41.828459
41.932208
41.906192
41.843462
41.843079
41.927586
41.888689
41.914478
41.931285
41.843074
42.009911
41.920727
41.819805
41.915072
41.893185
42.012647
41.965415
41.914523
41.972203
41.836548
41.840423
41.908203
41.923660
41.911318
41.908974
41.998556
41.933059
41.937595
41.802317
41.937484
41.913727
42.007683
42.001736
41.837435
41.813249
41.975358
41.913172
41.933210
41.986335
41.934480
41.923786
41.940029
41.827184
41.919412
41.895301
41.826524
41.944096
41.952382
41.897484
41.925031
41.910940
41.935544
41.846254
41.840514
41.919321
41.968776
41.906837
41.891673
41.962703
41.965193
41.938931
41.831704
41.937711
41.982474
41.923327
41.907624
41.909861
41.927173
41.840257
41.826811
41.957054
41.997941
41.982152
41.925676
42.006514
41.916786
41.936375
41.997135
41.897730
41.929985
41.931573
41.892701
41.844616
41.826483
41.969099
41.895135
41.910814
41.902720
41.951918
41.827103
41.932797
41.999700
41.993909
41.905280
41.943466
41.908611
41.989384
41.895468
42.003732
41.901707
41.906061
41.991647
41.972027
41.948763
41.807201
41.882949
41.983306
41.985740
41.941380
41.998566
41.931190
41.888417
41.840403
41.922138
41.900815
41.994761
41.931840
41.893910
41.901122
41.924819
41.961892
41.897660
41.940130
41.925726
41.907447
41.810174
41.915425
41.914982
41.920500
41.909448
41.903521
41.938270
41.922773
41.905456
41.893774
41.834819
41.952125
41.824528
41.993204
41.944152
41.936350
41.999116
41.924542
41.850976
41.879582
41.822270
41.894122
41.904519
41.926744
41.987519
41.922390
41.942494
41.923459
41.912804
41.987071
41.922546
41.810396
41.990760
41.822668
41.899278
41.929269
41.803371
41.828721
41.835903
41.827325
41.991662
41.931804
41.981759
41.977767
41.995477
41.925570
41.917224
41.926664
41.891622
41.901682
41.937434
41.951147
41.820032
41.934581
41.987998
41.853416
41.932560
41.923847
41.929405
41.929395
41.856188
41.990331
41.953304
41.971417
41.915173
41.836709
41.912794
41.917401
41.996928
41.789673
41.907049
41.979153
41.921276
41.984168
41.833594
42.008520
41.954504
41.910783
41.981623
41.909624
41.976457
41.972395
41.990583
41.928327
41.896072
41.913041
41.826584
41.923207
41.985629
41.882047
41.824387
41.906414
41.924673
41.920445
41.833897
41.995129
41.889349
41.932046
41.906036
41.908415
41.831654
41.829240
41.936960
41.999005
41.859872
41.924391
41.945820
41.835837
41.993587
41.995925
41.941123
41.929133
41.940881
41.847020
41.854822
41.923136
41.895941
41.896969
41.995336
41.932389
41.916882
42.008938
42.010243
41.978760
41.942620
41.948189
42.006494
41.962965
41.920268
41.933533
41.959604
42.029415
41.912280
42.009608
42.022666
41.809993
41.930897
41.931875
42.007250
41.838851
41.952558
41.903269
41.967798
41.998027
41.951853
41.938427
41.991581
41.852630
41.999126
41.943335
41.943184
41.996394
41.834879
41.950618
42.004246
41.946107
41.923065
41.922788
41.933120
41.995154
41.921216
41.952795
41.952326
41.921725
41.949665
41.996530
41.974768
42.007623
41.943940
41.990608
41.831745
42.016488
41.955758
41.991203
41.848567
41.830656
41.985599
41.931900
41.996505
41.926125
41.991062
41.965148
41.842434
41.911852
42.006776
41.903834
41.963283
41.952145
41.920732
42.018569
41.914946
41.938684
41.850674
41.913661
41.949292
42.021013
41.923942
41.920359
41.907392
41.851848
42.005178
41.844969
42.011226
41.923479
41.994298
41.905391
41.923368
41.981285
41.950381
41.917940
41.964291
41.966206
41.943416
41.839395
41.848169
41.928443
41.925994
41.985518
41.940967
41.927072
41.825727
41.932056
41.961660
41.853774
41.911484
41.915612
42.021820
41.933961
41.832113
41.923499
41.837011
41.942655
41.944565
41.916282
41.849223
41.904257
42.019849
41.843281
41.924608
41.949161
41.984455
41.967229
41.968887
41.918232
42.040658
41.939495
41.937776
41.914558
41.921483
41.917633
41.830943
41.844178
41.925681
41.826498
41.936884
41.847398
41.921281
41.995462
41.846053
41.860492
41.849228
41.956555
41.980322
41.997422
41.984112
41.979077
41.924587
41.937479
42.016624
41.999977
41.929143
41.932913
41.927914
41.872451
41.923015
41.983966
41.926654
42.021598
41.858360
41.891748
41.948919
