41.950950
41.942751
41.955063
41.951026
41.944706
41.961660
41.941067
41.938109
41.942186
41.932717
41.926719
41.956409
41.960143
41.944580
41.953974
41.931895
50.078310
45.838576
45.893509
46.045867
46.207472
46.356045
46.483531
46.683494
46.793769
46.925494
47.069631
47.157726
47.230047
47.341618
47.444071
40.415972
43.598004
43.757009
43.699601
43.545620
43.446307
43.336853
43.245502
43.186955
43.060971
42.996532
42.914076
42.836282
42.802471
42.721678
42.662965
42.648989
42.565914
42.523580
42.479068
42.451748
42.409535
42.391795
42.331841
42.332970
42.319207
42.285813
42.282603
42.264515
42.228027
42.221763
42.209793
42.198303
42.167041
42.144523
42.148993
42.133688
42.141519
42.114138
42.094655
42.089746
42.074455
42.042347
42.043571
42.070665
42.051615
42.031169
42.038945
42.029652
42.033603
42.041823
41.982903
42.000144
41.996641
41.996540
42.017521
41.995033
42.003253
41.965490
41.984525
41.980514
41.987892
41.966125
41.934622
41.976008
41.987171
41.962245
41.968050
41.971971
41.965833
42.008968
41.967098
41.972460
41.960289
41.955511
41.958606
41.960289
41.939999
41.969023
41.942106
41.963696
41.962446
41.956343
41.968862
41.970626
41.934586
41.943028
41.952387
41.938361
41.947740
41.951475
41.943824
41.943522
41.953052
41.944308
41.945754
41.944172
41.947513
41.929385
41.932349
41.942650
41.942529
41.966972
41.943628
41.947528
41.995492
41.944001
41.941612
41.941622
41.937600
41.965354
41.960844
41.959231
41.958777
41.957578
41.943330
41.941995
41.957805
41.934183
41.940241
41.942196
41.958581
41.940377
41.917849
41.954791
41.952084
41.956655
41.965788
41.941733
41.944686
41.942786
41.942469
41.951968
41.958344
41.953208
41.953440
41.943678
41.968756
41.950578
41.957850
41.955945
41.956086
41.945795
41.949988
41.980322
41.968947
41.975545
41.954650
41.940558
41.942705
41.963580
41.989616
41.942423
41.939404
41.966654
41.969230
41.960682
41.966060
41.939072
41.940926
41.948335
41.940372
41.965032
41.945382
41.942166
41.948703
41.935292
41.960450
41.944439
41.937918
41.940251
41.950668
41.935312
41.941713
41.944726
41.932863
41.935907
41.934707
41.936884
41.918726
41.934470
41.953475
41.922929
41.958510
41.944661
41.954957
41.932812
41.945412
41.934748
41.965228
41.957215
41.943416
41.944323
41.956464
41.972919
41.959231
41.920722
41.946752
41.938825
41.941390
41.924310
41.960889
41.945225
41.955093
41.936668
41.949272
41.953863
41.941582
41.914694
41.929365
41.953324
41.946097
41.935388
41.969043
41.955229
41.960274
41.966473
41.946122
41.941652
41.951530
41.932832
41.939954
41.956172
41.950724
41.949292
41.951409
41.927732
41.934612
41.950628
41.926749
41.958233
41.972627
41.961504
41.947644
41.945719
41.942156
41.940563
41.949061
41.942710
41.959427
41.934450
41.954680
41.956993
41.948854
41.959538
41.950386
41.972228
41.961408
41.956993
41.964870
41.970520
41.969608
41.965641
41.962340
41.924804
41.950618
41.947050
41.938845
41.935519
41.950608
41.959624
41.973388
41.936733
41.949968
41.943154
41.951958
41.949529
41.935504
41.953022
41.949796
41.952946
41.943008
41.941582
41.937383
41.956792
41.770547
43.521908
41.926472
41.927606
41.951636
41.911479
41.922798
41.914422
41.941193
41.849475
41.985226
41.981759
41.831911
41.931709
41.920344
41.935347
41.935529
41.887827
42.018438
41.936849
41.912497
41.908243
41.994565
41.906379
42.008449
41.844984
41.935257
42.001797
41.925233
41.947785
41.910063
41.949040
41.943764
41.855774
42.145924
41.970853
41.950502
41.963575
41.924683
41.949050
41.844641
41.943320
41.866670
41.966846
41.987912
41.950063
41.978896
41.923403
41.943749
41.931653
41.907155
41.962386
41.926911
41.923469
41.845589
42.002013
41.876382
41.911706
41.947917
41.928715
41.944530
41.970747
41.939646
41.910768
41.995855
41.906137
41.999675
41.931190
41.996913
41.912477
41.923741
41.954080
41.910204
41.938265
41.974451
41.863999
41.997901
41.894475
41.903511
41.947629
41.927243
41.959654
41.931809
41.926785
41.945613
41.913696
41.866338
41.885695
42.010853
41.977666
41.929804
41.872118
41.998304
42.017304
42.030236
41.943527
42.013383
41.875334
41.934622
41.928639
41.866832
41.962371
41.918116
41.920304
41.887273
41.845831
41.949131
41.937126
41.967012
42.002170
42.017501
41.932056
41.945644
41.951470
41.932908
41.957648
41.839637
41.958137
41.973156
42.023065
41.917129
41.911681
42.004700
41.934566
41.866459
41.941798
41.939379
41.930590
41.859574
41.981335
41.946888
41.988104
41.911791
41.945508
41.997720
41.907719
41.979350
41.961534
41.926417
41.857221
41.855981
41.938235
41.934465
42.002270
41.955763
41.989348
41.916368
41.980080
41.935408
41.941385
41.879633
41.990765
41.998229
41.930257
41.926109
41.957840
41.913359
41.943134
42.010178
42.013988
41.961877
41.851284
41.858697
41.966191
41.172668
41.964205
41.946440
41.935549
41.925938
41.965767
41.884592
41.961020
41.980736
41.962219
41.871226
41.878060
41.990014
41.861449
41.862765
42.032368
42.011387
41.948184
42.033930
42.020867
41.850684
41.930897
41.940211
41.916317
41.929027
41.863425
41.954050
41.874008
41.998098
41.944747
41.930595
