41.963384
41.928503
41.930368
41.958752
41.952215
41.949045
41.943401
41.970016
41.934319
41.932520
41.950406
41.937454
41.918096
41.899378
41.939566
41.956409
41.884133
41.934228
41.925107
41.958661
41.921559
41.932021
41.933644
41.876135
41.881941
41.923766
41.936234
41.884103
41.919734
41.934223
41.867900
41.940231
41.934057
41.951701
41.936320
41.951525
41.910496
41.896274
41.888402
41.927616
41.928332
41.877566
41.970510
41.925233
41.944495
41.891985
41.954629
41.954635
41.920067
41.892288
41.904474
41.868470
41.978039
41.906898
41.929985
41.951631
41.905104
41.923151
41.870092
41.919029
41.901934
41.918812
41.919825
41.920142
41.925071
41.941486
41.932167
41.909559
41.936834
41.912159
41.960924
41.929804
41.878564
41.951031
41.929809
41.911257
41.896465
41.940024
41.915163
41.917970
41.908369
41.902811
41.882092
41.916383
41.964064
41.931205
41.913797
41.919351
41.912557
41.927420
41.924376
41.926669
41.941037
41.922854
41.918701
41.873474
41.910058
41.897887
41.929128
41.917869
41.921705
41.913429
41.907911
41.938129
41.921861
41.923181
41.926835
41.896269
41.954796
41.935710
41.926014
41.857095
41.917164
41.918625
41.916393
41.928493
41.861036
41.941944
41.904983
41.919286
41.958389
41.929960
41.923212
41.934319
41.954942
41.919568
41.844233
41.918938
41.909332
41.915954
41.921438
41.920546
41.936779
41.925409
41.936960
41.954090
41.918600
41.904111
41.889642
41.919785
41.930192
41.922481
41.925288
41.930580
41.919653
41.934087
41.896012
41.944943
41.924088
41.922068
41.920490
41.920137
41.916771
41.960859
41.939545
41.946873
41.919361
41.926528
41.938623
41.872859
41.863616
41.925857
41.947302
41.916574
41.925182
41.942428
41.950729
41.934138
41.926598
41.904262
41.928493
41.901979
41.925525
41.918751
41.904166
41.897383
41.907387
41.936839
41.920440
41.938018
41.897393
41.937645
41.925530
41.925605
41.927163
41.919477
41.942862
41.852509
41.913560
41.917587
41.974224
41.868858
41.944313
41.890791
41.916882
41.926724
41.901541
41.920162
41.925762
41.913374
41.927702
41.932807
41.882611
41.916458
41.925419
41.907291
41.912769
41.912820
41.861918
41.903325
41.934682
41.940745
41.966644
41.960471
41.922057
41.926951
41.880983
41.921226
41.947715
41.970827
41.909660
41.913313
41.935660
41.926775
41.908692
41.927274
41.873141
41.924255
41.926306
41.912885
41.942791
41.912704
41.935267
41.879018
41.831800
41.932827
41.877158
41.867754
41.963147
41.878085
41.918535
41.968393
41.964165
41.932197
41.914407
41.874623
41.909418
41.927742
41.911565
41.911882
41.930766
41.913621
41.954902
41.911020
41.916085
41.908828
41.923852
41.900336
41.924068
41.914785
41.934627
41.954781
41.939384
41.912668
41.964528
41.914251
41.957900
41.921977
41.917224
41.939092
41.935609
41.867119
41.924839
41.930983
41.935781
41.910804
41.922748
41.932853
41.924512
41.940276
41.938180
41.944510
41.944621
41.926492
41.903294
41.926397
41.914478
41.915344
41.944026
41.919029
41.926790
41.934208
41.966392
41.926019
41.916368
41.909418
41.956938
41.935267
41.915254
41.936582
41.957033
41.924330
41.941143
41.894182
41.923529
41.944232
41.908243
41.961665
41.916766
41.874149
41.882641
41.874401
41.918943
41.864186
41.875051
41.908475
41.917653
41.932349
41.915329
41.927510
41.858672
41.914160
41.916751
41.935423
41.873187
41.932112
41.918711
41.958228
41.933886
41.952009
41.956278
41.909891
41.873061
41.918676
41.915128
41.897423
41.947372
41.931255
41.940634
41.912341
41.941032
41.957779
41.921584
41.922738
41.919034
41.950179
41.919220
41.874457
41.929899
41.946349
41.948642
41.933140
41.962134
41.927470
41.928508
41.849933
41.933100
41.921206
41.922577
41.930544
41.930882
41.907251
41.880797
41.933442
41.925479
41.910602
41.933210
41.925233
41.912467
41.909256
41.898497
41.916539
41.908183
41.899343
41.910274
41.885655
41.895689
41.911499
41.906711
41.922864
41.916534
41.926664
41.910925
41.922960
41.900442
41.903395
41.906016
41.918610
41.907568
41.904902
41.926971
41.906006
41.906354
41.902538
41.919996
41.917955
41.928478
41.919996
41.893905
41.906742
41.917970
41.907215
41.928201
41.917441
41.919608
41.931371
41.909171
41.914851
41.913928
41.927395
41.924799
41.906978
41.922677
41.915642
41.916987
41.902967
41.927652
41.929869
41.918756
41.913681
42.375914
41.929269
41.927112
41.916191
41.899006
41.916070
41.900397
41.928488
41.930847
41.910879
41.944429
41.913288
41.901485
41.918096
41.922869
41.907402
41.919996
41.913555
41.910970
41.904927
41.918686
41.923801
41.918520
41.904438
41.912079
41.919956
41.927475
41.929123
41.952906
41.905194
41.947997
41.922365
41.924406
41.902564
41.922612
41.919926
41.908410
41.904988
41.931316
41.901329
41.935519
41.911640
41.921322
41.906122
41.903340
41.908067
41.927138
41.899943
41.925172
41.911172
41.937005
41.915672
41.896657
41.915647
41.916231
41.897232
41.916756
41.911197
41.933971
41.925721
41.927803
41.924910
41.913948
41.899550
41.930660
41.910426
41.919941
41.922965
41.917411
41.925978
41.931709
41.911489
41.921906
41.920495
41.902916
41.909468
41.891184
41.920036
41.908223
41.905940
41.933190
