42.019779
42.020343
41.946636
41.981391
41.942211
41.923877
41.994353
41.934435
41.999342
41.926548
41.931447
41.952588
41.939908
42.001832
41.942146
41.867794
41.853496
41.985236
41.953737
42.004634
41.936995
41.950285
41.950935
41.997155
41.995311
41.961801
41.933221
41.953274
41.939112
41.947523
41.941073
41.955078
41.919024
41.837460
41.802151
41.934108
41.922491
41.931522
41.942937
41.864977
42.031027
41.969426
41.922214
41.853456
41.942075
41.994035
41.927561
41.869220
41.959054
41.922345
41.957235
42.002598
41.900714
41.918358
41.850755
41.924759
41.932676
41.990845
41.905386
41.911252
41.981340
41.828701
41.907447
41.993612
41.839728
41.946727
41.845231
41.975509
41.990513
42.026078
41.821000
41.924723
41.931008
41.905844
42.004579
41.919170
41.921281
41.820627
41.845443
41.990583
41.947216
41.912588
41.830500
42.010037
41.836553
41.993511
41.917759
41.910950
41.991591
42.000491
41.996838
42.011438
41.934470
41.834431
41.935705
41.831629
41.946551
41.839748
41.954443
41.978463
41.943426
41.919966
41.936653
41.852791
41.929819
41.863586
41.956923
41.923343
41.922839
41.845579
41.860098
41.937383
41.930867
41.962829
41.984102
41.914281
41.922939
41.936028
41.860935
41.952543
42.012904
41.954635
42.013746
41.884693
41.942196
42.002104
41.950648
41.920782
41.945654
41.961322
41.936602
41.921362
41.963469
41.916403
41.925046
41.933901
41.918041
41.865400
41.991334
42.002306
41.935362
41.930842
41.831175
41.837419
41.818646
41.932676
41.991591
41.931542
41.922909
41.930469
42.008893
41.937691
41.933336
42.007759
41.962693
41.933452
42.003737
41.909907
42.005496
42.001419
41.932792
42.016029
41.925414
41.941098
41.957054
41.942418
41.945830
41.934914
41.939067
41.912462
41.929340
41.915309
41.999418
41.839889
41.950572
41.895967
41.985609
41.864090
41.818737
41.929627
41.935987
41.909619
41.833257
41.958656
41.992458
41.907664
41.926296
41.946783
41.950114
41.929809
41.821887
41.910017
41.838468
42.021714
41.999751
41.940493
41.950250
41.961332
41.926634
41.987645
41.930434
42.007119
41.950885
41.826574
41.898683
41.844289
41.902982
42.002774
41.927319
41.932349
41.979445
41.933236
41.954549
41.824402
41.909534
41.994701
41.921584
41.921150
41.946460
41.835333
41.938462
41.943386
41.963076
41.920712
41.915813
41.846688
41.925560
41.831588
41.934990
41.916171
41.997972
41.918721
41.991752
42.000617
41.809595
41.984566
41.984903
41.921634
41.938543
41.932525
41.898829
42.069032
41.869301
41.839516
41.978780
41.918308
41.949565
41.965047
41.937308
41.922168
41.932752
41.943935
41.946203
42.019365
41.933941
41.844490
41.841270
41.853209
42.013459
41.915627
41.981683
41.932480
41.939792
41.975328
42.010294
41.989963
41.943129
41.919835
41.902367
41.948365
41.829089
41.972899
42.005516
41.928488
41.906535
41.825763
41.919175
41.951863
41.942297
41.814191
41.961559
41.933447
41.901042
41.902503
41.855860
41.854600
41.940236
41.907367
41.944273
41.912235
41.944404
41.925752
41.837545
41.937681
41.930544
41.980463
41.925419
41.837152
41.910854
41.931008
41.926266
41.932686
41.824654
41.926820
41.941919
41.919215
41.987978
41.829830
41.997316
41.983679
41.833242
41.902574
41.932087
41.909584
41.995557
41.940614
41.978478
41.936002
41.859605
42.005582
41.914679
41.924678
41.938527
41.907624
41.857831
41.851869
41.959458
41.953032
41.905159
41.917013
41.960294
41.944610
41.839274
41.982525
41.936632
41.877486
41.910068
42.001832
41.910849
42.005592
41.977732
41.932480
42.015974
41.856939
41.861479
41.851919
41.942539
41.956015
41.964502
42.018211
41.942418
41.944822
41.914614
41.950300
41.923242
41.961640
41.935388
41.928655
41.956751
41.855417
41.941269
41.955995
41.957154
41.890599
41.929249
41.950446
41.942247
41.958661
41.836946
42.013771
41.923766
41.922758
41.937701
42.028906
41.961186
41.995966
41.846733
41.947176
41.938941
41.924613
41.920047
41.848250
41.991294
41.828343
41.826120
41.981441
41.927546
41.942640
41.957542
42.012542
41.923509
42.011690
42.003188
41.974491
41.998687
41.946510
42.008656
41.931699
42.003243
41.943648
41.954095
41.849903
42.005934
41.996984
41.859191
41.899973
41.937338
41.824120
41.843669
42.016578
41.974395
41.934153
41.945215
41.915783
41.830822
41.962199
41.926079
41.855603
41.941818
41.859287
41.831286
41.851818
42.006912
41.932958
41.934395
41.932671
41.865935
42.005365
41.956998
41.997523
41.942967
41.946979
41.941209
42.020162
42.021905
41.939939
41.989384
42.020978
41.837309
41.953223
41.996182
41.941108
41.926135
41.955466
41.968464
42.003858
41.991591
41.954030
41.923786
41.983649
41.991561
41.991022
41.857236
41.854857
41.937026
42.005219
41.958319
41.969709
41.841749
42.001635
41.952205
41.910733
41.972062
41.946349
41.862860
41.925988
41.938336
41.952951
41.866816
41.867099
41.957190
41.972445
42.000149
41.948859
41.941486
41.918172
41.833801
41.911439
41.996646
41.999786
41.853476
41.952941
41.845463
41.996077
41.936849
41.911156
41.947367
41.959982
41.828993
41.863581
42.007250
41.821176
41.856052
42.027696
41.924466
41.839325
41.939057
41.871604
41.861076
41.934299
42.021311
41.903572
