41.956162
42.024803
41.838191
41.899535
41.981466
41.937590
41.928035
41.941854
41.954045
41.946707
42.023705
41.941768
41.944530
41.937424
41.998163
41.941884
41.917345
41.840353
41.863556
41.922738
41.922970
41.901384
41.920445
41.848764
41.997583
41.922602
41.841265
41.936486
41.942086
41.963217
41.971488
41.842711
41.941214
41.939757
41.976991
41.979808
41.989409
41.938175
41.865158
41.994136
41.848195
41.911570
41.851687
41.937701
41.967869
41.936930
42.017934
41.942373
41.993542
41.844500
41.829079
41.859378
42.006091
41.897620
41.824487
41.948370
41.831740
41.932298
41.936995
41.943260
41.947261
41.823923
41.834431
41.901037
41.899515
41.988129
41.938084
41.990296
41.945543
41.914019
41.965027
41.813944
41.841477
41.918131
41.908858
41.917834
41.849182
41.978004
41.939873
41.991737
41.816126
41.891118
41.930469
41.931295
41.962683
42.018453
41.912008
42.008681
41.825848
41.953480
41.851591
41.844324
41.903118
41.893794
41.817502
41.933200
41.927042
41.992695
41.842621
41.807645
41.996641
41.819407
41.941879
41.945578
41.911292
41.824366
41.926689
41.986098
41.940231
41.989026
41.945311
41.937525
41.885650
41.914231
41.911479
41.911892
41.861399
41.906535
41.894757
41.845040
41.928327
41.912074
41.937484
42.003001
41.988310
41.845554
41.941561
41.927415
41.913354
42.003954
41.938129
41.925832
41.926644
41.827547
41.919633
41.926941
41.925847
41.944454
41.959221
41.836699
41.925202
41.896244
41.942761
41.923065
41.936985
41.978604
41.926422
41.839955
41.839556
41.839990
41.910945
41.904630
41.949993
42.023589
41.847030
41.820561
41.981945
41.814297
42.011065
41.923988
41.971326
41.921216
41.943204
41.943608
41.856918
41.952694
41.928715
41.851354
41.835177
41.922269
42.009780
41.897680
41.956247
41.937706
41.893159
41.849661
41.989611
42.001157
42.009744
41.858919
41.928906
41.911741
41.922234
41.803330
41.901324
41.937439
41.823948
41.992811
41.929224
41.953153
41.913787
41.915974
41.907921
41.851677
41.910254
41.850674
41.814443
41.946208
41.915990
41.948244
41.982394
41.927788
41.899212
41.926629
41.832223
41.917013
41.929153
41.950673
41.995169
41.952039
41.940211
41.988431
42.008545
42.016271
42.001157
41.899338
41.839355
41.956555
41.839188
41.946319
41.939611
41.971649
41.982666
42.033043
41.939162
41.922320
41.989434
41.934153
41.862714
41.942877
41.916070
41.917023
41.950583
41.908138
41.914704
41.916357
41.944394
41.924381
41.918933
41.926523
41.981265
41.993461
41.907452
41.927163
41.887389
41.956303
41.933382
41.864901
41.911922
41.905250
41.929320
41.947055
42.012295
41.902977
41.955325
41.918454
41.928256
41.990976
41.915486
41.945926
41.928781
41.917234
41.909937
41.927132
41.976079
41.956202
42.026114
41.999378
41.986173
41.950971
41.817361
41.959271
41.897358
41.867472
41.818626
41.978342
41.837742
41.936305
41.853411
41.963152
41.943487
41.831387
41.920304
41.980090
41.824790
41.835131
41.999327
41.860960
41.932515
42.022545
41.850130
41.941783
41.859584
41.832400
42.002281
41.928977
41.909362
41.913631
41.843835
41.931043
41.917159
42.008495
41.992544
41.988814
41.817850
41.998324
41.921317
42.001504
41.892323
41.903425
42.000043
41.988310
41.988663
41.846894
41.913087
41.979158
41.926477
42.019985
41.841809
41.948048
41.930590
41.844783
41.964986
41.906888
41.982011
41.916655
41.961897
41.930887
42.016362
42.008036
41.922380
41.981537
41.942458
41.995472
41.942504
41.938926
41.862029
41.955884
41.968655
42.001157
41.931079
41.948012
41.943678
41.952901
41.898577
41.947614
41.964941
41.942413
41.958767
41.927899
41.937958
41.965863
41.947443
41.928493
41.846909
42.014789
41.947105
41.945669
41.949630
41.927218
41.943179
42.011972
41.862956
41.991294
41.995462
41.991238
41.858254
41.904796
41.934208
41.992438
41.954937
41.967864
41.997301
41.936758
41.960012
41.950875
41.951908
41.854635
41.845735
42.014114
42.030423
42.016447
41.848119
42.003415
42.007824
41.842167
41.857024
41.905240
41.982308
41.936975
41.864911
41.943033
41.998259
41.922904
41.937913
41.990195
41.938880
41.993859
41.965541
41.914402
41.931880
41.835247
41.930776
41.995149
41.954221
41.818178
41.959750
41.930907
41.994293
42.014820
41.958288
41.989192
41.833705
41.925706
41.981910
41.999070
41.846622
41.951757
41.961337
41.910012
41.918867
41.950169
41.877884
41.853481
42.000093
41.935131
41.931693
41.948804
42.017692
41.992574
41.847051
41.911136
41.849409
41.924557
41.976134
41.841935
41.877712
41.841567
41.992191
41.821806
41.908228
41.927415
41.916690
41.933573
41.942045
41.912583
41.862245
42.007406
41.846980
41.829694
42.004997
41.989711
41.913339
41.935020
41.958324
41.985438
41.932974
41.923252
41.939001
42.007164
41.927964
41.942600
41.994378
41.911509
41.946258
41.966155
41.942746
41.954755
42.011942
41.930988
41.962653
41.828822
41.932263
42.028941
42.022268
41.918000
41.856747
41.907225
41.966423
41.997770
41.826781
41.919074
41.946289
42.005672
41.991002
42.008404
41.941133
41.858481
41.999282
42.023115
41.916463
41.994565
41.825606
41.929143
41.818037
41.837399
41.998128
41.862472
42.017601
41.938578
41.925086
41.946944
