41.920188
41.914866
41.919558
41.918071
41.911318
41.914669
41.925313
41.897463
41.914281
41.905492
41.926220
41.916196
41.911353
41.913696
41.895956
41.909020
41.908027
41.903098
41.928569
41.904378
41.903546
41.913565
41.932500
41.910521
41.905371
41.902528
41.907618
41.907996
41.910703
41.939324
41.917829
41.906540
41.908757
41.899212
41.927793
41.901898
41.928781
41.906318
41.915647
41.921024
41.917753
41.924623
41.934632
41.909035
41.919104
41.935448
41.900638
41.915843
41.896072
41.912074
41.904045
41.914170
41.919905
41.911434
41.887858
41.892741
41.884637
41.890831
41.916751
41.922073
41.907855
41.873464
41.897993
41.897438
41.886109
41.901616
41.893774
41.911882
41.893492
41.901989
41.897191
41.914377
41.890806
41.907800
41.904615
41.901273
41.892645
41.902548
41.914674
42.239845
42.030947
42.053092
42.039807
42.030367
42.048813
42.031179
42.040618
42.034832
42.058141
42.047261
42.048495
42.021759
42.008253
42.020046
42.032121
42.024743
42.020575
42.018735
42.021114
42.027142
42.040895
42.031859
42.007603
42.031637
42.033094
42.024350
42.016342
41.994555
42.003757
42.008031
42.008590
42.009870
42.025710
42.008177
42.014789
41.995880
41.996203
41.992347
42.005254
41.992025
41.985755
41.990155
41.978160
42.036596
42.013917
41.997972
41.967612
41.905996
41.898980
41.890488
41.891844
42.237532
42.015893
42.026960
42.010858
41.994444
42.015646
42.003238
42.024894
41.990941
42.004080
42.024330
42.023720
42.009301
42.006973
41.993174
42.039106
42.020852
42.002563
41.978180
42.010631
41.996792
41.992297
41.984319
42.003803
42.021870
42.021034
42.013958
42.013776
41.996928
41.973393
41.995885
41.995331
42.016392
41.988663
41.985498
42.008631
41.990981
41.997236
41.988633
41.979279
42.000300
41.998879
41.980252
41.998027
42.016619
42.018967
41.983911
42.005950
42.007693
41.972289
42.009749
42.002699
41.992413
42.001731
41.993511
42.005879
42.017097
42.014688
42.008555
41.989157
42.013187
42.005476
41.993612
41.997805
42.014638
42.003631
42.001091
42.007900
41.979466
41.999977
41.990069
41.980116
42.021865
41.984374
42.006695
42.004296
42.011700
41.983608
41.976815
41.984536
41.988996
42.001348
42.023886
42.019819
42.010455
42.009472
42.002900
42.007759
42.022097
41.989827
41.986526
41.994998
42.022878
42.013111
42.004075
41.987766
41.994595
41.992554
41.991566
41.986461
41.997664
41.999685
41.998365
41.991178
41.986758
41.988320
42.004412
41.994212
42.026562
41.985826
41.983558
41.987700
41.991813
41.978266
41.994413
41.976553
42.010299
41.982011
41.990891
41.982988
42.006973
41.998954
41.980841
42.023720
42.005980
41.984616
41.994030
41.989933
42.006539
41.987464
41.998022
41.998687
42.008661
41.999499
41.992750
41.980635
42.003404
41.993461
41.703981
41.886824
41.914921
41.907074
41.905215
41.899590
41.894132
41.899227
41.880091
41.906832
41.896123
41.869825
41.897448
41.900880
41.905215
41.935791
41.899893
41.911514
41.909125
41.898446
41.891446
41.910733
41.905260
41.887112
41.917643
41.910370
41.914997
41.900654
41.906570
41.890267
41.885958
41.902236
41.887459
41.904101
41.906359
41.905950
41.903133
41.901535
41.904065
41.911464
41.890750
41.903773
41.895659
41.898814
41.890493
41.913268
41.911257
41.890226
41.894404
41.886673
41.895770
41.908279
41.888104
41.897917
41.907820
41.903567
41.923751
41.907482
41.907704
41.908193
41.889652
41.903708
41.923947
41.911454
41.928211
41.912064
41.910799
41.921619
41.894591
41.898426
41.932409
42.041445
42.040220
42.002911
42.021880
42.021875
42.028921
42.001585
42.003752
42.019078
42.030856
42.012269
42.026980
42.019975
42.026219
42.015102
41.993007
41.995704
42.017607
41.989333
42.000436
42.009503
42.013182
42.014900
41.984561
42.045008
42.020580
42.012602
41.991092
42.019471
42.001610
42.015581
42.008207
41.999483
42.018519
42.018841
41.992524
42.001958
42.015545
42.006529
42.011398
42.034928
42.008721
41.993451
42.006232
42.009029
42.016720
42.005526
42.022369
42.002109
42.014502
42.011317
42.020257
42.023049
42.015424
41.988698
41.995094
42.008827
42.002124
42.019990
42.024052
42.002210
42.024395
42.025453
41.992629
42.000975
42.015535
41.988587
42.002956
42.003918
42.037720
42.021527
42.016987
42.014190
42.009770
41.998959
42.031053
42.015974
42.013781
42.006196
41.991924
42.005874
42.043299
42.020600
42.026900
42.006151
41.990104
41.991299
41.998072
42.020212
42.009402
41.993108
42.021946
42.005642
42.007179
41.965883
41.993642
41.987736
42.013378
42.010228
42.019098
42.032842
42.018937
42.013207
41.996177
42.011932
42.011438
41.999836
42.019426
42.009175
42.001520
42.013877
42.023679
42.017390
41.994106
42.005314
42.005239
41.995023
42.001908
42.002850
42.016049
42.031587
42.001565
42.008454
41.979007
42.007582
42.065328
41.909090
41.905557
41.916171
41.919467
41.923721
41.891874
41.901006
41.906681
41.906474
41.905582
41.912880
41.904907
41.906505
41.915536
41.901994
41.909685
41.905739
41.887938
41.912754
41.921619
41.918298
41.899414
41.919180
41.911917
41.913913
41.916156
41.903128
41.906656
41.914856
41.887545
41.911550
41.911973
41.905850
41.903078
41.911721
