41.926220
42.007018
41.982489
41.935090
42.023488
41.961806
42.035488
41.996817
41.852781
41.948017
41.872970
41.932838
41.933120
41.863520
41.952326
41.974622
41.823243
41.922808
41.913293
41.835288
42.001036
41.944691
42.014880
41.944958
42.016014
41.962794
41.950230
41.960682
41.934062
41.954685
41.992277
41.940180
41.947881
41.940301
41.945966
42.026683
41.923474
41.839017
41.900432
41.838528
41.981038
41.932999
41.918968
41.971734
41.968756
41.825576
41.940624
42.010989
41.898990
41.902050
41.929617
41.999715
41.842495
41.937393
41.902417
41.990956
41.913218
41.921669
41.911046
41.959624
41.913404
41.926573
41.949691
41.952976
41.869477
41.830878
41.989364
41.926251
41.914840
41.895523
41.847917
41.922965
41.841003
41.830001
41.962396
41.909584
41.905829
41.987197
41.932203
41.982832
41.990684
41.927672
41.903088
42.006917
41.834814
41.839713
41.843004
41.828096
41.916690
41.935801
41.952306
41.836543
41.936320
41.945976
41.906822
41.924759
41.965737
41.912799
41.835489
41.937086
41.912739
41.945598
41.911046
41.906132
41.917285
41.839380
41.920752
41.974884
41.903803
41.993380
41.854897
42.008999
41.944605
41.988139
41.854605
41.897993
41.807997
41.907276
41.910189
41.991611
41.933326
41.991863
41.924245
41.990513
41.922249
41.902085
41.923252
41.921962
41.904413
41.901737
41.826030
41.959916
41.916509
41.916095
41.851566
41.927642
41.830500
41.913878
41.914528
41.935312
42.010591
41.928952
41.922501
41.947050
41.922934
41.920505
41.927576
41.909161
41.934052
41.948214
41.940831
41.911257
41.938608
41.921135
41.929955
42.000129
41.994383
41.912809
41.939535
41.826564
41.842217
41.934354
41.925706
41.944429
41.901062
41.921931
41.824533
41.923015
41.926366
41.923413
41.998753
42.001444
41.927606
41.980453
41.999554
41.874175
42.016024
41.814226
41.917491
41.845135
41.914175
41.946183
41.960188
41.911555
41.985876
41.930665
41.924537
41.909337
41.931462
42.017617
41.834859
41.991017
41.939939
41.923499
42.012148
41.957986
42.002316
41.942363
41.931295
41.900013
41.829557
41.930555
41.992181
42.009296
41.989046
41.919129
41.994015
41.838674
41.932197
41.927596
41.899157
41.822361
41.988270
41.843795
41.932379
41.977056
41.904156
41.832627
41.938235
41.917053
41.919008
41.847570
41.845352
41.906731
41.825047
41.921755
41.988482
41.913817
41.928947
41.843492
41.918580
41.844904
41.922103
41.893694
41.949338
41.870667
41.989081
41.919407
41.907331
41.920903
41.997069
41.835383
41.942262
41.927480
41.903824
41.813062
41.848930
41.896828
41.905078
41.935433
41.989580
41.951968
41.932389
42.000053
41.979838
41.990729
41.910794
41.900391
41.918918
41.847605
41.838775
41.950557
41.945679
41.923821
41.972465
41.935035
41.832047
41.969068
41.836245
41.913873
41.908813
41.869654
41.911141
41.931285
41.937353
41.927183
41.894752
41.938971
41.925348
41.843125
41.930212
41.911323
41.996626
41.958732
41.944469
41.996354
41.989444
41.999594
41.989621
41.832218
42.002840
41.927117
41.923060
41.999146
41.924315
41.944258
41.912830
41.857095
41.837077
41.846683
41.833821
41.943391
41.849122
41.967365
41.843064
41.998954
41.833871
41.907664
41.842404
41.997498
41.854010
41.922435
41.993799
41.980569
41.922955
41.932928
41.904872
41.927904
41.921634
41.949796
41.831553
41.921009
41.838060
41.910965
41.904690
41.965228
42.000481
41.846602
41.870289
41.841371
41.843266
41.990432
42.013484
41.868767
41.869956
41.956787
41.992503
41.930958
41.934128
41.939561
41.940458
41.971205
41.864644
41.935373
41.930242
41.862981
41.841139
41.833967
41.947654
41.928382
41.960637
41.919689
41.851763
41.925293
42.026456
41.959372
41.870455
41.944449
41.908385
41.930393
41.871524
41.935564
41.939188
42.014336
41.940175
42.015364
42.016720
41.858042
41.979828
41.949766
41.961337
41.967017
41.948526
41.953939
41.962461
41.994686
41.849575
41.916962
42.006897
41.915319
41.878549
41.948350
41.849339
41.947327
41.922793
41.911998
41.944666
41.906903
41.936174
41.933256
41.954539
41.951822
42.000774
41.847938
42.012113
41.942096
41.927122
41.994287
41.948612
41.922224
42.008051
41.956348
41.956610
41.858748
41.962103
42.003505
42.015747
41.978488
41.926553
41.931835
41.934092
41.938260
41.857357
41.957810
41.953823
41.966488
42.008878
41.926351
41.935937
41.929683
41.991803
41.956771
41.946445
41.818908
41.843447
41.813506
41.941062
41.915400
41.858637
41.916136
41.959332
41.838634
42.000068
42.010319
41.951394
42.001540
41.998637
41.959967
41.945518
41.910814
41.931406
41.961050
41.848411
41.931925
41.949247
41.845266
41.821479
41.937167
41.945200
41.856193
41.914674
41.857810
41.942620
41.960748
41.846138
41.959498
41.856868
42.016523
41.930030
42.002361
42.021800
41.951968
41.997790
41.908722
41.944237
41.853738
41.982565
41.844994
42.001746
41.949282
41.911403
41.951979
41.997216
41.957920
42.007703
41.844198
41.990170
41.992524
41.994025
42.015127
41.844616
41.820924
41.851637
42.027621
41.848603
41.970908
41.926417
41.924356
41.926266
41.950749
41.921473
41.901863
41.946631
41.918142
41.979062
42.030614
41.915224
41.953450
41.845594
41.908128
41.970918
41.940186
