41.942922
41.937091
41.932832
41.915450
41.939354
41.956041
41.922128
41.935388
41.947549
41.939243
41.934984
41.945230
41.914362
41.928392
41.937338
41.925913
41.937479
41.931048
41.937580
41.939087
41.974567
41.978311
41.942872
41.932329
41.956973
41.934778
41.943139
41.937187
41.925364
41.974053
41.955869
41.955103
41.922259
41.947332
41.942086
41.942075
41.868989
41.951732
41.944540
41.938427
41.921044
41.918031
41.942912
41.990034
41.921453
41.931512
41.945437
41.944298
41.931905
41.955799
41.916776
41.919447
41.924482
41.937645
41.928171
41.893054
41.928634
41.931951
41.900437
41.927445
41.937787
41.926770
41.914921
41.890004
41.917592
41.933004
41.923716
41.928317
41.965883
41.912825
41.912835
41.954902
41.943582
41.948365
41.932586
41.918651
41.917285
41.906817
41.958233
41.917572
41.918383
41.932616
41.911948
41.901082
41.912225
41.916337
41.924996
41.937706
41.925590
41.910814
41.923327
41.922435
41.934526
41.916746
41.911539
41.936048
41.939636
41.937882
41.937565
41.928372
41.897161
41.873207
41.864539
41.897095
41.916478
41.909135
41.926623
41.927843
41.878393
41.926014
41.872370
41.904101
41.853139
41.942998
41.897524
41.950356
41.911247
41.925948
41.913243
41.921982
41.917607
41.899036
41.900976
41.903093
41.891950
41.902644
41.923474
41.913203
41.898305
41.904383
41.918333
41.913591
41.926906
41.906152
41.898154
41.921669
41.912200
41.917708
41.937797
41.927223
41.908500
41.863072
41.921720
41.907664
41.922743
41.868092
41.900956
41.910083
41.925041
41.915224
41.914815
41.927682
41.932863
41.923988
41.860779
41.876876
41.929219
41.910738
41.864942
41.913656
41.915707
41.917890
41.917542
41.937792
41.949267
41.921251
41.953601
41.906701
41.904504
41.920102
41.917557
41.906868
41.919754
41.914311
41.906268
41.924406
41.930459
41.926886
41.886310
41.891693
41.928140
41.930943
41.921800
41.951087
41.930338
41.916519
41.912517
41.939697
41.944631
41.914014
41.921921
41.864659
41.910421
41.909246
41.917108
41.910320
41.961776
41.908707
41.912200
41.938568
41.921165
41.917920
41.917058
41.917915
41.884153
41.914977
41.930721
41.924844
41.914095
41.907220
41.930212
41.886648
41.918394
41.864997
41.924048
41.890755
41.930625
41.892797
41.955970
41.911580
41.906202
41.865249
41.877002
41.924094
41.915586
41.897821
41.966216
41.912603
41.948310
41.896460
41.907180
41.931618
41.920641
41.923292
41.907482
41.944384
41.949433
41.905124
41.912971
41.905073
41.934264
41.955360
41.942574
41.861701
41.913495
41.862704
41.927001
41.928594
41.943250
41.926356
41.927112
41.863299
41.922687
41.918444
41.906520
41.929259
41.910904
41.919870
41.916322
41.914906
41.918928
41.900215
41.929763
41.876795
41.909135
41.936416
41.923842
41.923811
41.951313
41.918520
41.917915
41.949660
41.931603
41.934037
41.958288
41.931099
41.865753
41.938679
41.899570
41.936527
41.949358
41.921528
41.932444
41.907407
41.865945
41.924799
41.935277
41.975988
41.920798
41.880399
41.917325
41.923690
41.866171
41.860058
41.928781
41.921906
41.939545
41.919759
41.912336
41.914795
41.901964
41.910799
41.950376
41.905870
41.949433
41.921448
41.924749
41.931084
41.916226
41.863914
41.952185
41.920193
41.863979
41.899837
41.865738
41.922501
41.935393
41.880530
41.917471
41.868711
41.927561
41.910426
41.948743
41.909740
41.964739
41.949444
41.948113
41.898456
41.912401
41.942675
41.928342
41.933931
41.938961
41.929597
41.870123
41.938754
41.945195
41.925429
41.940261
41.928881
41.942978
41.937620
41.913707
41.945885
41.906948
41.932379
41.935463
41.901188
41.942474
41.918016
41.969462
41.937963
41.956051
41.965228
41.873973
41.888634
41.945855
41.987882
41.945331
41.946334
41.925429
41.935987
41.930282
41.935735
41.944041
41.950613
41.924189
41.924270
41.930166
41.940528
41.907029
41.953712
41.921412
41.923060
41.948778
41.946551
41.907709
41.963358
41.939243
41.938835
41.920687
41.946742
41.927057
41.928251
41.936315
41.954685
41.932631
41.939848
41.971714
41.926906
41.961121
41.874583
41.939752
41.939621
41.938563
41.939697
41.926941
41.997578
41.948632
41.938890
41.946445
41.952034
41.900643
41.924139
41.931391
41.944510
41.952548
41.946833
41.880232
41.950215
41.930383
41.922637
41.934541
41.936466
41.929446
41.942045
41.882712
41.936950
41.958561
41.938170
41.952210
41.941062
41.927773
41.936935
41.927163
41.893930
41.932021
41.933543
41.946732
41.885368
41.931507
41.931235
41.940795
41.873630
41.943240
41.931114
41.926230
41.929446
41.947428
41.943270
41.929668
41.928942
41.942615
41.934778
41.929491
41.949116
41.943754
41.905094
41.870707
41.934208
41.965243
41.935176
41.919462
41.888699
41.936345
41.895836
41.956756
41.919054
41.948264
41.945281
41.975676
41.940831
41.952215
41.902453
41.989308
41.929975
41.960214
41.946697
41.938578
41.932908
41.940186
41.941274
41.948975
41.955542
41.931270
41.904010
41.927949
41.963096
41.895442
41.941783
41.934284
41.917396
41.945034
41.935861
41.924880
41.950855
41.958550
41.937797
41.926870
41.943991
41.938900
41.932913
41.921060
41.958288
41.949494
41.916171
41.933901
41.933432
41.946117
41.956318
41.925107
41.940543
