41.916912
41.947584
41.835136
42.020983
41.901541
41.935065
41.927067
41.986990
41.944560
41.911645
41.861248
41.922980
41.907750
41.936764
42.005113
41.905225
42.014038
41.814867
41.944258
42.003480
41.909297
41.846632
41.998455
41.847615
41.937615
42.025574
41.821292
41.997064
41.920460
41.819871
41.958828
41.840272
41.950809
41.918222
41.950905
41.935856
42.000013
41.933740
41.818087
41.920596
41.935393
41.938623
41.927601
41.942126
41.921236
41.946107
41.991117
41.947891
41.971548
41.928861
41.841149
41.981497
41.900386
41.907185
41.832455
41.993889
42.014668
41.888961
41.971790
41.957351
41.921271
41.905794
41.987227
41.951202
41.909418
41.918565
41.916972
41.804737
41.914936
41.927551
41.792293
41.927052
41.991606
41.982091
41.975388
41.907508
41.828156
41.894923
41.882173
41.970545
41.838070
41.891365
41.941330
41.974753
41.920042
41.925918
41.887565
41.907482
41.823958
41.917905
42.008611
41.944288
41.808819
41.809686
41.925389
41.978609
41.919724
41.901445
41.849480
41.994998
41.945366
41.921911
42.006620
41.961917
41.932142
41.897524
41.811853
41.908747
41.977475
41.836895
41.913817
41.913308
41.895442
41.850377
41.837414
41.938119
41.908677
41.912220
41.925701
41.916458
41.914059
41.988633
41.941748
41.898199
41.816031
41.905794
41.815764
41.874124
41.921186
41.899212
41.913243
41.904091
41.914115
41.981406
41.991183
41.903108
41.894283
41.896929
41.908097
41.883518
41.945800
41.891083
41.924048
41.976764
41.975590
41.933498
41.974799
41.974395
41.889914
41.834033
41.826261
41.835812
41.974068
41.968983
41.891350
41.838140
41.920485
41.799349
41.911988
41.973851
41.938018
41.940145
41.912885
41.819685
41.923297
41.910385
41.917255
41.913797
41.915274
41.929809
41.916836
41.992413
41.981567
41.844158
41.927647
41.979687
41.897831
41.811964
41.811051
41.828630
41.939908
41.989318
41.967788
41.940372
41.894127
41.841411
41.994323
41.844707
41.980438
41.894591
41.925938
41.901692
41.934843
41.896969
41.902513
41.917970
41.809419
41.922415
41.921508
41.912588
41.986294
41.911257
41.962623
41.940095
41.880610
41.814650
41.899666
41.818309
41.935423
41.936209
41.946032
41.824699
41.916630
41.923091
41.817986
41.940805
41.913943
41.994766
41.843251
41.945659
41.928614
41.917869
41.905008
41.905305
41.931729
41.850790
41.961005
41.923867
41.925661
41.938139
41.950562
41.846355
41.931825
41.913787
41.817573
41.919860
41.912784
41.926724
42.002008
41.908208
41.908949
41.977132
41.932898
41.848043
41.904726
42.002150
41.901646
41.841613
41.923539
41.908007
41.923418
41.955965
41.839153
41.980080
41.915203
41.935297
41.974748
41.905406
41.910950
41.907684
41.980252
41.917224
41.972395
41.830555
41.913046
41.920601
42.007325
41.912053
41.839980
41.864740
41.993123
41.979969
41.820662
41.819891
41.934637
41.835373
41.818767
41.909040
41.930040
41.899822
41.950416
41.872980
41.831568
41.800906
41.822058
41.939747
41.827305
41.989928
42.008560
41.838710
41.904559
41.887167
41.938432
41.912290
41.985806
41.969336
41.896546
41.918121
41.908213
41.933568
41.908863
41.905099
41.957532
41.929194
41.900719
41.986829
41.931769
41.953032
41.992171
41.826524
41.920994
41.897297
41.901989
41.809665
41.816459
41.880525
41.920863
41.898673
41.897005
41.975615
41.916317
41.977369
41.915274
41.831966
41.909539
41.929899
41.914614
41.914473
41.989928
41.913545
41.998087
41.821927
41.905920
41.915350
41.849817
41.901828
41.991727
41.913082
41.941032
41.841875
42.002946
41.970152
41.922178
41.994857
41.927798
41.864468
41.948219
42.027636
41.943522
42.016760
41.922309
41.996651
41.914447
41.950391
42.002008
41.942025
41.794435
41.944610
41.852705
41.876130
42.042992
42.028109
41.970117
41.909740
41.906238
41.938311
41.929103
42.002931
41.850961
41.955663
41.914800
41.932621
41.815562
41.923418
41.949499
42.015107
41.940407
42.011166
41.952598
41.934874
41.823888
41.927888
41.943794
41.933044
41.923196
41.967138
41.856520
41.999458
41.946641
41.925056
41.838301
41.948058
41.942756
41.990291
41.875833
41.835973
41.923645
41.933951
41.948350
41.979269
41.933079
41.986420
41.945971
41.850462
41.845372
42.004584
41.919588
41.942010
42.013958
41.944817
42.007129
41.913429
41.915294
41.922224
41.846078
41.927198
41.914523
41.935811
41.863727
41.983220
41.840700
41.831069
41.934732
41.931819
41.944752
41.954695
42.032862
41.922844
41.956494
41.839652
41.992745
41.927994
42.019753
41.919749
42.005692
41.950880
41.967012
41.913959
41.944822
41.939364
41.943376
41.953511
41.952432
41.838362
41.948027
41.928735
41.933966
41.996308
41.998637
41.999448
42.003047
41.914805
41.941299
41.953954
41.929007
41.961630
42.025882
42.008384
41.923156
41.939923
41.988512
41.928226
41.991536
41.841986
41.914216
41.935342
41.967259
41.827007
41.969154
41.928080
41.868540
41.786155
41.964276
41.964185
41.942035
41.928387
41.998148
41.918751
42.003505
41.838720
41.835182
41.942101
41.904030
41.958757
42.018957
41.982449
41.839798
41.912240
41.949882
41.993945
42.004307
41.883811
41.919558
41.942106
42.008510
41.953410
41.907316
41.994736
41.942700
41.927410
41.920011
