41.935473
41.945563
41.933432
41.927883
41.968398
41.926009
41.950250
41.965531
41.942368
41.942151
41.950290
41.932732
41.952891
41.956545
41.953511
41.974642
41.971634
41.951303
41.952054
41.920989
41.936537
41.945709
41.948037
41.945049
41.963409
41.958782
41.954337
41.953460
41.956398
41.950089
41.924315
41.924325
41.939193
41.940160
41.954065
41.950532
41.929380
41.948597
41.952588
41.939495
41.913283
41.933931
41.956897
41.933548
41.942494
41.913011
41.913696
41.956368
41.928806
41.934622
41.927591
41.931704
41.907699
41.919941
41.926160
41.939752
41.941682
41.922451
41.920626
41.932580
41.931038
41.932868
41.933246
41.931295
41.919119
41.940503
41.920989
41.931855
41.928151
41.939974
41.928569
41.926568
41.941582
41.910622
41.928715
41.909801
41.945608
41.935196
41.918288
41.937761
41.925595
41.926447
41.920969
41.921715
41.932051
41.931855
41.938104
41.949575
41.943996
41.929950
41.920425
41.927626
41.929970
41.944610
41.932424
41.959382
41.953748
41.939671
41.931567
41.947609
41.922894
41.931547
41.933755
41.934622
41.938230
41.918056
41.918550
41.930045
41.919401
41.948320
41.944439
41.916453
41.932701
41.948259
41.936330
41.954221
41.941435
41.931880
41.922420
41.910491
41.918651
41.919976
41.933825
41.906868
41.951777
41.944222
41.942106
41.929713
41.938764
41.940780
41.936501
41.928539
41.919069
41.938134
41.941985
41.929158
41.938512
41.928115
41.942584
41.929456
41.934753
41.926503
41.962431
41.927959
41.937615
41.948829
41.924597
41.931331
41.942368
41.950991
41.923766
41.925560
41.909277
41.943532
41.929259
41.933503
41.919024
41.918424
41.895362
41.933226
41.920283
41.913036
41.922360
41.922808
41.938961
41.930187
41.902569
41.914437
41.925782
41.911081
41.921438
41.924169
41.933125
41.923398
41.911973
41.917542
41.930484
41.931870
41.917174
41.921836
41.914382
41.926684
41.924431
41.928176
41.927122
41.917108
41.939535
41.926351
41.920218
41.912668
41.911570
41.899918
41.926543
41.903264
41.910652
41.922123
41.919286
41.927017
41.916196
41.915148
41.901641
41.913933
41.930489
41.919709
41.931527
41.935786
41.927888
41.924804
41.941420
41.899293
41.922153
41.911786
41.918696
41.933251
41.908828
41.940054
41.901404
41.940780
41.924109
41.926432
41.924960
41.901737
41.911046
41.924628
41.909095
41.927012
41.924381
41.923524
41.915823
41.893668
41.915541
41.894505
41.929542
41.906424
41.927178
41.923272
41.931406
41.909065
41.928574
41.922511
41.938966
41.927485
41.913747
41.921422
41.916368
41.917229
41.916992
41.896576
41.910370
41.894152
41.913616
41.932485
41.920294
41.909473
41.911640
41.946722
41.930731
41.912431
41.931134
41.921921
41.930670
41.921740
41.932520
41.925752
41.932298
41.911580
41.949247
41.939646
41.927989
41.913500
41.913051
41.937424
41.940226
41.921080
41.895195
41.918882
41.931729
41.915692
41.937787
41.919790
41.907271
41.923499
41.904998
41.942579
41.904544
41.922743
41.946485
41.914014
41.914463
41.913742
41.932520
41.947649
41.934138
41.919079
41.923872
41.938079
41.939293
41.925187
41.930303
41.924456
41.926916
41.924759
41.923267
41.924396
41.931416
41.942232
41.943114
41.926417
41.911247
41.935413
41.929083
41.919946
41.928609
41.917234
41.918016
41.931991
41.933105
41.934969
41.927576
41.928478
41.927072
41.913681
41.911756
41.929884
41.940886
41.955728
41.982036
41.954811
41.969215
41.938855
41.940236
43.116222
41.938190
41.945533
41.954700
41.933276
41.929804
41.928775
41.946793
41.942393
41.932913
41.947659
41.951127
41.934017
41.949050
41.958923
41.959448
41.912522
41.927264
41.932273
41.908117
41.927500
41.935514
41.936496
41.937242
41.926679
41.955663
41.935100
41.932989
41.940322
41.921705
41.916423
41.923892
41.965405
41.948002
41.914452
41.907699
41.928559
41.926558
41.945417
41.923721
41.945875
41.911161
41.899701
41.925258
41.954201
41.950663
41.930983
41.939329
41.962235
41.937162
42.093248
41.938205
41.933452
41.959473
41.950462
41.938437
41.926049
41.925026
41.934606
41.918827
41.941047
41.940312
41.924567
41.942096
41.942489
41.933100
41.934914
41.937681
41.939868
41.938321
41.944298
41.937671
41.970006
41.975162
41.941798
41.939238
41.942458
41.926780
41.932041
41.946848
41.944338
41.949323
41.956484
41.926114
41.952558
41.949484
41.928503
41.952387
41.949297
41.914432
41.941803
41.949696
41.943895
41.940861
41.913752
41.954544
41.949292
41.927808
41.946994
41.950734
41.946828
41.916524
41.935816
41.948426
41.951359
41.951711
41.938003
41.921407
41.939989
41.935050
41.930882
41.940684
41.962996
41.922068
41.919709
41.931205
41.923312
41.919492
41.910582
41.903108
41.927309
41.903441
41.927007
41.927138
41.928231
41.942005
41.913702
41.916287
41.919316
41.931205
41.928750
41.952014
41.951883
41.951071
41.925641
41.950280
41.926084
41.915803
41.952609
41.899646
41.932565
41.925011
41.922289
41.928488
41.950890
41.918661
41.895488
41.924688
41.913203
41.928251
41.922143
41.919301
41.935367
41.935337
41.921427
41.941385
41.927788
41.928050
41.931069
41.951545
41.920243
41.941854
41.947322
41.958238
41.945402
41.957376
41.933785
41.922158
41.945472
41.937555
