41.931421
41.912497
41.919543
41.894485
41.922577
41.921921
41.925666
41.917900
41.933533
41.911565
41.917975
41.917648
41.914795
41.917890
41.911459
41.912729
41.937015
41.913807
41.930917
41.918046
41.922496
41.914619
41.923847
41.907029
41.905850
41.902906
41.921266
41.913666
41.926321
41.919270
41.937197
41.917683
41.920122
41.926351
41.922728
41.920848
41.930479
41.924890
41.935735
41.941209
41.909156
41.924275
41.941445
41.929763
41.932016
41.901430
41.924134
41.928589
41.944767
41.896133
41.895140
41.897216
41.886502
41.917451
41.931079
41.905623
41.929345
41.874815
41.907946
41.903088
41.904963
41.887601
41.895614
41.907467
41.891401
41.902866
41.900971
41.893573
41.896702
41.914810
41.902155
41.889591
41.893240
41.922002
41.885146
41.909372
41.916725
41.912976
41.892751
41.920475
41.905189
41.914397
41.889133
41.906585
41.881145
41.905673
41.894344
41.916504
41.899444
41.917738
41.911741
41.903244
41.889848
41.899258
41.888472
41.893169
41.891904
41.910683
41.894495
41.901253
41.902584
41.904413
41.880681
41.921548
41.909367
41.906117
41.896944
41.896168
41.913621
41.908904
41.907412
41.913863
41.898738
41.899761
41.892716
41.888508
41.891794
41.886719
41.909760
41.895155
41.901651
41.921992
41.891103
41.891380
41.879431
41.919029
41.901606
41.917799
41.908959
41.916206
41.906379
41.890866
41.896103
41.890514
41.904766
41.891083
41.883055
41.917522
41.917224
41.930549
41.918691
41.899741
41.893578
41.888160
41.873645
41.889536
41.888276
41.891592
41.891743
41.895019
41.904544
41.900618
41.903189
41.885605
41.893351
41.913087
41.908934
41.899479
41.887454
41.912467
41.907387
41.911721
41.888482
41.893371
41.873933
41.891859
41.895306
41.922627
41.899646
41.899610
41.901273
41.900593
41.880520
41.898008
41.908788
41.904791
41.900391
41.910274
41.885590
41.886361
41.885544
41.905089
41.903985
41.881250
41.874734
41.907175
41.884955
41.901047
41.906994
41.905315
41.898507
41.898340
41.899474
41.906474
41.916635
41.910290
41.906338
41.912295
41.923106
41.902286
41.889742
41.884451
41.888740
41.880394
41.913082
41.890725
41.900654
41.901803
41.913218
41.913727
41.893820
41.885433
41.904161
41.886971
41.920047
41.897478
41.904479
41.876740
41.899283
41.882767
41.914387
41.875979
41.908994
41.911610
41.889657
41.890836
41.924361
41.894016
41.910869
41.906646
41.880676
41.902614
41.894319
41.891083
41.899106
41.886910
41.892383
41.891814
41.895639
41.900845
41.901359
41.886184
41.893134
41.899817
41.917113
41.889264
41.900981
41.903461
41.899116
41.889470
41.902962
41.896455
41.891466
41.884254
41.921508
41.908526
41.916670
41.902322
41.892988
41.909675
41.914755
41.899126
41.888014
41.903012
41.904060
41.908143
41.904580
41.906041
41.887172
41.891073
41.905063
41.903561
41.892020
41.901309
41.896854
41.892882
41.891733
41.901117
41.893517
41.889475
41.887580
41.903234
41.908047
41.889173
41.905094
41.907493
41.899318
41.903279
41.911514
41.924099
41.888740
41.879406
41.887691
41.883332
41.890811
41.894591
41.906167
41.899308
41.890665
41.916912
41.909236
41.901813
41.913061
41.897468
41.914347
41.903813
41.903234
41.918711
41.909302
41.900170
41.917779
41.895896
41.890670
41.901455
41.899499
41.898149
41.926180
41.898078
41.903315
41.871246
41.886189
41.892797
41.902584
41.893411
41.908455
41.923862
41.919573
41.910143
41.893295
41.909589
41.910733
41.922692
41.917068
41.906444
41.906565
41.917678
41.917522
41.915773
41.918842
41.934959
41.920556
41.911928
41.923393
41.906449
41.893361
41.912074
41.905194
41.914649
41.923544
41.892414
41.915879
41.901042
41.924214
41.914493
41.900139
41.904559
41.921327
41.915400
41.919462
41.923232
41.913087
41.907618
41.906888
41.915314
41.932575
41.931215
41.922637
41.910007
41.916841
41.912497
41.891637
41.884219
41.890937
41.916141
41.921181
41.935635
41.911292
41.902891
41.926371
41.917799
41.930126
41.900422
41.913198
41.923070
41.928070
41.916675
41.943860
41.916075
41.920757
41.890443
41.912689
41.893704
41.919265
41.938321
41.898547
41.904212
41.932092
41.911303
41.907755
41.909846
41.917456
41.913545
41.922052
41.897544
41.899252
41.923625
41.926064
41.905658
41.922425
41.930192
41.891804
41.900593
41.924703
41.910300
41.946344
41.932858
41.912351
41.938543
41.912573
41.911292
41.917501
41.903909
41.899126
41.930731
41.921070
41.921997
41.905819
41.924855
41.913439
41.893689
41.908984
41.900825
41.924466
41.903103
41.927047
41.934984
41.896561
41.917668
41.940261
41.906686
41.918923
41.920712
41.950028
41.906207
41.924295
41.942998
41.943048
41.918827
41.934354
41.936053
41.930091
41.919366
41.919144
41.927435
41.919527
41.927788
41.914689
41.936895
41.928876
41.941632
41.915823
41.934168
41.917335
41.925747
41.928569
41.939903
41.916569
41.913555
41.914357
41.893295
41.909231
41.895200
41.897484
41.926845
41.907573
41.920551
41.928574
41.925026
41.935902
41.926175
41.939959
41.904237
41.937071
41.945472
41.946052
41.926286
41.926634
41.932843
41.914271
41.906918
41.912557
41.921705
41.914775
41.929713
41.921458
41.908228
41.918651
41.936895
41.949837
41.923579
41.916146
41.899666
