41.848300
41.953617
41.845392
41.991969
41.856682
41.995840
41.929889
41.940498
41.929143
41.921488
41.934113
41.900845
41.905376
41.912109
41.940513
41.975323
41.802539
41.913999
41.908037
41.931018
41.945699
41.989162
41.992720
41.833423
41.940821
41.923680
41.991430
41.930872
41.932485
41.997684
41.937267
41.993794
41.914770
41.936930
41.996913
41.989898
41.930524
41.846612
41.985957
41.929426
41.885756
41.913283
42.006060
41.922617
41.936164
41.942862
41.914568
41.931079
42.007703
41.830903
41.818243
41.981688
41.911736
42.002039
41.882445
41.950396
41.926820
41.921382
41.899792
41.924487
41.916368
41.926664
41.817905
41.936154
41.922133
41.829850
41.891537
41.835399
41.922622
41.951848
41.987937
41.942993
41.837475
41.916398
41.825964
41.906096
41.886996
41.905658
41.922360
41.851516
41.834688
41.836104
41.817941
41.951081
41.910007
41.995946
41.906994
41.899449
41.909095
41.933982
41.952397
41.985690
41.917617
41.939067
41.831483
41.895075
41.827738
41.986693
41.932832
41.927173
41.986662
41.960677
41.917718
41.815517
41.886462
41.898350
41.930363
41.910713
42.011196
41.862266
41.928574
42.004140
41.928438
41.839214
41.820526
41.905209
41.899580
41.915299
41.823555
41.941501
42.001761
41.910859
41.923484
41.917547
41.986425
41.914110
41.972964
41.917134
41.927934
41.921750
41.904257
41.900734
41.993234
41.897640
41.955763
41.948295
41.916952
41.868802
41.888538
41.941869
41.987494
41.816268
41.934813
41.934082
41.928483
41.929118
41.897327
41.964618
41.940246
41.843377
41.903088
41.903713
41.949751
41.994136
41.922995
41.920535
41.930756
41.923615
41.919200
41.907613
41.916055
41.932349
41.911172
41.911136
41.826095
41.937424
41.934395
41.818142
41.921674
41.995880
41.909725
41.936587
41.826589
41.922294
41.852791
41.920470
41.870415
41.847166
41.856006
41.982187
41.924330
41.938568
41.931008
41.897776
41.833272
41.909392
41.869911
41.928917
41.916156
41.824054
41.919815
41.927138
41.892020
41.855059
42.015177
41.898350
41.825143
41.869966
41.917043
41.907306
41.983250
41.853234
41.973700
41.940614
41.980761
41.904136
41.913928
41.977445
41.923650
41.916574
41.929214
41.978704
41.827325
41.996485
41.848094
41.987660
41.828040
41.997987
41.940558
41.920551
41.928816
41.996349
41.945069
41.941486
41.913450
41.821333
41.923872
41.946994
41.920873
41.926916
41.854076
41.857090
41.898582
41.846980
41.886910
41.919719
41.915314
41.935110
42.004589
42.000144
41.940836
41.988194
41.820526
41.810684
41.847358
41.913419
41.924532
41.825465
41.930474
41.895488
41.827153
41.933704
41.987821
41.915077
41.817150
41.966367
41.925560
41.921110
41.893119
41.839788
41.882047
41.907503
41.908727
41.920147
41.918504
41.909176
41.971765
41.921135
41.935519
41.799445
41.914175
41.918358
41.977722
41.939031
41.898628
41.826166
41.904207
41.906147
41.836054
41.904852
41.927369
41.999458
41.920465
41.923171
41.837258
41.913409
41.924154
41.854368
41.857211
41.821489
41.823399
42.009770
41.824064
41.960934
41.852569
41.916811
41.851748
41.929990
41.920309
41.830606
41.908894
41.948919
41.937167
41.928166
41.858138
41.895836
41.958142
41.827133
41.920813
41.846128
41.938739
41.935751
41.902231
41.920193
41.978946
41.935241
42.003425
41.834965
41.951666
42.014316
41.841713
41.987574
41.915995
41.969073
41.824906
41.929239
41.997982
41.925096
41.942156
41.846708
41.956449
41.933765
41.861469
41.836139
41.955637
41.933977
41.843024
41.897423
41.950900
41.931890
41.820839
42.004846
41.948612
41.854147
41.933175
41.834436
41.991667
42.009956
41.911046
41.838458
42.021160
42.002361
41.841083
41.943860
41.892882
41.893023
41.964502
41.936537
41.922904
41.920435
42.005284
41.956232
41.957215
41.955088
41.922687
41.841708
41.996434
41.932913
41.900281
41.935861
41.930383
41.884068
41.844641
41.933221
41.875843
41.831029
41.931714
41.966745
41.979123
41.945316
41.958440
41.932475
41.941128
42.043415
41.938170
41.902790
41.904242
41.956913
41.954085
41.845675
41.929365
41.907120
41.856651
41.962335
41.944101
41.943900
41.785011
41.941954
42.008303
41.853839
41.953324
41.918746
41.937182
41.920420
41.850528
41.998576
41.958183
41.928917
41.958928
41.962174
41.998486
41.955930
41.921513
41.941516
41.869709
41.921967
41.954715
41.913379
41.945659
41.912099
41.933946
41.982242
41.956978
42.000330
41.870465
41.853144
41.925293
41.924371
41.923247
41.873615
41.946082
41.843684
41.942857
41.946107
41.963510
41.973942
41.924280
42.012476
41.955179
41.920344
42.009120
41.930373
41.929703
41.937126
41.952271
41.935025
41.828892
41.948506
41.946057
42.012935
42.008918
41.847338
41.950512
41.916594
41.948123
41.915082
41.826332
41.924739
42.020817
41.961680
41.898582
41.957880
41.935020
41.942867
41.944323
41.924603
41.929380
41.871282
41.937283
41.986950
41.935821
41.992120
41.996742
41.951031
41.933906
41.936622
41.905668
41.915692
41.870102
41.996928
41.939913
41.861358
41.827058
41.943184
41.946888
41.919608
41.983003
41.997815
41.845009
41.929153
41.958097
41.966967
41.994928
41.946389
41.922118
41.998753
41.921715
41.823943
41.840751
41.918590
41.949045
41.948567
