42.050128
42.063736
42.092135
42.053081
42.087428
42.059472
42.065671
42.020519
42.128502
42.093133
42.138133
42.091036
42.093621
42.085623
42.094665
42.073518
42.096796
42.100612
42.145360
42.029097
42.096131
42.097603
42.079727
42.109628
42.103842
42.096620
42.072777
42.077756
42.095854
42.095214
42.067551
42.075403
42.096040
42.076688
42.047785
42.057290
42.065308
42.051872
42.100491
42.064386
42.071371
42.050400
42.028921
42.084620
42.060707
42.073548
42.070978
42.093828
42.063035
42.094624
42.076093
42.068191
42.069551
42.094972
42.087165
42.067510
42.066205
42.136066
42.053162
42.100919
42.072742
42.071295
42.071194
42.074581
42.108796
42.067243
42.076345
42.067621
42.086142
42.124888
42.070191
42.062440
42.092205
42.083391
42.048284
42.061644
42.084630
42.073341
42.089222
42.101448
42.074904
42.045371
42.098707
42.079576
42.067747
42.093299
42.068307
42.054084
42.087962
42.165232
42.121990
42.118256
42.139851
42.111235
42.102103
42.083371
42.100990
42.076794
41.814715
42.317821
42.133174
42.109577
42.120065
42.105258
42.144841
42.148767
42.175367
42.132498
42.107617
42.109421
42.140527
42.100244
42.210438
42.049019
42.129237
42.000794
42.131868
42.129217
42.180023
42.196196
42.043985
42.161673
42.109310
42.114617
42.122202
42.157526
42.144014
42.098273
42.102129
42.105853
42.098833
42.093843
42.016921
42.123286
41.752267
42.051600
42.016654
42.052961
42.143057
41.993406
42.379608
49.248335
41.833438
42.099432
42.212006
42.082368
42.070035
42.070554
42.102013
42.162298
42.084711
42.078487
42.129570
42.108035
41.971049
42.048258
42.117424
42.139871
42.038648
42.103268
42.010838
42.075251
42.052950
42.037846
42.008621
42.098419
41.927475
42.041137
42.055541
42.036894
42.047548
42.038824
42.056957
42.092755
42.026991
42.083164
42.037624
42.005264
42.017244
42.016437
42.020318
42.068604
42.032549
42.028316
42.047518
42.095083
42.069496
42.098757
42.089761
42.074752
42.086047
42.079127
41.915748
41.991717
41.991133
41.984450
42.004029
42.015152
42.028704
42.018524
42.010218
41.994746
42.001973
42.015243
42.011377
42.011917
42.064345
42.214389
42.163508
42.147754
42.153993
41.967214
42.232502
42.150798
42.191252
42.151559
42.088315
42.121789
42.042110
42.157349
42.217308
42.093768
42.070438
42.127101
42.130654
42.090209
42.103192
42.111371
42.138148
42.166930
41.988270
42.083960
42.083396
41.929884
42.188168
42.186842
42.151574
42.218074
42.090940
42.149371
42.066714
42.067324
42.127075
42.133229
42.196655
42.146514
42.099735
42.191060
42.193238
42.149341
42.129263
42.127826
42.179479
42.187800
42.188712
42.067908
42.207671
42.179570
42.271510
42.292183
42.324015
42.343015
42.289900
41.837868
42.023201
41.998465
42.016971
42.060062
41.991964
42.022036
42.009608
42.003349
42.016205
42.017143
42.031355
42.023110
42.016709
42.015273
42.022198
42.016336
42.005939
42.010122
42.026461
42.005138
42.002074
42.005435
42.013691
42.028598
42.027258
42.033633
42.016538
42.011952
42.024098
42.018569
42.024209
42.038658
42.004438
42.027253
41.999156
41.991511
42.025060
42.006287
42.001036
42.009608
42.013177
42.018740
42.014532
42.036879
42.025983
42.027459
41.997311
41.994812
42.026915
42.018186
42.018937
42.008691
42.030478
42.020560
42.007592
41.989061
42.000280
41.998234
42.015082
42.031063
42.037680
42.033391
42.016916
42.042977
42.052734
42.039605
42.011438
42.043738
42.018403
42.022646
42.024828
42.042684
42.041057
42.033588
42.049932
42.025252
42.029616
42.052754
42.043738
42.036370
42.066145
42.062355
42.040381
42.021870
42.034520
42.030730
42.031884
42.022631
42.042750
42.038839
42.050395
42.039897
42.031410
42.022404
42.023468
42.033784
42.025892
42.030629
42.030982
42.029389
42.045083
42.040951
42.048873
42.020887
42.020197
42.030307
42.027006
42.025000
42.034686
42.037922
42.043637
42.011775
42.013534
42.011468
42.043874
42.015948
42.040356
42.011140
42.034122
42.020242
42.040895
42.032696
42.056750
42.037816
42.031889
42.046071
42.035861
42.026088
42.038214
41.710584
41.922627
41.915405
41.929335
41.931966
41.932203
41.923751
41.920661
41.929919
41.913560
41.934007
41.936925
41.940276
41.938895
41.902871
41.926805
41.932006
41.931225
41.923927
41.930277
41.920349
41.948189
41.924003
41.935786
41.938946
41.927238
41.905502
41.951989
41.951434
41.921926
41.939359
41.933553
41.947287
41.933800
41.911565
41.907553
41.909176
41.922496
41.929572
41.923716
41.928992
41.918792
41.930232
41.934853
41.923932
41.901697
41.924905
41.933135
41.927329
41.913082
41.933326
41.910365
41.913636
41.933508
41.925006
41.946420
41.926659
41.908047
41.919235
41.945049
41.933861
41.944006
41.922410
41.921846
41.931421
41.898507
41.909483
41.947604
41.931174
41.916438
41.931184
41.936335
41.927606
41.933558
41.909090
41.926558
41.935992
41.939293
41.945462
41.911172
41.910395
41.927455
41.924734
41.913626
41.931678
41.918661
41.920873
41.932414
41.912875
41.932223
41.915470
41.929718
41.904020
41.924628
41.932329
41.930812
41.918449
41.922551
41.918247
41.935166
41.932893
41.905834
41.931220
41.915435
41.904932
41.921730
41.928927
41.942620
