41.921755
41.929315
41.915123
41.934113
41.924965
41.928483
41.907593
41.915269
41.918504
41.923166
41.918555
41.932465
41.920435
41.919225
41.900643
41.890352
41.904554
41.909534
41.929990
41.915103
41.919437
41.914412
41.922476
41.912699
41.921619
41.940432
41.934843
41.919165
41.940004
41.941148
41.930303
41.928639
41.913293
41.936058
41.921463
41.934430
41.931074
41.933992
41.917375
41.911655
41.929960
41.920651
41.946006
41.921221
41.920908
41.916549
41.917325
41.916181
41.904942
41.899913
41.903294
41.880590
41.908944
41.904050
41.896329
41.924764
41.918978
41.906903
41.925726
41.912467
41.891990
41.905406
41.909513
41.902523
41.910033
41.886446
41.907961
41.916453
41.891154
41.897841
41.924441
41.901702
41.895584
41.897630
41.905527
41.894722
41.922829
41.912225
41.927354
41.906041
41.899736
41.914221
41.904196
41.905537
41.898345
41.917562
41.907760
41.915082
41.910985
41.916514
41.891688
41.903622
41.897730
41.901525
41.916861
41.910829
41.911686
41.888709
41.911862
41.905068
41.891970
41.872955
41.912497
41.896717
41.889828
41.895710
41.911771
41.902770
41.898265
41.891194
41.907568
41.899792
41.907271
41.895760
41.879093
41.897856
41.897201
41.909100
41.906162
41.907039
41.912557
41.904564
41.902967
41.885544
41.918293
41.920359
41.903909
41.899893
41.918383
41.915682
41.893391
41.887041
41.899409
41.914024
41.901354
41.897141
41.901692
41.906797
41.914140
41.913666
41.889601
41.891607
41.904927
41.916116
41.917255
41.915334
41.917673
41.906137
41.907729
41.906374
41.898335
41.892514
41.902710
41.924371
41.902760
41.914755
41.911212
41.897907
41.875979
41.889823
41.907538
41.892177
41.905048
41.913011
41.910451
41.919724
41.911917
41.918152
41.917930
41.911282
41.922904
41.906575
41.895120
41.893467
41.899570
41.904902
41.895140
41.909171
41.888876
41.897660
41.896899
41.892010
41.907135
41.903284
41.902790
41.903778
41.902014
41.888503
41.894283
41.884012
41.913278
41.896738
41.899247
41.892766
41.911907
41.913082
41.882047
41.907407
41.896445
41.908314
41.907150
41.891048
41.899832
41.914745
41.918620
41.919744
41.904821
41.892842
41.895891
41.915002
41.875480
41.891325
41.892041
41.896077
41.913480
41.915481
41.910380
41.909650
41.896188
41.911041
41.905557
41.911776
41.908042
41.896279
41.917849
41.877899
41.902866
41.888765
41.899489
41.918525
41.921044
41.916363
41.913429
41.887716
41.884995
41.903143
41.899414
41.905285
41.887631
41.884829
41.885781
41.917360
41.926921
41.925565
41.896889
41.907225
41.899565
41.907835
41.895362
41.903854
41.914069
41.900124
41.912517
41.921322
41.886603
41.888387
41.873550
41.885302
41.906762
41.907941
41.896733
41.911323
41.906646
41.895206
41.920913
41.900356
41.920863
41.902402
41.895478
41.897070
41.912557
41.896869
41.888971
41.905582
41.895251
41.892877
41.913077
41.880137
41.910622
41.918484
41.890796
41.914735
41.904408
41.899998
41.909922
41.915380
41.901651
41.914583
41.929844
41.891683
41.875419
41.906817
41.904605
41.910698
41.913656
41.911479
41.923237
41.884516
41.895155
41.889057
41.903894
41.907694
41.916443
41.898849
41.896143
41.897141
41.899121
41.888876
41.894062
41.884551
41.884425
41.911111
41.895639
41.877314
41.915763
41.908072
41.882006
41.902266
41.917370
41.899474
41.914069
41.900437
41.912275
41.915818
41.939495
41.913465
41.920021
41.909861
41.904983
41.915924
41.908445
41.896773
41.961867
41.913203
41.936839
41.939157
41.925595
41.944132
41.932490
41.932933
41.903783
41.925686
41.913767
41.918892
41.932797
41.920238
41.892111
41.898381
41.905542
41.914457
41.927833
41.909629
41.911434
41.937358
41.919648
41.924396
41.933578
41.898028
41.910421
41.919084
41.923353
41.914881
41.923937
41.910743
41.935695
41.914951
41.909135
41.895080
41.921014
41.924643
41.914029
41.928236
41.932893
41.925691
41.929577
41.922929
41.941143
41.909115
41.924754
41.925923
41.909387
41.925671
41.926618
41.938588
41.903012
41.905623
41.906429
41.903713
41.924416
41.924935
41.911933
41.920021
41.938850
41.916488
41.928770
41.925469
41.915833
41.939818
41.930474
41.935846
41.930398
41.934944
41.911116
41.918076
41.921780
41.922577
41.936557
41.937600
41.920646
41.925802
41.911701
41.936607
41.925253
41.931719
41.945397
41.921130
41.907296
41.936905
41.928045
41.938200
41.911781
41.909292
41.927395
41.939445
41.933719
41.911434
41.913016
41.928745
41.908984
41.919699
41.947035
41.925797
41.928609
41.914160
41.912008
41.919855
41.924603
41.931190
41.926427
41.911086
41.920233
41.943235
41.936743
41.914296
41.917733
41.927677
41.921836
41.923045
41.920430
41.923595
41.942020
41.912043
41.936219
41.894555
41.920677
41.925293
41.932626
41.948955
41.926427
41.940412
41.930867
41.913898
41.912825
41.935871
41.924260
41.899167
41.936849
41.929778
41.921196
41.939984
41.950895
41.941037
41.923025
41.926271
41.930686
41.939117
41.927631
41.928559
41.916337
41.900386
41.905275
41.938623
41.916473
41.922420
41.915027
41.914573
41.921196
41.909095
41.920692
41.913757
41.922320
41.920243
41.914538
41.915506
41.917935
41.913964
41.923030
41.910179
41.920021
41.918157
41.924643
41.906530
