41.935020
41.920813
41.886305
41.899575
41.922153
41.921821
41.912880
41.918948
41.904968
41.910920
41.912739
41.916655
41.908566
41.923564
41.907845
41.922002
41.929451
41.910491
41.934077
41.922420
41.894409
41.912719
41.905315
41.904580
41.915748
41.896471
41.896042
41.920339
41.906575
41.912064
41.918782
41.892590
41.908359
41.898043
41.912265
41.907835
41.896123
41.908193
41.925797
41.920203
41.921105
41.897413
41.939717
41.921775
41.929421
41.904232
41.908813
41.905860
41.879305
41.902674
41.902543
41.874825
41.892262
41.903415
41.908611
41.892640
41.881538
41.901813
41.924875
41.891123
41.884738
41.896501
41.907734
41.876357
41.895241
41.898738
41.900764
41.894596
41.898643
41.903017
41.905285
41.907563
41.905109
41.899353
41.902266
41.914830
41.911560
41.895211
41.890342
41.908445
41.893880
41.889863
41.892383
41.898285
41.890665
41.900497
41.893986
41.912865
41.889148
41.892545
41.907477
41.897670
41.899832
41.884788
41.921090
41.882752
41.903486
41.885423
41.895095
41.899167
41.875621
41.897579
41.900245
41.914286
41.906046
41.891824
41.900674
41.888462
41.894576
41.883196
41.884400
41.896304
41.910562
41.909770
41.898386
41.906520
41.901974
41.906515
41.875011
41.897413
41.913646
41.879028
41.899540
41.904640
41.893139
41.906777
41.878090
41.879250
41.905955
41.886547
41.894616
41.901198
41.902019
41.905678
41.894329
41.907699
41.894077
41.889873
41.899847
41.903269
41.894762
41.902760
41.901672
41.908828
41.891683
41.882888
41.872038
41.885071
41.887036
41.875858
41.881397
41.890458
41.896748
41.871826
41.871650
41.873902
41.897282
41.897161
41.884567
41.892373
41.892650
40.715682
41.898083
41.917139
41.881215
41.919195
41.864604
41.896365
41.891799
41.915380
41.902080
41.897015
41.885564
41.894671
41.910703
41.891612
41.901944
41.873867
41.919250
41.886582
41.911655
41.915183
41.897937
41.876412
41.892293
41.888084
41.909130
41.900850
41.907750
41.916781
41.926901
41.872859
41.903788
41.877324
41.879456
41.866791
41.892373
41.893875
41.895679
41.907578
41.913228
41.897977
41.901011
41.904232
41.893784
41.866418
41.904156
41.898325
41.927848
41.906545
41.895206
41.936320
41.869180
41.891149
41.885171
41.895760
41.890282
41.897715
41.890493
41.902271
41.895160
41.883362
41.883357
41.909292
41.890755
41.914830
41.883392
41.892293
41.886658
41.890539
41.907346
41.883549
41.893865
41.903183
41.895573
41.893754
41.882914
41.914034
41.907225
41.891773
41.902906
41.887333
41.886829
41.886577
41.895306
41.886255
41.920324
41.902171
41.897846
41.919840
41.900326
41.876120
41.894989
41.873242
41.881003
41.904307
41.911393
41.890060
41.898617
41.909725
41.888926
41.870506
41.902559
41.887979
41.920329
41.904161
41.896460
41.918837
41.900906
41.899681
41.915208
41.885721
41.903642
41.905673
41.902725
41.902075
41.916161
41.908909
41.895080
41.899197
41.888886
41.886734
41.894152
41.885776
41.890292
41.898794
41.913470
41.904448
41.897267
41.887384
41.906621
41.925091
41.886068
41.896339
41.900341
41.899913
41.881885
41.886134
41.906928
41.891033
41.875933
41.881462
41.913797
41.914679
41.903975
41.905547
41.904534
41.892575
41.887822
41.901903
41.898234
41.905693
41.886633
41.900815
41.904418
41.904055
41.906182
41.892736
41.886381
41.903435
41.892373
41.913722
41.910531
41.894676
41.920460
41.907351
41.919971
41.918585
41.899681
41.914468
41.898204
41.919270
41.931774
41.921569
41.919386
41.910562
41.902100
41.920238
41.913898
41.918046
41.905083
41.948960
41.908269
41.887212
41.931991
41.911922
41.930373
41.933609
41.914720
41.907775
41.896244
41.935877
41.930348
41.912820
41.921856
41.933483
41.892010
41.917794
41.893779
41.930645
41.919845
41.908742
41.911907
41.935443
41.922173
41.901939
41.898633
41.903899
41.915309
41.919754
41.926447
41.905371
41.913621
41.927707
41.905189
41.922325
41.926361
41.942680
41.951979
41.919220
41.926901
41.921795
41.927470
41.896944
41.896264
41.919653
41.938638
41.919699
41.895599
41.914347
41.915904
41.898386
41.900316
41.922556
41.919165
41.912381
41.909725
41.926402
41.927762
41.909463
41.917370
41.914750
41.890514
41.925142
41.906631
41.915254
41.887888
41.922627
41.931457
41.908657
41.904171
41.901803
41.921397
41.907679
41.899555
41.900099
41.912638
41.929179
41.919734
41.915460
41.923464
41.914236
41.921251
41.930519
41.926830
41.926366
41.923771
41.941178
41.910184
41.913072
41.923418
41.917890
41.886527
41.913066
41.930620
41.911131
41.921186
41.935877
41.915329
41.911141
41.910022
41.923156
41.924597
41.924159
41.937091
41.918711
41.912940
41.892731
41.912381
41.920979
41.908591
41.914523
41.917280
41.906243
41.915899
41.909342
41.912064
41.890569
41.915430
41.916458
41.906545
41.916715
41.909549
41.931295
41.911166
41.921518
41.911741
41.934979
41.902715
41.908380
41.929884
41.905099
41.933140
41.928619
41.895478
41.940972
41.919492
41.917890
41.915617
41.899081
41.932706
41.923721
41.916660
41.920813
41.909997
41.900805
41.925258
41.890997
41.916685
41.922929
41.927949
41.933679
41.922299
41.925777
41.942025
41.904947
41.944908
41.924603
41.901828
41.925621
