41.876367
41.904222
41.895034
41.903375
41.886966
41.900215
41.902392
41.897892
41.923887
41.899898
41.901228
41.918096
41.900623
41.894787
41.888165
41.917113
41.917965
41.893275
41.893986
41.909468
41.913389
41.908546
41.917325
41.900397
41.900301
41.885852
41.901782
41.912200
41.915949
41.901606
41.912956
41.907251
41.905446
41.902382
41.893608
41.905895
41.919643
41.924411
41.912981
41.910148
41.905719
41.916040
41.904922
41.914019
41.886456
41.901425
41.901475
41.884153
41.888402
41.888311
41.892565
41.900568
41.898789
41.880086
41.891622
41.886018
41.872018
41.895750
41.887958
41.910728
41.899222
41.892615
41.899973
41.890251
41.900250
41.903486
41.914326
41.892570
41.906500
41.897579
41.885534
41.889783
41.903587
41.898149
41.872814
41.904272
41.883493
41.920989
41.887061
41.875928
41.898250
41.896753
41.889536
41.901278
41.883921
41.911751
41.910274
41.903042
41.900931
41.903068
41.895730
41.879572
41.901878
41.895447
41.893225
41.902165
41.893169
41.910965
41.907039
41.902110
41.927425
41.902171
41.919447
41.884562
41.889284
41.899998
41.877667
41.899716
41.902624
41.906051
41.871246
41.907966
41.891199
41.902377
41.882364
41.901762
41.894006
41.921493
41.915481
41.904736
41.876589
41.911550
41.878796
41.885474
41.904106
41.876886
41.888094
41.914301
41.913122
41.880434
41.900865
41.879149
41.903476
41.909730
41.895594
41.908999
41.885277
41.907941
41.906958
41.910345
41.901979
41.912532
41.882480
41.871609
41.871161
41.888674
41.901929
41.911998
41.882803
41.894520
41.903491
41.915894
41.903990
41.890337
41.879880
41.883488
41.886739
41.893119
41.893890
41.893265
41.884854
41.882359
41.884007
41.903304
41.920364
41.892701
41.887878
41.906066
41.894540
41.907750
41.899580
41.866590
41.890786
41.910214
41.898628
41.879073
41.894656
41.900936
41.897237
41.892524
41.895039
41.895699
41.915566
41.889425
41.902548
41.912946
41.902226
41.902947
41.905124
41.888457
41.908521
41.912341
41.890876
41.910642
41.902856
41.901828
41.895075
41.884970
41.880867
41.898003
41.900618
41.895639
41.874542
41.902725
41.907024
41.901903
41.881825
41.910017
41.888457
41.899187
41.889148
41.892655
41.898265
41.877798
41.931245
41.890403
41.910259
41.880641
41.894782
41.876402
41.874104
41.897277
41.874406
41.905668
41.897544
41.904338
41.895745
41.915995
41.891219
41.892519
41.882767
41.901551
41.899827
41.885958
41.909700
41.899620
41.919689
41.889989
41.888991
41.886477
41.876498
41.881039
41.865078
41.890418
41.914306
41.887112
41.915607
41.902649
41.914387
41.909015
41.886043
41.890070
41.899101
41.902070
41.881205
41.886300
41.891174
41.895029
41.884924
41.882908
41.905290
41.879703
41.885277
41.889551
41.915218
41.901399
41.901238
41.904393
41.873842
41.902029
41.896259
41.898698
41.895478
41.911101
41.911751
41.904222
41.887706
41.893059
41.886960
41.899993
41.898028
41.892867
41.888664
41.890589
41.896203
41.887510
41.900739
41.871383
41.880091
41.904499
41.895992
41.875661
41.899066
41.904202
41.884965
41.882979
41.901369
41.884481
41.903058
41.883715
41.890856
41.887767
41.889778
41.896244
41.893129
41.897539
41.893633
41.888568
41.902493
41.900815
41.893865
41.900548
41.897136
41.904464
41.887510
41.898683
41.891864
41.886487
41.885272
41.882384
41.897438
41.882631
41.910486
41.915894
41.923917
41.907155
41.916206
41.899767
41.917365
41.911842
41.880797
41.910773
41.919401
41.905628
41.910209
41.919391
41.922904
41.917809
41.911091
41.910683
41.896360
41.918832
41.922098
41.911393
41.912159
41.908460
41.909191
41.898406
41.902780
41.912925
41.910093
41.894762
41.907593
41.899837
41.919170
41.913198
41.901530
41.904217
41.884184
41.901793
41.916791
41.926926
41.911348
41.915944
41.888493
41.918126
41.912139
41.897574
41.878453
41.895936
41.898738
41.926261
41.907780
42.236181
41.931618
41.914609
41.907210
41.906999
41.889894
41.910194
41.885580
41.914775
41.906394
41.922249
41.920757
41.911197
41.918046
41.922955
41.932379
41.900341
41.909705
41.910602
41.907709
41.914553
41.900124
41.899530
41.921795
41.917290
41.900402
41.902806
41.903002
41.918031
41.922224
41.898098
41.904761
41.900941
41.902619
41.905940
41.907850
41.917325
41.916564
41.919190
41.902150
41.907618
41.888629
41.918832
41.899096
41.918414
41.896909
41.907412
41.904645
41.902947
41.901142
41.921826
41.908611
41.916766
41.905668
41.889052
41.901767
41.896022
41.898915
41.911550
41.891038
41.926830
41.902352
41.913807
41.909634
41.906983
41.908284
41.898960
41.912053
41.914800
41.914145
41.901052
41.909599
41.887893
41.899555
41.901903
41.916231
41.913979
41.911670
41.899142
41.913702
41.919054
41.886567
41.892323
41.924179
41.903415
41.921503
41.898658
41.912270
41.907094
41.911857
41.906631
41.901808
41.895452
41.902392
41.917144
41.906424
41.912371
41.905925
41.903330
41.891098
41.914493
41.908047
41.906308
41.913802
41.905416
41.893311
41.899283
41.923796
41.905603
41.921926
41.906182
41.908626
41.908939
41.896919
41.904207
41.904262
41.877844
41.916095
41.906001
41.899116
41.932359
41.919049
41.894661
41.895594
41.911635
41.904464
41.897237
41.915617
