41.925873
41.917330
41.954448
41.843190
41.936204
41.920984
42.020031
41.941627
42.008611
41.944741
41.846511
41.946979
41.841008
41.972909
41.947266
41.865042
41.992272
41.954161
41.936653
41.953274
41.934360
41.838216
42.615898
41.907009
41.931089
41.941708
41.922889
41.847151
41.925202
41.956172
41.940054
41.986284
41.834582
41.933629
41.937852
41.952563
41.854761
41.922335
41.971679
41.939994
41.933180
41.959236
41.857609
41.928483
41.859660
41.851561
41.994429
41.946682
41.978276
41.972521
41.993849
41.922864
41.935287
41.911877
41.918741
41.913258
41.934576
41.841497
42.000582
41.911761
41.922047
41.929053
41.939495
41.851239
41.927435
41.888815
41.827794
41.814710
41.817467
41.945795
41.918338
41.862518
41.847539
41.942912
41.990482
41.878146
41.941002
41.935604
41.944555
41.921967
41.979471
41.921296
41.908092
41.924099
41.999947
41.926835
41.821005
41.898381
41.920923
41.991894
41.988552
41.942217
41.954614
41.831301
42.028578
41.855341
41.994796
41.996838
41.897826
41.932021
41.945417
42.015606
42.015162
41.972254
41.939016
41.933473
41.924094
41.908269
41.840675
41.887933
41.936134
41.944832
41.834915
41.951908
41.931678
42.053293
41.997745
41.928332
41.929824
41.932832
41.911141
41.834874
41.926326
41.834249
41.985821
42.006141
41.912734
41.932525
41.979904
41.930197
41.860859
41.949408
41.941607
41.907089
41.869815
42.017853
41.970061
41.942640
41.885882
41.975151
41.905572
41.902483
41.864327
41.834633
41.915859
41.808370
41.992609
41.987983
41.919522
41.939682
41.920868
41.942121
41.949292
42.008353
41.982560
41.943527
41.938205
41.923348
41.855931
41.989822
41.931900
41.843301
41.893472
41.933316
41.930111
41.956655
41.969089
41.829169
41.907644
41.912673
41.939893
41.986602
41.952573
41.903012
41.928599
41.950613
41.865879
41.988633
41.926981
41.851869
41.907886
41.845634
41.931159
41.983230
42.005965
41.908027
41.861243
42.018887
41.907820
42.018418
41.906938
41.909650
41.921508
41.947624
41.930812
41.947705
41.867633
41.929209
42.054452
41.919275
41.919805
41.929542
41.922783
41.931023
41.921936
41.827537
41.828917
41.913349
41.999564
41.991722
41.872738
41.924285
41.913187
41.834774
42.021482
41.961474
41.923680
41.863450
41.849172
41.955098
41.979108
41.991445
41.926155
41.903370
41.930968
41.904700
42.133426
41.916917
41.984238
41.852912
41.978039
41.869271
42.008545
41.924552
41.900895
41.914236
41.865758
41.979037
41.944772
41.920782
41.940110
41.988698
41.928639
41.943371
41.937887
41.891577
42.007865
41.945054
41.940659
41.909896
41.911963
41.999337
41.930192
41.929133
41.934314
41.926503
41.979637
41.922723
41.962310
41.907377
41.927788
41.981653
41.827315
41.934596
41.946148
41.845806
41.927657
41.923277
41.904615
41.940186
41.927052
41.944283
41.934591
41.927072
41.928765
41.950855
41.939918
41.907760
41.833705
41.941536
41.967365
41.837994
41.862679
41.963681
41.960329
41.911353
41.913228
41.834275
41.993592
41.911681
41.945266
41.914049
41.929320
41.997054
41.982212
41.924779
41.931064
41.825894
41.918691
41.933785
41.835867
41.939828
41.921624
41.919704
41.948536
41.949887
41.836739
41.888064
41.907175
41.916302
41.943381
41.922068
41.941390
41.934163
41.945770
41.867457
41.834295
41.904368
41.902876
41.915072
42.000718
41.931623
41.848134
42.002250
41.919185
41.988356
41.999085
41.843578
42.015172
41.903713
41.957548
42.020076
41.958364
41.838942
41.988119
42.027091
41.925238
41.845251
41.949035
41.947317
41.853043
41.842661
41.949378
41.951424
41.933498
41.928947
41.989903
41.846899
42.010843
41.850644
42.001837
41.938265
41.859700
41.962194
41.932767
41.944086
41.961423
41.903466
42.005566
41.843669
41.863027
41.926729
41.842419
41.915833
41.846461
41.942564
41.917824
41.937162
41.930761
41.950824
42.003556
41.930610
41.884173
41.937776
41.950940
41.917895
41.914765
41.856586
41.930030
41.925011
41.939147
41.840705
41.850845
42.053868
42.010289
41.916201
41.853189
41.982187
41.951873
41.998561
41.932475
42.007068
41.975862
41.950280
41.936683
41.940352
41.916363
41.843951
41.947695
41.962487
41.838664
41.847373
41.839939
41.912522
41.855417
42.007935
41.936386
41.901787
41.948995
41.984339
41.946929
41.924648
41.871766
42.003218
42.002563
41.992710
41.982877
41.983780
41.939430
41.943356
41.933800
41.842454
41.931809
41.845040
42.013897
42.032237
42.005183
41.930595
41.926956
41.939752
41.925520
41.955239
41.936723
41.911676
41.922057
41.953082
41.925505
41.828917
41.996959
41.931961
41.820551
42.004458
41.914583
42.027071
41.953223
41.948441
42.002790
41.906545
42.002659
41.899162
41.956232
41.936733
41.916700
41.958349
41.941592
41.952926
41.914835
41.926865
41.956071
41.961363
42.005859
42.009618
41.943320
42.010369
41.848260
41.853451
41.983810
42.006146
41.873721
41.928176
41.853708
41.958157
41.941697
41.926800
41.968141
41.904504
41.958167
41.930166
41.944752
42.016029
42.013479
41.839249
41.954166
42.008938
41.839617
41.928821
41.923020
41.846199
41.933090
41.932323
41.926936
41.937751
41.868974
41.944066
41.855608
41.919754
41.925923
41.831639
41.920092
41.995270
41.856293
41.963862
