41.921871
41.907558
41.920132
41.920747
41.942413
41.906313
41.916282
41.913676
41.908616
41.919427
41.928755
41.923952
41.917285
41.887298
41.937600
41.920742
41.928186
41.904443
41.923358
41.939500
41.947377
41.914503
41.915853
41.921579
41.911378
41.906530
41.920954
41.916866
41.910335
41.917088
41.901777
41.930625
41.921795
41.908047
41.932339
41.900074
41.906752
41.909443
41.911973
41.920268
41.896163
41.937731
41.911328
41.925908
41.914846
41.923595
41.903370
41.909776
41.889773
41.915143
41.904741
41.916690
41.896355
41.915390
41.910461
41.898355
41.884541
41.901762
41.911172
41.905386
41.900452
41.898607
41.906575
41.896113
41.899378
41.885650
41.876881
41.905215
41.931295
41.880217
41.909907
41.885852
41.909050
41.903914
41.887681
41.914679
41.896591
41.895659
41.916413
41.895407
41.900785
41.904005
41.920475
41.903012
41.917048
41.909554
41.888115
41.902896
41.882122
41.892842
41.916947
42.204270
41.900744
41.904448
41.913656
41.896733
41.911610
41.887026
41.888729
41.891829
41.886068
41.906253
41.901127
41.896541
41.897035
41.894873
41.899338
41.902160
41.908914
41.904947
41.904322
41.888372
41.904055
41.906822
41.889042
41.903108
41.889349
41.903980
41.962698
42.043123
42.048052
42.045960
42.026230
42.047598
42.058126
42.046061
42.030523
42.019335
42.047906
42.032040
42.038522
42.033643
42.019859
42.024990
42.028850
42.028089
42.045144
42.058272
42.039514
42.036455
42.031269
42.015449
42.021532
42.036228
42.014820
42.021134
42.012007
42.031945
42.016331
42.027661
42.005461
42.017365
42.005476
42.006151
42.014376
42.018962
41.992221
42.023438
42.010198
42.020519
42.016437
42.034006
42.018776
42.019522
42.003722
42.006877
42.013217
41.996354
42.002371
42.018433
42.010868
42.008439
42.010364
42.001575
41.990356
41.996535
41.999735
42.023448
42.038552
42.012824
42.012410
42.000466
42.033905
41.996959
42.012582
41.992599
42.025569
42.004317
42.026900
42.024304
42.023387
42.016377
42.037236
42.018972
42.008182
42.004463
42.011972
42.000013
42.019396
42.020116
41.998692
42.008036
41.995961
42.016135
42.003808
41.994272
42.000648
42.021094
42.009034
42.016604
42.017118
42.002089
41.989051
41.999967
42.002160
42.008187
42.009921
42.020368
42.021956
42.007582
41.998481
42.015969
41.983417
42.007542
42.150379
42.134156
42.119501
42.102970
42.128098
42.134151
42.132050
42.099558
42.148862
42.126904
42.097915
42.101796
42.120952
42.114547
42.110948
42.111528
42.126425
42.102476
42.085240
42.085769
42.102159
42.073266
42.076023
42.110560
42.090346
41.898144
42.012526
42.033315
42.024859
42.004790
42.059734
42.048253
42.000874
42.064733
42.059920
41.998183
42.063549
42.023579
42.021900
42.048586
42.090698
42.064280
42.175205
42.012864
42.042317
42.041994
42.036601
42.041480
42.045950
42.052643
42.185668
42.124263
42.131949
42.075801
42.094166
42.136243
42.130679
42.115600
42.061795
42.107632
41.995008
41.961458
42.180714
42.068317
42.096938
42.100269
42.105173
42.120987
42.121476
42.052391
42.039157
42.084439
42.048727
42.093768
42.083970
42.206512
42.147446
42.069622
42.162460
42.124767
42.139161
42.142739
42.138722
42.183561
42.148343
42.138102
42.088375
42.081591
42.048959
42.106508
42.099331
42.090774
42.095214
42.110938
42.119712
42.118578
42.114703
42.124762
42.114179
42.106075
42.110419
42.117601
42.074052
42.145783
42.099689
42.150853
42.127771
42.107647
42.093490
42.105258
42.074490
42.096424
42.089852
42.090739
42.080961
42.101529
42.084570
42.092225
42.104749
42.078482
42.089751
42.097462
42.117712
42.100188
42.093143
42.100264
42.106175
42.090986
42.143440
42.111941
42.092926
42.125432
42.097351
42.082025
42.120060
42.109507
42.096524
42.075317
42.104437
42.102350
42.153731
42.122363
42.138496
42.122555
42.136661
42.133662
42.125493
42.112269
42.113241
42.167026
42.130659
42.172585
42.118064
42.135326
42.179761
41.968842
42.216053
42.149250
42.227175
42.118533
42.101307
42.135058
42.106427
42.129384
42.120579
42.118896
42.137049
42.115071
42.137251
42.173930
42.152884
42.076103
42.120821
42.131218
42.102577
42.089292
42.079878
42.088970
42.085356
42.074596
42.091117
42.071638
42.124515
42.134000
42.120584
42.128542
42.148404
42.209939
42.114945
42.111452
42.116195
42.107209
42.120236
42.133839
42.150480
42.101771
42.118069
42.126299
42.151115
42.180507
42.147779
42.161064
42.160313
42.139146
42.115373
42.124717
42.162913
42.110646
42.163674
42.156387
42.124732
42.101408
42.114526
42.098041
42.101584
42.058177
42.086944
42.088592
42.104603
42.084767
42.058867
42.087881
42.075639
42.092790
42.062773
42.091656
42.088587
42.060520
42.111472
42.103373
42.096126
42.102849
42.105208
42.074062
42.172559
42.072742
42.064607
42.024697
42.046706
42.050476
42.024466
42.000018
42.002729
42.028009
42.037322
42.021870
42.057758
42.051978
42.032403
42.049901
42.040754
42.031592
42.022389
42.031864
42.013701
42.067974
42.052920
42.061750
42.042372
42.066371
42.044897
42.069400
42.070025
42.047255
42.049186
42.032847
42.032686
42.056574
42.054508
42.048092
42.042372
42.031728
42.037846
42.034243
42.023180
42.040986
42.040749
42.056191
