41.950250
41.928937
41.921160
41.956590
41.877123
41.932268
41.943320
41.946808
41.946883
41.936512
41.933195
41.915450
41.916569
41.927757
41.919059
41.927203
41.904317
41.976588
41.971548
41.961816
41.949242
41.938220
41.936673
41.933306
41.929249
41.879905
41.934218
41.937892
41.932838
41.934420
41.917653
41.943381
41.943376
41.938477
41.924975
41.906585
41.928443
41.925358
41.923050
41.929678
41.965662
41.954302
41.974078
41.924824
41.948869
41.928110
41.894026
41.932394
41.922864
41.932364
41.919583
41.858093
41.930267
41.920611
41.900129
41.915889
41.930670
41.875616
41.920939
41.905335
41.922385
41.932323
41.917496
41.911378
41.913137
41.932394
41.918620
41.921377
41.949640
41.937046
41.931356
41.926205
41.908047
41.858884
41.959548
41.914321
41.916740
41.908334
41.929587
41.931890
41.928982
41.944686
41.923857
41.919024
41.930197
41.924507
41.900719
41.927611
41.924754
41.910884
41.861691
41.916705
41.957119
41.909186
41.929274
41.903657
41.874527
41.920470
41.928352
41.940070
41.946405
41.911207
41.938427
41.916297
41.929098
41.922839
41.896027
41.928513
41.935156
41.933140
41.873242
41.925424
41.919553
41.927959
41.928312
41.853743
41.911988
41.917401
41.926034
41.953299
41.930958
41.908299
41.957890
41.928544
41.876090
41.924356
41.907684
41.922743
41.871090
41.932974
41.921417
41.917698
41.962537
41.946032
41.929602
41.930101
41.927606
41.902347
41.923952
41.913097
41.953521
41.950270
41.935342
41.909453
41.904529
41.867094
41.919079
41.920707
41.922446
41.955239
41.880827
41.856868
41.919850
41.890997
41.910179
41.914110
41.919437
41.924900
41.917053
41.913570
41.937761
41.910703
41.916191
41.931109
41.922254
41.898925
41.869740
41.916625
41.870052
41.927924
41.927541
41.950895
41.924683
41.896239
41.930625
41.879809
41.925364
41.958263
41.911464
41.945719
41.939752
41.915743
41.959730
41.905240
41.937257
41.914316
41.916196
41.919971
41.942998
41.905814
41.870395
41.928458
41.966014
41.917990
41.937802
41.890796
41.906711
41.960889
41.866937
41.923428
41.925323
41.928483
41.898164
41.911640
41.925999
41.905850
41.950315
41.905789
41.920913
41.955411
41.945714
41.878766
41.908642
41.922587
41.919018
41.920893
41.907281
41.927480
41.940836
41.925923
41.935438
41.952024
41.906147
41.959508
41.915234
41.918494
41.921039
41.920445
41.928775
41.864418
41.912185
41.914659
41.939062
41.891547
41.919492
41.916065
41.959589
41.920036
41.931058
41.938543
41.925323
41.939964
41.917239
41.925832
41.914211
41.880056
41.935413
41.951127
41.959694
41.893936
41.934062
41.870057
41.920092
41.865189
41.859821
41.918867
41.935851
41.942635
41.944278
41.934445
41.940876
41.963484
41.908798
41.901329
41.912169
41.904489
41.917990
41.915410
41.878191
41.909261
41.856782
41.875046
41.931789
41.861439
41.940080
41.911983
41.931225
41.925701
41.921972
41.925379
41.875540
41.945583
41.935942
41.905028
41.905628
41.924955
41.930459
41.913066
41.860673
41.964714
41.965843
41.963031
41.965223
41.910506
41.867628
41.905608
41.924451
41.915985
41.925857
41.921397
41.926981
41.941924
41.920631
41.854625
41.915954
41.872869
41.906772
41.904055
41.915143
41.924648
41.907810
41.944409
41.915944
41.932182
41.935025
41.898653
41.915743
41.917129
41.954105
41.927521
41.956691
41.880016
41.924426
41.873383
41.899807
41.943416
41.939792
41.940216
41.924487
41.924255
41.937267
41.924487
41.944610
41.928317
41.941511
41.941929
41.935176
41.939309
41.935383
41.922057
41.978447
41.948592
41.938432
41.881800
41.931436
41.930665
41.973539
41.925409
41.935625
41.891597
41.969991
41.945830
41.899605
41.899580
41.928760
41.940972
41.923217
41.944434
41.955098
41.883100
41.937968
41.937706
41.926286
41.862941
41.930691
41.947609
41.939031
41.929421
41.941400
41.941204
41.948431
41.938124
41.931774
41.925636
41.941098
41.915279
41.944893
41.945896
41.956882
41.964638
41.944243
41.975953
41.937388
41.876543
41.936380
41.926331
41.960269
41.925031
41.872073
41.921402
41.904983
41.975671
41.940715
41.965586
41.872355
41.930308
41.939047
41.914004
41.955476
41.947211
41.972778
41.935902
41.957643
41.887001
41.922073
41.969976
41.950502
41.869407
41.920535
41.946898
41.932404
41.945598
41.961529
41.914090
41.940634
41.944313
41.935458
41.940009
41.956000
41.972410
41.965717
41.884355
41.977933
41.929622
41.935957
41.920551
41.918923
41.891098
41.887439
41.949716
41.946536
41.944797
41.959810
41.890786
41.942640
41.950925
41.892111
41.960753
41.938084
41.937237
41.978498
41.943315
41.929395
41.936275
41.917960
41.879260
41.919830
41.876342
41.954141
41.924618
41.976321
41.950774
41.979334
41.885832
41.949580
41.932681
41.938119
41.960592
41.917118
41.938205
41.926170
41.942116
41.937630
41.933951
41.956288
41.935640
41.948642
41.872824
41.943895
41.915687
41.904222
41.929486
41.916478
41.934339
41.918142
41.924930
41.899378
41.944812
41.931270
41.943507
41.931845
41.943285
41.908042
41.933684
41.895402
41.933755
41.944797
41.948481
41.944575
41.935504
41.907760
41.932666
41.978730
41.965011
41.931794
41.940170
41.917975
41.887258
41.955718
41.940105
41.923640
