41.886396
41.915959
41.880379
41.906973
41.907724
41.911101
41.923655
41.899862
41.894122
41.903385
41.921594
41.912976
41.903052
41.899918
41.891416
41.892701
41.913026
41.896586
41.895725
41.911116
41.898456
41.913702
41.895004
41.894828
41.889999
41.910708
41.912129
41.913666
41.913707
41.908042
41.893845
41.886336
41.895463
41.896652
41.884693
41.926064
41.897005
41.909020
41.893779
41.913651
41.893558
41.901233
41.903446
41.890836
41.903637
41.888956
41.898008
41.918721
41.895977
41.897267
41.888563
41.891799
41.905149
41.879406
41.892439
41.874573
41.897877
41.908526
41.898683
41.900391
41.903370
41.898169
41.877743
41.876523
41.918111
41.908012
41.874154
41.902569
41.894913
41.908707
41.891577
41.898638
41.892373
41.876785
41.894162
41.888195
41.889541
41.888256
41.902186
41.904045
41.883251
41.908581
41.890282
41.867326
41.906777
41.908062
41.875097
41.888860
41.895115
41.891436
41.878957
41.900865
41.883705
41.887147
41.881618
41.899147
41.911025
41.896551
41.890876
41.909312
41.904040
41.887177
41.881467
41.905517
41.889632
41.891567
41.897489
41.889591
41.887580
41.902377
41.902795
41.890136
41.890100
41.875757
41.909690
41.895337
41.904479
41.893280
41.887202
41.908500
41.892162
41.896234
41.881286
41.873993
41.878615
41.888624
41.883811
41.887056
41.893941
41.882475
41.878655
41.888603
41.884723
41.883564
41.876805
41.880565
41.907518
41.886205
41.906379
41.880777
41.896057
41.877496
41.886678
41.888311
41.872481
41.889531
41.895266
41.893956
41.890922
41.897932
41.886895
41.887601
41.895432
41.902725
41.894943
41.884058
41.874341
41.901183
41.888362
41.875692
41.905986
41.900165
41.897272
41.889984
41.913797
41.872718
41.905532
41.880792
41.887590
41.889783
41.905673
41.894384
41.892131
41.873983
41.919366
41.895372
41.898108
41.888866
41.885484
41.890136
41.915601
41.868354
41.894379
41.889889
41.884189
41.892917
41.888482
41.878116
41.890655
41.888523
41.915153
41.890181
41.892585
41.882132
41.902790
41.867346
41.911938
41.878529
41.876851
41.903330
41.871161
41.875278
41.893573
41.888291
41.900099
41.901480
41.892388
41.902538
41.893175
41.881916
41.874457
41.895009
41.874477
41.889193
41.909886
41.887737
41.901289
41.889128
41.897942
41.873837
41.873323
41.887555
41.887953
41.899973
41.906283
41.896289
41.884526
41.889047
41.901556
41.886295
41.887540
41.892348
41.894485
41.877042
41.900109
41.903315
41.896652
41.894319
41.891053
41.887480
41.886391
41.866872
41.883720
41.883594
41.907064
41.912744
41.894273
41.888528
41.898093
41.886840
41.892036
41.893306
41.921130
41.918509
41.873751
41.897584
41.894238
41.880111
41.874931
41.863591
41.901672
41.873953
41.892917
41.904292
41.879441
41.901168
41.894349
41.890493
41.896037
41.881049
41.876347
41.885353
41.884919
41.881714
41.895538
41.891869
41.879905
41.877375
41.878161
41.877692
41.888780
41.884355
41.886633
41.884194
41.875767
41.898491
41.886683
41.892277
41.859247
41.901490
41.905184
41.895276
41.889349
41.871725
41.905603
41.888649
41.894898
41.887787
41.877269
41.900089
41.898577
41.894203
41.896889
41.906061
41.893235
41.895211
41.873897
41.904413
41.900099
41.900583
41.881165
41.889445
41.879486
41.895926
41.899091
41.886930
41.892605
41.890408
41.883362
41.896143
41.866282
41.884904
41.897670
41.898789
41.905794
41.907986
41.915203
41.899338
41.911655
41.909594
41.901147
41.906409
41.907750
41.914876
41.925676
41.917244
41.903733
41.907739
41.912346
41.899479
41.905411
41.912976
41.908102
41.913691
41.910481
41.894984
41.910990
41.891819
41.918005
41.893185
41.901949
41.907372
41.913011
41.920440
41.902911
41.904519
41.908445
41.900835
41.913424
41.893694
41.896712
41.900593
41.949877
41.886829
41.905910
41.904358
41.897725
41.913515
41.897226
41.893421
41.902271
41.907422
41.916035
41.938910
41.907392
41.912174
41.912935
41.903859
41.897363
41.909357
41.891733
41.895589
41.918746
41.913465
41.912714
41.916932
41.892020
41.877244
41.890619
41.898214
41.879391
41.911166
41.924426
41.924104
41.923962
41.920435
41.908405
41.906142
41.920672
41.890347
41.900941
41.914689
41.911796
41.904529
41.915365
41.914125
41.900835
41.892791
41.909776
41.925490
41.884002
41.911323
41.925474
41.906953
41.922259
41.923413
41.889969
41.908203
41.898199
41.906122
41.914583
41.923685
41.921700
41.909720
41.905467
41.909781
41.908652
41.917149
41.905986
41.886824
41.886371
41.907946
41.927677
41.899197
41.922108
41.913182
41.909972
41.903955
41.914750
41.899258
41.901364
41.917970
41.883680
41.917290
41.889117
41.927919
41.901994
41.885761
41.891184
41.897131
41.892036
41.894500
41.909881
41.899313
41.910411
41.902836
41.898582
41.902780
41.901903
41.879486
41.911922
41.918051
41.919820
41.916967
41.906827
41.911529
41.907044
41.911822
41.931819
41.921115
41.884345
41.898824
41.902831
41.900225
41.904564
41.905099
41.911524
41.919139
41.916670
41.917340
41.917365
41.915566
41.904872
41.910274
41.910602
41.911212
41.900845
41.871962
41.886719
41.895029
41.904398
41.924023
41.913303
41.909791
41.914956
41.905900
41.899812
41.906908
41.910028
41.911771
41.926366
41.912038
