41.907220
41.927052
41.918857
41.921110
41.891834
41.901667
41.907291
41.893961
41.908798
41.903229
41.899222
41.904529
41.897826
41.900926
41.903224
43.246792
46.253894
45.814617
45.930834
46.073162
46.191395
46.398913
46.507495
46.729653
46.810184
46.959154
47.072207
47.188867
47.278192
47.334890
47.435806
43.647358
43.649591
43.674266
43.558658
43.476938
43.354739
43.228593
43.145745
43.057004
42.961662
42.922684
42.840415
42.769646
42.692089
42.662954
42.603707
42.563772
42.528735
42.484148
42.431911
42.416847
42.352121
42.336785
42.284714
42.301356
42.273637
42.242043
42.227180
42.205222
42.177559
42.180250
42.164082
42.137437
42.107748
42.094529
42.107526
42.096539
42.080861
42.074788
42.070645
42.041193
42.049629
42.023014
42.011468
42.017148
42.023609
42.001998
42.007779
42.024264
41.991571
41.986551
41.969053
41.965777
41.956761
41.967617
41.963666
41.969094
41.962093
41.958349
41.948048
41.941612
41.932817
41.942282
41.943597
41.954826
41.932873
41.942075
41.941073
41.954544
41.935766
41.916962
41.921987
41.933644
41.910446
41.927712
41.937832
41.914846
41.913097
41.914074
41.892655
41.904111
41.914483
41.919240
41.917753
41.930943
41.908183
41.921019
41.919064
41.928463
41.916614
41.889233
41.905083
41.881790
41.898300
41.893915
41.908500
41.886955
41.890453
41.888830
41.898466
41.881074
41.889405
41.897524
41.930645
41.897095
41.902387
41.892343
41.897816
41.889390
41.893558
41.897050
41.875067
41.885428
41.895568
41.903239
41.907170
41.901218
41.905648
41.907508
41.908163
41.880802
41.883130
41.894238
41.905532
41.885816
41.888241
41.898789
41.912376
41.908218
41.900588
41.897025
41.911907
41.893865
41.897352
41.922823
41.890589
41.890942
41.919200
41.911842
41.898900
41.871907
41.871433
41.892464
41.894162
41.888326
41.908511
41.895296
41.891380
41.898234
41.909912
41.884914
41.894908
41.897262
41.897665
41.910647
41.887979
41.909755
41.877042
41.880323
41.871549
41.900155
41.880797
41.898119
41.897856
41.916967
41.903718
41.885559
41.868727
41.893804
41.872063
41.891773
41.904015
41.890292
41.899444
41.904146
41.876599
41.901107
41.894011
41.890695
41.888528
41.889899
41.884980
41.890917
41.903622
41.908359
41.901747
41.885005
41.884859
41.891441
41.888099
41.893794
41.878322
41.892877
41.897685
41.900371
41.908148
41.906439
41.889808
41.892988
41.897413
41.881644
41.911595
41.901117
41.895553
41.884713
41.881906
41.909997
41.887878
41.889364
41.910078
41.898053
41.902816
41.895069
41.901495
41.905033
41.884995
41.887928
41.908087
41.879345
41.896067
41.904237
41.888266
41.917774
41.899006
41.897151
41.887490
41.892701
41.890040
41.891673
41.892227
41.911807
41.891264
41.887172
41.902004
41.911010
41.895775
41.915042
41.894319
41.909876
41.891975
41.895427
41.908460
41.895543
41.889616
41.914392
41.909327
41.879552
41.897967
41.904595
41.879759
41.895553
41.912855
41.889400
41.907054
41.899086
41.895281
41.890372
41.884163
41.883690
41.891748
41.909655
41.905472
41.893366
41.907734
41.888523
41.891985
41.900699
41.895221
41.908238
41.894591
41.905134
41.901163
41.913444
41.904121
41.900412
41.900810
41.880691
41.891894
41.883110
41.894137
41.900875
41.901460
41.931497
41.908601
41.894283
41.893653
41.896047
41.896602
41.888785
41.887777
41.915617
41.901707
41.879970
41.903446
41.920470
41.913727
41.927329
41.908133
41.896884
41.886809
41.929511
41.919386
41.927561
41.922642
41.930277
41.919079
41.891567
41.912190
41.909962
41.918439
41.899207
41.915672
41.919931
41.914125
41.913933
41.901974
41.925313
41.915586
41.889687
41.922178
41.908707
41.918646
41.921004
41.901772
41.906364
41.905068
41.891290
41.919180
41.905013
41.921503
41.909634
41.919875
41.927732
41.925747
41.924230
41.901228
41.918666
41.899076
41.902397
41.914951
41.888674
41.920782
41.916100
41.891259
41.921564
41.920712
41.903022
41.897766
41.906606
41.920682
41.920616
41.927843
41.919674
41.907215
41.911555
41.900971
41.900659
41.904383
41.905572
41.912709
41.932122
41.918283
41.905230
41.925041
41.909524
41.892333
41.896536
41.909770
41.916499
41.915062
41.936043
41.935367
41.904091
41.913021
41.941108
41.891441
41.893558
41.924744
41.913450
41.912316
41.909760
41.909211
41.910320
41.920732
41.924975
41.911872
41.904257
41.895684
41.907583
41.921508
41.922985
41.912245
41.918257
41.915909
41.903420
41.903047
41.906359
41.902750
41.906374
41.925681
41.903950
41.925076
41.931613
41.921145
41.910758
41.912064
41.899585
41.910154
41.922143
41.900145
41.929683
41.922173
41.917370
41.907563
41.911292
41.898250
41.904968
41.918701
41.900160
41.919124
41.900946
41.888220
41.909377
41.911000
41.914211
41.895367
41.889022
41.898537
41.919437
41.913072
41.908329
41.894676
41.906454
41.923771
41.910204
41.890624
41.898552
41.928574
41.920581
41.900709
41.924844
41.894828
41.906323
41.907996
41.886285
41.888457
41.903264
41.932626
41.913349
41.927092
41.904539
41.902352
41.889082
41.880036
41.918983
41.895498
41.901888
41.901450
41.909503
41.918892
41.916801
41.915919
41.923166
41.898784
41.918308
41.897922
41.890675
41.903657
41.919129
41.918963
41.909009
