41.904872
41.884390
41.890468
41.907009
41.915017
41.913001
41.908873
41.913046
41.901213
41.913077
41.892837
41.905547
41.897307
41.902604
41.886572
41.907684
41.897221
41.897504
41.894298
41.910859
41.878327
41.883256
41.904685
41.886371
41.892353
41.920213
41.883019
41.910375
41.903194
41.907331
41.944202
41.898285
41.908450
41.876568
41.897690
41.921014
41.893003
41.911146
41.880913
41.892938
41.886305
41.885620
41.919034
41.886089
41.918429
41.902569
41.916302
41.911303
41.884179
41.881255
41.909050
41.881301
41.881472
41.860718
41.884763
41.903723
41.891915
41.892151
41.909745
41.899444
41.894676
41.882203
41.872249
41.885630
41.879093
41.882505
41.886719
41.890977
41.896597
41.880197
41.885726
41.896304
41.889934
41.893648
41.890146
41.894702
41.881472
41.900538
41.882657
41.880913
41.873620
41.891194
41.869609
41.900361
41.899373
41.884143
41.882873
41.887429
41.889848
41.891300
41.892343
41.889062
41.882717
41.882641
41.894147
41.890937
41.889974
41.893255
41.885328
41.893215
41.881603
41.894268
41.873766
41.896622
41.906983
41.905255
41.902574
41.895866
41.897806
41.894636
41.916635
41.889697
41.898557
41.902518
41.888997
41.886577
41.894485
41.889405
41.883629
41.879471
41.902916
41.880237
41.900019
41.885413
41.901026
41.884945
41.890206
41.872516
41.900492
41.890564
41.880953
41.887505
41.904428
41.904247
41.883644
41.892212
41.906968
41.913072
41.872859
41.900447
41.882238
41.897428
41.909700
41.902463
41.903647
41.881633
41.887847
41.908505
41.896410
41.880076
41.893099
41.888215
41.906666
41.909765
41.886351
41.897005
41.896178
41.911635
41.889727
41.889894
41.925560
41.878050
41.866539
41.903083
41.901777
41.899792
41.891678
41.900543
41.904801
41.892645
41.868827
41.889385
41.915979
41.893109
41.887192
41.909937
41.892721
41.873353
41.898461
41.871241
41.880923
41.892721
41.887752
41.889435
41.879250
41.887283
41.876503
41.895654
41.874437
41.873771
41.891768
41.894913
41.899323
41.911363
41.908773
41.904060
41.905900
41.903234
41.903133
41.886119
41.876009
41.895861
41.894848
41.881286
41.890347
41.897715
41.890453
41.899409
41.900437
41.877541
41.901727
41.876674
41.889793
41.892781
41.884864
41.891894
41.892625
41.896506
41.871075
41.897166
41.909231
41.883155
41.887364
41.906202
41.907321
41.875389
41.916357
41.895377
41.896843
41.876573
41.896450
41.897100
41.902836
41.889117
41.903183
41.908319
41.903068
41.899051
41.893784
41.889894
41.898245
41.894142
41.890448
41.909236
41.892600
41.904227
41.899177
41.876815
41.865960
41.872758
41.887333
41.893149
41.887273
41.905844
41.898008
41.903733
41.892177
41.888059
41.902533
41.884778
41.883160
41.902382
41.894802
41.894339
41.905688
41.895105
41.879093
41.902841
41.882898
41.886693
41.887515
41.896652
41.890614
41.896274
41.900764
41.890025
41.882601
41.911948
41.897307
41.889838
41.885665
41.893895
41.892187
41.914105
41.920636
41.871428
41.888215
41.909453
41.890917
41.889899
41.893552
41.889753
41.904252
41.888387
41.912865
41.909241
41.891572
41.892106
41.899898
41.905522
41.887590
42.299360
42.034258
42.041510
42.056871
42.018745
42.030720
42.059774
42.030196
42.025388
42.029339
42.032030
42.049357
42.038058
42.027928
42.011317
42.023327
42.022520
42.012249
42.053475
42.007270
42.044448
42.027484
42.019471
42.027600
42.021563
42.027560
42.041344
42.014588
42.006590
42.014638
42.009714
42.033779
42.021437
42.018695
42.037897
42.015646
42.018292
42.016468
42.020142
42.010858
42.010465
42.030710
42.016815
42.010727
42.010722
42.019139
42.006252
42.001545
42.005314
42.014477
42.010823
42.026759
42.018035
42.015646
42.031194
42.016125
41.998722
41.977097
42.015061
42.009860
42.017828
42.015399
42.023856
42.021905
41.998702
42.013907
42.011418
42.002003
42.028099
42.009387
42.016508
42.025161
42.035493
42.013882
41.990432
41.998783
41.993537
41.991707
42.002265
42.018937
42.023871
42.008298
42.006600
42.013111
41.993950
41.993108
42.000058
42.016508
42.004387
42.006786
42.023402
42.019234
42.013570
42.016835
41.998465
41.995008
42.002195
41.993789
42.004780
42.009009
42.031421
41.993108
42.008994
42.017208
42.021275
42.001142
42.003913
41.997276
41.990427
42.003359
42.000673
42.025237
41.996611
42.002094
41.974592
41.979082
42.019496
42.020570
41.998415
42.014124
42.015817
42.009649
42.006579
42.009467
42.018075
42.008338
41.736967
41.902352
41.897751
41.909403
41.919553
41.915743
41.899111
41.892958
41.896455
41.903970
41.917612
41.914437
41.910360
41.911882
41.913696
41.915843
41.914614
41.905426
41.894460
41.898557
41.889934
41.902589
41.908062
41.927505
41.902836
41.903874
41.900381
41.902226
41.916055
41.891098
41.876160
41.896143
41.909337
41.905719
41.888991
41.900412
41.886703
41.888755
41.919129
41.913969
41.889803
41.893583
41.923600
41.900462
41.900452
41.899434
41.903370
41.898990
41.899449
41.902060
41.906288
41.895276
41.894122
41.887858
41.903456
41.919160
41.898617
41.882974
41.907901
41.897776
41.896823
41.927233
41.905225
41.915692
41.916554
41.916221
41.928947
41.906182
41.888734
41.898718
41.902130
41.916756
41.900407
41.906933
41.900835
