41.927480
41.917330
41.908909
41.906258
41.919714
41.930217
41.898950
41.919457
41.905401
41.913999
41.907780
41.927117
41.924552
41.906706
41.899721
41.937237
41.910179
41.910637
41.919653
41.920702
41.917280
41.935458
41.892897
41.930494
41.914019
41.915057
41.918399
41.892791
41.912351
41.917204
41.922566
41.911938
41.902271
41.917809
41.913450
41.893099
41.907896
41.920399
41.901782
41.914921
41.907230
41.901440
41.907855
41.885050
41.903879
41.894500
41.918751
41.933100
41.881255
41.916373
41.910179
41.892958
41.892449
41.907810
41.900276
41.887656
41.914785
41.907558
41.878247
41.893059
41.906686
41.900069
41.900845
41.909912
41.893865
41.891849
41.914805
41.919900
41.901782
41.889012
41.885660
41.904640
41.899414
41.902110
41.903516
41.891108
41.908576
41.899479
41.897650
41.897993
41.940377
41.885771
41.900114
41.893013
41.897473
41.918701
41.907291
41.907241
41.901682
41.909025
41.907049
41.921730
41.889047
41.894429
41.894893
41.914966
41.895155
41.908883
41.891612
41.891083
41.905235
41.899807
41.906696
41.928513
41.901929
41.897075
41.900129
41.909710
41.931235
41.901415
41.895770
41.882732
41.898270
41.918590
41.904237
41.921871
41.877294
41.912976
41.891521
41.902649
41.884899
41.889581
41.903350
41.861903
41.888503
41.890670
41.889521
41.898955
41.904045
41.903370
41.897504
41.888180
41.960491
41.886522
41.914926
41.894172
41.909166
41.870490
41.910421
41.890675
41.902468
41.891471
41.905562
41.900563
41.912845
41.920641
41.926981
41.918051
41.901969
41.911580
41.906419
41.911670
41.889818
41.907120
41.912331
41.907064
41.917139
41.905300
41.901692
41.892262
41.891920
41.896869
41.884914
41.914916
41.896153
41.907760
41.915087
41.912809
41.899656
41.894157
41.898224
41.892665
41.890725
41.905582
41.899867
41.902770
41.903118
41.916342
41.908279
41.896113
41.907145
41.899893
41.905245
41.913802
41.915722
41.891960
41.904549
41.908112
41.902034
41.914972
41.902896
41.900517
41.898935
41.881210
41.898446
41.899121
41.900412
41.912033
41.885932
41.896400
41.901198
41.882415
41.898411
41.915571
41.901596
41.902861
41.901707
41.894943
41.928851
41.899661
41.905209
41.888689
41.896894
41.912820
41.897070
41.919669
41.923227
41.885953
41.910330
41.896541
41.919447
41.904005
41.810069
41.877340
41.907079
41.920833
41.911237
41.892247
41.882591
41.900109
41.918560
41.898703
41.909962
41.907261
41.889526
41.910844
41.908868
41.892731
41.895221
41.899358
41.890584
41.909614
41.902347
41.911993
41.920309
41.903607
41.906999
41.910909
41.905341
41.893552
41.890826
41.894011
41.907462
41.920571
41.901737
41.905159
41.908526
41.871645
41.915899
41.925555
41.888049
41.918509
41.916796
41.911010
41.930449
41.915753
41.902271
41.888442
41.916987
41.914573
41.904595
41.900286
41.945931
41.924723
41.909342
41.946188
41.923176
41.913384
41.905275
41.892494
41.896813
41.896707
41.893230
41.886824
41.899792
41.910602
41.901243
41.894807
41.880384
41.895543
41.895553
41.897539
41.929264
41.905885
41.901026
41.887046
41.904423
41.896355
41.882183
41.879371
41.933896
41.933745
41.893794
41.912240
41.906439
41.904207
41.908586
41.914362
41.871932
41.887333
41.892333
41.884456
41.913102
41.909735
41.906404
41.895825
41.888891
41.877032
41.871599
41.882455
41.894863
41.890554
41.911076
41.887278
41.933583
41.904479
41.916700
41.906449
41.912452
41.889339
41.910809
41.905033
41.913676
41.926664
41.909997
41.928811
41.911827
41.921241
41.935816
41.913485
41.903768
41.921866
41.925827
41.907664
41.923559
41.924114
41.896531
41.909065
41.905048
41.912351
41.917572
41.953944
41.919064
41.921821
41.913263
41.920999
41.935383
41.914770
41.908097
41.909085
41.910400
41.935619
41.941965
41.911560
41.938250
41.926805
41.911136
41.900452
41.909352
41.925036
41.934274
41.924436
41.914578
41.933790
41.920722
41.923811
41.929365
41.929748
41.899736
41.917441
41.928090
41.918192
41.940402
41.930217
41.924507
41.919628
41.917139
41.912880
41.920682
41.907099
41.903456
41.916075
41.922309
41.903486
41.921685
41.919921
41.923388
41.903430
41.916312
41.918938
41.915077
41.908213
41.915042
41.908652
41.910899
41.926875
41.926598
41.927253
41.898854
41.923025
41.927526
41.911408
41.917879
41.899207
41.924834
41.907457
41.905275
41.904700
41.913515
41.911141
41.904726
41.936582
41.901787
41.902821
41.891703
41.894465
41.906701
41.911519
41.919311
41.920878
41.914427
41.912457
41.923645
41.923232
41.912477
41.923635
41.916458
41.907981
41.902972
41.903687
41.922052
41.919351
41.909085
41.922798
41.909770
41.910350
41.923705
41.912059
41.922642
41.899247
41.918283
41.900976
41.931900
41.931310
41.921906
41.934022
41.912169
41.897393
41.907044
41.899101
41.911650
41.922098
41.911998
41.905789
41.906747
41.894384
41.901853
41.904207
41.909811
41.927374
41.914856
41.931739
41.906817
41.919900
41.909922
41.897907
41.887601
41.905320
41.919588
41.928483
41.915067
41.898239
41.913581
41.906666
41.910783
41.925177
41.902150
41.901495
41.915355
41.914548
41.963449
41.941042
41.938674
41.899217
41.908536
41.908752
41.897746
41.901823
41.919522
41.922309
41.931638
41.907039
