41.892655
41.914382
41.899242
41.928806
41.933518
41.925182
41.897478
41.928014
41.908158
41.916620
41.903083
41.896077
41.899777
41.888800
41.907891
41.937086
41.900311
41.908788
41.902438
41.918918
41.901001
41.909760
41.913752
41.893668
41.900432
41.914478
41.926850
41.907755
41.926240
41.913142
41.904287
41.910295
41.897478
41.916121
41.927561
41.904489
41.905436
41.904322
41.927747
41.895170
41.915143
41.908999
41.904005
41.899348
41.878972
41.930262
41.908999
41.868898
41.882405
41.897725
41.891239
41.877067
41.890050
41.901873
41.888997
41.906898
41.862714
41.889919
41.889490
41.889082
41.888200
41.873701
41.897977
41.886205
41.891935
41.910204
41.887913
41.902574
41.884441
41.892847
41.864957
41.928105
41.898184
41.888936
41.896823
41.891723
41.880106
41.874371
41.893910
41.905749
41.874139
41.876654
41.891179
41.905976
41.909226
41.884839
41.905189
41.892736
41.893371
41.885262
41.878615
41.897085
41.900034
41.888210
41.875203
41.923368
41.905729
41.891285
41.885519
41.879360
41.890695
41.879376
41.897352
41.916090
41.897484
41.910950
41.901450
41.873434
41.891703
41.892267
41.869745
41.885050
41.899877
41.897529
41.886527
41.890231
41.909730
41.879441
41.894601
41.896622
41.895584
41.916992
41.912104
41.908919
41.915299
41.906968
41.891496
41.883327
41.899247
41.889223
41.890236
41.894298
41.899409
41.919659
41.894616
41.900966
41.860421
41.891516
41.876125
41.902846
41.888417
41.894772
41.892580
41.905436
41.918036
41.890408
41.902795
41.877304
41.902155
41.882752
41.925575
41.915838
41.886084
41.891264
41.888377
41.902760
41.906585
41.883992
41.888472
41.900034
41.907150
41.889319
41.882369
41.898411
41.903027
41.903103
41.894656
41.897408
41.896455
41.894621
41.879980
41.903592
41.898764
41.909372
41.899459
41.897106
41.910743
41.879799
41.870168
41.866509
41.899928
41.907608
41.896148
41.898643
41.903340
41.895790
41.884773
41.887873
41.879063
41.902654
41.902856
41.879431
41.875208
41.891632
41.898930
41.899686
41.879320
41.900452
41.895715
41.888079
41.889788
41.910033
41.884053
41.899691
41.889123
41.902896
41.897252
41.909770
41.899258
41.912497
41.902453
41.909957
41.899217
41.902680
41.903340
41.882268
41.884083
41.919432
41.910259
41.903128
41.899106
41.891537
41.905456
41.912401
41.902790
41.897715
41.901954
41.877108
41.895856
41.889390
41.950668
41.913737
41.883564
41.895085
41.900255
41.896874
41.875938
41.893361
41.913651
41.899419
41.885423
41.918600
41.906389
41.926361
41.903461
41.882722
41.900472
41.901566
41.880938
41.889163
41.899923
41.893497
41.891753
41.906686
41.882294
41.894399
41.908813
41.908259
41.899933
41.885857
41.887837
41.904998
41.895977
41.889763
41.891965
41.903864
41.896526
41.910007
41.878766
41.890216
41.894999
41.889742
41.914261
41.884103
41.906041
41.913888
41.890846
41.886336
41.877778
41.906233
41.916176
41.912129
41.914840
41.880782
41.897302
41.898315
41.879935
41.932772
41.898678
41.867179
41.886477
41.880656
41.908642
41.901102
41.903970
41.881729
41.898260
41.881825
41.873756
41.871403
41.924174
41.906616
41.902725
41.884995
41.876810
41.901198
41.888014
41.910547
41.880293
41.890438
41.900195
41.889506
41.888936
41.894434
41.891154
41.894505
41.889390
41.874820
41.912618
41.889107
41.887732
41.887994
41.880429
41.914342
41.892227
41.906424
41.898567
41.921513
41.902518
41.908395
41.887984
41.927364
41.910673
41.903561
41.894167
41.886179
41.906918
41.912704
41.889259
41.907235
41.898733
41.911575
41.923892
41.912583
41.885307
41.902962
41.884425
41.881467
41.903627
41.905426
41.895090
41.904726
41.916740
41.907865
41.893416
41.896460
41.909070
41.911499
41.904947
41.898134
41.917456
41.903682
41.902533
41.903894
41.897851
41.920923
41.912139
41.905754
41.900679
41.896203
41.900684
41.904237
41.911282
41.896909
41.889440
41.908823
41.891275
41.877440
41.924648
41.911514
41.905804
41.878468
41.911041
41.891960
41.913863
41.881633
41.896692
41.900900
41.915259
41.908803
41.897297
41.918308
41.899061
41.934435
41.890942
41.894762
41.891002
41.908551
41.923302
41.909554
41.899898
41.886658
41.909786
41.910501
41.881845
41.906580
41.879315
41.922793
41.916231
41.914906
41.900281
41.918630
41.910975
41.894369
41.901929
41.908289
41.891199
41.898880
41.910980
41.914392
41.911625
41.894777
41.914095
41.885333
41.908450
41.879310
41.888140
41.915551
41.878282
41.928569
41.916982
41.923781
41.906011
41.897186
41.900391
41.903743
41.891159
41.879189
41.922345
41.915707
41.909418
41.913565
41.883533
41.904277
41.915581
41.895432
41.927828
41.884546
41.900245
41.903572
41.895337
41.903093
41.910632
41.884904
41.894278
41.897514
41.913787
41.904398
41.925429
41.897564
41.915229
42.814571
41.906545
41.897700
41.899887
41.896460
41.892030
41.916861
41.928080
41.911968
41.925565
41.896521
41.879804
41.908919
41.914221
41.909211
41.900477
41.890629
41.919467
41.911711
41.909846
41.881119
41.901047
41.906197
41.891698
41.889954
41.894031
41.896738
41.907528
41.897216
41.893447
41.904549
41.900351
41.889541
41.910597
41.884980
41.892539
41.911988
41.912053
41.879915
41.900689
