41.921700
41.930383
41.930020
41.934067
41.923942
41.911771
41.939913
41.940916
41.950714
41.942433
41.922466
41.934612
41.930660
41.911081
41.917799
41.908904
41.932167
41.928277
41.927541
41.915193
41.941435
41.922057
41.944253
41.941506
41.913933
41.932666
41.935549
41.942771
41.922677
41.916524
41.920077
41.921196
41.903410
41.929552
41.941098
41.905502
41.911313
41.921619
41.952604
41.909670
41.929632
41.929884
41.926654
41.905431
41.904317
41.938986
41.913702
41.931562
41.876458
41.900422
41.908783
41.924577
41.900699
41.902382
41.899484
41.892640
41.903995
41.914331
41.919381
41.918766
41.929038
41.909685
41.919633
41.900366
41.892509
41.887878
41.893235
41.911166
41.917890
41.909569
41.893043
41.885403
41.910335
41.879043
41.900966
41.901631
41.901077
41.892983
41.902604
41.914180
41.895836
41.925898
41.897075
41.893089
41.909095
41.896229
41.883438
41.917370
41.911650
41.910421
41.920661
41.917592
41.881633
41.886915
41.899832
41.910814
41.914115
41.907115
41.929375
41.919039
41.889621
41.915526
41.903340
41.905119
41.877486
41.881054
41.903244
41.879567
41.905789
41.906399
41.912946
41.896556
41.909488
41.893301
41.905824
41.876946
41.907493
41.885403
41.906348
41.889435
41.903294
41.903551
41.890050
41.909619
41.897201
41.908974
41.888719
41.879285
41.916473
41.904554
41.889188
41.896042
41.883760
41.900351
41.893391
41.910542
41.891708
41.902851
41.911539
41.911393
41.903441
41.944621
41.922728
41.886245
41.893366
41.899540
41.903768
41.912502
41.891063
41.924194
41.924603
41.899006
41.908505
41.895800
41.899036
41.914216
41.899187
41.912225
41.910254
41.915193
41.911807
41.914251
41.902050
41.902644
41.885126
41.905477
41.909166
41.874679
41.900326
41.899439
41.914911
41.908238
41.904343
41.896828
41.892277
41.889586
41.919200
41.929678
41.904559
41.906268
41.914936
41.907644
41.902659
41.902075
41.892529
41.890675
41.912557
41.894550
41.905376
41.919643
41.887590
41.895231
41.903955
41.899570
41.918378
41.890312
41.906525
41.909735
41.913177
41.920425
41.891068
41.899777
41.923000
41.904312
41.909075
41.894228
41.918414
41.885811
41.904438
41.898930
41.912815
41.930867
41.888886
41.904721
41.879013
41.864458
41.896959
41.906852
41.902176
41.902145
41.892459
41.902438
41.887515
41.887575
41.891627
41.895699
41.892771
41.882420
41.901042
41.897262
41.894666
41.898698
41.903960
41.891597
41.890443
41.887691
41.901702
41.894490
41.922017
41.897025
41.936229
41.889531
41.906404
41.911827
41.897695
41.889768
41.898179
41.898260
41.916363
41.906474
41.921407
41.898144
41.907634
41.893568
41.887490
41.893255
41.897226
41.892797
41.905593
41.892857
41.910058
41.898124
41.902332
41.895367
41.902367
41.898209
41.879083
41.905421
41.904247
41.892373
41.904539
41.913465
41.890120
41.896037
41.906273
41.919895
41.914594
41.894419
41.914876
41.927017
41.895841
41.900936
41.921201
41.907205
41.889173
41.908586
41.893527
41.918378
41.904826
41.892847
41.900240
41.910904
41.896087
41.888704
41.888634
41.877592
41.908873
41.890700
41.906026
41.909735
41.898431
41.887893
41.901026
41.895528
41.898809
41.900134
41.908279
41.892081
41.906308
41.894475
41.885494
41.893260
41.913938
41.906167
41.890231
41.900991
41.899278
41.912437
41.913908
41.905013
41.884133
41.903965
41.905834
41.896002
41.891814
41.907553
41.913349
41.915823
41.903788
41.910582
41.896082
41.895780
41.904564
41.932550
41.913671
41.922577
41.936834
41.924572
41.926140
41.911640
41.942378
41.912210
41.922486
41.921291
41.906908
41.941803
41.919900
41.924749
41.948783
41.941954
41.939571
41.926578
41.909604
41.946339
41.908153
41.904070
41.924366
41.920309
41.934924
41.932288
41.931830
41.909423
41.942373
41.892343
41.908339
41.956086
41.894717
41.926543
41.936154
41.918202
41.921725
41.930973
41.914175
41.925217
41.916191
41.914654
41.928468
41.906343
41.904101
41.921816
41.941264
41.923887
41.925212
41.927616
41.917512
41.918923
41.913198
41.923101
41.935473
41.919099
41.938023
41.911318
41.936471
41.904574
41.919240
41.929879
41.904081
41.927430
41.926739
41.920898
41.913480
41.928735
41.913006
41.924633
41.909347
41.901828
41.926654
41.907765
41.927899
41.928660
41.943068
41.914493
41.929935
41.921659
41.922440
41.926508
41.939550
41.919633
41.911494
41.931598
41.913752
41.941204
41.917698
41.934546
41.930806
41.924683
41.898673
41.912507
41.902130
41.924119
41.919623
41.915350
41.919800
41.900281
41.912230
41.913273
41.942443
41.920813
41.930499
41.913500
41.935887
41.931945
41.916776
41.882692
41.924819
41.912139
41.919200
41.922944
41.919165
41.931835
41.923635
41.910184
41.913036
41.915778
41.923267
41.932323
41.909120
41.910103
41.922627
41.919699
41.913500
41.915239
41.901470
41.902942
41.902614
41.923443
41.929340
41.905633
41.919553
41.910053
41.917250
41.913772
41.906565
41.908894
41.908082
41.926518
41.924094
41.917451
41.910562
41.931608
41.923665
41.937313
41.901334
41.912361
41.906212
41.936164
41.901052
41.924723
41.924718
41.920974
41.917280
41.912920
41.927521
41.907054
41.904474
41.930156
41.906535
41.898239
41.915833
41.922703
41.937681
41.910476
