41.851102
41.859116
41.840065
41.932832
42.000149
41.853023
41.874391
42.019345
41.861202
41.868041
41.857569
41.939702
41.943250
41.988537
41.917250
41.943567
41.919820
41.949912
42.017198
41.854933
41.904433
41.830298
41.858813
41.840564
41.829789
41.948652
41.833050
41.845478
41.932233
42.020792
41.989343
41.911726
41.991274
41.950497
41.940755
41.834829
41.843029
41.926583
42.012436
41.820340
42.018776
41.934591
41.852352
41.998612
41.858718
41.936451
41.859690
41.917854
41.811571
41.824064
41.849192
41.978659
41.936234
41.975136
41.925600
41.910738
41.957890
41.919376
41.916715
41.985644
41.914629
41.979652
41.940327
41.966327
41.799949
41.824482
41.976457
41.974461
41.898426
41.892958
41.848441
41.829991
41.974970
41.920077
41.970041
41.912013
41.836391
41.998012
41.926094
41.916559
41.843583
41.916635
41.941592
41.907981
41.927969
41.830001
41.968449
41.991203
41.830626
41.913051
41.911328
41.957537
41.819206
41.821267
41.954403
41.943376
41.833781
41.852282
41.886744
41.919250
41.960627
41.888946
41.821509
41.935136
41.858849
41.987771
41.937071
41.929839
41.861505
41.910053
41.912376
41.939399
41.998677
41.925212
41.837450
41.990251
41.985397
41.922224
41.841351
42.001610
41.900699
41.905618
41.910819
41.889974
41.938235
41.934612
41.926946
41.809207
41.883629
41.847131
41.914513
41.897045
41.990266
41.844929
41.992176
41.914891
41.992791
41.932167
41.934843
41.955184
41.836951
41.920168
41.981340
41.945014
41.986592
41.942242
41.920641
41.942332
41.895825
41.802731
41.935065
41.866313
41.827683
41.952352
41.982358
41.854509
41.927138
41.850931
41.915435
41.964437
41.907487
41.813042
41.907613
41.830701
41.935070
41.904448
41.923579
41.980841
41.933548
41.898290
41.835000
41.915687
42.017818
41.924109
41.946924
41.976235
41.933341
41.886890
41.892177
41.820239
41.978715
41.831200
41.830329
41.936849
41.915753
41.909967
41.912245
41.972621
41.984677
41.933553
41.926482
41.992660
41.857846
41.842021
41.909156
41.919905
41.915869
41.921533
41.986410
41.927390
41.902564
41.915440
41.923952
41.814872
41.910108
41.832022
41.896712
41.977888
41.922425
41.821307
41.901117
41.933079
41.916861
41.887782
41.990382
41.919704
41.990477
41.904479
41.940831
41.926870
41.835131
41.850845
41.903249
41.925117
41.921427
41.981255
41.806410
41.911177
41.915526
41.924754
41.929753
41.981315
41.828605
41.995396
41.923821
41.838785
41.824790
41.937439
41.920077
41.911393
41.914064
41.826735
41.840665
41.991526
41.935725
41.940810
41.998284
41.995492
41.927364
41.892489
41.979521
41.929975
41.925500
41.824634
41.991702
41.948214
41.917033
41.839990
41.928070
41.911555
41.897872
41.988945
41.970737
41.989253
41.816721
41.993083
41.855018
41.977848
41.991475
41.973428
41.887979
41.951621
41.913943
41.924038
41.906026
41.913908
41.817800
41.895790
41.974703
41.846360
41.935443
41.908309
41.958288
42.011665
41.830782
41.928982
41.909282
41.914447
41.911237
41.907991
41.919084
41.904262
41.943708
41.973876
41.895931
42.021875
41.980645
41.995311
41.982132
41.944389
41.967234
41.826035
42.007945
41.987801
42.005919
41.912699
41.841310
41.948849
41.915133
41.927309
41.939445
41.912094
41.934763
41.994756
41.927032
41.989782
41.916877
41.851914
41.916211
41.974950
41.803779
41.914518
41.954897
41.826735
41.932157
41.929169
41.925994
41.814685
41.937766
41.993446
41.938028
42.006932
42.028936
41.941269
41.950744
41.923877
41.957149
41.951711
41.923010
42.003163
41.938134
41.917617
41.967224
41.976840
41.905668
41.822713
41.930197
41.942937
41.922400
41.847686
41.948723
41.963691
41.937761
41.915284
41.992236
41.921780
41.944177
41.969567
42.011115
42.024385
42.017208
41.957447
41.945739
42.039620
42.007789
41.957961
41.931245
41.917834
41.969971
41.932802
41.883317
41.941798
42.000290
41.949454
41.942257
41.921659
41.953299
41.933024
42.024007
42.028276
41.873232
41.838624
41.970137
41.866464
42.013282
41.946057
41.834189
41.810230
41.989127
41.939561
41.851536
41.882258
41.978679
41.911277
41.912159
41.934738
41.807881
41.842570
41.949050
41.923620
41.962572
41.957926
41.961403
41.918011
41.856949
41.842575
41.997493
41.845665
41.943920
41.907568
41.914256
41.916811
42.023211
41.939243
41.993637
41.913636
41.904983
41.906792
41.904272
41.937288
41.916277
41.943250
41.850190
41.919064
41.918494
41.932046
41.948567
41.900124
41.908037
42.001509
41.940256
41.933347
41.910647
41.995139
41.936910
41.909448
41.935720
41.931623
41.937681
41.926094
42.010314
41.960224
41.926780
41.933054
41.928408
41.922692
41.832254
41.946309
41.933336
41.850115
41.933669
41.851395
42.002694
41.921644
41.901435
41.922007
42.018005
41.931588
41.806143
41.904544
41.836215
41.973907
41.940720
41.902654
41.919548
41.916740
41.951732
41.939777
41.828126
41.989918
41.850261
42.021684
41.926427
41.940962
41.826408
41.944787
41.818309
41.833746
41.853849
41.852282
41.952805
41.897710
41.997009
41.905134
42.008701
41.854560
41.811727
41.850084
42.017959
42.013852
41.996061
41.945860
41.960093
41.913757
41.850825
41.840453
41.855709
41.929229
41.939913
41.916982
42.020444
