41.982530
41.929416
41.954786
41.924396
41.968484
41.925988
41.963021
41.919573
41.924819
41.942237
41.938744
41.939324
41.905250
41.907886
41.926886
41.948506
41.932031
41.943814
41.968993
41.932444
41.949640
41.911469
41.862578
41.936794
41.929078
41.887187
41.930781
41.949867
41.935226
41.918111
41.951958
41.933563
41.923499
41.928796
41.943371
41.899469
41.949207
41.878680
41.940528
41.944958
41.921831
41.959160
41.930948
41.930665
41.887752
41.938709
41.936920
41.943008
41.973771
41.911444
41.969462
41.926089
41.920515
41.916161
41.965737
41.923620
41.918162
41.926785
41.925419
41.870450
41.920137
41.928937
41.936809
41.919820
41.919749
41.916740
41.876049
41.945376
41.955053
41.917436
41.872718
41.922949
41.907906
41.908677
41.884814
41.912794
41.932152
41.903738
41.920349
41.914594
41.917527
41.935650
41.904590
41.905401
41.924134
41.915823
41.916710
41.930509
41.935388
41.930182
41.919840
41.896904
41.924870
41.969724
41.929768
41.904539
41.946909
41.858541
41.914624
41.922229
41.919538
41.912628
41.870511
41.946994
41.905230
41.950754
41.913006
41.935619
41.924834
41.883372
41.949282
41.881890
41.920470
41.895846
41.908642
41.920077
41.878025
41.865224
41.952528
41.939888
41.924643
41.904912
41.908238
41.959750
41.902130
41.916005
41.921150
41.882838
41.956696
41.913203
41.923872
41.885942
41.947312
41.908400
41.935146
41.927843
41.955058
41.937519
41.930348
41.936134
41.909055
41.849661
41.935257
41.896380
41.883045
41.864221
41.942191
41.919956
41.916105
41.878075
41.921790
41.903950
41.915546
41.935584
41.948466
41.923806
41.926371
41.942640
41.942700
41.913591
41.960541
41.899378
41.908324
41.920913
41.912023
41.952155
41.917567
41.920782
41.913329
41.922854
41.926558
41.922289
41.888619
41.869689
41.916357
41.914115
41.918252
41.901001
41.886623
41.936426
41.913500
41.913213
41.942141
41.946652
41.927163
41.918308
41.956398
41.934163
41.912401
41.915556
41.923842
41.944424
41.895211
41.923741
41.940896
41.931951
41.899187
41.934697
41.910345
41.892398
41.935730
41.908934
41.871307
41.853829
41.919124
41.910007
41.915894
41.904580
41.924920
41.906112
41.924471
41.908944
41.920228
41.909821
41.930257
41.915818
41.872900
41.941375
41.928014
41.934596
41.916660
41.907729
41.968212
41.911953
41.923655
41.906182
41.922788
41.937681
41.928937
41.937010
41.913676
41.914694
41.910017
41.907241
41.952100
41.902695
41.932444
41.905104
41.923307
41.926422
41.887359
41.917718
41.928362
41.904529
41.929239
41.931522
41.904554
41.920969
41.937913
41.930630
41.932399
41.922325
41.896813
41.920374
41.887515
41.929335
41.936416
41.928125
41.932384
41.906923
41.922738
41.916614
41.865214
41.918903
41.914291
41.904433
41.962441
41.869684
41.917980
41.984505
41.925580
41.916559
41.929919
41.914069
41.857407
41.909569
41.915168
41.958939
41.965450
41.963333
41.947755
41.919109
41.928876
41.946173
41.942408
41.962245
41.911338
41.896541
41.935791
41.907044
41.912870
41.923998
41.908964
41.915985
41.914362
41.949030
41.934904
41.919638
41.920929
41.924386
41.919860
41.914946
41.920455
41.924592
41.946389
41.943320
41.920737
41.868223
41.926659
41.927505
41.903693
41.875656
41.911882
41.917799
41.968665
41.967229
41.955199
41.926125
41.929375
41.919618
41.850548
41.964064
41.938633
41.927773
41.916206
41.978916
41.946596
41.879859
41.974345
41.897070
41.942741
41.973725
41.885736
41.936335
41.936008
41.907936
41.910093
41.956343
41.928896
41.940362
41.932787
41.924149
41.932223
41.857135
41.884995
41.944550
41.941597
41.936774
41.968847
41.925999
41.931497
41.920964
41.953425
41.945906
41.932182
41.935912
41.930590
41.918777
41.933583
41.921821
41.932253
41.926291
41.961947
41.946299
41.931996
41.941153
41.922350
41.941773
41.933599
41.973352
41.935544
41.880651
41.942529
41.925328
41.944202
41.917577
41.948516
41.943527
41.937857
41.941919
41.884612
41.930434
41.927959
41.954302
41.931699
41.942867
41.946732
41.931053
41.930791
41.928574
41.923086
41.907467
41.935549
41.913757
41.921332
41.887646
41.974375
41.923146
41.946400
42.799684
41.916801
41.934788
41.956882
41.934748
41.924361
41.946470
41.936632
41.947997
41.936658
41.968292
41.925233
41.966130
41.944938
41.941642
41.929058
41.931774
41.951792
41.921705
41.978911
41.908637
41.902191
41.935352
41.928156
41.893361
41.965788
41.973892
41.940301
41.950003
41.940443
41.937010
41.922435
41.943174
41.952392
41.951671
41.971926
41.968328
41.937726
41.949474
41.931376
41.961922
41.926094
41.914765
41.859559
41.924613
41.942937
41.928705
41.954967
41.923610
41.937509
41.950462
41.944701
41.960324
41.921942
41.937948
41.931447
41.954221
41.871251
41.915924
41.927813
41.943093
41.935241
41.935393
41.946757
41.940387
41.906792
41.939067
41.954645
41.957422
41.918827
41.929456
41.913727
41.928095
41.927314
41.914442
41.953742
41.917053
41.943350
41.929925
41.928796
41.942161
41.927647
41.875450
41.947171
41.926734
41.934894
41.958142
41.928821
41.958319
41.959453
41.933634
41.912744
41.896072
41.935428
41.929148
41.928226
41.970172
41.950320
41.890191
41.949086
41.929673
41.940684
41.920747
