41.925404
41.931270
41.927732
41.931295
41.937076
41.934798
41.928770
41.926840
41.917985
41.931316
41.944333
41.964921
41.931381
41.916529
41.912431
41.907024
41.933321
41.945266
41.938417
41.944978
41.953072
41.932974
41.893830
41.935927
41.941884
41.956655
41.953480
41.933367
41.923383
41.950683
41.890927
41.941985
41.958193
41.980322
41.883755
41.925233
41.903934
41.995104
41.947917
41.959448
41.928730
41.973377
41.949156
41.957709
41.929093
41.874270
41.924658
41.935584
41.895004
41.905290
41.940669
41.950159
41.904317
41.922355
41.927631
41.923363
41.877773
41.923685
41.894707
41.916468
41.931416
41.881124
41.917703
41.960929
41.921936
41.918625
41.901349
41.907377
41.909559
41.910990
41.916640
41.932918
41.931623
41.921362
41.927828
41.909796
41.936164
41.921120
41.916841
41.918056
41.905260
41.863258
41.941113
41.917643
41.940901
41.925021
41.927178
41.923726
41.860779
41.893910
41.929093
41.914987
41.922299
41.915682
41.919885
41.958001
41.923040
41.956650
41.860406
41.916559
41.929829
41.923343
41.929783
41.944998
41.947216
41.907734
41.918076
41.924502
41.916257
41.929738
41.911953
41.950971
41.923705
41.866136
41.893386
41.929153
41.940876
41.901838
41.936824
41.890927
41.923821
41.909715
41.927395
41.916579
41.966962
41.926951
41.951470
41.939077
41.941284
41.925868
41.937751
41.937887
41.959402
41.918812
41.918298
41.927269
41.942630
41.925419
41.925091
41.938810
41.934344
41.932717
41.924567
41.926195
41.871236
41.858839
41.911711
41.915601
41.935816
41.902211
41.926336
41.927379
41.936058
41.861878
41.925656
41.909040
41.915924
41.915924
41.910834
41.905109
41.924759
41.929234
41.933624
41.901651
41.927510
41.871347
41.927344
41.919291
41.917980
41.916851
41.930922
41.928881
41.914725
41.911368
41.943572
41.924628
41.857412
41.903561
41.934516
41.929859
41.940332
41.927500
41.876654
41.922078
41.928740
41.896793
41.905593
41.950986
41.891567
41.935524
41.920122
41.922350
41.907659
41.919522
41.919628
41.921261
41.930373
41.951560
41.883241
41.947866
41.925595
41.927662
41.930207
41.928755
41.933604
41.931940
41.903017
41.939077
41.890574
41.934244
41.909302
41.927516
41.937046
41.929592
41.924386
41.931058
41.940508
41.939440
41.868701
41.923549
41.880983
41.941481
41.870647
41.939828
41.932399
41.919653
41.906293
41.974889
41.925787
41.904423
41.945049
41.935115
41.926709
41.957946
41.959165
41.908314
41.893185
41.909004
41.898557
41.947770
41.919311
41.934072
41.927450
41.923438
41.928644
41.944565
41.918918
41.927395
41.906520
41.921856
41.906762
41.930464
41.931971
41.911303
41.942947
41.927430
41.923650
41.852670
41.938679
41.895669
41.931275
41.925948
41.915843
41.914846
41.942645
41.915360
41.893321
41.935277
41.922803
41.920798
41.930328
41.954206
41.924668
41.944978
41.905230
41.923741
41.904317
41.876100
41.860330
41.939203
41.925117
41.939636
41.923710
41.928700
41.932026
41.922677
41.921775
41.876422
41.905366
41.941450
41.919356
41.862296
41.930902
41.927813
41.907014
41.906192
41.918474
41.866937
41.915183
41.907593
41.933382
41.873605
41.943376
41.916413
41.926165
41.920283
41.926497
41.929128
41.903708
41.915632
41.938850
41.942272
41.969749
41.928100
41.917053
41.890105
41.880958
41.909987
41.855417
41.919286
41.926125
41.922823
41.916342
41.915934
41.963031
41.921962
41.932757
41.934213
41.899933
41.931850
41.954932
41.972319
41.947317
41.940755
41.947014
41.966841
41.919175
41.961786
41.968882
41.892368
41.937036
41.932787
41.938210
41.901092
41.936920
41.922279
41.918696
41.935383
41.958087
41.944671
41.904675
41.936753
41.978241
41.953133
41.898441
41.952231
41.918434
41.955935
41.912270
41.929189
41.961917
41.962169
41.979203
41.934087
41.957250
41.928876
41.940175
41.921876
41.923922
41.908203
41.956182
41.942917
41.881659
41.945356
41.947856
41.945518
41.892529
41.935801
41.946828
41.882415
41.934108
41.956449
41.968670
41.947302
41.936446
41.917769
41.970540
41.935045
41.909529
41.942005
41.896193
41.950074
41.944464
41.894943
41.958253
41.934294
41.928932
41.939974
41.938351
41.949428
41.891189
41.942111
41.949534
41.918222
41.930585
41.929965
41.985559
41.951207
41.966206
41.950572
41.942045
41.939515
41.949963
41.967234
41.946087
41.950179
41.943915
41.872920
41.947211
41.933997
41.942348
41.893568
41.887863
41.938175
41.946400
41.934480
41.943285
41.939651
41.943582
41.971271
41.927934
41.880157
41.933387
41.934193
41.972732
41.926896
41.924038
41.936869
41.966145
41.940800
41.961993
41.926276
41.927339
41.952966
41.953324
41.945986
41.917557
41.969472
41.959705
41.937424
41.905124
41.937565
41.953415
41.939455
41.897020
41.895382
41.941133
41.933200
41.863536
41.951056
41.929012
41.948471
41.924063
41.927773
41.879159
41.893855
41.961947
41.936547
41.894555
41.941728
41.885630
41.934163
41.925888
41.875152
41.963530
41.933357
41.954519
41.937832
41.956907
41.888472
41.931769
41.907251
41.935005
41.946032
41.945906
41.945810
41.883881
41.935982
41.912053
41.962970
41.927994
41.954408
41.958717
41.965057
41.938391
41.924033
41.954347
41.903350
41.924381
41.951414
41.953445
41.878952
