41.932041
42.007945
41.876276
41.900875
41.937212
41.937787
41.954761
42.011362
42.010571
41.923469
41.934188
41.863132
41.929431
41.923459
41.947755
41.939243
41.949015
41.968166
41.849394
41.952669
41.962733
41.876170
41.934042
41.840670
41.911494
41.928599
41.957316
41.944621
42.025065
41.945664
41.916247
41.952709
41.925933
41.912532
41.859917
41.847418
41.929264
41.874331
41.937837
41.956600
41.958818
41.934808
41.837944
41.942957
41.858158
41.930907
41.999529
41.986037
41.997296
41.936713
41.934546
41.975494
41.949781
41.989832
41.921453
41.932822
41.945311
41.945765
41.988537
41.907805
41.922582
41.932863
41.934541
41.846738
41.919270
41.922269
41.914689
41.844888
41.906278
41.923070
41.982066
41.933372
41.923867
41.986244
41.929073
41.934642
41.938013
41.939611
41.917532
41.846506
41.831190
41.922526
42.014966
41.967703
41.821091
41.934687
41.991722
41.830122
41.926840
41.837530
41.924981
41.906011
41.980892
41.925419
41.935932
41.914483
41.890367
41.942847
41.927289
42.006297
41.938638
41.939712
41.980262
41.942811
41.854666
41.933956
42.003848
41.846068
41.847363
41.941032
41.838352
41.846461
41.923559
41.832002
41.933498
41.922718
41.913011
41.907830
41.940105
41.909030
41.918484
41.889521
41.951686
41.847212
42.000622
41.989041
41.963837
41.996067
41.948990
41.823792
41.987464
41.841159
41.929688
42.006338
41.844868
41.925379
41.922128
41.907876
41.992881
41.959548
41.917098
41.831709
41.839168
41.815078
41.954589
42.011579
42.011241
41.933195
42.011322
42.003430
41.986793
41.905013
41.914906
41.907472
41.924537
41.971790
41.944495
41.916141
41.934843
41.897584
41.837475
42.007517
41.899479
41.931729
41.929138
41.992624
41.937807
41.942519
41.990452
41.865824
41.930736
41.945437
42.002870
41.932969
41.927173
41.853643
41.921810
41.920495
41.933090
41.933200
41.903541
41.915213
41.982948
41.997100
41.836598
41.932303
41.959029
41.946939
41.900850
41.840479
42.000557
41.918610
41.856077
41.918509
41.912492
41.918842
42.021406
42.010369
41.913833
41.921816
41.922889
41.923872
41.819775
41.919175
41.926926
41.926795
41.906510
42.039857
41.938981
41.826937
41.936814
41.988789
42.013892
41.923922
41.835973
41.935655
42.001484
41.920127
41.979017
41.938618
41.933770
42.000945
41.908254
41.832491
41.844400
41.901500
41.916806
41.884567
41.993169
41.919255
41.907467
42.006806
41.903289
41.922813
41.934213
41.957694
41.964593
41.932470
41.917577
41.902503
41.883795
41.915158
41.951379
41.873535
41.925374
41.827713
41.930045
41.935010
41.983024
41.850437
41.945533
41.845564
41.904700
41.811661
41.817442
41.940397
41.936184
41.919699
41.913646
41.941536
41.983432
41.927712
41.993799
41.936244
41.933074
41.845992
41.921931
41.965581
41.915430
41.945039
41.952679
41.970858
41.827153
41.839894
41.932470
41.861369
42.008202
41.844984
41.984979
41.926225
41.984304
41.841784
41.968116
41.838140
41.915113
41.928917
41.900391
41.931210
41.844067
41.952190
41.883125
41.896501
41.922985
41.915324
41.917708
41.839884
41.953092
41.887802
41.918469
41.924164
41.840348
41.991642
42.014835
41.894515
41.995003
41.991541
41.937504
41.838422
41.904650
41.851521
41.933851
41.938109
41.932858
41.968554
41.867885
41.933039
41.982056
41.987645
41.937585
41.922274
41.981285
42.015666
42.003349
41.932167
41.998949
41.843316
41.925006
41.998077
41.952901
42.015581
41.959196
41.944177
41.935247
41.923338
42.029163
41.979284
41.913833
41.960445
41.881422
41.920420
42.014154
41.933397
42.014522
41.937902
41.925414
41.842293
42.010511
41.835943
41.847907
41.931467
41.996943
41.932470
41.923065
41.959145
41.930277
41.920505
41.945865
41.990246
41.944399
41.872511
41.933558
41.943759
41.934304
41.945820
41.938301
42.003087
41.911363
41.844596
41.935302
41.932334
42.007910
42.017753
41.962134
41.977656
41.991138
41.962144
41.918988
41.952820
41.864352
41.926971
42.009790
41.988971
41.986415
41.948778
42.007839
41.940831
41.960617
41.855210
41.923227
42.028039
42.015449
41.910607
41.881412
41.960385
41.927541
41.938250
41.942433
41.930020
41.988618
42.009800
41.857543
42.005602
41.904000
41.945427
42.015036
41.959987
42.003798
41.931744
42.015707
41.939692
42.004518
41.829905
41.961912
41.924613
41.996369
42.030680
41.958152
41.953299
41.964074
41.954564
41.951167
41.972490
41.935499
41.919316
42.036758
41.963550
41.964885
41.938553
41.902518
41.980090
41.962245
41.956066
41.843487
41.857846
41.956066
41.860078
41.938830
41.983271
41.844848
42.005178
41.996117
41.911988
41.789703
41.933735
41.951404
42.001429
41.938482
41.953994
41.918333
41.995452
41.960461
42.001278
41.934753
41.960012
41.862714
41.850674
41.947796
41.979672
41.881991
41.929365
42.014275
41.930398
41.993965
42.006937
41.980121
41.815108
42.004952
41.956051
42.010097
41.874023
42.000376
41.925772
41.963777
41.999559
42.028301
41.843891
42.001489
41.994796
41.943517
41.961443
41.998244
42.007421
41.977455
41.948738
41.959977
41.838725
41.851596
41.921916
41.894177
41.929441
41.996752
41.828429
41.904509
41.949428
41.998617
41.928705
41.840559
41.831049
41.917129
42.006741
41.929380
41.881175
