41.930665
41.934445
41.926004
41.929819
41.910965
41.957044
41.939203
41.908909
41.928120
41.924441
41.946203
41.926281
41.928947
41.928690
41.927198
41.926699
49.270107
45.903922
45.885461
45.988907
46.151238
46.380069
46.486010
46.666328
46.763531
46.924833
47.005571
47.176414
47.226429
47.335172
47.392398
40.776154
43.552731
43.725827
43.637899
43.514711
43.398217
43.328567
43.197765
43.098744
43.042777
42.948488
42.879221
42.809531
42.770574
42.698218
42.667470
42.604906
42.541304
42.503108
42.468812
42.421358
42.410996
42.377749
42.337516
42.309450
42.280975
42.259974
42.252707
42.225517
42.217927
42.184025
42.154159
42.143989
42.124989
42.136943
42.114249
42.109315
42.090547
42.114078
42.073185
42.060117
42.051690
42.062697
42.032519
42.052709
42.015228
42.013318
42.022193
42.011564
41.998969
42.022813
42.011841
42.000552
41.996863
41.982787
41.992634
41.968302
41.955254
41.951394
41.978251
41.974718
41.954821
41.945165
41.950210
41.953748
41.943456
41.932066
41.956550
41.950890
41.952785
41.920465
41.922652
41.939893
41.937051
41.932964
41.921453
41.919013
41.927868
41.924794
41.951822
41.925595
41.921145
41.924225
41.933674
41.914115
41.910925
41.934254
41.916705
41.915843
41.935816
41.928166
41.901208
41.908107
41.912915
41.898905
41.922582
41.916342
41.924361
41.925253
41.913994
41.929894
41.929778
41.903728
41.892620
41.921715
41.908390
41.894903
41.918283
41.906913
41.915657
41.903753
41.914014
41.929864
41.904045
41.884879
41.895024
41.912185
41.915208
41.909206
41.899852
41.891033
41.883876
41.916070
41.904600
41.921679
41.896854
41.906570
41.899504
41.934173
41.925857
41.912956
41.900039
41.921019
41.886436
41.879164
41.913651
41.901067
41.923045
41.904282
41.914246
41.899913
41.902649
41.909292
41.906167
41.907099
41.900719
41.912623
41.909816
41.894283
41.904786
41.890272
41.906434
41.902019
41.893220
41.894188
41.906842
41.903748
41.912532
41.907225
41.899515
41.898411
41.898003
41.887686
41.911580
41.879819
41.904766
41.887530
41.892272
41.914498
41.900986
41.917496
41.904388
41.896969
41.884456
41.877400
41.908233
41.894646
41.913767
41.915062
41.905184
41.891819
41.894434
41.879250
41.875576
41.904207
41.910763
41.909352
41.891285
41.908238
41.910637
41.901329
41.904564
41.884108
41.897574
41.901284
41.926724
41.914105
41.903355
41.893936
41.899167
41.891002
41.908511
41.889747
41.882561
41.907135
41.906333
41.894374
41.902347
41.930580
41.905683
41.910224
41.895513
41.919961
41.914241
41.892570
41.911519
41.899494
41.887212
41.907523
41.915380
41.912593
41.881724
41.900538
41.918938
41.900210
41.909634
41.883916
41.926442
41.919613
41.914059
41.885086
41.893346
41.914856
41.914886
41.895004
41.892393
41.919417
41.897715
41.911156
41.901984
41.899918
41.894545
41.881684
41.897312
41.895528
41.909161
41.905915
41.922148
41.905648
41.897917
41.904756
41.879144
41.891154
41.908274
41.916352
41.906303
41.913530
41.902932
41.923343
41.909020
41.890786
41.871534
41.892484
41.930469
41.905678
41.915909
41.902952
41.909826
41.921896
41.908309
41.895503
41.883589
41.900255
41.903058
41.922168
41.918096
41.913848
41.908621
41.923529
41.907493
41.901021
41.896859
41.882657
41.903768
41.894964
41.917003
41.909932
41.911338
41.907004
41.887117
41.902055
41.901213
41.899857
41.928987
41.908470
41.921674
41.909740
41.923176
41.905043
41.918520
41.902115
41.908243
41.901934
41.908899
41.919638
41.924043
41.906636
41.914785
41.904191
41.917658
41.933422
41.906797
41.922385
42.147280
41.930454
41.925545
41.900109
41.942579
41.928922
41.916851
41.915279
41.920299
41.918802
41.903753
41.901596
41.919936
41.917219
41.912825
41.921685
41.962749
41.894833
41.923126
41.901823
41.923091
41.919049
41.943552
41.915556
41.935740
41.930025
41.917809
41.920868
41.910562
41.918928
41.928392
41.918545
41.924013
41.916201
41.903425
41.924522
41.919830
41.913324
41.928917
41.914614
41.940241
41.923554
41.907991
41.913243
41.926301
41.918167
41.906837
41.917708
41.939314
41.932414
41.911852
41.897070
41.920329
41.911076
41.923973
41.923821
41.896082
41.919966
41.927974
41.914861
41.917360
41.914553
41.923514
41.926568
41.901833
41.923831
41.932611
41.911141
41.938709
41.912598
41.924905
41.895881
41.928246
41.930045
41.885857
41.897856
41.924895
41.925374
41.923685
41.911227
42.002049
41.903874
41.933714
41.918464
41.930272
41.907901
41.909524
41.909619
41.930786
41.914730
41.926770
41.921397
41.899036
41.917073
41.922224
41.909932
41.932923
41.915314
41.927823
41.938739
41.923600
41.922400
41.909513
41.919558
41.901576
41.913384
41.935216
41.916438
41.919729
41.915833
41.919185
41.910748
41.903839
41.914226
41.918494
41.890256
41.900976
41.887071
41.925948
41.934097
41.926563
41.927485
41.923791
41.936431
41.925222
41.895200
41.925414
41.905189
41.931865
41.918630
41.913681
41.913051
41.921357
41.905265
41.902251
41.913676
41.947670
41.934289
41.929027
41.933508
41.946178
41.915057
41.906273
41.922904
41.900296
41.933105
41.934410
41.908122
41.925550
41.906061
41.917164
41.909937
41.887343
41.900165
41.923086
41.899444
41.924351
41.919336
