41.899968
41.899419
41.915329
41.905104
41.900497
41.918449
41.923993
41.898038
41.911872
41.927117
41.905799
41.888457
41.897010
41.887671
41.912280
41.895231
41.903138
41.911544
41.899837
41.898960
41.894530
41.901692
41.899132
41.896163
41.909100
41.932399
41.898502
41.908551
41.910194
41.905154
41.903340
41.915541
41.917441
41.917753
41.923010
41.907296
41.908606
41.908480
41.892272
41.921322
41.913162
41.908107
41.919462
41.868107
41.912522
41.909181
41.921412
41.903567
41.904136
41.897720
41.884919
41.889022
41.898441
41.908148
41.900931
41.903430
41.890498
41.911459
41.898764
41.897363
41.888195
41.891078
41.880172
41.898476
41.894858
41.886834
41.902352
41.898844
41.900739
41.883286
41.884330
41.886310
41.864932
41.869251
41.864967
41.891360
41.880883
41.889838
41.897468
41.875797
41.891073
41.900210
41.874583
41.890841
41.900210
41.905215
41.885348
41.902241
41.897030
41.891829
41.872416
41.868691
41.883246
41.886119
41.911469
41.892020
41.893149
41.901787
41.894445
41.877158
41.872648
41.904181
41.904030
41.885333
41.867174
41.890897
41.881921
41.880006
41.885438
41.875238
41.907860
41.881034
41.865466
41.902458
41.898754
41.893774
41.903526
41.884829
41.898113
41.901057
41.877345
41.902533
41.897025
41.903012
41.896637
41.893890
41.896123
41.878731
41.890367
41.880656
41.895967
41.886900
41.893442
41.887832
41.907729
41.903118
41.895170
41.885156
41.901848
41.894762
41.868550
41.893900
41.898098
41.886734
41.906868
41.899474
41.881734
41.886446
41.894137
41.888311
41.872547
41.904025
41.884844
41.903677
41.885066
41.891824
41.868142
41.880046
41.887313
41.882289
41.905996
41.855003
41.888941
41.885751
41.886164
41.911454
41.898592
41.875188
41.880893
41.879360
41.881770
41.899000
41.903965
41.912144
41.880565
41.902483
41.862462
41.883952
41.887495
41.867230
41.897922
41.892953
41.872789
41.892252
41.877808
41.876951
41.875258
41.891728
41.890231
41.900039
41.896203
41.890100
41.903768
41.900129
41.897166
41.902160
41.893099
41.874805
41.870531
41.894067
41.894394
41.874623
41.908581
41.903284
41.887490
41.883725
41.880746
41.895372
41.890307
41.888639
41.899006
41.900679
41.896289
41.907256
41.904504
41.891229
41.889853
41.902296
41.892706
41.874477
41.858728
41.888866
41.875566
41.894757
41.894722
41.902438
41.926125
41.881638
41.877002
41.895664
41.935292
41.902725
41.890055
41.896486
41.896874
41.881140
41.875833
41.879859
41.891259
41.896541
41.872501
41.902463
41.892605
41.889264
41.895715
41.888004
41.886043
41.893663
41.897922
41.880298
41.907886
41.895790
41.919170
41.906676
41.882042
41.897917
41.893134
41.900250
41.888951
41.882767
41.905965
41.891557
41.897539
41.896203
41.871942
41.892282
41.865657
41.890327
41.878232
41.893290
41.891053
41.878766
41.878489
41.878720
41.892539
41.879880
41.881613
41.875555
41.912033
41.893326
41.900729
41.895115
41.901530
41.887953
41.912431
41.881699
41.877148
41.900533
41.879073
41.883503
41.890186
41.882067
41.868727
41.885786
41.881669
41.886320
41.877440
41.879038
41.893860
41.896506
41.892484
41.900855
41.873938
41.889455
41.878050
41.892444
41.881407
41.883705
41.900114
41.883297
41.897549
41.905330
41.901551
41.889813
41.896400
41.898497
41.891975
41.918247
41.885071
41.898648
41.895931
41.906016
41.888578
41.908591
41.896183
41.888523
41.890680
41.899086
41.903274
41.900139
41.886351
41.913072
41.911262
41.909433
41.904615
41.877324
41.882641
41.905693
41.916705
41.909317
41.893850
41.914150
41.905880
41.897610
41.881039
41.898466
41.904353
41.899923
41.882732
41.913379
41.908692
41.931426
41.894984
41.887787
41.905114
41.889450
41.894772
41.897761
41.915733
41.915158
41.903254
41.900533
41.897005
41.907578
41.914704
41.887696
41.917436
41.868293
41.926634
41.922032
41.906706
41.898930
41.917814
41.893084
41.911922
41.895357
41.877849
41.905688
41.888165
41.898154
41.910249
41.911615
41.908949
41.907115
41.875041
41.907044
41.903168
41.895004
41.914205
41.914392
41.910189
41.908919
41.916660
41.905058
41.913767
41.891219
41.900215
41.897423
41.912593
41.897529
41.921750
41.905330
41.906505
41.893825
41.886215
41.919165
41.911827
41.896859
41.894767
41.921236
41.894243
41.889475
41.902538
41.910486
41.879103
41.888251
41.908087
41.891829
41.925857
41.886290
41.905542
41.916549
41.903496
41.888780
41.905643
41.913006
41.884617
41.897095
41.890645
41.894626
41.916136
41.905492
41.912875
41.890826
41.884083
41.895372
41.912910
41.909740
41.907568
41.892983
41.911156
41.919275
41.884551
41.905179
41.922551
41.894465
41.902196
41.889949
41.902800
41.913061
41.910572
41.921165
41.897776
41.896717
41.897594
41.896687
41.920767
41.877793
41.913898
41.917638
41.913157
41.880162
41.895946
41.897937
41.905341
41.899222
41.914936
41.901284
41.908299
41.926508
41.885680
41.889445
41.904927
41.901223
41.891456
41.898764
41.912215
41.902125
41.898053
41.885716
41.907618
41.909463
41.911464
41.914064
41.930575
41.905860
41.906933
41.889480
41.896788
41.901077
41.914412
41.909433
41.904277
41.883921
41.905819
41.895009
41.894712
41.904595
41.914019
41.902251
41.938870
