41.917124
41.943517
42.011342
41.943925
42.011846
41.974819
41.921513
41.943073
41.986466
41.923887
41.986662
41.863551
42.004412
41.946379
42.005350
41.917890
41.997785
41.950698
41.955043
41.985538
41.846683
41.926618
41.927138
41.863838
41.925202
41.950920
42.004861
41.954010
41.925747
41.998586
41.976149
41.935388
41.971684
41.940039
41.931084
41.896022
41.885171
41.919215
41.937746
41.929582
41.945674
41.928589
42.004654
41.964412
41.861600
41.946445
41.864045
41.981451
41.953879
41.990946
41.982782
41.910471
41.938275
42.005491
42.005113
41.833146
41.862739
41.852115
41.817018
41.977989
41.933407
41.985165
41.913016
41.912557
41.940705
41.931699
41.998854
42.000527
41.939188
41.923101
41.989112
41.907054
42.027963
41.818868
41.933805
41.930953
41.819367
41.993894
41.920480
41.930403
41.901359
41.927793
41.926865
41.969341
41.929940
41.936149
41.899207
41.943270
41.914916
41.837319
41.929935
41.908712
41.964946
41.987826
41.864135
41.920742
41.996273
41.987721
41.883921
41.907744
41.910043
41.959725
41.973131
41.929199
41.992206
41.896904
41.832707
41.969547
41.966624
41.821957
41.961272
41.918938
41.820239
41.824815
41.865632
41.900119
41.983563
41.921553
41.964135
41.919109
41.928599
41.889541
41.958843
41.928579
41.925656
41.932379
41.907417
41.832753
41.928050
41.975086
41.961287
41.933306
41.849984
41.926623
41.833569
41.905960
41.931855
41.956787
41.872965
41.879875
41.892958
41.928579
41.856999
41.903617
41.906328
41.895190
41.995804
41.967461
41.931875
41.805276
41.827506
41.937489
41.833312
41.834486
41.995764
41.945553
41.922395
41.928387
41.910794
41.833967
41.952795
41.891799
41.928206
41.910325
41.898975
41.946112
41.924955
41.901566
41.897453
41.815280
41.821559
41.909070
41.868666
41.901571
41.887233
41.930741
41.887192
41.977500
41.903274
41.923534
41.926518
41.924335
41.834627
41.835373
41.878463
41.894374
41.906510
41.887656
41.932888
41.902150
41.914795
41.913661
41.918797
41.943063
41.906515
41.971558
41.886250
41.964346
41.931759
41.911867
41.802232
41.826120
41.914735
41.911575
41.939404
41.900502
41.899086
41.926533
41.916494
41.914231
41.943063
41.940286
41.856430
41.917320
41.811112
41.899242
41.905527
41.803109
41.927697
41.816011
41.920546
41.831977
41.979541
41.917753
41.834184
41.936043
41.800755
41.810729
41.921377
41.843195
41.841844
41.901495
41.909357
41.964084
41.989016
41.924346
41.920591
41.907180
41.831649
41.987076
41.826861
41.923736
41.902886
41.939707
41.896995
41.977606
41.911454
41.890680
41.989187
41.929416
41.928977
41.836180
41.919674
41.812004
41.993103
41.910441
41.797132
41.894248
41.826352
41.989550
41.828187
41.845312
41.829311
41.927883
41.924119
41.973801
41.812130
41.893396
41.834517
41.985322
41.899399
41.826191
41.830822
41.906666
41.997090
41.904801
41.894162
41.830948
41.865929
42.001711
41.973070
41.838004
41.837268
41.809706
41.894601
41.896138
41.844878
42.007386
41.930232
41.957532
41.902171
41.909030
41.940689
41.924986
41.985105
41.894273
41.983049
41.921871
41.912603
41.936108
41.816656
41.923141
41.891768
41.890594
41.916977
41.827662
41.840348
41.923307
41.837097
41.848865
41.915687
41.903551
41.973110
41.927198
41.955597
41.823595
41.911429
41.913843
41.937066
41.913581
41.942897
41.974849
41.916967
41.859947
41.948506
41.927445
41.830339
41.936935
41.864841
41.847917
41.917280
41.923081
41.835363
41.819891
41.957472
41.927007
42.020353
41.955164
41.996419
41.855764
41.951475
41.946213
41.952437
41.914014
41.911756
41.994338
41.928423
41.925983
41.923161
41.921972
41.926739
41.829124
41.927510
41.935882
41.805074
41.850185
42.017677
41.827970
41.817311
41.924935
41.993824
41.923393
41.919890
41.864171
41.901137
41.944872
41.908949
41.942176
42.006091
41.859670
41.876493
41.997866
41.907150
41.950391
41.994897
41.934687
41.927102
42.009301
41.907125
41.845151
41.922859
41.948955
42.004553
41.995295
41.996606
41.844395
41.843588
41.996838
41.953642
41.951459
41.922506
41.983472
41.952871
41.833680
41.835212
41.922708
41.968907
41.967325
41.958112
41.939989
41.831498
41.993743
41.946047
42.022934
41.940060
41.864196
41.931462
41.825188
41.957049
41.849349
41.950739
41.996848
41.921221
41.841305
41.932958
41.958379
41.988305
41.920445
41.930025
41.987837
41.865869
41.926251
41.993244
41.823994
41.854852
41.914236
41.947040
41.932893
42.001358
41.827279
41.933432
41.824533
41.984107
41.850704
41.936199
41.956479
41.834592
41.920908
41.852720
41.939697
41.891663
41.919845
41.920762
41.934042
41.980998
41.969431
41.838992
41.840947
41.995996
41.844243
41.936658
41.912079
41.982550
41.942705
41.954791
41.938109
42.012602
41.940095
41.927521
41.842318
41.948642
41.844626
41.931094
41.915460
41.933982
42.017349
41.959931
41.956570
42.013555
42.014124
41.998450
41.845574
41.994640
41.995512
41.933624
41.913722
41.929108
41.937615
41.925802
41.941017
41.821252
41.911822
41.910426
41.931149
41.912129
41.950698
41.935378
41.851445
41.847292
41.916277
41.921690
41.990513
41.949257
41.907467
41.827083
41.940740
41.923005
41.921810
42.018962
41.911887
41.954619
