41.963016
41.871771
42.022702
41.968494
41.929753
41.994489
41.863087
41.904217
41.922446
41.831326
41.859015
41.934874
42.003646
41.952916
41.868454
42.002003
41.929103
41.947755
41.932329
41.930801
41.922118
42.012400
42.048158
41.870228
41.845317
41.934924
41.991405
41.964477
41.939747
41.922113
42.020167
41.906616
41.999005
41.949731
41.951752
41.987559
41.963429
41.939767
41.842515
41.979304
42.021734
41.948415
41.922194
41.867023
41.966125
41.956272
41.951752
41.940211
41.936592
41.941859
41.849717
41.965440
42.000512
41.841053
41.914442
41.854776
41.916322
41.997851
41.921745
41.917839
42.004977
41.924426
41.971926
42.003440
41.912522
41.919533
41.930837
41.919679
41.927883
41.850457
41.863808
41.999216
41.910446
41.922496
41.920213
41.829305
41.966498
41.974214
41.908067
41.917053
41.905260
41.917885
41.918822
41.830077
41.910935
41.910174
41.906631
41.942841
41.818233
41.915899
41.856359
41.983311
41.906303
41.919926
41.932016
41.933583
41.919452
41.837702
41.838412
41.963691
41.938588
41.981779
41.938860
41.945054
41.832279
41.913434
41.931699
41.936935
41.844012
41.979889
41.835217
41.991395
41.918640
41.989006
41.930101
41.937121
41.986456
41.902312
42.007376
41.930066
41.988215
41.950663
41.848139
41.920626
41.844883
42.018745
41.977228
41.989847
41.926744
41.913298
41.939026
41.892595
41.948713
42.018645
41.929673
41.930156
41.931673
41.914740
41.847791
41.938598
41.931391
41.919391
41.866716
41.966705
41.862210
41.923433
41.988048
41.928448
41.831256
41.968504
41.911968
41.938376
41.933221
41.954660
42.005138
41.921211
41.925091
41.914326
41.929295
41.907135
41.989711
41.932233
41.922798
41.922471
41.830586
41.897856
41.914145
41.920193
41.998894
41.992639
41.974829
41.925091
41.956207
41.901561
41.935176
41.921135
41.807886
41.955078
41.922204
41.931855
41.923978
41.941788
41.943426
41.908047
41.952765
41.891910
41.826705
41.995996
41.954196
41.936733
41.908122
41.897695
41.968605
41.927082
41.948199
41.861147
41.834456
41.875535
41.938018
41.847015
42.022752
41.834340
41.914911
41.938406
41.938638
41.843926
42.024314
41.978473
41.995623
41.991032
41.929622
41.850765
41.975918
41.940735
41.922244
41.839864
41.948773
41.942091
41.927702
41.940392
41.947564
41.994383
41.966090
41.933926
41.930292
41.979692
41.978704
41.959201
41.929496
41.934123
41.923196
42.022813
41.949015
41.907513
41.932182
41.922188
41.984102
41.897473
41.861898
42.014532
41.846289
42.004548
41.940160
41.855457
41.819805
41.995336
41.887202
41.817391
41.924532
41.944127
41.925762
41.930156
41.848653
41.979778
41.933090
41.979788
41.897116
41.984576
41.988129
41.931245
42.002900
41.855981
41.812488
41.943577
41.914498
41.854383
41.828358
41.911449
41.824422
41.817593
41.926427
41.920586
41.924618
41.840559
41.918681
41.979158
41.932757
41.902165
41.922697
41.891824
41.870082
41.889233
41.839244
41.934853
41.909105
41.902024
41.963469
41.926906
41.940382
41.930121
41.894485
41.994922
41.982540
41.965344
41.902921
41.913354
41.980161
42.001686
41.828660
41.930398
41.837460
41.983860
41.931880
41.883070
41.915808
41.929400
41.842167
41.952674
41.963273
41.822608
41.822209
41.943033
41.899011
41.948118
41.938870
41.914961
41.841361
41.893079
41.920591
41.993612
41.937671
41.937595
42.001338
41.965455
41.931260
41.866076
41.927853
41.910829
41.935680
41.940750
41.842227
41.950194
41.938910
41.933422
41.962295
41.945563
41.940463
42.006902
41.880711
41.929945
41.937701
42.026119
41.998385
41.936375
41.946460
42.006514
41.867779
41.983331
41.915183
41.922168
41.956388
41.868979
42.002013
41.909781
41.953334
41.997185
41.928796
41.938774
41.922551
42.004191
41.929965
42.008439
41.943960
41.978624
41.929567
41.836966
42.000496
42.012657
41.942327
41.928080
41.925479
41.865431
41.956877
41.960587
41.946717
41.949207
41.913177
41.931991
41.947276
41.954690
42.011544
41.936879
41.946389
41.965203
41.950482
41.856183
41.997825
41.954201
42.011211
41.939692
42.009543
41.839420
41.863520
41.941123
41.931809
41.915476
41.937887
41.926377
41.951525
42.008580
41.943194
41.858849
41.943900
41.839440
41.908334
41.854973
41.844203
41.940261
41.846688
41.930166
41.902397
41.972939
41.864659
41.932822
41.917557
41.931255
41.857684
41.993295
41.981466
41.941748
41.956353
41.904277
41.942877
41.893673
41.974249
41.854353
41.951137
41.925626
41.909776
41.939671
41.976265
42.016881
41.934843
41.940049
41.926261
41.955385
41.959881
41.914528
41.853229
42.010344
41.968726
41.950860
41.910456
42.015470
42.005471
42.020121
42.012456
41.865229
41.950154
42.012819
41.983386
41.857946
41.930166
42.019925
42.023352
41.960314
41.997730
41.938764
41.922446
41.930670
41.893225
41.943920
41.948904
41.998536
41.869205
41.851511
41.989701
41.939646
41.940039
41.937595
41.975262
42.019547
42.005143
41.960239
42.015984
41.958928
41.841078
41.946682
41.946873
41.862790
42.024637
41.964951
41.988875
41.943436
41.996565
41.933558
41.948320
41.930328
41.948355
41.953435
41.912875
41.846169
41.837309
42.005309
41.930197
41.992816
41.939228
41.936113
41.966826
41.938921
41.955733
41.849046
