41.941445
41.946178
41.923494
41.901586
41.931179
41.915284
41.937086
41.947569
41.913203
41.927435
41.909821
41.945971
41.891587
41.922405
41.911529
41.918903
41.913626
41.936557
41.907644
41.915173
41.895075
41.929793
41.901601
41.926634
41.898557
41.936209
41.907855
41.918378
41.912109
41.933160
41.930711
41.928937
41.942761
41.899827
41.909025
41.945382
41.913087
41.916806
41.926664
41.913379
41.953838
41.901379
41.910083
41.915632
41.917713
41.903420
41.904343
41.926306
41.911993
41.900588
41.904181
41.891748
41.883241
41.897055
41.878045
41.896087
41.900739
41.914765
41.893240
41.889823
41.905033
41.910350
41.898113
41.893946
41.892146
41.900588
41.888261
41.898542
41.921145
41.893668
41.913394
41.911126
41.901712
41.899232
41.898648
41.891244
41.912442
41.920661
41.912235
41.893180
41.893542
41.907200
41.900316
41.896249
41.889551
41.906041
41.906102
41.886744
41.909942
41.920036
41.883171
41.891663
41.903874
41.882646
41.904076
41.889097
41.894172
41.904942
41.907029
41.892640
41.896264
41.905965
41.916776
41.892766
41.905341
41.896183
41.885998
41.881402
41.892746
41.901243
41.913268
41.895473
41.888503
41.885071
41.906137
41.900432
41.902070
41.890085
41.938764
41.901253
41.883513
41.900870
41.898446
41.921977
41.903017
41.914024
41.905174
41.898250
41.918681
41.906963
41.910789
41.907230
41.904448
41.914432
41.906565
41.900548
41.908808
41.899474
41.907170
41.898628
41.899746
41.893512
41.918595
41.874326
41.880368
41.886189
41.899706
41.894727
41.906822
41.900346
41.898250
41.908637
41.893421
41.912099
41.876891
41.896571
41.877440
41.897100
41.907805
41.883634
41.899953
41.910940
41.906968
41.899449
41.900296
41.892933
41.906868
41.901717
41.906953
41.908500
41.907059
41.901596
41.922980
41.886063
41.887283
41.896828
41.897121
41.896501
41.902806
41.901959
41.902579
41.916221
41.877450
41.910854
41.904776
41.893739
41.914165
41.889546
41.899484
41.905381
41.894137
41.901707
41.872859
41.902261
41.905381
41.905341
41.911681
41.893084
41.893285
41.895332
41.904065
41.906898
41.915692
41.890171
41.901667
41.903083
41.914634
41.886033
41.873983
41.904968
41.886628
41.909675
41.919049
41.887757
41.883014
41.888876
41.913873
41.898693
41.898456
41.905361
41.889223
41.898572
41.892066
41.891330
41.897589
41.894465
41.898411
41.888326
41.915445
41.907281
41.911328
41.888407
41.905451
41.884526
41.898960
41.900225
41.894308
41.899802
41.913666
41.905366
41.888301
41.898320
41.887817
41.901566
41.908178
41.902039
41.920500
41.920929
41.914457
41.907850
41.912507
41.909181
41.918404
41.900487
41.899741
41.882525
41.904091
41.893991
41.916609
41.907215
41.905834
41.888281
41.892953
41.893003
41.881008
41.902821
41.883564
41.888220
41.905784
41.894560
41.902564
41.890806
41.909750
41.894601
41.906520
41.889143
41.884607
41.912724
41.889501
41.913051
41.915556
41.886280
41.889354
41.911827
41.895110
41.908405
41.887973
41.908707
41.905577
41.914649
41.900024
41.892429
41.902115
41.893235
41.909282
41.904922
41.924214
41.895815
41.912351
41.908899
41.894691
41.927329
41.887676
41.903793
41.889168
41.890256
41.893311
41.901656
41.898073
41.917129
41.920460
41.905305
41.901848
41.903516
41.901525
41.909498
41.919890
41.880545
41.917753
41.893079
41.901551
41.892635
41.894520
41.893245
41.903244
41.895427
41.936441
41.915521
41.923952
41.938316
41.899449
41.912018
41.925227
41.914689
41.910169
41.930988
41.926356
41.908183
41.913021
41.930675
41.904580
41.923615
41.903194
41.918283
41.920535
41.934480
41.940795
41.916242
41.914926
41.897247
41.905829
41.926901
41.920364
41.919971
41.899071
41.897226
41.926215
41.920828
41.916131
41.925918
41.905225
41.912497
41.913530
41.894525
41.914770
41.910814
41.936789
41.907951
41.929078
41.901490
41.922808
41.902614
41.888644
41.919865
41.905300
41.911822
41.922214
41.919971
41.927243
41.940266
41.925016
41.909146
41.927168
41.899409
41.909997
41.924184
41.906837
41.938522
41.929985
41.933437
41.910824
41.893447
41.915712
41.927390
41.902982
41.920838
41.922486
41.931361
41.939278
41.923942
41.928942
41.908793
41.917335
41.923872
41.897756
41.905431
41.928277
41.909891
41.927904
41.911429
41.917219
41.900059
41.915995
41.916423
41.926311
41.912729
41.903834
41.933064
41.903425
41.933140
41.909423
41.920495
41.918202
41.905477
41.922451
41.910718
41.923761
41.914337
41.917068
41.906842
41.919512
41.933578
41.911015
41.905436
41.919361
41.904605
41.902039
41.930988
41.930267
41.929688
41.899736
41.908909
41.922612
41.919386
41.921135
41.933568
41.906595
41.932213
41.920495
41.912779
41.912568
41.934425
41.906716
41.924038
41.936386
41.922022
41.950285
41.912935
41.912527
41.939238
41.915259
41.911287
41.911862
41.927692
41.927228
41.914614
41.933498
41.936239
41.917844
41.914059
41.920425
41.947282
41.910824
41.918872
41.912976
41.929536
41.885318
41.903682
41.926946
41.919709
41.934586
41.924351
41.914906
41.902821
41.925046
41.907422
41.893779
41.893381
41.933951
41.934470
41.916836
41.913570
41.923302
41.905693
41.911328
41.931119
41.930449
41.919472
41.912139
41.922148
41.913933
