41.943532
41.917139
41.872597
41.929829
41.940856
41.970444
41.996198
42.035387
41.955249
41.954367
41.937988
41.859428
41.949161
41.974562
42.015223
41.925752
41.834784
41.953929
41.826609
41.853038
41.976915
41.950588
42.031592
41.928523
41.957386
42.007517
41.951989
41.932268
42.004160
41.994822
41.847423
41.836180
41.932863
41.963560
41.947518
42.002155
41.843271
41.936391
41.934899
41.953823
41.983951
42.002487
41.920183
41.928035
42.012758
41.930494
41.974320
41.945175
41.960012
41.978085
41.923932
41.926931
41.859600
41.938054
41.874270
41.909030
41.914946
41.872174
42.004427
41.830611
41.933473
41.841875
41.823590
41.841099
41.922995
41.915390
41.856545
41.823016
41.939631
41.990140
41.994413
41.993637
41.818228
41.913827
41.913702
42.017445
41.806022
41.953294
41.813612
41.839975
41.929829
41.945477
41.836391
41.913888
41.945346
41.912361
41.846103
41.915954
41.901883
41.929945
41.940004
41.840705
41.912643
41.962794
41.844470
41.922687
41.922955
41.924159
41.971225
41.926926
41.978024
41.983139
41.991652
41.849399
41.924935
42.008112
41.841078
41.959266
41.929758
41.923020
41.910975
41.903501
41.915793
41.980101
41.915385
41.913031
41.941486
41.948022
41.812775
41.976351
41.905724
41.927032
41.930897
41.841119
41.951349
41.914866
42.033230
41.842898
41.833751
41.939979
41.820491
41.829739
41.844319
41.921276
41.932696
41.982157
41.914548
41.826513
41.981063
41.818344
41.985675
41.816404
41.989036
41.998889
41.965309
41.838715
41.916463
41.988099
41.850664
41.932762
41.834496
41.920591
41.959604
41.859816
41.842429
41.845992
42.003697
41.935493
41.994877
41.932530
41.825223
41.911177
41.841199
41.854882
41.879502
41.864715
41.919911
41.936512
41.849026
41.998929
41.845760
41.922113
41.829678
41.907261
42.020131
41.911605
42.001192
41.808043
41.910370
41.935861
41.845614
41.918887
41.940614
41.937897
41.950986
41.926432
41.983719
41.946581
41.864347
41.993154
41.926921
41.843190
41.931517
42.005219
41.858713
41.920672
41.945518
41.994076
41.784028
41.938941
41.863742
41.877425
41.926659
41.996933
41.940629
41.916987
42.010657
41.939465
41.819931
41.909851
41.915591
41.916625
41.850457
41.900926
41.925721
41.983321
41.839511
41.928952
41.925459
41.957482
41.928423
41.932389
41.943371
42.009185
41.940866
41.913424
41.951036
41.859453
41.900341
41.979385
41.920495
41.937918
41.993804
41.959861
41.919089
41.916347
41.953314
41.983638
42.020867
41.929335
41.928256
41.934077
41.936008
41.994595
41.958167
41.851445
41.842348
41.926694
41.947932
42.043934
41.924557
41.950331
41.922839
41.937535
41.924723
41.962421
41.936154
41.927954
41.917638
41.929053
41.823948
41.975872
41.817916
41.830938
41.943058
41.942363
41.994318
41.947276
41.933906
41.960985
41.947327
41.879643
41.993990
41.929662
41.922849
41.903133
41.919422
41.832304
41.831972
41.947140
41.954483
41.977611
41.925449
41.839037
41.951006
41.933105
41.933251
41.836840
41.926205
41.889359
41.906117
41.914961
41.849465
41.941733
41.923786
41.933992
42.007280
42.028316
41.851869
41.892398
41.929501
41.838755
41.849308
41.928760
41.919160
41.932293
41.848104
41.947090
41.916408
41.931537
41.846360
41.985382
41.965616
42.001439
41.933362
41.896904
41.853249
41.937489
41.990976
41.939722
41.950870
41.997266
41.995578
41.998959
41.938275
41.970459
41.940049
41.881266
41.935126
41.935816
41.885605
41.937399
42.019617
41.963106
42.025857
41.956802
41.862286
41.852498
41.917275
41.939767
41.916151
41.987791
41.955678
42.014976
41.830505
42.017375
41.992912
41.941571
42.007109
41.949368
41.846748
42.010153
41.954201
41.859267
41.909226
42.011508
41.951515
41.925923
41.947463
41.850528
41.949000
41.905638
41.856394
42.005506
41.948804
42.024607
42.020580
41.953637
41.859443
41.964709
41.941818
41.953838
41.928140
41.946964
41.958278
41.935211
41.941702
42.012632
41.997251
41.872154
41.913641
41.914568
41.984142
41.994978
42.012904
41.970419
41.938170
42.018584
41.870702
42.014144
42.013822
41.844012
42.008112
41.979617
41.931295
41.961957
42.008107
41.857483
41.932873
41.913132
41.939077
41.951812
41.923842
41.948541
41.857831
41.933402
41.935272
41.951878
41.936658
41.865294
41.935312
41.966881
41.936018
41.914694
42.011171
42.014059
41.952215
41.946677
41.932681
41.829764
41.918479
42.015228
41.844001
41.911998
42.019844
41.844193
41.947070
41.947453
41.945019
42.005642
41.972914
41.955098
41.844747
41.935499
41.970807
41.965520
41.833015
41.836689
41.953637
41.946425
41.931426
42.021175
41.972506
41.979264
41.874996
41.934309
42.013383
41.952452
41.935720
41.848603
41.933866
41.947977
41.858304
41.915899
42.015137
41.922697
41.952735
41.943028
41.954141
41.930736
41.945608
41.942685
41.861953
41.863818
41.946767
41.816197
41.931971
41.857367
41.956892
41.906762
41.926795
41.914966
41.858072
41.966780
41.920500
41.915879
41.987998
41.921327
41.844838
41.970933
41.989575
41.939107
42.048067
41.953032
41.970923
41.841814
41.853900
41.955194
41.843200
41.911796
41.925641
41.942831
41.828469
41.953365
41.919815
42.166718
41.943421
41.962970
42.010561
41.919316
41.916045
41.914271
