41.907971
41.897126
41.902755
41.902246
41.905164
41.912396
41.906510
41.931184
41.918011
41.910728
41.919139
41.906908
41.908480
41.904731
41.901430
41.902251
41.913565
41.915647
41.902548
41.902957
41.931094
41.922758
41.911413
41.907770
41.902291
41.903612
41.909791
41.919684
41.913334
41.910940
41.904181
41.920535
41.874548
41.919931
41.911761
41.890231
41.917441
41.901364
41.897478
41.899182
41.909886
41.873857
41.899479
41.904761
41.917673
41.910028
41.920959
41.917003
41.934057
41.912850
41.920515
41.900855
41.886028
41.898633
41.898819
41.917386
41.900210
41.907104
41.914195
41.886205
41.896838
41.878811
41.885771
41.893971
41.896803
41.903073
41.879456
41.898819
41.916690
41.891869
41.893301
41.872073
41.897156
41.886824
41.881119
41.879819
41.911736
41.891516
41.882102
41.873343
41.899580
41.884667
41.894878
41.902019
41.896289
41.907624
41.913056
41.909524
41.898532
41.909891
41.898260
41.885615
41.889722
41.865284
41.894460
41.891128
41.896430
41.897277
41.904191
41.898204
41.893825
41.911136
41.893154
41.911454
41.919931
41.904670
41.895352
41.912321
41.895967
41.901682
41.887611
41.878327
41.916242
41.902685
41.921029
41.892691
41.921170
41.908440
41.886693
41.888457
41.899887
41.901979
41.899378
41.911519
41.912673
41.908415
41.927475
41.926911
41.904711
41.901319
41.892605
41.887076
41.907860
41.901193
41.909357
41.903410
41.902105
41.900326
41.887086
41.899409
41.881890
41.913177
41.890569
41.891118
41.906369
41.904413
41.895805
41.917491
41.877405
41.895387
41.895493
41.905265
41.885358
41.898290
41.903768
41.912986
41.905552
41.915783
41.905240
41.909327
41.876080
41.893049
41.906122
41.911378
41.897589
41.888745
41.899933
41.891325
41.890327
41.890125
41.888997
41.894868
41.900170
41.900880
41.894394
41.901964
41.901606
41.886104
41.900094
41.912754
41.890377
41.885358
41.894959
41.893915
41.896229
41.882752
41.900180
41.901878
41.909458
41.895034
41.889742
41.876831
41.903738
41.876463
41.898023
41.898098
41.875354
41.891990
41.905139
41.894903
41.886814
41.905648
41.890483
41.897347
41.883034
41.909372
41.908037
41.904045
41.889732
41.880751
41.878736
41.895009
41.921690
41.915869
41.909529
41.890846
41.894374
41.900734
41.891658
41.894641
41.884708
41.899459
41.899338
41.915601
41.880494
41.917224
41.904252
41.892162
41.885438
41.887157
41.887454
41.892162
41.887207
41.896723
41.900134
41.871514
41.875626
41.911076
41.904872
41.896082
41.891567
41.903158
41.893175
41.914216
41.896607
41.899373
41.915874
41.875495
41.880242
41.895463
41.892363
41.898360
41.904690
41.900956
41.887938
41.902599
41.906152
41.891733
41.863354
41.877486
41.896637
41.886945
41.908203
41.898325
41.911388
41.879960
41.883942
41.863798
41.887303
41.874674
41.888135
41.887308
41.906580
41.892398
41.892353
41.900941
41.892640
41.896974
41.876276
41.886759
41.909997
41.890745
41.900986
41.888820
41.893215
41.898829
41.895039
41.882757
41.891466
41.876831
41.881215
41.892141
41.900427
41.890645
41.885988
41.887384
41.882228
41.871887
41.879819
41.892222
41.877410
41.896471
41.906832
41.902337
41.889420
41.888810
41.885973
41.904937
41.902584
41.883821
41.883342
41.897347
41.874719
41.902473
41.871866
41.901465
41.879063
41.867552
41.871393
41.878327
41.892958
41.895624
41.888770
41.882037
41.895982
41.884380
41.883428
41.887449
41.880883
41.873283
41.903103
41.897645
41.900961
41.894424
41.892333
41.882919
41.913707
41.887711
41.900956
41.896254
41.872013
41.914357
41.906454
41.897640
41.892403
41.895049
41.918716
41.889017
41.894540
41.871171
41.910985
41.927379
41.898910
41.923438
41.892907
41.919492
41.900840
41.890035
41.868948
41.915758
41.907094
41.898214
41.906600
41.904040
41.893119
41.885459
41.903622
41.897569
41.908077
41.917426
41.904060
41.899499
41.886976
41.914326
41.896985
41.893789
41.898139
41.884330
41.886905
41.901314
41.918691
41.900104
41.906832
41.899036
41.890508
41.895064
41.907215
41.913455
41.915617
41.910703
41.906086
41.911489
41.904796
41.901772
41.916786
41.908092
41.892958
41.893240
41.902700
41.915375
41.904998
41.907996
41.887107
41.904932
41.896768
41.917784
41.894913
41.896355
41.905557
41.908954
41.909105
41.894021
41.918812
41.890640
41.908989
41.922818
41.885937
41.910194
41.911494
41.917310
41.909599
41.910325
41.903980
41.926185
41.902831
41.904020
41.900563
41.889349
41.889475
41.905053
41.932752
41.911590
41.874432
41.898018
41.898517
41.916453
41.895337
41.901541
41.896788
41.900281
41.903894
41.900240
41.923504
41.886451
41.865511
41.912104
41.908475
41.899283
41.906555
41.904610
41.904902
41.911620
41.895160
41.913480
41.879532
41.875918
41.907059
41.899913
41.893069
41.903496
41.914825
41.908344
41.917824
41.903491
41.901404
41.911449
41.885257
41.921942
41.910491
41.902881
41.919275
41.879819
41.927037
41.901787
41.907644
41.908092
41.890645
41.902463
41.921105
41.923368
41.908183
41.899691
41.884743
41.896803
41.912820
41.905114
41.884380
41.906217
41.912563
41.890130
41.912220
41.905562
41.906439
41.903597
41.915460
41.913414
41.898985
41.895694
41.917169
41.911953
41.913112
