41.904302
41.907654
41.916816
41.883145
41.891189
41.894697
41.918625
41.907377
41.902921
41.902896
41.880429
41.903753
41.895463
41.933160
41.910985
41.914402
41.924744
41.894389
41.896445
41.930534
41.903340
41.905194
41.912265
41.911418
41.906878
41.907437
41.915173
41.909831
41.896375
41.900916
41.908969
41.892691
41.900155
41.885902
41.887172
41.900220
41.909493
41.894308
41.896914
41.897604
41.887137
41.902800
41.895064
41.889793
41.907634
41.916781
41.920939
41.907281
41.885610
41.895326
41.899887
41.893729
41.892424
41.909176
41.894354
41.908778
41.890327
41.891859
41.890967
41.890997
41.889183
41.901581
41.918857
41.886225
41.903844
41.907724
41.882843
41.909025
41.886905
41.887721
41.867991
41.890927
41.877319
41.880167
41.901929
41.898849
41.881729
41.885882
41.903521
41.888775
41.874583
41.884103
41.870632
41.892545
41.868626
41.884516
41.903970
41.889364
41.900563
41.890458
41.886058
41.880253
41.898129
41.894137
41.887742
41.890443
41.920898
41.894964
41.906338
41.900966
41.886330
41.893043
41.893678
41.903501
41.907039
41.886608
41.889813
41.883775
41.898023
41.894082
41.873978
41.895024
41.880348
41.901793
41.910894
41.905945
41.890821
41.904952
41.889868
41.899641
41.884617
41.904000
41.879224
41.871987
41.909362
41.896506
41.892691
41.894641
41.873051
41.888840
41.888291
41.889863
41.901505
41.903572
41.915400
41.885786
41.884012
41.894812
41.882279
41.888341
41.906913
41.898542
41.885590
41.883362
41.879229
41.889768
41.893996
41.881397
41.880615
41.910179
41.914306
41.888598
41.877032
41.903914
41.908097
41.902508
41.906560
41.906157
41.909740
41.910416
41.884919
41.878479
41.891320
41.914725
41.881240
41.893099
41.899142
41.902372
41.892786
41.887535
41.889546
41.899414
41.893089
41.914609
41.880459
41.908717
41.894828
41.878201
41.894349
41.910617
41.898073
41.889934
41.888009
41.869185
41.871055
41.878106
41.881568
41.901934
41.915743
41.880757
41.882919
41.880580
41.880227
41.917250
41.883932
41.899479
41.916231
41.919724
41.879582
41.869140
41.881512
41.877859
41.901082
41.899252
41.907331
41.895251
41.899263
41.914321
41.885701
41.893794
41.892277
41.897846
41.908440
41.883952
41.887984
41.903027
41.900739
41.882233
41.870385
41.877692
41.900593
41.884950
41.888886
41.931527
41.907588
41.885595
41.900921
41.904660
41.889858
41.885197
41.883297
41.910804
41.889511
41.898295
41.908153
41.892842
41.889894
41.889178
41.878332
41.892701
41.870299
41.900764
41.889586
41.886840
41.886618
41.894097
41.894999
41.900860
41.874381
41.880903
41.900286
41.904716
41.903854
41.894979
41.895543
41.899983
41.879492
41.887424
41.895125
41.909700
41.898436
41.897000
41.901152
41.904368
41.893689
41.894470
41.879618
41.910889
41.876770
41.890614
41.895407
41.904252
41.913676
41.907336
41.891829
41.891179
41.898083
41.888311
41.882490
41.913979
41.889889
41.905386
41.895578
41.901284
41.901808
41.901561
41.877763
41.891627
41.897358
41.891839
41.889259
41.901480
41.892459
41.897242
41.898466
41.887182
41.891799
41.894747
41.896526
41.897720
41.893079
41.910668
41.899449
41.916075
41.895664
41.884249
41.880127
41.884965
41.872456
41.901485
41.909216
41.912618
41.902004
41.897201
41.884693
41.930968
41.897237
41.888291
41.892761
41.899343
41.901959
41.896324
41.882541
41.889949
41.904393
41.911323
41.888074
41.903642
41.902947
41.894167
41.922057
41.915007
41.889193
41.910652
41.908052
41.899535
41.892988
41.886446
41.893023
41.899867
41.897761
41.908415
41.905915
41.923383
41.922612
41.897826
41.896738
41.904438
41.914775
41.908944
41.908228
41.897710
41.897307
41.911298
41.909141
41.889289
41.895674
41.907649
41.906903
41.905996
41.877793
41.892429
41.903708
41.900543
41.888573
41.903189
41.902281
41.919900
41.886330
41.901757
41.880767
41.890942
41.916720
41.919926
41.909478
41.888442
41.891834
41.905149
41.907820
41.903163
41.892061
41.893588
41.900502
41.887092
41.917673
41.906152
41.931169
41.900240
41.907654
41.914795
41.906036
41.907936
41.901409
41.891562
41.880177
41.894676
41.911857
41.889979
41.892232
41.917179
41.917224
41.893477
41.900679
41.925883
41.921443
41.887590
41.896939
41.920384
41.901656
41.908798
41.913112
41.912930
41.894077
41.905346
41.909277
41.912628
41.907956
41.896067
41.915254
41.890665
41.913636
41.897569
41.913510
41.917779
41.913535
41.894399
41.904670
41.900971
41.898260
41.911862
41.921735
41.915390
41.918474
41.891763
41.888528
41.884184
41.883050
41.914805
41.907417
41.915773
41.926160
41.910320
41.899449
41.903299
41.895896
41.900956
41.901299
41.881880
41.900311
41.905986
41.899978
41.898401
41.900447
41.902165
41.888256
41.896707
41.896334
41.896707
41.892106
41.907145
41.898814
41.894727
41.893376
41.917703
41.891340
41.918620
41.936491
41.905381
41.889153
41.888417
41.908702
41.903662
41.891028
41.891290
41.914296
41.894586
41.894626
41.876498
41.895956
41.902392
41.907316
41.904751
41.897514
41.903330
41.891663
41.903783
41.906298
41.875581
41.907115
41.905688
41.907744
41.897695
41.914901
41.893673
41.913424
41.896536
41.887137
41.909156
41.886976
41.912890
41.909181
