41.915082
41.909881
41.903229
41.927969
41.909599
41.920661
41.930716
41.892469
41.917743
41.892025
41.911368
41.916942
41.930504
41.893961
41.890221
51.117622
45.891761
45.902138
45.981751
46.189470
46.389519
46.473925
46.649929
46.754701
46.933331
47.056891
47.124585
47.196885
47.352604
47.387298
39.301648
43.617019
43.661318
43.623933
43.509142
43.382004
43.297674
43.186970
43.099016
43.012710
42.944391
42.856956
42.813891
42.740396
42.678784
42.601348
42.584778
42.536995
42.496566
42.495367
42.424084
42.391548
42.372346
42.333308
42.339376
42.297057
42.259500
42.244442
42.228702
42.209430
42.181974
42.164753
42.164521
42.135497
42.150021
42.120594
42.130160
42.119365
42.097956
42.071794
42.080064
42.053454
42.036047
42.044484
42.027505
42.029883
42.028497
42.009891
42.017576
42.001298
41.994706
41.987539
41.999352
41.983890
42.000995
41.984339
41.980962
41.975066
41.948829
41.936325
41.950714
41.966972
41.949378
41.942499
41.950008
41.954257
41.951732
41.967168
41.957578
41.923494
41.913077
41.921821
41.938381
41.910743
41.934052
41.939465
41.930398
41.919608
41.904605
41.902347
41.919306
41.930539
41.908637
41.913757
41.927742
41.927112
41.947816
41.906439
41.934576
41.917824
41.885902
41.905033
41.918131
41.930534
41.935458
41.914649
41.906061
41.900704
41.900538
41.892686
41.915168
41.935463
41.914452
41.913928
41.905356
41.884914
41.904595
41.916408
41.912250
41.899983
41.880429
41.906817
41.889954
41.902962
41.911177
41.896087
41.889032
41.911252
41.891436
41.901929
41.923796
41.900573
41.889581
41.911605
41.925883
41.902685
41.917113
41.893250
41.896566
41.895397
41.886653
41.903667
41.907004
41.893265
41.904610
41.898391
41.893411
41.912421
41.902891
41.878111
41.907719
41.901475
41.902039
41.895563
41.901339
41.909891
41.919759
41.894162
41.898436
41.897216
41.915536
41.904494
41.917401
41.889576
41.884279
41.895604
41.928130
41.887943
41.899207
41.897584
41.903113
41.896219
41.923504
41.910511
41.891763
41.899822
41.915324
41.886940
41.906847
41.908077
41.891859
41.906071
41.903672
41.910713
41.889601
41.899444
41.920626
41.893920
41.924446
41.908984
41.900911
41.902624
41.931976
41.918121
41.904549
41.899384
41.905507
41.897766
41.900417
41.919190
41.920777
41.899469
41.922330
41.919185
41.905708
41.914785
41.890856
41.878463
41.904968
41.911615
41.906545
41.919366
41.911232
41.914200
41.907790
41.912905
41.904328
41.919870
41.905179
41.915002
41.904927
41.924184
41.908768
41.926256
41.897252
41.898103
41.891652
41.898703
41.912492
41.893895
41.916962
41.905255
41.909009
41.901651
41.897327
41.895392
41.894661
41.910909
41.909675
41.882410
41.882898
41.904801
41.910103
41.897841
41.917703
41.904821
41.901268
41.891461
41.913349
41.904076
41.923942
41.894928
41.905955
41.911731
41.907684
41.911943
41.902246
41.917643
41.898572
41.905945
41.900956
41.903698
41.922027
41.900719
41.896304
41.890564
41.893663
41.903098
41.879945
41.895483
41.913203
41.903047
41.919825
41.907074
41.897599
41.894933
41.897378
41.911373
41.914347
41.904322
41.914079
41.923433
41.906540
41.921251
41.909670
41.884027
41.899787
41.916604
41.912200
41.901984
41.915581
41.905895
41.891647
41.879330
41.900608
41.889571
41.878655
41.908894
41.915405
41.898345
41.922859
41.928947
41.926850
41.926800
41.900628
41.898305
41.896924
41.939359
41.940024
41.919386
41.921695
41.933326
41.921276
41.907044
41.907140
41.925132
41.902483
41.919054
41.901399
41.932187
41.926553
41.900936
41.901460
41.896990
41.927652
41.893668
41.924335
41.909730
41.919401
41.914457
41.918585
41.928423
41.914513
41.907608
41.925343
41.922743
41.887601
41.921569
41.914029
41.918731
41.903063
41.903597
41.927420
41.919749
41.909443
41.912235
41.906868
41.915284
41.921241
41.922687
41.940261
41.904217
41.924537
41.910980
41.918273
41.937061
41.919890
41.898708
41.931663
41.959720
41.905517
41.922597
41.915511
41.910033
41.917149
41.933493
41.940054
41.914684
41.920505
41.939314
41.930343
41.914241
41.911182
41.924663
41.917023
41.934118
41.889556
41.914810
41.918227
41.930998
41.932555
41.919795
41.902710
41.900220
41.898804
41.931376
41.948940
41.916932
41.921150
41.926316
41.920616
41.912613
41.903894
41.925963
41.920520
41.919981
41.932873
41.930207
41.935181
41.908611
41.910960
41.905900
41.919850
41.912250
41.936476
41.930136
41.917325
41.917476
41.911474
41.906031
41.919074
41.911832
41.899172
41.911872
41.917189
41.910537
41.901873
41.904469
41.915642
41.908097
41.918383
41.909423
41.921286
41.932555
41.913686
41.920329
41.923710
41.905683
41.884456
41.912376
41.895357
41.907276
41.903244
41.905391
41.900230
41.922325
41.916841
41.925832
41.898199
41.919704
41.891249
41.903617
41.912225
41.917129
41.915627
41.916403
41.923826
41.895059
41.912830
41.909115
41.912139
41.922632
41.909020
41.923126
41.898386
41.925227
41.899021
41.902579
41.899137
41.935388
42.180190
41.892081
41.891426
41.900679
41.917532
41.903083
41.896395
41.897998
41.901525
41.928725
41.927707
41.934360
41.906721
41.902125
41.916433
41.899474
41.902412
41.926563
41.905633
41.921004
41.918726
