41.913258
41.897005
41.894631
41.883176
41.916917
41.895518
41.904252
41.920843
41.908732
41.896163
41.888588
41.905341
41.898960
41.894903
41.900538
42.862081
46.276638
45.848474
45.913069
45.994612
46.219280
46.409527
46.529660
46.651758
46.794490
46.885307
47.098756
47.132124
47.271530
47.336331
47.431169
42.812434
43.613939
43.675601
43.539230
43.451573
43.362077
43.285099
43.165808
43.035106
42.979523
42.881222
42.808790
42.773552
42.705515
42.673488
42.611579
42.548194
42.518520
42.478227
42.434557
42.393952
42.362624
42.363491
42.300801
42.293000
42.270492
42.242043
42.226379
42.221637
42.211018
42.186807
42.149180
42.130966
42.157148
42.123074
42.102799
42.088955
42.100813
42.074516
42.057456
42.045255
42.063594
42.022682
42.031708
42.001948
42.000819
42.014053
41.999821
41.985972
41.993093
41.976341
41.962235
41.986975
41.982933
41.960985
41.993965
41.947216
41.938129
41.939722
41.959745
41.955496
41.920178
41.937278
41.938739
41.954524
41.939782
41.927581
41.930595
41.911696
41.919800
41.923655
41.911439
41.921569
41.928569
41.906374
41.919976
41.926795
41.915677
41.904217
41.902216
41.904998
41.920435
41.916181
41.904484
41.917617
41.927934
41.901520
41.903214
41.915324
41.909952
41.919165
41.879270
41.922778
41.911620
41.907739
41.905129
41.909639
41.906832
41.908178
41.873323
41.912537
41.900885
41.905305
41.899963
41.909428
41.895674
41.901828
41.899948
41.898013
41.902130
41.897539
41.899348
41.884037
41.893885
41.912744
41.910355
41.888986
41.898058
41.893215
41.863400
41.920752
41.913797
41.879527
41.889501
41.896566
41.892978
41.897161
41.889274
41.885076
41.888775
41.903254
41.886416
41.892262
41.893215
41.894389
41.912759
41.875036
41.892348
41.883538
41.911882
41.907981
41.914019
41.908122
41.907498
41.895221
41.890020
41.880106
41.884189
41.883155
41.906399
41.902206
41.896602
41.911731
41.880691
41.909740
41.903945
41.901193
41.902715
41.880983
41.889621
41.889128
41.897539
41.891063
41.896163
41.895195
41.911807
41.895372
41.898512
41.917038
41.878846
41.894565
41.895634
41.894661
41.907568
41.893865
41.885403
41.878277
41.912875
41.882203
41.899651
41.893341
41.916317
41.922068
41.886991
41.908390
41.885081
41.894878
41.894268
41.895941
41.901430
41.895972
41.900497
41.889894
41.902569
41.893593
41.891123
41.902211
41.893628
41.878332
41.882672
41.898033
41.906162
41.904423
41.899555
41.877476
41.910501
41.898713
41.901435
41.873726
41.897196
41.906132
41.913273
41.893406
41.892182
41.893709
41.877541
41.903677
41.897730
41.875515
41.884053
41.918792
41.892877
41.918177
41.906656
41.890786
41.908692
41.897478
41.893376
41.908813
41.899706
41.904176
41.902695
41.880777
41.886320
41.895624
41.882405
41.898784
41.867079
41.892681
41.892136
41.913868
41.899948
41.892852
41.908672
41.894339
41.894233
41.882601
41.884642
41.892892
41.896768
41.903758
41.911277
41.895326
41.904706
41.904252
41.897272
41.900114
41.864992
41.904045
41.892877
41.900764
41.914720
41.915183
41.893951
41.902674
41.907246
41.894308
41.898497
41.894495
41.907326
41.908012
41.891839
41.897136
41.876573
41.898159
41.898970
41.907125
41.901188
41.912845
41.894853
41.892822
41.896843
41.894354
41.902564
41.888004
41.896405
41.883644
41.898209
41.908390
41.905048
41.903783
41.914639
41.880540
41.896390
41.896208
41.890932
41.915566
41.912154
41.906520
41.922632
41.908637
41.899515
41.912411
41.888543
41.910451
41.909403
41.927198
41.928715
41.916887
41.908042
41.901944
41.886139
41.903259
41.912971
41.910461
41.908480
41.885801
41.900230
41.899908
41.903194
41.936602
41.913908
41.916216
41.919240
41.891612
41.915571
41.907835
41.928332
41.904796
41.917512
41.907069
41.882883
41.906641
41.919275
41.919034
41.890917
41.889914
41.877677
41.895846
41.914936
41.922073
41.888745
41.918338
41.904479
41.885912
41.902407
41.899696
41.911560
41.909861
41.895029
41.906263
41.907074
41.897262
41.916559
41.894062
41.894172
41.895332
41.892605
41.912371
41.926790
41.902826
41.934914
41.911202
41.902831
41.905078
41.894636
41.912139
41.907291
41.917250
41.909050
41.931588
41.918469
41.900704
41.919442
41.924189
41.920727
41.912754
41.898743
41.900316
41.899046
41.915591
41.899197
41.903204
41.910642
41.910925
41.897655
41.904852
41.900971
41.895841
41.923937
41.902705
41.912053
41.909135
41.905018
41.879068
41.934612
41.887263
41.925419
41.928186
41.929426
41.896279
41.908702
41.903229
41.883624
41.908485
41.902433
41.913858
41.902982
41.906726
41.912426
41.896884
41.902412
41.903294
41.901798
41.893124
41.924149
41.909176
41.903330
41.889112
41.909418
41.912940
41.912512
41.906096
41.876790
41.897554
41.896491
41.882898
41.893492
41.904680
41.909332
41.920142
41.921029
41.899303
41.886986
41.897680
41.889702
41.911192
41.921911
41.909765
41.897998
41.896677
41.906359
41.896995
41.901591
41.888986
41.898330
41.896591
41.882450
41.926765
41.908904
41.904010
41.907704
41.899363
41.883312
41.914478
41.913848
41.888392
41.911817
41.897136
41.906822
41.907513
41.897977
41.911388
41.903375
41.908672
41.923096
41.904126
41.908838
41.906328
41.908188
41.896909
