41.991133
41.984873
41.939979
41.941027
41.982641
41.916005
41.922309
41.953748
42.038023
41.936794
41.999332
41.959014
42.010223
41.928801
41.923947
41.880590
41.924718
41.935191
41.934848
41.949328
42.011070
41.931099
42.023659
41.997110
41.870107
41.998717
41.945049
41.938931
41.926704
41.918646
41.863319
41.994887
41.927309
42.028472
41.942025
41.853335
42.016599
41.826997
41.904539
42.000960
41.854313
42.014956
41.966911
41.953153
41.919417
41.840771
41.920888
41.919603
41.948395
41.915455
42.002714
41.919618
41.933971
41.919764
41.941914
41.969310
41.810532
42.083738
41.921569
41.921019
41.912129
41.944474
41.925973
41.949595
41.922899
41.951898
41.909015
41.826856
41.928634
41.840227
41.954035
41.921992
41.876241
41.935105
41.927233
41.869367
41.979627
41.950467
41.952483
41.958661
41.985307
41.962164
41.836805
41.911963
41.825354
41.924814
41.910678
41.984208
41.851188
41.986340
41.970737
41.856404
41.918867
41.837687
41.938663
41.906107
41.832934
41.995205
41.952503
42.009679
41.981174
41.929219
41.928634
41.988945
41.904711
41.951565
41.828444
41.891103
41.925444
41.912598
41.924789
41.915889
41.925263
41.860456
41.822925
41.923443
41.930328
41.941566
41.827405
41.934969
41.935635
41.925515
41.836331
41.890453
42.001076
41.994746
41.951505
41.913349
41.944747
41.831548
41.908450
41.977918
41.930182
41.918817
41.832692
41.970313
41.942247
41.940619
41.923081
41.932530
41.906903
41.916075
41.828882
41.846239
41.829668
41.833771
41.900054
41.986667
41.954761
41.824235
41.823338
41.921508
41.915365
41.902060
41.998627
41.928241
41.914513
41.939329
41.989520
41.929985
41.835096
41.832229
41.899651
41.891632
41.931351
41.951611
41.938406
41.922113
41.938170
41.993370
41.951157
41.977455
41.934153
41.815214
41.990089
41.914689
41.915914
41.818606
41.996994
41.848331
41.927067
41.938618
41.908989
41.841844
41.948022
41.960229
41.927284
41.933120
41.938956
41.933578
41.991385
41.953596
42.006771
41.915521
41.998818
41.829200
41.834673
41.823878
41.853547
41.908334
41.921362
41.913460
41.913560
41.953879
41.934979
41.940936
41.911519
41.913868
41.944540
41.823147
41.827799
41.930892
41.939193
41.933059
41.925152
41.938613
41.841895
42.021215
41.937645
41.825042
41.985574
41.971251
42.000496
42.002155
41.818475
41.853058
41.944782
41.943552
41.847973
41.984939
41.921745
41.848063
41.991173
41.944021
41.902634
41.935509
41.919139
41.909317
41.842878
41.901772
42.019678
41.933190
41.980337
41.928060
41.902019
41.988275
41.922234
41.954317
41.921256
41.840615
41.839415
41.893255
41.839823
41.918736
41.950426
41.861993
41.977525
41.944046
41.978004
41.996938
41.898764
41.923181
41.915581
41.931749
41.915607
41.929164
41.812573
41.976593
41.919497
41.858113
41.834446
41.909524
41.897574
41.841461
41.843220
41.981693
41.947659
42.000673
41.851979
41.978710
41.940301
41.968872
41.968106
41.849727
41.840343
41.927223
41.918535
42.005057
41.920253
41.931043
41.895059
41.926099
41.944237
41.824876
41.912724
41.923373
41.996641
41.943854
41.933533
41.962068
41.801531
41.925555
41.842459
41.887873
41.835479
41.897680
42.000905
41.931714
41.929224
41.917330
41.947317
41.981905
41.918802
41.940614
41.943003
41.866746
41.909982
41.946148
41.931532
41.831846
41.912089
41.971069
41.988658
41.919714
41.897534
41.919996
41.970404
41.963429
41.852151
41.954378
41.918409
41.867245
41.858042
41.912376
41.888266
41.933321
41.947009
41.863127
41.849928
41.921634
41.852589
41.907588
41.995255
41.918948
42.019154
41.913192
41.843931
41.953425
41.912195
41.993652
41.944696
41.905194
41.910668
41.940241
42.007194
41.938558
42.016921
41.985997
41.839778
41.990004
41.863631
41.908904
41.932203
41.982409
41.914906
41.991183
41.920737
41.929597
41.917930
41.898149
42.003999
41.943854
41.964019
41.954902
41.959352
41.902050
41.839818
41.943557
41.838140
41.849313
41.952941
42.020933
41.966357
41.825989
41.935423
41.935357
41.987978
42.020923
41.912956
41.938432
41.937938
41.937096
41.942877
41.947347
41.961070
41.946374
41.862911
41.900291
41.838352
41.877687
42.006711
41.920853
41.925454
42.005728
41.938371
41.839738
41.996565
41.824372
41.854792
41.841769
41.939833
41.928821
41.859579
41.957290
41.938805
41.967698
41.945069
41.938124
41.910113
41.920934
41.998959
41.931164
41.945472
41.856319
41.938185
42.011110
41.843397
42.000471
41.926543
41.914629
41.948143
41.865058
41.864997
42.007361
41.831568
41.856132
41.848693
41.846788
41.934475
41.942035
41.923710
41.918565
41.951596
41.945412
41.923988
41.953062
41.916252
41.938553
41.945684
41.899328
41.956121
42.012688
41.988386
41.946485
41.947634
42.013141
41.911424
41.844279
41.902135
41.844228
41.847837
41.950517
41.825173
41.963505
41.915758
41.839788
41.993637
41.932797
41.944353
41.999141
41.934637
41.843966
41.866156
41.958848
41.969391
41.908097
41.906621
41.906248
41.846274
41.981522
41.919820
41.940936
41.848663
42.046575
42.020182
41.972304
41.920798
41.856273
41.982479
41.924527
41.869271
41.854983
42.030196
41.951480
41.942317
41.931991
41.917103
41.921594
42.008031
41.921241
41.848245
