41.921886
41.936975
41.838034
41.994655
41.935055
41.839894
41.900785
41.980599
42.007965
41.942121
41.931174
41.920162
41.910632
41.922194
41.923968
41.949580
41.928786
41.907876
41.932061
41.926291
41.866035
41.933951
41.942625
41.936688
42.004503
41.915889
41.941345
41.918343
41.854852
41.848275
41.850961
42.007184
41.919764
41.964301
41.994615
41.964210
41.975061
41.961080
41.909186
41.994424
41.912477
42.008530
41.989923
42.002074
41.929587
41.975918
42.013267
41.953254
41.877597
41.996510
41.934632
41.817427
41.912507
41.992352
41.944237
41.943975
41.883433
41.931643
41.806536
41.835041
41.846904
41.844591
41.853632
41.992503
41.996812
41.817230
41.940165
42.000995
41.857332
41.993012
41.995880
41.911796
41.920006
41.869997
41.968751
41.941078
41.922516
42.001625
41.969462
41.908526
41.929103
41.896818
41.974370
41.972909
42.007623
41.814746
41.944459
41.915178
41.909594
41.982142
41.909085
41.900271
42.011539
41.971805
41.920208
41.936209
41.917184
41.923968
41.830520
41.930398
41.970107
41.828600
41.944530
41.998123
42.003455
41.894485
41.908763
41.943134
41.828832
41.917678
41.928856
41.849444
41.830938
41.900336
41.926361
41.823419
41.918242
41.986874
41.932344
41.910567
41.908455
41.848598
41.812684
41.806183
41.892136
41.904317
41.929975
41.940236
41.984142
41.987247
42.014492
41.999201
41.927541
41.849414
41.911978
41.984793
41.938926
41.996460
41.921468
41.846486
41.920485
41.908899
41.814831
41.925802
41.936975
41.894072
41.923222
41.897564
41.959836
41.931245
41.919301
41.938512
41.951031
41.906187
41.899187
41.879633
41.821559
41.890891
41.921498
41.825344
42.011569
41.910723
41.930056
41.973035
41.913505
41.905986
41.907009
41.931623
41.920339
41.974446
41.833458
41.938805
41.921009
41.923534
41.937081
41.970444
41.920757
41.835353
41.835716
41.894188
41.985629
41.907876
41.947362
41.904302
41.916393
41.912764
41.918751
41.850966
41.930887
41.999806
41.923801
41.977142
41.915546
41.965702
41.954090
41.919941
41.830712
41.913621
41.994167
42.003107
41.933059
41.932288
41.849051
41.906575
41.919734
41.919265
41.831276
41.832380
42.015490
41.987307
41.957351
41.826226
41.922194
41.999494
41.976739
41.934223
42.006837
42.000028
42.036768
41.902725
41.890987
41.981819
41.977238
41.823681
41.905275
41.912774
41.924371
42.017385
41.938190
41.900981
41.957507
41.917824
41.867230
41.974794
41.885736
41.892182
41.921629
41.930187
41.911928
41.992806
41.847958
41.928025
41.942307
41.956464
41.904438
41.948143
41.918842
41.925298
41.841441
41.835172
41.848447
41.933226
41.908319
41.914563
41.998949
41.832874
41.835978
41.923579
41.972737
41.842958
41.946662
41.822386
41.923005
41.923872
41.847544
41.926971
41.943557
41.967088
41.844324
41.910259
41.918751
41.859620
42.008943
41.913853
41.924940
41.900321
41.920551
41.838181
41.918046
41.871559
41.837913
41.944358
41.923937
41.942680
41.926351
41.913369
41.904832
42.011942
42.005808
41.944394
41.938986
41.939545
41.921473
41.907916
41.921231
41.966861
41.987791
41.907432
41.844107
41.915536
41.917063
41.934722
41.922632
41.834683
41.829754
41.908984
41.994776
41.916438
41.935453
41.934480
41.945896
42.009573
41.829673
41.934798
41.882394
41.932984
41.927808
41.925999
41.903834
41.933105
41.925122
41.850392
41.946329
41.925182
41.835202
41.859882
41.830606
41.998632
41.962018
41.846526
41.982499
41.920228
42.038224
42.007844
41.972390
41.943980
41.937530
41.923816
42.009875
41.968776
41.980438
41.876241
41.847242
41.962547
42.000028
41.933770
41.828424
41.947619
42.019532
41.965384
41.969018
41.949136
41.933145
41.846612
41.855336
41.930323
41.925152
41.936496
41.944243
42.012879
41.924960
41.925217
41.960773
41.954846
41.917300
41.921604
41.843482
41.867860
41.944641
41.831982
41.873862
41.933185
42.010490
41.934738
41.928700
41.913167
41.920495
41.954156
41.924351
41.936834
41.943018
41.932757
41.953697
41.975071
41.925550
41.932601
41.934430
42.005612
41.843432
41.941204
42.008202
41.950225
41.948420
41.915536
42.012849
41.897796
41.917804
41.938386
41.941748
41.920702
41.842913
41.938054
41.955224
41.959795
41.946445
41.871030
41.946279
41.837097
41.874542
41.972606
41.929264
41.916080
41.866176
41.948632
41.917386
41.793543
41.961554
41.927848
41.916121
41.902110
41.900402
41.958873
41.983170
41.845045
41.941929
42.028140
41.998879
41.961257
41.999216
41.913520
41.833680
41.941899
41.931578
42.000219
41.965571
41.930741
41.920621
41.929733
41.963888
41.902559
41.939233
41.991339
42.016059
41.949176
42.002714
41.959090
41.862079
41.903738
41.899575
41.861983
41.856304
41.848074
42.006630
41.829114
41.839728
41.940241
41.829608
41.947090
41.919134
41.932747
41.926014
42.023705
41.852156
41.942579
41.855351
41.912825
41.758547
42.020756
42.004397
41.973171
41.965440
41.865098
41.937812
41.949756
41.942070
41.918081
42.000360
41.862916
41.935519
41.964860
41.859942
41.848381
41.857780
41.956000
41.928539
41.960224
41.837883
41.850276
41.837470
41.960768
41.856293
42.002875
41.923993
42.026819
41.938265
41.933977
41.953501
41.958354
41.956787
41.949035
41.944001
41.915566
