41.931880
41.881044
41.936925
42.004347
41.927621
41.956051
41.828882
41.942196
41.848401
42.005007
42.011523
41.950739
41.821171
41.921140
41.942589
41.904146
41.865718
42.022606
42.000194
41.941607
41.922471
41.856621
41.929783
42.005289
41.955516
41.906238
41.847902
41.896813
41.934743
41.870344
41.836674
42.019018
41.972425
41.937973
41.956020
41.906968
41.933069
41.928004
41.926079
41.847771
41.947095
41.959775
41.926986
41.952981
41.855321
41.940498
41.942151
41.932303
41.947957
41.830827
41.919452
41.928886
41.859731
41.947045
41.981804
41.933699
42.000290
41.761183
41.843437
41.913082
42.008903
41.980090
41.911449
41.940790
41.826685
41.822250
41.996974
41.905078
41.932061
41.904615
41.997382
41.992302
41.915949
41.955557
41.998501
41.838906
41.906787
41.931547
41.941370
41.837939
41.974446
41.914851
42.000391
41.927455
41.920399
41.879189
41.919275
41.841154
41.920984
41.972793
41.925248
41.825465
41.922410
41.910582
41.987867
41.833917
41.904957
41.916443
41.981250
41.986420
41.994791
41.828600
41.988698
41.914498
41.835494
41.932752
41.820511
41.932424
41.971901
41.926860
41.832979
42.006126
41.944424
41.928019
41.944671
41.956388
41.849490
41.916998
41.852483
41.937489
41.891466
41.823676
41.934672
41.924487
41.940972
42.000149
41.917522
41.917723
41.922400
41.837379
41.934480
41.951459
41.920394
41.996671
41.843462
41.922395
41.910209
41.930146
41.857392
41.916715
41.934732
41.931058
41.937434
41.978009
41.941531
41.849979
41.829794
41.982363
41.935609
41.921438
41.992050
41.945880
41.929748
41.845156
41.983981
41.933861
41.918484
41.919230
41.902332
41.922309
41.936859
41.946606
41.973342
41.993148
41.860955
41.852871
41.929038
41.989263
41.862402
41.915239
41.842358
41.841058
41.918600
41.899968
41.934052
41.939732
41.916675
41.815995
41.938593
41.933145
41.935519
41.931628
41.929662
41.926926
41.941309
42.000925
41.994726
42.000517
41.843749
41.995552
41.986022
41.927374
41.903002
41.918701
41.984989
42.005360
41.827285
41.943708
41.929340
41.827683
41.996203
41.941466
41.911751
42.003626
41.970374
41.948128
41.834270
41.936234
42.012859
41.845579
41.931401
41.989716
41.984530
41.973010
41.960466
41.933649
41.928876
41.912174
41.926770
41.905492
41.926689
41.922965
41.999483
41.841809
42.022571
41.936698
41.850543
41.987721
41.936436
41.997412
41.909267
41.934894
41.894586
41.833700
42.007915
41.834915
41.980322
41.934697
41.896919
41.937313
41.924950
41.947811
41.933558
41.929960
41.932092
41.935478
41.900024
41.906666
41.919386
41.848502
41.939823
41.930202
41.810205
41.894535
41.934249
41.923484
41.914553
41.877289
41.918535
41.849888
41.918177
41.907639
41.830691
42.012481
41.847161
41.986899
41.921140
42.013509
41.890891
41.937933
41.917678
41.914745
41.919059
41.926966
41.921921
41.923348
41.954881
41.909549
41.923776
41.905613
41.932752
41.919795
41.904328
41.919119
41.968756
41.965954
41.841572
42.002376
41.922899
41.913772
41.854630
41.964780
41.901561
41.938396
41.926175
41.998667
41.833952
41.816837
41.847328
41.935312
41.977268
41.917935
41.945966
41.930257
41.914392
41.909710
41.929400
41.899444
41.900356
42.014714
41.935070
42.007436
41.971069
41.929355
41.836895
41.954997
41.960244
41.953410
41.977051
41.940563
41.920964
41.934410
41.997709
41.930454
41.905023
42.008696
41.932021
41.932797
41.847539
41.925706
41.855457
41.858894
41.946697
42.007240
41.995205
41.992831
41.963505
41.933150
41.852357
41.857604
41.926870
41.946631
42.010531
41.840131
42.021583
41.853925
41.929582
41.996339
41.914049
41.858884
41.958263
41.919805
41.898255
42.026214
42.020570
41.930766
41.933014
41.831039
42.001842
41.917658
41.927974
41.946359
41.955501
41.959906
42.033396
41.944439
42.021643
41.992196
41.991697
41.917350
41.912311
41.836437
41.871337
41.839582
41.943572
41.927420
41.849817
41.950744
41.952518
42.025806
41.974007
41.944288
41.942247
41.924577
41.924900
41.957376
41.925318
41.995487
41.934768
41.929123
41.927067
41.849328
41.999176
41.964770
41.931764
41.904877
41.811092
41.925051
41.979561
41.975116
41.923136
41.930756
41.853486
41.985589
41.869417
42.005435
41.922204
41.917612
41.992725
41.860940
41.949822
41.925852
41.947382
42.006438
41.976185
42.028729
41.929063
41.939092
41.915002
41.945235
41.960400
41.868248
41.963091
41.942292
41.944903
41.985876
41.927586
41.833549
41.855679
41.921977
41.934546
41.923574
41.954115
41.878957
41.943361
41.970218
41.939656
41.828131
41.912119
41.872446
41.988683
41.938487
41.862447
41.994872
41.936673
41.854766
41.914977
41.931159
41.967824
41.926180
41.903687
41.999267
41.951580
41.903269
42.012133
41.943628
41.837152
41.996782
41.852357
41.980665
41.943461
41.929320
41.936879
41.993743
42.006786
41.938623
41.853431
41.914090
41.922264
41.865365
41.848109
41.929582
41.931593
41.928901
41.852937
41.914468
41.821096
41.898597
41.837717
41.973892
41.939203
41.941874
41.936572
41.975076
41.997599
41.940196
41.913570
41.925132
41.933044
41.994691
41.954675
41.972445
42.008379
41.855966
41.861429
41.912769
42.000028
41.942080
41.931139
41.915879
41.944646
41.850523
