41.916136
41.917355
41.939344
41.913439
41.920132
41.901888
41.924572
41.901253
41.922128
41.911151
41.904065
41.922844
41.919643
41.900225
41.900921
41.914155
41.902100
41.885025
41.896652
41.926079
41.920319
41.922844
41.906333
41.906545
41.903546
41.909312
41.892958
41.898451
41.906817
41.908838
41.923212
41.904106
41.915612
41.920929
41.907185
41.900003
41.917572
41.902836
41.906474
41.903027
41.907387
41.921947
41.913757
41.929284
41.912820
41.921553
41.914815
41.895614
41.937429
41.894762
41.896128
41.908873
41.917748
41.932913
41.894586
41.889677
41.877203
41.895553
41.893396
41.921589
41.897554
41.896964
41.897005
41.897393
41.902559
41.880782
41.908218
41.912265
41.882228
41.898607
41.910461
41.904247
41.911701
41.916509
41.907104
41.896460
41.901752
41.902856
41.888488
41.908450
41.914185
41.906953
41.900306
41.937988
41.910879
41.877718
41.904166
41.892459
41.917597
41.889092
41.906706
41.894233
41.910647
41.907190
41.902800
41.896728
41.900754
41.890559
41.928896
41.882551
41.889304
41.895493
41.904126
41.918288
41.890806
41.900356
41.890624
41.882077
41.920334
41.919074
41.894520
41.907180
41.908188
41.894137
41.916388
41.912442
41.904328
41.887918
41.891637
41.911691
41.910612
41.911287
41.925752
41.906091
41.890302
41.888145
41.881810
41.890146
41.912996
41.910380
41.896108
41.896324
41.905068
41.913041
41.884970
41.895830
41.900558
41.891572
41.889894
41.924179
41.912431
41.893043
41.904529
41.894384
41.880373
41.876674
41.934526
41.880187
41.908551
41.900719
41.903274
41.909206
41.896561
41.914261
41.887071
41.911867
41.925157
41.894445
41.910269
41.908485
41.911035
41.923186
41.907367
41.909791
41.907583
41.903088
41.903103
41.894611
41.904615
41.898643
41.889894
41.910471
41.919230
41.886436
41.922617
41.894752
41.907558
41.899812
41.913334
41.899389
41.906091
41.913485
41.900170
41.908611
41.911177
41.940629
41.892776
41.899041
41.894611
41.897428
41.896440
41.891275
41.900331
41.912457
41.919653
41.890866
41.900971
41.893331
41.897428
41.907346
41.911086
41.911650
41.909594
41.897478
41.899525
41.898194
41.889128
41.890050
41.926024
41.902276
41.914427
41.913379
41.911413
41.894812
41.913953
41.930938
41.902176
41.878675
41.922919
41.898345
41.911378
41.918348
41.897746
41.903304
41.894399
41.884803
41.906767
41.928614
41.920389
41.942579
41.940448
41.972375
41.865909
41.906384
41.904433
41.917925
41.916660
41.895720
41.906474
41.904464
41.911303
41.899479
41.908274
41.906575
41.904363
41.902216
41.922304
41.888553
41.901843
41.900780
41.904499
41.917940
41.907629
41.908112
41.887686
41.878967
41.904690
41.898497
41.893210
41.907004
41.912280
41.905693
41.920203
41.900306
41.898990
41.909655
41.908788
41.897887
41.913555
41.915113
41.920737
41.909050
41.915526
41.912447
41.894298
41.905769
41.889299
41.924124
41.937918
41.917824
41.898774
41.900966
41.903274
41.882782
41.914523
41.887706
41.898103
41.916262
41.914372
41.914876
41.911776
41.916433
41.880802
41.906495
41.897690
41.917844
41.903194
41.881558
41.898577
41.909297
41.919225
41.922244
41.917854
41.916927
41.888603
41.728807
41.892822
41.895039
41.910128
41.920228
41.921165
41.911620
41.909392
41.897861
41.904423
41.894691
41.897730
41.891365
41.909629
41.917093
41.879401
41.892686
41.895301
41.907155
41.893351
41.914130
41.914619
41.930670
41.955915
41.940034
41.924935
41.933921
41.911812
41.920828
41.950835
41.914331
41.903471
41.916267
41.931573
41.908092
41.914699
41.943965
41.910688
41.917113
41.913661
41.933911
41.909267
41.945543
41.937363
41.937474
41.932782
41.935110
41.917738
41.912522
41.923262
41.918635
41.944086
41.930484
41.938265
41.926130
41.930348
41.919351
41.912885
41.926165
41.935720
41.929930
41.936799
41.922536
41.936244
41.944207
41.933674
41.940805
41.946329
41.916055
41.913681
41.933558
41.940730
41.916201
41.932228
41.916126
41.937172
41.934798
41.925484
41.930045
41.929521
41.925565
41.917169
41.919724
41.924839
41.928685
41.945961
41.930136
41.915244
41.928861
41.925469
41.917885
41.938588
41.929229
41.958041
41.922476
41.922385
41.929355
41.941415
41.914256
41.935685
41.916337
41.939802
41.931275
41.932873
41.934108
41.919981
41.922541
41.889415
41.929526
41.939550
41.931351
41.912699
41.922304
41.926276
41.932888
41.940044
41.946198
41.914473
41.926099
41.924784
41.914599
41.917280
41.926125
41.921674
41.915057
41.925525
41.920178
41.928105
41.930731
41.914256
41.902080
41.929360
41.916902
41.937474
41.926760
41.927677
41.917542
41.917562
41.910073
41.917068
41.914074
41.920984
41.929400
41.945880
41.933296
41.929471
41.922995
41.933619
41.950326
41.928614
41.925076
41.925414
41.919522
41.930393
41.929804
41.920868
41.902629
41.921599
41.914145
41.919210
41.919553
41.916468
41.933004
41.941708
41.927475
41.932444
41.922440
41.915823
41.921105
41.912855
41.904312
41.910385
41.926140
41.924774
41.928539
41.932732
41.933150
41.928644
41.913198
41.916121
41.929189
41.903572
41.939898
41.922188
41.908793
41.899696
41.900361
41.921564
41.906066
41.894283
41.913737
41.912467
41.934853
41.929768
41.920893
41.943476
41.922924
