41.981643
41.950552
41.861666
41.996928
41.928881
41.839002
41.931114
41.938175
42.009598
42.010163
41.976316
41.849636
41.926684
41.924648
41.918696
41.941657
41.942479
41.902871
41.832959
41.945724
41.918484
41.958127
41.941849
42.006378
41.849454
41.842071
41.854237
41.913908
42.040175
41.877879
41.944615
41.937545
41.951036
42.001993
41.961247
41.923665
41.930318
41.911146
41.999730
41.866398
41.923690
41.853305
41.938563
41.996802
41.927208
41.905416
41.929824
41.916801
41.931532
41.939440
42.004604
42.014784
41.914866
41.926709
41.921276
41.914926
41.974063
41.840257
41.932409
41.946944
41.908621
41.998314
41.916725
41.907034
41.911378
41.861212
41.879320
41.904232
41.998763
41.994005
41.850800
41.981895
41.929884
41.883186
41.864004
41.972632
42.004216
41.949222
41.919124
41.994963
41.981179
41.918121
41.858214
41.932066
41.783716
41.922224
41.913349
42.006000
41.850745
41.839057
41.910320
41.895075
41.904272
41.822199
41.916524
41.847978
41.928801
41.833247
41.957487
41.816157
41.988729
41.927480
41.933009
41.902493
41.969401
41.925439
41.925076
41.905189
41.917890
42.006292
41.837540
41.924325
41.845458
41.915758
41.930736
41.932137
41.935362
41.919144
41.923428
41.941561
41.850785
41.900175
41.915929
41.818581
42.002684
41.815633
41.927833
42.000048
41.933226
41.998869
41.941839
41.818979
41.920001
41.995185
41.928861
41.974481
41.928372
41.947574
41.860371
41.841512
41.897080
41.912235
41.987146
41.922904
41.941844
41.935937
41.904927
41.972092
41.931159
41.820395
41.980594
41.929768
41.906716
41.892701
41.933649
41.862790
41.908894
41.993002
41.911051
41.930726
41.852186
41.827733
41.922108
41.915727
41.889546
41.910899
41.934541
41.946107
41.834758
41.919512
41.905315
41.886290
41.985216
41.982812
41.927415
41.941813
41.910446
41.936683
41.993048
41.969134
41.916761
41.916534
41.930832
41.916796
41.931598
41.977646
41.915627
41.831412
41.928488
41.909529
41.981869
41.935388
41.842434
41.929849
41.938190
41.963212
41.932893
41.983593
41.923418
41.945084
41.912295
41.829386
41.899373
41.946324
41.822250
41.822638
41.834975
41.947322
41.944474
41.944253
41.958581
41.973483
41.893603
41.834154
41.934012
41.975051
41.982202
41.907724
41.987398
41.923423
41.920687
41.926004
41.831276
41.910043
41.982736
41.930691
41.813551
41.953279
41.934274
41.938613
41.933800
41.925928
41.816893
41.925076
41.927989
41.872844
41.885499
41.927606
41.935675
41.904655
41.888488
41.942070
41.901359
41.936784
41.919714
41.930862
41.910980
41.998319
41.917517
41.961418
41.967814
41.918494
41.989394
41.906832
41.921397
41.913374
41.926341
41.932787
41.835051
41.815587
41.920062
41.930338
41.909513
41.908642
41.948839
41.935493
41.854963
41.833499
41.940211
41.918998
41.998168
41.896788
41.815693
41.925192
41.918046
41.920742
41.916176
41.922929
41.986723
41.892449
41.831941
41.965843
41.917310
41.921085
41.929239
41.922511
41.906721
41.981365
41.817109
41.910335
41.834330
41.920404
41.923020
41.996606
41.832889
41.855679
41.827370
41.940306
41.832586
41.911262
41.843230
41.930736
41.936708
41.928433
41.987635
41.945694
41.941813
41.834905
41.939712
41.930721
41.974854
41.929955
41.981572
41.928287
41.971094
41.950814
41.847675
41.941209
41.854555
41.985176
41.940241
41.911983
41.923615
41.971246
41.963142
42.014300
41.868711
42.031234
41.936627
41.992130
41.987373
41.948526
41.924860
41.954221
42.013474
42.009089
41.945518
41.927727
41.916282
41.989288
41.918494
41.989464
41.927611
41.935806
41.958142
41.946228
41.988154
41.927475
41.928957
41.903632
41.955078
41.916942
41.954635
41.915894
41.942474
41.852866
41.910960
41.861978
41.948355
41.855618
41.954997
41.829290
41.839375
41.873177
41.926407
41.962184
42.016851
41.934370
41.933291
41.926059
41.896259
41.846194
42.026421
41.935756
41.932177
41.943028
41.960970
41.978861
41.949680
41.861535
41.919759
41.954665
41.937101
42.004715
41.905487
42.003460
42.015303
41.925086
42.002245
41.921997
41.978558
41.932288
41.943497
41.923146
42.014809
41.928075
41.853718
42.004725
42.003833
42.015938
41.930267
41.948526
41.939515
41.949902
41.949489
41.837389
41.854756
41.938195
41.941299
41.879229
41.922183
41.823308
41.927102
41.839314
41.939490
41.926583
41.923217
41.853209
41.998314
41.939359
41.843407
41.935594
42.003888
41.843815
42.004181
41.970853
41.915486
42.006443
41.914684
41.922768
41.942222
41.864670
41.909554
42.009316
41.827824
41.929068
41.998077
41.824190
41.930585
41.942700
41.938003
41.932162
41.958545
41.869997
41.955532
41.952533
41.948219
41.927919
41.936673
41.932454
41.944943
41.947544
41.953007
41.945417
41.934753
41.944575
41.901052
41.857740
41.994912
41.953138
42.001066
41.911827
42.013726
41.909398
41.943718
41.946788
42.005934
41.917159
41.926785
41.850059
41.933508
41.948395
41.939772
41.911111
41.845256
41.927490
41.852408
41.939329
41.854661
42.001565
42.007033
41.856052
41.852352
41.857574
41.962184
41.939732
41.948002
41.992846
41.970802
41.843805
41.958379
41.840408
41.867744
41.961594
41.849167
42.002931
42.016735
41.833655
41.909891
42.010813
41.858637
