41.921478
41.861454
42.010657
41.931300
41.840761
41.934929
41.844400
41.992342
41.978044
41.987544
41.987186
42.019184
41.934642
41.963545
41.945024
41.934818
41.924315
41.955723
41.933619
41.976235
41.943839
41.924834
41.856813
41.857820
41.907926
41.906570
41.942378
41.940866
42.002059
41.921392
41.844636
41.891325
41.959715
41.930534
41.946924
41.845367
41.834436
41.903592
41.950018
41.941637
41.824800
41.933992
41.845060
41.962875
42.020807
41.939399
41.931673
41.996908
42.003006
41.978311
41.901263
41.934067
41.977208
41.922798
41.915727
41.912114
41.897912
41.926523
41.929809
41.896254
41.997856
41.890342
41.981950
41.846436
41.908107
41.935559
41.843598
41.885045
41.926568
41.927445
41.921473
41.983008
41.940589
41.821877
41.883775
41.828388
41.928292
41.852504
41.935882
41.916972
41.865078
41.942665
41.948118
41.937454
41.956313
41.829416
41.912704
41.916589
41.868974
41.933750
41.905739
41.915642
41.912104
41.909655
41.972541
41.920208
41.901263
41.907281
41.945170
41.930393
41.954604
41.959165
41.991808
42.000970
41.925731
41.928720
41.941405
41.982625
41.923227
41.920944
42.015717
41.823737
41.990099
41.850931
41.930030
41.981522
41.923428
41.822330
41.998093
41.932752
41.974804
41.804228
41.932631
41.926699
41.935514
41.907765
41.895014
41.961453
41.890322
41.900543
41.898955
41.905467
41.835308
41.961222
41.909488
41.918399
41.827249
41.889929
41.958989
41.886114
41.922360
41.860073
41.928433
41.872617
41.923453
42.002089
41.916015
41.978493
41.926155
41.827814
41.930343
41.817286
41.993421
41.907467
41.929607
41.852015
41.902901
41.882132
41.903753
41.899504
41.832748
41.921427
41.828544
41.912487
41.930187
41.902765
41.931638
41.816681
41.970419
41.810416
41.989102
42.009704
41.907251
41.938220
41.923968
41.967471
41.814403
41.906535
41.976326
41.828756
41.903501
41.922677
41.940664
41.973267
41.924900
41.988346
41.942398
41.908495
41.835938
41.945699
41.926593
41.918318
41.978064
41.923952
41.904821
41.972556
41.993174
41.951676
41.897821
41.838342
41.843770
41.932928
41.922733
41.842616
41.822179
41.987091
41.931734
41.917940
41.824457
41.907180
41.929214
41.970434
41.909952
41.970873
41.929678
41.916423
41.838236
41.997135
41.893230
41.915188
41.987186
41.946062
41.910254
41.917491
41.830545
41.976159
41.910496
41.901203
41.921049
41.829971
41.923292
41.926387
42.011292
41.900931
41.983538
41.930187
41.843402
41.910587
41.988421
41.901435
41.917673
41.897080
42.003898
41.958177
41.999514
41.818450
41.951218
41.851939
41.835691
41.912366
41.970187
41.940836
41.989389
41.998173
41.843901
41.917355
41.986551
41.915617
41.910098
41.934188
41.924920
41.912492
41.921347
41.924986
41.925449
41.917491
41.926341
41.984158
41.895740
41.822295
41.839047
41.925621
41.984682
41.945034
41.837712
41.905976
41.898743
41.923847
41.868727
41.894278
41.839037
41.901651
41.945613
41.934390
41.938064
41.987076
41.932646
41.995956
41.894465
41.995583
41.931653
41.839642
41.920621
41.922017
41.935892
41.932399
41.932903
41.934435
41.830122
41.927395
41.961872
41.947176
41.978029
41.879678
41.897836
41.931799
41.877899
42.001273
41.982721
41.929093
41.835615
41.983951
41.915672
41.916922
41.993975
41.925560
41.914301
41.897307
41.976860
42.002779
41.863984
41.933896
41.991208
41.833070
41.931442
41.973876
41.869140
41.924068
41.828978
41.954020
41.869750
41.820063
41.927052
41.978014
41.936118
41.955149
41.965440
41.965863
41.938165
41.912164
41.947332
41.844505
41.858304
41.949615
41.998450
42.014250
41.908702
41.862991
42.000078
41.983336
41.999136
42.006368
41.864453
41.992760
41.988845
41.953778
41.953627
41.915551
41.925731
41.934092
41.975519
41.923413
41.839551
42.011513
41.958818
41.898139
41.903647
41.992085
41.898265
41.949302
41.947413
41.828953
41.942993
41.927722
41.840438
41.944248
41.854237
41.986829
41.961675
41.923161
42.007013
41.836643
41.920808
41.858007
41.994953
41.952750
41.950235
41.918565
41.978836
41.916791
42.000179
42.000648
41.918792
41.935226
41.923680
41.900210
42.014784
41.925091
41.909332
41.913424
41.904821
41.998521
41.845690
41.848270
41.927808
41.935715
41.785621
41.956595
41.997790
41.934672
41.929572
41.938774
42.041122
41.940448
41.851017
41.980539
41.947891
41.972727
41.905537
41.924411
41.945099
41.999483
41.850286
41.931119
41.818087
41.932641
41.937111
41.980962
41.965515
41.902191
41.903032
41.947413
41.959301
41.975786
41.941869
41.951046
41.938265
41.998344
42.001000
41.845241
41.950008
41.842348
41.840826
42.003077
41.934294
41.939717
41.932228
41.829734
41.815854
41.936280
41.965203
41.925404
41.855855
41.927092
41.956484
41.929043
41.906152
41.933513
41.781901
41.940327
41.926795
41.922168
42.017229
41.916438
41.921926
41.928791
41.991884
41.926492
41.846572
41.922909
41.932495
41.942605
41.839899
41.853305
41.920420
41.902004
41.838816
41.860240
41.947619
41.861167
41.844233
41.985700
41.827053
41.912729
41.927521
41.862250
41.931552
41.940644
41.929814
41.921816
41.986526
41.945754
41.952412
41.926941
41.998284
41.932591
41.922133
41.972717
42.018403
41.871287
41.911998
41.911897
