41.910028
41.925243
41.913641
41.906132
41.917244
41.910269
41.910990
41.922939
41.949302
41.897383
41.921286
41.912351
41.917265
41.945245
41.895125
41.900321
41.923937
41.924094
41.930393
41.929405
41.923741
41.908611
41.907528
41.938648
41.934239
41.915098
41.915239
41.926573
41.907951
41.942428
41.926170
41.926629
41.921034
41.916473
41.923448
41.920450
41.921483
41.907140
41.920445
41.930252
41.923423
41.937378
41.939031
41.931567
41.911877
41.917073
41.900427
41.928544
41.892010
41.902906
41.888180
41.903103
41.885262
41.905668
41.888281
41.882430
41.872486
41.872703
41.897791
41.897615
41.898250
41.909498
41.897816
41.893195
41.879320
41.906888
41.906530
41.886749
41.922929
41.907397
41.901939
41.893542
41.889652
41.896339
41.888578
41.878353
41.876951
41.891542
41.899026
41.896914
41.884204
41.897922
41.898975
41.887616
41.894374
41.892051
41.903551
41.893835
41.886935
41.903567
41.909524
41.892973
41.889964
41.915607
41.890881
41.894092
41.887212
41.892847
41.915410
41.912734
41.897473
41.910184
41.903561
41.892257
41.888442
41.888659
41.898224
41.888372
41.887646
41.880893
41.900084
41.859584
41.877849
41.893371
41.907356
41.906711
41.852761
41.882556
41.902402
41.881890
41.893164
41.882732
41.887923
41.881059
41.903405
41.901515
41.899701
41.883332
41.891169
41.896224
41.918182
41.899792
41.887873
41.907921
41.888493
41.900240
41.876730
41.880449
41.895135
41.901646
41.900139
41.899570
41.932974
41.896743
41.900588
41.913727
41.905719
41.900865
41.883977
41.895392
41.902861
41.909473
41.912557
41.897363
41.896617
41.908637
41.894324
41.911882
41.894485
41.887273
41.904912
41.906192
41.908107
41.887177
41.890972
41.889999
41.908531
41.900805
41.907442
41.886265
41.895034
41.902286
41.904650
41.895654
41.908133
41.893175
41.892514
41.910279
41.884526
41.893623
41.901470
41.906006
41.893547
41.901359
41.897952
41.865279
41.901374
41.884148
41.893951
41.909493
41.902060
41.897413
41.902564
41.885600
41.897030
41.897645
41.921584
41.896803
41.863682
41.896486
41.906253
41.898381
41.898139
41.886764
41.904690
41.902634
41.871755
41.882581
41.892781
41.926780
41.902664
41.885227
41.889349
41.907316
41.888064
41.878060
41.901913
41.897201
41.907185
41.894697
41.902171
41.909791
41.891169
41.904514
41.896123
41.900946
41.902584
41.908183
41.907956
41.902932
41.927168
41.893139
41.908914
41.894288
41.905063
41.894288
41.886653
41.901026
41.899550
41.916791
41.907452
41.904076
41.935599
41.893588
41.898960
41.885771
41.905517
41.902327
41.910763
41.898945
41.911948
41.904600
41.891703
41.918701
41.886164
41.880681
41.893729
41.903405
41.902181
41.893477
41.904484
41.903264
41.899610
41.891043
41.872295
41.882868
41.880419
41.879819
41.902811
41.903481
41.910935
41.891254
41.903446
41.900205
41.896692
41.876785
41.881049
41.883549
41.904675
41.899560
41.898486
41.887197
41.910889
41.903703
41.894268
41.878660
41.892736
41.902972
41.910426
41.898154
41.902150
41.919235
41.900699
41.908626
41.882737
41.887580
41.919351
41.893769
41.902377
41.911081
41.898119
41.903627
41.896476
41.923317
41.892812
41.894177
41.888503
41.903178
41.903118
41.904832
41.901500
41.906369
41.897443
41.899273
41.894021
41.877385
41.901893
41.880071
41.905346
41.895463
41.881049
41.896264
41.912668
41.897529
41.921286
41.917103
41.901546
41.911867
41.907190
41.913696
41.925590
41.947337
41.922345
41.915037
41.905073
41.906288
41.901692
41.911983
41.934309
41.927354
41.942388
41.928806
41.908808
41.921982
41.905713
41.923922
41.912568
41.917814
41.915924
41.926634
41.937499
41.932369
41.923842
41.936522
41.916105
41.913843
41.916992
41.929219
41.926765
41.915057
41.942942
41.936814
41.915516
41.927158
41.906278
41.914583
41.919764
41.895206
41.906248
41.932520
41.917406
41.915687
41.926523
41.922718
41.933462
41.929637
41.922451
41.897796
41.925500
41.925792
41.902367
41.921674
41.910678
41.911035
41.904438
41.908611
41.924603
41.926765
41.933604
41.921271
41.920782
41.908631
41.921599
41.915727
41.922753
41.932203
41.925177
41.911046
41.921805
41.916609
41.922768
41.922340
41.922093
41.914876
41.922244
41.922249
41.932888
41.894278
41.896783
41.920087
41.903451
41.931069
41.914689
41.919659
41.940483
41.906228
41.911025
41.919024
41.926825
41.905759
41.908702
41.925610
41.901233
41.912502
41.911343
41.918051
41.902296
41.902221
41.923721
41.921175
41.943335
41.915350
41.942857
41.944560
41.928982
41.903506
41.921881
41.901843
41.908410
41.954629
41.932465
41.921634
41.914972
41.924996
41.927233
41.928670
41.936940
41.894576
41.914553
41.922944
41.896496
41.916680
41.928866
41.936370
41.917003
41.933331
41.921735
41.915581
41.915516
41.933755
41.929476
41.934163
41.900976
41.921498
41.923559
41.920540
41.929844
41.927359
41.943416
41.934339
41.947438
41.930796
41.927047
41.916131
41.924013
41.904378
41.890115
41.909065
41.912331
41.918872
41.907921
41.924860
41.928140
41.916438
41.933140
41.938049
41.926936
41.908047
41.903153
41.918938
41.943149
41.930096
41.911524
41.928382
41.920762
41.930827
41.932303
41.900956
41.906107
41.908279
41.942101
41.931240
