42.007461
41.959185
42.004004
41.934566
41.898507
41.949081
42.007366
42.003057
41.906787
41.937242
41.855291
41.966498
41.992634
41.932989
41.935257
41.921186
41.950285
41.876110
42.011367
41.942771
41.941254
41.832249
41.996878
41.986617
41.833740
41.909110
41.958621
41.816373
41.809116
41.946500
41.875409
41.921211
41.920656
41.977530
41.853769
41.924169
41.980478
41.865718
41.942766
42.001520
41.842787
42.025680
41.917723
41.961972
41.987383
41.929113
41.953697
41.943935
41.990971
41.924456
41.932097
41.966166
41.832007
41.894838
41.974204
41.976376
41.904055
42.009316
41.945104
41.993108
41.926679
41.974184
41.833378
41.965677
41.914629
41.919966
41.930786
41.822850
41.984470
41.848658
41.928307
41.920359
41.824976
42.000244
41.994277
41.885771
41.994983
41.901697
41.999685
41.941183
41.837581
41.907815
41.921967
41.924723
41.917612
41.985634
41.898804
41.942978
41.841099
41.998319
41.932843
41.941002
41.912517
41.908344
41.930892
41.916045
41.929229
41.926966
41.922400
42.029062
42.001898
41.947816
41.938341
41.983472
41.991712
41.986849
41.961867
41.900638
41.987489
41.830329
42.006781
41.942151
41.849172
41.832798
41.822824
41.921433
41.932031
41.860174
42.023261
42.003278
41.905114
41.908732
41.919401
41.818833
41.978568
41.947246
41.911887
41.923741
41.820829
41.954307
41.916569
41.825112
41.993012
41.906303
41.928433
41.902639
41.943270
41.931215
41.907150
41.833856
41.908173
41.919860
42.003787
41.926770
41.987771
41.945336
41.923378
41.854973
41.932661
41.998818
41.924643
41.927591
41.933714
41.897393
41.992690
41.836900
41.992256
42.011367
41.961297
41.869901
42.004140
41.919296
41.929098
41.833126
41.927017
41.959196
42.024214
41.832279
41.939666
41.995552
41.924623
41.936486
41.917567
41.946037
41.977132
41.827693
41.893936
41.850503
41.805044
41.929002
41.901067
41.913273
41.845775
41.849777
41.942589
41.905023
41.928655
41.912270
41.939621
41.857009
41.986405
41.917360
41.909100
41.911862
41.907437
41.915455
41.909105
41.918963
41.898113
41.919795
41.966851
41.959029
41.836356
41.916307
41.995563
41.931421
41.833257
41.928161
41.869039
41.830878
41.996203
41.854056
41.968595
41.987433
41.924446
41.898456
41.822764
41.948370
41.923045
41.949081
41.886638
41.823016
41.954957
41.892872
41.929995
41.836306
41.920193
41.941849
41.946727
41.910234
41.912139
41.979909
41.998869
41.931154
41.903380
41.913520
41.946480
41.819800
41.933770
41.953067
41.922027
41.939107
41.911968
41.927173
41.957275
41.992161
41.937363
41.851228
42.015550
41.942126
41.983029
41.928387
41.921977
41.936194
41.932984
42.004543
41.925091
41.922425
41.839849
42.002195
41.831790
41.920722
41.924023
41.838644
41.851349
41.908042
41.923595
41.870233
41.922919
41.945009
41.912023
41.921055
41.918328
41.931119
41.905477
41.902433
41.947765
41.907553
41.919764
41.845791
41.961403
41.823535
41.987968
41.838266
41.921891
41.924119
41.978019
41.993703
42.021583
41.830404
42.013978
41.921634
41.860119
41.925711
41.861963
41.838967
41.936562
41.964034
41.956232
41.950310
41.920782
41.837067
41.928750
41.866993
41.978523
41.931633
41.851843
41.917753
41.907578
41.919427
41.988260
41.833877
41.908526
41.911474
41.921029
42.002593
41.946374
41.914392
41.934022
41.901974
41.930635
41.916322
41.958334
42.006081
41.966382
41.911872
42.012098
41.910839
41.838412
41.937373
41.994287
41.914563
41.959352
41.966191
41.833015
41.936874
42.011856
41.939319
41.848557
41.863163
42.010354
41.859343
41.934521
41.913011
41.842565
41.995845
41.951127
41.929899
41.933130
41.934148
41.960350
42.001207
41.996394
41.948642
42.007330
41.923590
41.963636
41.957386
41.933528
41.930020
41.940604
41.941934
41.860058
41.957926
41.846027
41.849087
41.950164
41.924572
41.934118
41.928806
41.831336
41.857054
42.015853
41.846854
41.959377
41.870425
41.942862
41.913172
41.908243
41.922703
41.944444
41.856727
41.979027
42.003359
42.007718
41.958984
41.823580
41.970283
41.814609
41.906585
41.966322
41.933286
41.909040
41.962839
41.947186
41.929965
41.875964
41.915113
41.928115
41.955658
41.798422
41.966790
42.003823
41.933951
41.929325
41.931905
41.926200
41.975943
41.944091
41.928367
41.970626
41.941934
41.961816
41.933306
41.834622
41.937645
41.926029
42.021003
41.987202
41.840610
41.935488
42.022979
41.945996
42.007925
41.984908
41.924597
41.994247
41.852876
41.920021
41.928392
42.020187
41.838745
41.933599
41.904186
41.932460
41.836139
41.981340
41.838377
41.862759
41.925202
41.931840
41.930751
41.933478
41.832425
42.010994
41.994706
41.924431
41.935347
41.834083
41.934475
41.998188
41.995300
41.940165
42.005183
41.927692
41.848925
41.999635
41.934042
41.983276
41.926805
41.924814
41.834189
41.856823
41.939556
41.854620
41.955320
41.957870
41.992473
41.908848
41.910184
41.993254
41.936547
41.929058
41.940135
41.931079
41.842091
42.019522
41.838579
41.905688
41.928241
41.943527
41.965848
41.937902
42.025932
41.827728
41.926099
42.012617
41.940851
42.027999
41.950487
42.008152
41.860829
41.940105
41.987766
41.937021
41.998556
41.918625
41.922955
41.911116
42.026764
41.922637
41.845055
