41.910935
41.921690
41.932102
41.914906
41.917738
41.896813
41.914992
41.899630
41.918807
41.934813
41.920626
41.893855
41.927838
41.924477
41.898542
41.920178
41.938553
41.936844
41.931845
41.916604
41.934022
41.917537
41.923045
41.899353
41.920173
41.890125
41.921891
41.929688
41.929416
41.924129
41.922541
41.912316
41.905461
41.920339
41.938976
41.902165
41.906525
41.921286
41.921397
41.913001
41.912275
41.920571
41.910955
41.912840
41.919805
41.912114
41.899515
41.917764
41.872542
41.923297
41.908168
41.914226
41.905018
41.897655
41.899036
41.894132
41.910033
41.912638
41.922642
41.913172
41.914775
41.915672
41.891254
41.905169
41.898925
41.921296
41.896219
41.917224
41.919860
41.920404
41.917355
41.910940
41.915607
41.901833
41.899086
41.919598
41.912623
41.899525
41.925233
41.907361
41.925590
41.938023
41.915380
41.895871
41.919795
41.907941
41.900578
41.901949
41.913651
41.921690
41.904348
41.924542
41.910395
41.896602
41.911484
41.902886
41.917340
41.897589
41.939868
41.911650
41.904378
41.918454
41.908143
41.906389
41.905285
41.883483
41.939324
41.881094
41.905043
41.900951
41.935559
41.925424
41.915395
41.899651
41.893900
41.890130
41.892328
41.909871
41.925464
41.909040
41.916947
41.896072
41.888855
41.911434
41.904207
41.901057
41.918943
41.913434
41.890110
41.904338
41.889571
41.898290
41.910975
41.909594
41.909302
41.904116
41.904186
41.884249
41.894147
41.928765
41.901324
41.917512
41.891970
41.920026
41.878292
41.916786
41.925036
41.915259
41.906409
41.888321
41.908747
41.901893
41.905411
41.919517
41.919366
41.905598
41.898139
41.904348
41.909367
41.923136
41.914573
41.922647
41.902100
41.901072
41.914916
41.913767
41.915778
41.917451
41.930701
41.916121
41.914029
41.918096
41.898043
41.897972
41.910219
41.903738
41.917587
41.904408
41.935267
41.920107
41.909675
41.924849
41.897927
41.892655
41.909881
41.888437
41.905094
41.903738
41.907608
41.918056
41.934113
41.916710
41.909826
41.919895
41.899197
41.918605
41.924250
41.907926
41.912235
41.929017
41.910582
41.912255
41.915526
41.923968
41.886189
41.914750
41.909740
41.920470
41.898683
41.899978
41.926830
41.925933
41.914271
41.892081
41.942645
41.900623
41.920868
41.918323
41.922314
41.904514
41.939082
41.914936
41.909513
41.929773
41.910899
41.900230
41.919533
41.919124
41.904277
41.920994
41.908647
41.898985
41.904146
41.923579
41.904474
41.894414
41.922410
41.903108
41.930519
41.900825
41.910980
41.903763
41.882672
41.917350
41.907699
41.913626
41.901465
41.923081
41.918227
41.934899
41.908843
41.923166
41.893175
41.894737
41.889359
41.910390
41.907734
41.910053
41.910038
41.905255
41.911681
41.907523
41.922415
41.932863
41.901142
41.911983
41.911136
41.906283
41.903531
41.904726
41.923055
41.918696
41.921186
41.905603
41.909478
41.900573
41.911872
41.916987
41.907457
41.914442
41.893633
41.912300
41.911393
41.915894
41.920929
41.916861
41.897594
41.914820
41.914654
41.944343
41.908269
41.913192
41.905411
41.896430
41.927138
41.902639
41.901158
41.917365
41.909977
41.923877
41.945805
41.923191
41.922093
41.922839
41.924592
41.902433
41.917869
41.936648
41.918192
41.918509
41.908410
41.896995
41.912986
41.909171
41.915773
41.908778
41.901057
41.900996
41.903592
41.925293
41.907870
41.928786
41.890725
41.920520
41.929668
41.912406
41.943522
41.915995
41.925051
41.923267
41.911872
41.935594
41.934365
41.920001
41.908707
41.901722
41.903859
41.932974
41.925686
41.928377
41.946213
41.940826
41.925610
41.913450
41.896229
41.925197
41.908692
41.930434
41.937615
41.937706
41.937015
41.927747
41.907326
41.938532
41.945230
41.932414
41.933306
41.898144
41.950179
41.930020
41.941471
41.939304
41.948552
41.918343
41.930348
41.926815
41.933115
41.942252
41.938129
41.958223
41.923116
41.917925
41.935902
41.917612
41.919522
41.922128
41.920576
41.930660
41.964276
41.927601
41.926457
41.930363
41.919467
41.940528
41.927339
41.933856
41.921936
41.930393
41.921674
41.934642
41.922713
41.947024
41.925036
41.927319
41.911277
41.914463
41.920435
41.935126
41.947367
41.919270
41.948713
41.937288
41.953581
41.945094
41.940579
41.934627
41.928030
41.921559
41.916206
41.949519
41.935816
41.946974
41.904781
41.922158
41.917386
41.925086
41.923146
41.935529
41.945578
41.930655
41.935332
41.949277
41.935594
41.938936
41.917436
41.956812
41.936622
41.937383
41.913747
41.940216
41.908062
41.921639
41.918923
41.928952
41.928675
41.935388
41.911308
41.951585
41.933563
41.934899
41.942912
41.920178
41.937892
41.925520
41.931497
41.920954
41.934889
41.946944
41.942993
41.920132
41.938759
41.940669
41.932228
41.939157
41.940044
41.937978
41.935826
41.950583
41.973015
41.944515
41.948244
41.932510
41.927233
41.932691
41.943003
41.946909
41.930096
41.934571
41.954055
41.963651
41.944273
41.936219
41.943295
41.919104
41.934113
41.920853
41.944036
41.935564
41.935257
41.956872
41.952850
41.931729
41.953929
41.942710
41.963237
41.941042
41.960556
41.955149
41.939596
41.925812
41.950915
41.953919
41.944535
41.937711
41.946425
41.950411
41.947886
41.934677
41.934289
41.953365
41.944595
41.922062
