41.916357
41.902564
41.895589
41.912492
41.910285
41.931673
41.914221
41.901450
41.909206
41.894979
41.903561
41.911676
41.895619
41.906857
41.904413
42.395741
46.842867
45.844916
45.886494
45.994103
46.202508
46.343380
46.490425
46.684290
46.773131
46.910521
47.073905
47.133727
47.260986
47.320985
47.444127
42.668171
43.618349
43.678418
43.591366
43.495414
43.397562
43.295335
43.150185
43.070400
42.985838
42.908880
42.841781
42.767469
42.742079
42.674989
42.593451
42.548657
42.510784
42.474074
42.434139
42.405059
42.379749
42.358819
42.304818
42.292531
42.280063
42.256008
42.229272
42.223683
42.176490
42.147038
42.161946
42.141071
42.113090
42.119208
42.110958
42.111346
42.097961
42.069798
42.056141
42.037277
42.032020
42.025055
42.025156
42.018166
42.022803
42.018121
41.998143
41.986209
41.988184
41.984152
41.981245
41.966735
41.979103
41.962633
41.971180
41.970525
41.973468
41.957003
41.917839
41.940251
41.939450
41.930897
41.935801
41.937570
41.955300
41.912804
41.910587
41.933840
41.928277
41.914674
41.937318
41.921856
41.917154
41.902937
41.923993
41.913455
41.902271
41.912265
41.906177
41.891844
41.917839
41.896990
41.922481
41.918288
41.900699
41.903007
41.915833
41.916957
41.894792
41.905467
41.887888
41.907054
41.897982
41.911580
41.905275
41.900452
41.886154
41.907382
41.909095
41.902614
41.904262
41.913591
41.913555
41.894429
41.906968
41.917895
41.881165
41.887092
41.909352
41.901712
41.889853
41.883342
41.876387
41.884849
41.886663
41.883664
41.890418
41.887822
41.884607
41.884879
41.909226
41.890156
41.892872
41.915339
41.903597
41.887308
41.888669
41.886608
41.882042
41.884234
41.885000
41.891390
41.927122
41.896924
41.884642
41.896712
41.903012
41.868399
41.891663
41.864493
41.893542
41.913172
41.880192
41.909534
41.895110
41.887737
41.876820
41.885524
41.910693
41.874275
41.899923
41.881341
41.874285
41.893180
41.899767
41.883135
41.902261
41.897181
41.887006
41.894268
41.887515
41.904761
41.892071
41.908808
41.920430
41.907876
41.892560
41.878136
41.900160
41.895397
41.925696
41.907034
41.911096
41.911892
41.891723
41.898648
41.902806
41.884637
41.891587
41.883463
41.882934
41.914457
41.897463
41.889546
41.901626
41.885932
41.900568
41.889546
41.887973
41.871952
41.900235
41.894722
41.886139
41.884864
41.886336
41.889380
41.898723
41.881638
41.870455
41.899953
41.875329
41.904700
41.897685
41.891466
41.898542
41.897035
41.891275
41.891935
41.891864
41.888588
41.898013
41.887102
41.897403
41.878821
41.909801
41.879733
41.875394
41.869074
41.880852
41.893492
41.892832
41.913525
41.899469
41.889697
41.891254
41.893991
41.887459
41.871388
41.901016
41.881694
41.884521
41.890216
41.897484
41.906676
41.892177
41.881185
41.897070
41.908435
41.900341
41.911655
41.902392
41.900296
41.880106
41.893850
41.873469
41.883105
41.881407
41.874573
41.887076
41.897761
41.896843
41.904302
41.910521
41.899615
41.872234
41.888719
41.906137
41.870929
41.893205
41.891239
41.879859
41.886144
41.900759
41.886058
41.873464
41.873545
41.890539
41.880152
41.885504
41.911081
41.914956
41.879542
41.904358
41.890337
41.887948
41.888094
41.884526
41.879789
41.880056
41.883533
41.909811
41.896692
41.888694
41.875188
41.899887
41.875636
41.878085
41.881533
41.884879
41.901692
41.896012
41.873197
41.920682
41.904489
41.893759
41.887873
41.914447
41.893729
41.907810
41.913601
41.919205
41.915546
41.880610
41.895296
41.884058
41.891340
41.899560
41.898290
41.901969
41.895054
41.888588
41.903607
41.873867
41.896556
41.894319
41.893437
41.912643
41.874507
41.914941
41.893049
41.919250
41.912774
41.903022
41.916045
41.887031
41.895891
41.918469
41.921881
41.913737
41.893633
41.903561
41.886703
41.897942
41.902987
41.914639
41.885937
41.882898
41.916851
41.916126
41.917779
41.902871
41.895206
41.910476
41.887409
41.909166
41.895382
41.892449
41.908505
41.903304
41.894697
41.906328
41.899595
41.906243
41.904781
41.899782
41.915773
41.916589
41.929345
41.909690
41.888765
41.913182
41.893477
41.894424
41.913147
41.885045
41.895876
41.890010
41.893205
41.912653
41.910642
41.900235
41.907427
41.895740
41.903768
41.898204
41.911817
41.908763
41.921291
41.921211
41.909680
41.900054
41.931961
41.925711
41.896118
41.906192
41.907190
41.913253
41.910970
41.918036
41.915617
41.898507
41.907054
41.898310
41.906716
41.901011
41.902337
41.905955
41.906102
41.904171
41.899983
41.908516
41.898174
41.900613
41.895518
41.908374
41.901032
41.911524
41.902690
41.927440
41.920500
41.889037
41.907019
41.911645
41.904081
41.889349
41.901878
41.905356
41.906878
41.899434
41.898804
41.895352
41.917365
41.897861
41.913833
41.904035
41.887560
41.915874
41.908868
41.914704
41.893119
41.897549
41.892726
41.901994
41.895780
41.911731
41.893996
41.902911
41.894132
41.913208
41.895614
41.914039
41.881759
41.891663
41.897987
41.906238
41.890614
41.884753
41.911615
41.913802
41.924587
41.902911
41.897907
41.883312
41.896823
41.900507
41.917602
41.893633
41.934526
41.914689
41.910174
41.902417
41.898522
41.891844
41.913364
41.887071
41.905204
41.912406
41.903309
41.898582
41.917098
