41.917829
41.910814
41.905890
41.916705
41.936663
41.909060
41.910028
41.903108
41.910718
41.918026
41.902634
41.909448
41.925545
41.921427
41.909317
41.904272
42.121522
47.395674
45.844523
45.899890
46.033882
46.210451
46.383542
46.520261
46.649324
46.779653
46.928583
47.043440
47.145797
47.267271
47.333226
47.412542
42.445423
43.640484
43.669659
43.588887
43.509883
43.367772
43.261095
43.185992
43.067759
42.993004
42.906320
42.843797
42.800470
42.754890
42.686712
42.651565
42.590488
42.540226
42.485348
42.467507
42.421539
42.369564
42.373944
42.322724
42.301603
42.282230
42.249582
42.247299
42.218653
42.203126
42.185582
42.157354
42.150369
42.126531
42.122983
42.115938
42.098928
42.087216
42.050415
42.059598
42.056413
42.057390
42.045456
42.036405
42.017193
42.011110
42.008772
42.011211
41.976195
42.000255
41.986607
42.002296
41.970611
41.982676
41.953793
41.968539
41.958772
41.942091
41.957104
41.941415
41.959831
41.943895
41.943723
41.944807
41.947801
41.938487
41.922521
41.921639
41.908586
41.925429
41.923826
41.947251
41.915944
41.944011
41.925424
41.924608
41.938517
41.925868
41.931028
41.942242
41.937273
41.915652
41.909579
41.923413
41.904821
41.888064
41.931819
41.891345
41.931819
41.933236
41.916574
41.913082
41.927883
41.899308
41.898849
41.888004
41.900795
41.901450
41.879789
41.939646
41.917350
41.901808
41.891431
41.894374
41.907281
41.894011
41.893850
41.903320
41.908163
41.886935
41.906757
41.911096
41.903793
41.884390
41.906313
41.929854
41.899908
41.894686
41.906772
41.903058
41.887525
41.902685
41.888145
41.896758
41.907155
41.897292
41.907281
41.903758
41.909458
41.878151
41.881618
41.898169
41.894586
41.904600
41.914578
41.904539
41.880867
41.918303
41.894626
41.904242
41.904922
41.890322
41.906983
41.877269
41.909710
41.915012
41.913087
41.912845
41.907901
41.875656
41.895069
41.897796
41.892061
41.889551
41.895815
41.890902
41.899515
41.883685
41.891980
41.886840
41.883518
41.899384
41.907089
41.904963
41.896415
41.890010
41.907422
41.893759
41.885832
41.897045
41.885983
41.883745
41.910723
41.912714
41.898083
41.898119
41.879421
41.903284
41.885383
41.899580
41.908994
41.894591
41.904373
41.901284
41.887086
41.859746
41.879214
41.890881
41.882490
41.919291
41.885141
41.911232
41.902024
41.886492
41.900991
41.892761
41.901183
41.898985
41.896763
41.909236
41.898532
41.908485
41.876846
41.880883
41.889606
41.881780
41.898824
41.900467
41.909619
41.890614
41.895286
41.898174
41.904207
41.915294
41.860567
41.880867
41.903531
41.889692
41.917305
41.897786
41.893124
41.892807
41.902342
41.899323
41.880535
41.898874
41.912794
41.907281
41.896158
41.897569
41.911308
41.903728
41.885529
41.891950
41.876458
41.898124
41.890241
41.913883
41.905814
41.911817
41.901198
41.908964
42.118210
41.896093
41.888165
41.898406
41.904509
41.898592
41.916675
41.907387
41.889561
41.904842
41.886411
41.912946
41.909337
41.916504
41.906147
41.910350
41.888135
41.889475
41.877889
41.895760
41.885040
41.885549
41.911172
41.912174
41.901964
41.893250
41.888800
41.899625
41.903803
41.894686
41.915163
41.889380
41.910143
41.906812
41.910602
41.893069
41.886900
41.889939
41.895886
41.877551
41.884239
41.897282
41.910839
41.921760
41.908264
41.907810
41.887918
41.890755
41.887510
41.914740
41.899373
41.922884
41.912563
41.905905
41.908974
41.902609
41.897453
41.896193
41.921926
41.928322
41.936582
41.919588
41.901223
41.943209
41.914840
41.921594
41.908823
41.922556
41.929431
41.920974
41.918414
41.925343
41.917446
41.924779
41.936758
41.919966
41.928166
41.906731
41.905683
41.910239
41.950099
41.937519
41.921614
41.931184
41.927374
41.933115
41.916564
41.914846
41.904076
41.918716
41.921528
41.932787
41.919911
41.923756
41.916539
41.913636
41.922723
41.917829
41.923539
41.914513
41.926427
41.900981
41.912144
41.943552
41.897000
41.911660
41.925988
41.917809
41.922627
41.939142
41.953415
41.928221
41.934894
41.927657
41.910511
41.914175
41.903007
41.933241
41.915667
41.931739
41.934415
41.906122
41.914614
41.912502
41.931819
41.915133
41.904585
41.910915
41.923151
41.932354
41.915642
41.911207
41.905618
41.919870
41.913873
41.903355
41.891365
41.906787
41.900397
41.907397
41.925066
41.920556
41.919744
41.929380
41.908566
41.924315
41.929078
41.929249
41.911640
41.901369
41.928483
41.896808
41.917330
41.912825
41.895800
41.918928
41.923096
41.922944
41.930066
41.920813
41.915344
41.916846
41.915108
41.917839
41.899625
41.900104
41.919457
41.945049
41.908692
41.902458
41.911489
41.924466
41.913339
41.919170
41.918686
41.923665
41.913943
41.906737
41.901455
41.914755
41.912729
41.909574
41.919593
41.895997
41.939566
41.901047
41.900472
41.908334
41.911116
41.903168
41.913283
41.908042
41.919613
41.909398
41.921821
41.892802
41.930716
41.904484
41.921518
41.905593
41.920586
41.930796
41.921609
41.912830
41.904887
41.923121
41.936627
41.919220
41.923317
41.911943
41.927379
41.901843
41.906913
41.916655
41.929194
41.918635
41.910053
41.917280
41.925530
41.926679
41.917960
41.911378
41.876548
41.934067
41.912124
41.939021
41.940463
