41.910511
41.902916
41.922531
41.885857
41.913732
41.918580
41.908213
41.921206
41.920672
41.926326
41.916740
41.896521
41.911615
41.912295
41.906999
41.883201
41.922985
41.916962
41.914533
41.921574
41.923343
41.913374
41.930020
41.904131
41.912976
41.910547
41.930832
41.938915
41.943507
41.929481
41.905764
41.912351
41.910607
41.919129
41.917300
41.932586
41.923358
41.942302
41.941017
41.913767
41.934727
41.932026
41.933024
41.913213
41.914609
41.939268
41.921967
41.931331
41.911262
41.901450
41.899590
41.898305
41.915823
41.895347
41.880157
41.894616
41.885942
41.907150
41.901888
41.906933
41.918268
41.914337
41.907135
41.905295
41.904963
41.899525
41.889596
41.907276
41.908153
41.922194
41.924577
41.913702
41.903173
41.891874
41.894571
41.887575
41.910718
41.912820
41.912981
41.912815
41.910743
41.886315
41.886759
41.928801
41.905834
41.884602
41.899958
41.916191
41.905668
41.911917
41.898144
41.893830
41.946490
41.908097
41.890846
41.953410
41.898018
41.869190
41.894389
41.884496
41.913142
41.903975
41.910632
41.897045
41.908526
41.917355
41.900442
41.907956
41.915168
41.906500
41.895226
41.898401
41.897166
41.888321
41.901621
41.896355
41.916952
41.907029
41.899898
41.899615
41.890569
41.904761
41.900507
41.886658
41.898078
41.903078
41.918948
41.913208
41.906313
41.891945
41.914377
41.851113
41.891940
41.902584
41.908752
41.887565
41.914226
41.902387
41.917653
41.899555
41.893452
41.880187
41.904348
41.894727
41.869946
41.904761
41.915964
41.891824
41.924235
41.897947
41.885428
41.888523
41.900538
41.892041
41.910647
41.912704
41.918484
41.887994
41.922264
41.911524
41.908712
41.903627
41.901238
41.886915
41.916645
41.902901
41.919326
41.903733
41.916781
41.898098
41.898179
41.877828
41.906086
41.882762
41.898245
41.904459
41.893457
41.886406
41.896788
41.903315
41.890977
41.885564
41.894762
41.891673
41.915889
41.913827
41.900996
41.910083
41.893684
41.902191
41.892313
41.894349
41.903698
41.875762
41.906555
41.921483
41.890574
41.901490
41.866393
41.897111
41.888417
41.878479
41.916730
41.923877
41.878116
41.906112
41.903511
41.904065
41.886598
41.874422
41.871574
41.878988
41.895024
41.902680
41.907200
41.916100
41.887812
41.903385
41.906716
41.903405
41.882354
41.894107
41.902760
41.888886
41.916267
41.888679
41.909398
41.923927
41.905970
41.887943
41.875389
41.884058
41.897423
41.904292
41.894213
41.909816
41.906338
41.897413
41.886391
41.911111
41.883191
41.878887
41.906107
41.906611
41.906212
41.905149
41.892146
41.872622
41.893936
41.884063
41.889395
41.884068
41.893996
41.898275
41.908148
41.890927
41.888281
41.897514
41.895326
41.900543
41.895422
41.911938
41.897897
41.891627
41.901868
41.902760
41.884844
41.910925
41.906273
41.923327
41.884375
41.923469
41.916363
41.907437
41.896677
41.863994
41.899464
41.897715
41.886845
41.890483
41.887253
41.896879
41.897610
41.899978
41.925449
41.904005
41.901591
41.890609
41.891199
41.894445
41.919840
41.893043
41.885408
41.907104
41.902856
41.890554
41.885247
41.885030
41.901843
41.912537
41.905744
41.879567
41.912961
41.895437
41.909680
41.897478
41.888331
41.892640
41.896697
41.871307
41.892504
41.902463
41.884914
41.908238
41.892746
41.893169
41.891159
41.901193
41.896541
41.926508
41.902085
41.903677
41.911192
41.910133
41.882354
41.892076
41.907941
41.913349
41.895185
41.918741
41.926916
41.907266
41.892479
41.925792
41.911348
41.900200
41.913072
41.895493
41.931134
41.920722
41.896445
41.922682
41.900774
41.927863
41.886598
41.913041
41.894727
41.905209
41.902130
41.907699
41.930106
41.935247
41.894762
41.919724
41.897332
41.893452
41.887822
41.927450
41.919875
41.913696
41.910547
41.923937
41.897660
41.906157
41.922738
41.916877
41.920813
41.936834
41.906857
41.903128
41.916892
41.916962
41.909483
41.906348
41.920228
41.890650
41.898290
41.921206
41.941153
41.930126
41.902186
41.911318
41.905557
41.906973
41.900044
41.922793
41.908077
41.910950
41.941718
41.899540
41.909534
41.907553
41.915617
41.898033
41.907155
41.922249
41.913636
41.905749
41.923902
41.921458
41.922214
41.901813
41.920732
41.909932
41.915375
41.909700
41.923947
41.911051
41.926150
41.909146
41.911953
41.903929
41.926548
41.903904
41.913409
41.906495
41.889914
41.893114
41.914649
41.918751
41.908042
41.910456
41.923927
41.903819
41.892797
41.923247
41.909846
41.922481
41.908909
41.892756
41.887968
41.925348
41.921891
41.908133
41.904857
41.912502
41.908596
41.917421
41.923448
41.917381
41.939445
41.909806
41.893124
41.917401
41.920052
41.905668
41.891925
41.910824
41.923116
41.922985
41.916771
41.912260
41.893507
41.905850
41.894772
41.920445
41.911182
41.929350
41.919003
41.893401
41.912789
41.914382
41.905124
41.905829
41.906767
41.921241
41.915843
41.923459
41.920208
41.907709
41.921065
41.887278
41.909110
41.903546
41.907382
41.931119
41.905673
41.910945
41.921402
41.893064
41.913460
41.919034
41.917799
41.915103
41.927495
41.910229
41.920309
41.907825
41.913460
41.920420
41.890251
41.893210
41.919971
41.906001
41.937010
41.928574
41.916816
41.903063
41.928523
41.923448
41.899278
