41.904806
41.959967
41.925842
41.847388
41.934138
41.849122
41.920097
41.938860
41.824372
41.981426
41.964805
41.826922
42.000970
41.919558
41.905839
41.963767
41.933432
41.843271
41.924260
41.946011
41.906500
41.906994
41.992272
41.892963
41.935302
41.908037
41.843276
41.854530
42.002291
41.984546
41.842671
41.935952
41.916942
41.935892
41.965742
41.952044
41.985594
41.940060
41.946410
41.929012
41.902055
41.928614
41.895609
41.996762
41.931522
41.935090
41.984152
41.924819
41.945180
42.000688
41.944998
41.953687
41.937716
41.913923
41.964896
41.985644
41.917038
41.911177
41.957109
41.935373
41.839032
41.932177
41.823731
41.914578
41.839224
42.028130
41.947035
41.936607
41.990906
41.905361
41.913964
41.933100
42.005834
42.011040
41.931915
41.998188
41.912880
41.934707
41.972153
41.904081
41.933830
41.898083
41.838538
41.950462
41.904887
41.931804
41.915002
41.928629
41.821065
41.979541
41.965455
41.927334
41.884546
41.946566
41.923358
41.824034
41.995799
41.927248
41.932273
41.914372
41.943623
41.882677
41.842293
41.942524
41.926840
41.915783
41.928337
41.802902
41.934299
42.011251
41.991435
41.987534
41.920994
41.982812
41.937615
41.835046
41.917759
42.015117
41.826277
41.934223
41.977596
41.920082
41.945961
41.932948
41.951651
41.944615
41.949302
41.995159
41.967370
41.822673
41.941566
41.997669
41.968081
41.896586
41.926608
41.937771
42.002598
41.917118
41.954161
41.927868
41.907956
41.939611
42.010455
41.906162
41.974486
41.910285
41.942605
41.899570
41.977969
41.913535
41.936617
41.899540
41.933195
41.933074
41.934259
41.945684
41.937882
41.824709
41.986703
41.988300
41.955920
41.815880
41.905199
41.848184
41.931391
41.948163
41.992261
41.981396
41.826236
41.981355
41.935766
41.847655
41.818823
41.930207
41.991017
41.941209
41.921256
41.957754
41.900376
41.893391
41.855361
41.910738
41.883730
41.926336
41.913576
41.944187
41.914921
41.774574
41.943517
41.973493
41.984651
41.990961
41.807377
41.914669
41.837344
41.999211
41.981698
41.945966
41.891980
41.835091
41.919286
42.006176
41.923610
41.928161
41.893895
41.926659
41.872108
41.951051
41.978558
41.929904
41.994429
41.918162
41.931648
41.992529
41.919306
41.924376
41.807120
41.925656
41.972687
41.901067
41.883634
41.924527
41.921281
41.828822
41.855346
41.983210
41.942045
41.928241
41.805865
41.802716
41.979546
41.985281
41.925429
41.927591
41.842631
41.922657
42.011690
41.982973
41.814574
41.922939
41.874648
41.929773
41.999151
41.817205
41.959387
41.963711
41.840700
41.938603
41.925298
41.905305
41.934858
41.950326
42.018166
41.918031
41.976028
41.925651
41.911877
41.908954
41.875314
41.919291
41.922829
41.911454
41.896501
41.912452
41.815789
41.922642
42.001273
41.929904
41.946596
41.929693
41.996671
42.006549
41.929269
41.899893
41.948138
41.928781
41.915496
41.922506
41.909770
41.997115
41.927682
41.976875
41.927712
41.814035
42.019779
41.986058
41.999312
42.001348
41.911786
41.917260
41.912159
41.925147
41.934591
41.993083
41.937792
41.918293
41.829976
41.899504
41.883276
41.910456
41.920651
41.933014
41.982620
41.919774
41.919165
41.920178
41.844541
41.824175
41.915430
42.001358
41.900986
41.925268
41.910466
41.857780
41.945941
41.978624
41.926684
41.910491
42.022304
41.906359
41.954826
41.812337
41.955486
41.913369
41.860940
42.004831
41.825284
41.942358
41.932580
41.938679
41.946576
41.856142
42.001600
41.945855
41.989595
41.989787
41.933210
41.908652
41.996581
41.971180
41.981779
41.959286
41.916433
41.850089
41.908803
41.949282
41.837505
41.901808
41.916146
41.840302
41.943844
41.930418
41.985690
41.946566
41.931386
41.954957
41.943401
41.932989
41.928599
41.997412
41.940342
41.885479
41.932364
41.912416
41.964956
41.942554
41.985760
41.911424
41.974144
41.831830
41.971498
41.935241
41.916776
41.940881
41.929673
41.931683
41.845231
41.944605
41.998491
42.012184
41.928246
41.923433
42.027152
41.958470
41.841633
41.987958
42.019774
41.840232
41.932137
41.906142
41.916211
41.946410
41.898179
41.892318
41.924623
41.995820
41.955834
41.986899
41.909135
41.962149
41.935196
41.943628
41.993355
41.992781
41.916388
42.001620
41.911791
41.940453
41.926588
41.839516
41.936557
41.924053
42.016725
41.924658
41.998884
41.986945
41.928886
42.014048
41.933735
41.911197
41.908460
41.945160
41.958515
41.956036
41.988779
41.974627
41.913681
41.975459
41.926190
41.924154
41.839506
41.847731
41.938653
41.940659
41.909438
41.846415
41.930418
41.919774
41.908631
41.935761
41.856178
41.949050
41.999947
41.834300
42.011518
41.853632
41.924371
41.929647
41.954645
41.924905
41.942640
41.878791
42.010158
41.931421
41.947745
41.960350
41.852635
41.930771
41.924235
42.013665
42.005944
42.012123
41.954120
42.028497
41.922708
41.922949
41.915294
41.955537
41.839783
41.864619
41.967214
41.985886
41.977550
41.930292
42.008061
41.935982
41.921730
41.822240
41.861187
41.839385
41.851531
41.940523
41.919391
41.833866
42.002578
41.919462
41.987096
41.935181
41.954559
41.938427
41.963867
41.930484
41.820728
41.996500
41.801496
41.983114
41.915748
41.857861
41.829195
41.942741
41.920561
42.011962
