41.918061
41.990644
41.928297
41.929985
41.940972
41.987922
41.920803
41.929164
41.932888
41.999806
41.925545
41.963515
41.930192
41.924083
41.817437
41.942584
41.854761
41.949479
42.009971
41.850095
41.959437
41.863057
41.956197
41.937172
41.952735
41.927168
41.936859
41.845775
41.958994
41.852070
41.997326
42.010057
42.028094
41.909050
41.854262
41.965621
41.944585
41.999226
41.858445
41.850634
41.942227
41.930333
41.846395
41.842384
41.818152
41.927687
41.827824
41.820708
41.928901
41.921362
41.953627
41.920162
41.966901
41.937711
41.804238
41.928438
41.898698
41.939984
41.922345
41.924723
41.930887
41.941425
41.943154
41.895452
41.898063
41.937857
41.969477
41.922632
41.931754
41.846431
41.944273
41.939132
41.985901
42.007749
41.885494
41.809545
41.973287
42.002170
41.943456
41.947987
41.925001
41.918247
41.923872
41.829971
41.992831
41.912225
41.938114
41.897650
41.997271
41.945311
41.830480
41.894737
41.846889
41.954015
41.848119
41.923373
41.909418
41.850190
41.938049
41.909322
41.949439
41.845176
41.898945
41.843729
41.939409
41.847570
41.992493
41.938754
42.022949
41.955280
41.996384
41.998098
41.923736
41.919628
41.895090
41.856520
41.942262
41.913576
42.006998
41.843286
41.991153
41.946586
41.843150
41.929002
41.923010
41.934491
41.909110
41.925389
41.928634
41.843729
41.843760
41.851259
41.936955
41.901641
41.926538
41.997830
41.943497
41.931956
42.003525
41.898703
41.914790
41.930005
41.907775
41.842167
41.935322
41.938663
41.917093
41.928589
41.991601
41.930363
41.923660
41.939631
41.928206
41.935766
41.901349
41.839955
41.921634
42.001061
41.943119
41.856072
41.915632
41.839108
41.826135
41.835792
41.996142
41.896939
41.947266
41.996303
41.821645
41.915208
41.927717
41.849515
41.991581
41.970837
41.994479
41.834189
41.949857
41.948662
41.937318
41.985675
41.943618
41.953904
41.931910
41.988829
41.921276
41.920430
41.825057
41.911051
41.854464
41.840519
41.915859
41.939016
41.924693
41.917280
41.857145
41.988084
41.891290
41.916740
42.005456
42.011735
41.827481
41.843240
41.928937
41.914589
41.932419
41.935529
41.994403
41.929032
41.989051
42.002502
41.813047
41.826221
41.926402
42.018836
41.911418
41.902659
41.921710
41.908752
41.954015
41.861862
41.963298
42.000738
41.945109
41.962663
41.909221
41.983598
41.982162
41.996510
41.922123
41.944409
41.916529
41.855568
41.927329
41.921805
41.833262
41.987821
41.947292
41.918948
41.856152
41.910582
41.924028
41.923559
41.813470
41.906575
41.926623
41.917794
41.906132
41.948410
41.943769
41.945387
41.904131
41.844012
41.923212
41.994434
41.932001
41.998677
42.008233
41.920127
41.848658
41.907503
41.961574
41.843452
41.944721
41.920898
41.927339
41.927289
41.994922
41.935015
41.931210
41.925434
42.008520
41.952815
41.949302
41.987892
41.950058
41.913848
41.891688
41.909886
42.011266
41.836129
41.835368
41.907014
41.924870
41.984082
41.909221
41.990029
41.925787
41.985609
41.923060
41.944933
41.935337
41.840544
41.907467
41.940085
41.950280
41.930746
41.970888
41.825571
41.922546
41.940679
41.943754
41.988860
41.839249
41.913077
41.839249
41.933689
41.895639
41.995749
41.851158
41.832859
41.994232
41.978150
41.916614
41.933034
41.977817
41.909065
41.805644
41.913505
42.013660
41.929320
41.954604
41.941551
41.897856
41.978150
41.915289
41.849938
41.913092
41.945079
41.948864
41.949086
41.929007
41.914639
41.942529
41.846340
41.820461
41.927667
41.906152
41.923716
41.848124
41.937716
41.927369
41.940397
41.960209
41.980897
41.942479
41.822552
41.940720
41.946601
41.954755
41.994151
41.864775
41.936234
41.975575
41.990432
41.859791
41.858088
41.950215
42.002739
41.943466
41.934007
41.945704
41.869810
41.927405
41.914478
41.915168
42.010218
42.015424
41.947775
41.956787
41.997200
41.856591
41.834804
42.014845
41.947171
41.958147
41.992735
42.006070
42.014638
41.903299
41.995653
41.950961
41.979546
41.940503
41.968701
41.935458
41.864120
41.978805
42.005985
41.944187
41.920974
41.953748
41.861494
41.900679
41.911187
41.923680
42.021825
41.922360
41.855603
41.958465
41.973791
41.958621
41.953874
41.944797
41.942494
41.914856
41.868616
41.939535
41.950457
41.915793
41.910330
41.936008
41.956071
42.013504
41.946274
41.948058
41.846481
41.828474
41.936814
41.994978
41.936391
42.005269
41.967390
41.850946
41.997851
41.923181
41.828212
41.942615
41.843014
41.956157
42.005551
41.847343
41.851168
41.929703
41.926593
41.912628
41.899121
41.957316
41.953339
41.959009
41.986763
41.918308
41.941375
41.936083
41.933770
41.996369
41.945356
41.952593
41.932026
41.932147
41.960728
41.958702
41.857432
41.905890
41.937978
41.821877
41.984903
41.942811
41.943008
41.943925
41.881240
41.924169
42.007834
41.958293
41.944313
41.856485
42.007149
41.924083
41.940705
42.018801
41.844904
41.953052
41.947685
42.005103
41.847857
41.988880
41.998541
41.933387
41.939087
41.872748
42.024889
41.936779
41.932278
42.036622
42.026562
42.019602
42.043042
41.927001
41.996671
41.994902
41.865148
41.927526
41.842409
41.972788
41.955617
41.929748
41.995255
41.960083
41.975978
42.032176
41.903315
41.851097
41.892419
