41.918101
41.912341
41.908233
41.899111
41.896022
41.903340
41.894162
41.896022
41.900150
41.917557
41.910335
41.912598
41.927087
41.893810
41.918071
41.914795
41.905603
41.906469
41.915208
41.908586
41.925253
41.918454
41.916020
41.896118
41.910053
41.905628
41.899283
41.899761
41.910033
41.908823
41.912144
41.925353
41.940165
41.890488
41.928352
41.911877
41.895120
41.906565
41.934627
41.912033
41.913248
41.918535
41.911046
41.921548
41.912623
41.898849
41.911424
41.905351
41.901420
41.902619
41.900467
41.897131
41.878141
41.882430
41.897337
41.905179
41.910904
41.897620
41.895800
41.921261
41.901359
41.895090
41.909070
41.906938
41.896818
41.904947
41.906560
41.889627
41.902493
41.898688
41.884556
41.911756
41.903340
41.903662
41.892928
41.900835
41.902629
41.886018
41.918580
41.890256
41.903914
41.900704
41.885887
41.892877
41.892257
41.883649
41.879577
41.907729
41.882888
41.898683
41.906172
41.897872
41.905794
41.890881
41.896284
41.912739
41.912159
41.909977
41.904040
41.877536
41.871403
41.917582
41.893285
41.888331
41.884027
41.881659
41.894626
41.887308
41.889233
41.891098
41.894601
41.912608
41.894646
41.866237
41.907704
41.927989
41.924814
41.898592
41.905351
41.895805
41.907467
41.889087
41.893457
41.887162
41.881472
41.906268
41.899071
41.885539
41.897050
41.895689
41.895054
41.879809
41.887187
41.885721
41.899520
41.911595
41.896274
41.897121
41.882944
41.896763
41.894742
41.887278
41.885816
41.901485
41.882929
41.892202
41.888467
41.888659
41.892131
41.913041
41.900326
41.878766
41.906233
41.896642
41.909634
41.901319
41.913419
41.901450
41.895624
41.910915
41.893860
41.878181
41.878972
41.877481
41.896208
41.881699
41.904186
41.883549
41.897025
41.892635
41.902397
41.896843
41.890166
41.899822
41.887223
41.889002
41.925424
41.892167
41.903032
41.894611
41.896405
41.901692
41.878090
41.890720
41.903264
41.898340
41.897040
41.898063
41.904423
41.901823
41.896672
41.881573
41.889485
41.889828
41.901556
41.912467
41.882848
41.906585
41.909135
41.894671
41.883599
41.896879
41.895921
41.903012
41.894702
41.899338
41.916322
41.888709
41.885096
41.898234
41.910567
41.892449
41.891330
41.881523
41.891562
41.888734
41.882722
41.903844
41.894979
41.894485
41.884713
41.899706
41.898335
41.909408
41.905235
41.923343
41.890801
41.889299
41.889385
41.882324
41.893568
41.898008
41.887263
41.901823
41.897080
41.900517
41.880817
41.888462
41.893895
41.895684
41.885277
41.868631
41.915556
41.906469
41.924900
41.901011
41.892938
41.885449
41.888099
41.896465
41.878539
41.902806
41.902317
41.888493
41.881276
41.906464
41.894414
41.891577
41.917224
41.871987
41.870259
41.900951
41.888276
41.891471
41.889304
41.903526
41.900044
41.893507
41.897388
41.891300
41.877798
41.914190
41.897524
41.910335
41.882914
41.891355
41.897106
41.900049
41.906968
41.884451
41.882284
41.900538
41.908213
41.897594
41.912346
41.908163
41.881860
41.896627
41.897156
41.877002
41.866857
41.894127
41.912311
41.909367
41.904630
41.901273
41.882435
41.914614
41.888457
41.884380
41.890967
41.895095
41.910416
41.889410
41.904252
41.890272
41.890866
41.909392
41.899358
41.892746
41.905431
41.879476
41.916534
41.918570
41.885479
41.890050
41.894162
41.892595
41.909297
41.896430
41.896072
41.902710
41.879728
41.906107
41.930927
41.921307
41.906323
41.911978
41.902307
41.917970
41.910557
41.924814
41.901233
41.912084
41.910426
41.892051
41.905703
41.876745
41.894974
41.892373
41.903622
41.909186
41.934808
41.911076
41.910128
41.922118
41.903773
41.891965
41.891925
41.902569
41.934486
41.912381
41.923307
41.907261
41.903884
41.910229
41.936678
41.906978
41.914271
41.893341
41.907185
41.897388
41.917265
41.915783
41.913964
41.893709
41.910143
41.912522
41.908626
41.900220
41.915828
41.919139
41.898431
41.911418
41.914160
41.915455
41.905698
41.904111
41.900996
41.897630
41.920097
41.914881
41.906908
41.916766
41.883150
41.890201
41.915864
41.911847
41.904161
41.898597
41.887006
41.903199
41.904242
41.925011
41.899822
41.899479
41.913218
41.908203
41.914271
41.900749
41.902357
41.907472
41.927430
41.882848
41.909171
41.916368
41.911121
41.916620
41.901853
41.887822
41.909831
41.915601
41.898874
41.901853
41.900906
41.902508
41.888750
41.903108
41.897428
41.902412
41.904796
41.935589
41.920258
41.922188
41.919855
41.906898
41.894596
41.923312
41.911912
41.913344
41.916463
41.903914
41.914069
41.892277
41.909624
41.895956
41.909493
41.908591
41.915798
41.903597
41.905290
41.914034
41.902256
41.909287
41.917723
41.921271
41.899610
41.897846
41.912028
41.914518
41.921614
41.924663
41.933951
41.905310
41.920067
41.902821
41.896778
41.885816
41.892978
41.911413
41.908949
41.897106
41.904514
41.916569
41.910995
41.908596
41.901712
41.912366
41.905240
41.908380
41.912396
41.897967
41.878680
41.901535
41.912467
41.914956
41.908647
41.892948
41.897846
41.900654
41.911701
41.921962
41.917834
41.920994
41.930151
41.913046
41.926981
41.895090
41.906021
41.899555
41.896828
41.910738
41.910264
41.912835
41.914851
41.910577
41.895800
41.923892
41.911136
41.919689
41.896743
41.904322
