41.917365
41.899021
41.913969
41.907487
41.911928
41.899394
41.903793
41.912971
41.898108
41.889143
41.883171
41.901309
41.909796
41.919220
41.907916
42.622011
46.095126
45.834332
45.940793
46.095191
46.248158
46.405167
46.563265
46.715340
46.850910
46.941772
47.055222
47.183334
47.290650
47.396269
47.436199
43.640595
43.727400
43.634834
43.569055
43.420059
43.344055
43.290905
43.148647
43.033272
43.032229
42.906572
42.823844
42.784040
42.711246
42.649387
42.599736
42.553939
42.514276
42.475349
42.444380
42.397898
42.395781
42.339492
42.331826
42.298151
42.271460
42.248761
42.231590
42.219001
42.205399
42.176032
42.170060
42.143329
42.140285
42.122071
42.099906
42.072590
42.090839
42.059099
42.069793
42.067777
42.043355
42.065872
42.042437
42.027615
42.031738
42.012446
41.989691
41.995608
41.978553
41.974496
41.986486
41.982862
41.972632
41.985745
41.965949
41.962290
41.959710
41.963802
41.948123
41.957235
41.941924
41.936527
41.951706
41.933931
41.953269
41.933059
41.915491
41.927127
41.929194
41.927410
41.947105
41.933236
41.925227
41.926765
41.923968
41.938558
41.918711
41.915788
41.931709
41.926729
41.929405
41.919548
41.930524
41.935015
41.922214
41.902090
41.916872
41.913717
41.912331
41.923600
41.905663
41.909644
41.889863
41.894485
41.901752
41.891325
41.908541
41.893265
41.913722
41.899691
41.930494
41.905804
41.902795
41.921644
41.899424
41.914528
41.887338
41.913596
41.910642
41.904771
41.897736
41.929400
41.913696
41.921947
41.907462
41.917733
41.897040
41.907588
41.908924
41.910713
41.920359
41.900694
41.912704
41.908707
41.893573
41.894334
41.902337
41.883911
41.892429
41.895125
41.916856
41.922143
41.899222
41.895165
41.910290
41.897151
41.895488
41.913591
41.903738
41.921584
41.912996
41.897191
41.917789
41.914528
41.905330
41.911837
41.904363
41.896244
41.896949
41.901777
41.903884
41.899736
41.911035
41.926623
41.907659
41.885998
41.898799
41.917572
41.903728
41.943910
41.908329
41.912638
41.906762
41.894510
41.901168
41.904393
41.917668
41.929592
41.911534
41.911469
41.931255
41.897665
41.901868
41.897887
41.884642
41.909362
41.885630
41.923065
41.909065
41.915344
41.929547
41.912442
41.927747
41.905789
41.916670
41.908848
41.902800
41.910063
41.907639
41.914236
41.915118
41.895145
41.919336
41.927536
41.897015
41.887459
41.894132
41.901596
41.903088
41.886653
41.909922
41.908385
41.914679
41.916146
41.892237
41.911076
41.914337
41.907215
41.916751
41.911544
41.906293
41.921145
41.914246
41.897363
41.912704
41.888185
41.879779
41.902700
41.906681
41.912003
41.908662
41.890962
41.909912
41.901016
41.903335
41.884743
41.895805
41.912336
41.887721
41.915264
41.917234
41.899676
41.913061
41.896309
41.892454
41.892424
41.899404
41.901178
41.903350
41.911101
41.902674
41.927894
41.885716
41.887046
41.893290
41.913641
41.896556
41.911424
41.934128
41.910169
41.891542
41.895568
41.893003
41.904000
41.901853
41.887086
41.932243
41.934027
41.912633
41.884859
41.898980
41.892620
41.881276
41.910325
41.885761
41.887404
41.903950
41.910869
41.913339
41.906575
41.920117
41.923222
41.880182
41.899051
41.900613
41.905280
41.924376
41.900654
41.907200
41.914331
41.923791
41.923050
41.910229
41.897373
41.905779
41.908964
41.908969
41.910607
41.915551
41.907266
41.913878
41.924849
41.871836
41.883831
41.913470
41.899021
41.924134
41.899656
41.916070
41.893527
41.911418
41.895886
41.902589
41.907603
41.911449
41.916831
41.925303
41.914357
41.918152
41.909685
41.907996
41.920556
41.911988
41.898869
41.888362
41.898371
41.915445
41.904877
41.908747
41.904076
41.902831
41.905537
41.900457
41.899898
41.906076
41.911756
41.907911
41.904514
41.909352
41.911131
41.887626
41.905643
41.895946
41.902276
41.896884
41.890161
41.924421
41.908173
41.912235
41.910259
41.895735
41.909020
41.896556
41.903859
41.913132
41.924078
41.913681
41.911973
41.895523
41.898597
41.893739
41.933296
41.890876
41.897075
41.908536
41.916675
41.915385
41.916846
41.903007
41.896889
41.919714
41.905199
41.884451
41.892383
41.919336
41.901772
41.920253
41.908405
41.889143
41.921095
41.913616
41.915914
41.901581
41.893190
41.895503
41.913964
41.930066
41.903773
41.907825
41.892998
41.908329
41.906303
41.901787
41.895815
41.913127
41.913979
41.901178
41.927702
41.918721
41.915360
41.898769
41.903441
41.912311
41.900684
41.905633
41.909594
41.904968
41.913203
41.910799
41.910184
41.917441
41.892313
41.897564
41.887167
41.918555
41.909428
41.911156
41.898305
41.921342
41.910022
41.894439
41.907457
41.903728
41.894157
41.890977
41.908536
41.928347
41.920309
41.880918
41.911958
41.900810
41.919709
41.895110
41.910909
41.925389
41.941808
41.911519
41.910285
41.888906
41.901364
41.906182
41.887253
41.894535
41.892146
41.929839
41.923151
41.920656
41.897448
41.913419
41.914820
41.890035
41.908369
41.923509
41.894238
41.909534
41.900265
41.906399
41.911182
41.904398
41.894490
41.892162
41.912658
41.892817
41.893684
41.921523
41.908163
41.906152
41.945442
41.909821
41.894646
41.887827
41.917088
41.907845
41.888513
41.918887
41.912311
41.915380
41.914861
41.899767
41.896027
