41.931709
41.896299
41.899227
41.888215
41.890735
41.912487
41.910471
41.921508
41.939712
41.917622
41.905139
41.904096
41.913666
41.907976
41.891108
41.899772
41.925495
41.911807
41.931724
41.898895
41.929657
41.920173
41.930922
41.904630
41.914589
41.928629
41.946500
41.908889
41.901510
41.889243
41.906535
41.914583
41.913157
41.911343
41.928312
41.905613
41.919815
41.888301
41.915224
41.911660
41.925142
41.945754
41.877864
41.920258
41.900734
41.916912
41.929017
41.909700
41.902095
41.906222
41.910184
41.898209
41.897610
41.877067
41.899323
41.906036
41.917718
41.906616
41.908848
41.888548
41.889526
41.880898
41.916866
41.918152
41.885192
41.887706
41.899782
41.898149
41.891108
41.884012
41.879522
41.906747
41.885706
41.913157
41.904277
41.886361
41.920525
41.900548
41.888326
41.891834
41.893144
41.891990
41.900245
41.900150
41.907881
41.907170
41.885091
41.909488
41.903733
41.901233
41.899016
41.909690
41.888271
41.900482
41.898965
41.921901
41.898728
41.908304
41.892424
41.902387
41.895216
41.886572
41.893462
41.899696
41.900890
41.875747
41.913233
41.892141
41.911731
41.916892
41.903284
41.891602
41.923776
41.894036
41.890095
41.915899
41.892620
41.888956
41.875379
41.886945
41.888538
41.900185
41.898315
41.889490
41.892746
41.916902
41.902730
41.894959
41.881255
41.893502
41.893936
41.884335
41.897433
41.893391
41.889485
41.910562
41.890221
41.884783
41.890060
41.908158
41.892776
41.920863
41.891315
41.896874
41.906938
41.894233
41.910416
41.894193
41.872340
41.890851
41.895810
41.895231
41.869835
41.894389
41.910521
41.909816
41.878116
41.881316
41.913757
41.892303
41.895594
41.904297
41.896884
41.909433
41.913283
41.893099
41.901787
41.892726
41.930151
41.877869
41.890342
41.905376
41.907195
41.908626
41.907306
41.894697
41.912890
41.885897
41.919916
41.883050
41.911247
41.923207
41.886079
41.902317
41.908637
41.894258
41.912623
41.899268
41.900407
41.906333
41.903536
41.903007
41.912442
41.914422
41.894782
41.890403
41.881815
41.898562
41.897010
41.900326
41.911323
41.905335
41.883145
41.917375
41.925696
41.901984
41.897262
41.902836
41.912255
41.902599
41.881064
41.904842
41.906308
41.906933
41.911010
41.891083
41.889576
41.912038
41.898119
41.895956
41.911192
41.921014
41.897831
41.889153
41.903153
41.924870
41.908274
41.890745
41.902483
41.886079
41.896481
41.884728
41.885963
41.919139
41.901178
41.905970
41.912552
41.886356
41.904640
41.897302
41.898018
41.920535
41.920440
41.899404
41.895987
41.874890
41.910053
41.888160
41.883191
41.887777
41.902412
41.922204
41.898376
41.893976
41.901833
41.896934
41.889017
41.915344
41.915828
41.898255
41.889022
41.898512
41.905456
41.894485
41.908581
41.927848
41.915964
41.921639
41.894288
41.903551
41.896380
41.893079
41.910285
41.891879
41.902332
41.887772
41.911156
41.885338
41.911116
41.887071
41.920787
41.923433
41.889662
41.896496
41.918262
41.907417
41.914775
41.885257
41.868323
41.878111
41.881024
41.893759
41.890539
41.883967
41.880444
41.898260
41.885413
41.885373
41.879366
41.899610
41.892424
41.884047
41.896012
41.895992
41.897569
41.898275
41.923590
41.902201
41.890816
41.904665
41.903491
41.886220
41.914271
41.881800
41.890292
41.891456
41.895080
41.887560
41.883896
41.890115
41.901470
41.899182
41.910028
41.902942
41.922793
41.924986
41.898587
41.913072
41.895740
41.918288
41.921513
41.919311
41.914175
41.914553
41.908385
41.913233
41.913041
41.920460
41.893119
41.919386
41.910083
41.942378
41.899489
41.929103
41.914785
41.911121
41.887076
41.918681
41.916826
41.898728
41.939611
41.918706
41.909216
41.911282
41.923453
41.909337
41.915556
41.917154
41.913117
41.914342
41.911015
41.920404
41.921332
41.912396
41.911721
41.903214
41.894339
41.908803
41.913888
41.910612
41.898960
41.910743
41.911827
41.910834
41.909423
41.920979
41.902176
41.890398
41.907951
41.919875
41.907941
41.913722
41.917965
41.911368
41.928357
41.925812
41.898965
41.896178
41.911177
41.914095
41.927737
41.930045
41.938568
41.916100
41.919094
41.903672
41.904645
41.911166
41.909488
41.926331
41.919447
41.924220
41.910587
41.925419
41.910350
41.897095
41.901253
41.911877
41.911474
41.924144
41.924497
41.926125
41.890740
41.911323
41.891254
41.911771
41.903279
41.894898
41.929617
41.933674
41.900522
41.923902
41.897025
41.907765
41.896098
41.922204
41.889148
41.919865
41.905159
41.921170
41.934627
41.911736
41.908747
41.920833
41.907664
41.903667
41.918908
41.923494
41.930338
41.915440
41.922728
41.927768
41.915828
41.906449
41.918514
41.915314
41.916836
41.901762
41.901304
41.905724
41.909811
41.901440
41.905986
41.916509
41.894495
41.925580
41.878766
41.910647
41.917139
41.894445
41.914377
41.932066
41.923464
41.901530
41.900734
41.907276
41.904781
41.942736
41.915496
41.889490
41.901284
41.906525
41.905829
41.917915
41.899081
41.907296
41.916660
41.914236
41.937580
41.927828
41.925550
41.925711
41.911182
41.906323
41.920969
41.902508
41.914190
41.903723
41.917597
41.915985
41.924482
41.936809
41.911005
41.916332
41.918232
41.912552
41.913928
41.918373
41.922501
41.910728
41.927107
41.926256
