42.023760
41.867452
41.835162
41.964129
41.976547
41.927420
42.015313
41.951591
41.989565
41.837989
41.933830
41.999912
41.967022
41.847943
41.927405
41.900301
41.948209
41.932112
41.886351
42.021386
41.946591
42.011881
41.851218
41.941758
41.942836
41.847045
41.894757
41.978951
41.953858
41.933321
41.955098
41.930318
41.934143
41.932077
41.931562
41.850830
41.921181
41.902800
41.996117
41.862724
41.945870
41.903884
42.015071
41.910405
41.833383
41.922526
42.012189
42.011539
41.942781
41.943985
41.829739
41.934833
41.934753
41.902090
41.813783
41.909912
41.917557
41.937152
41.914180
41.903511
41.815290
41.940740
41.988366
41.998743
41.946294
41.900245
41.906666
41.936940
41.930035
41.906968
41.918252
41.976139
41.984969
42.019249
41.816026
41.823217
41.787435
41.987625
41.990462
41.918520
41.825813
41.990427
41.919724
41.849157
41.813400
41.976689
41.827461
41.986138
41.928730
41.904993
41.985659
41.835661
41.977989
41.805881
41.835882
41.993148
41.834764
41.959826
41.928241
41.985967
41.976437
41.837465
41.904106
41.922168
41.923388
41.934576
41.898658
41.902795
41.946445
41.921397
41.897544
41.906656
41.812674
41.997941
41.935705
41.850770
41.851732
41.861424
41.929652
41.839385
41.907886
41.991188
41.934803
41.917486
42.031043
41.887303
41.825178
41.943028
41.890937
41.926865
41.906999
41.992604
41.900759
41.901979
41.819987
41.924789
41.830918
41.943350
41.827038
41.912910
42.005083
41.903778
41.893008
41.983119
41.886744
41.930973
41.976054
41.823706
41.915773
42.019486
41.979360
41.936643
41.996243
41.925066
41.983764
41.892882
41.965445
41.925182
42.005839
41.816988
41.819251
41.893860
41.879179
41.972309
41.903158
41.907911
41.855109
41.848668
41.816782
41.819664
41.912059
41.994938
41.912940
41.980645
41.934884
41.820037
41.962406
41.819443
41.924235
41.920551
41.895886
41.908390
41.926185
41.939384
41.905376
41.882435
41.985649
41.919991
41.815648
41.927188
41.982051
41.906207
41.906817
41.971377
42.004004
41.918404
41.831533
41.895105
41.942312
41.961700
41.834290
41.890332
41.905411
41.973423
41.815320
41.977440
41.839713
41.951999
41.913646
41.863984
41.934405
41.883921
41.962633
41.896123
41.906011
41.841633
41.915833
41.840464
42.022490
41.905814
41.906933
41.978432
41.967582
41.929718
41.878090
41.818672
41.923116
41.981285
41.990785
41.951414
41.940800
41.916851
41.808360
41.915193
41.829678
41.834703
41.839627
41.920566
41.901782
41.877939
41.889178
41.912442
41.976331
41.962623
41.989490
41.902246
41.960375
41.925202
41.941103
41.815481
41.965883
41.932777
41.999368
41.882445
41.790000
41.925132
41.824170
41.918484
41.979738
41.986778
41.891093
41.878589
41.910637
41.999604
41.899152
41.925812
41.980589
41.937353
41.907064
41.960133
41.835378
41.827773
41.969119
41.982439
41.800599
41.934118
41.903279
41.849308
41.919341
41.896481
41.995396
41.943905
41.900306
41.922778
41.941158
41.919931
42.017158
41.903234
41.919543
41.988713
41.897418
41.783282
41.814368
41.891642
41.890166
41.986325
41.980438
41.933216
41.920107
41.817855
41.809640
41.811490
41.930560
41.919709
42.003344
41.918076
41.979511
41.901087
41.915990
41.886310
41.921080
41.986340
41.993355
41.914009
41.903713
41.829920
41.955995
41.831563
41.993930
41.918867
41.915420
41.912986
41.910063
41.993290
41.932530
41.850377
41.878902
41.976920
41.959866
42.016412
41.999438
42.011398
41.841043
41.999720
41.937923
42.014759
41.867220
41.857962
41.933286
41.987595
41.928115
41.831503
41.934057
41.934108
41.943849
41.924139
41.930595
41.932303
41.896531
42.020167
41.845579
41.840484
41.931567
41.953848
41.928690
41.949171
41.934128
41.965289
41.925434
41.911665
41.987741
41.944293
41.859302
42.023745
42.010304
41.956212
42.020126
41.826634
41.824366
41.982227
41.928539
41.924582
41.854172
41.928226
42.034444
41.929743
41.994539
42.005466
41.843523
41.935665
41.923978
41.909347
41.912935
41.902841
41.834275
42.003283
41.850830
41.977495
42.020903
41.933725
41.835414
41.944419
41.840584
41.837929
41.913535
41.923186
41.952558
41.928982
41.910199
41.949444
41.944817
41.942806
41.932701
41.995487
41.948753
41.939545
41.924068
41.929194
41.909387
41.977122
41.856107
41.925394
41.935635
41.851521
41.943633
41.993305
41.939989
42.032434
41.847640
41.929486
41.873862
41.922098
41.929778
41.950391
41.835535
41.899595
41.952175
41.845922
41.913208
41.985412
41.933437
41.948234
41.936365
41.823449
41.931190
42.012113
41.923307
41.923141
41.958969
41.979143
41.927823
41.951575
41.916725
41.923549
41.933856
41.946228
41.993809
41.964543
41.842479
41.990845
41.929199
41.962058
41.961005
41.841154
41.936028
41.924613
41.886320
41.918192
41.815310
41.830827
41.844606
41.937560
41.856102
41.944721
42.001797
41.980781
41.940090
41.946047
41.850704
41.973010
41.936501
41.827007
41.933145
41.927863
41.939031
41.829885
41.848371
41.934763
41.956550
41.950648
41.867819
42.010495
42.013166
41.926432
42.000436
42.002764
41.944313
41.853476
42.012602
41.940478
41.943305
41.909256
42.018861
41.950835
41.933115
41.851687
41.989490
41.996132
41.960244
41.984158
41.941335
