41.935635
41.969905
41.956343
41.858415
42.014028
42.005768
41.916751
41.938139
41.948919
41.854162
41.940639
42.007724
41.926790
41.950966
41.869901
41.973710
41.979899
41.958928
41.916856
41.931134
41.940453
41.927475
41.860078
41.851102
41.866035
41.996354
41.990195
41.865244
41.866101
41.868374
41.871408
41.921392
41.987071
41.994721
41.886824
41.920551
41.886346
41.978508
41.951344
41.939964
41.957401
41.930469
41.925157
41.932389
41.942252
41.860219
41.955320
41.945104
41.868389
41.970711
41.826932
41.927460
41.889838
41.860230
42.005738
41.873706
41.900008
41.913928
41.977782
41.979037
41.923358
41.840343
41.914195
41.995366
41.902493
41.935831
41.911827
41.833473
41.925298
41.930953
41.926130
41.914135
41.870914
41.925011
41.904166
41.895246
41.920792
41.920717
41.900704
41.831720
41.983785
41.837152
41.972848
41.922229
41.941939
41.947982
41.982958
41.917124
41.916116
41.925837
41.981144
41.963207
41.919779
41.908939
41.917643
41.934818
41.829699
41.973307
41.892797
41.867537
41.892529
41.908097
41.877365
41.925207
41.970132
41.840670
41.834814
41.823056
41.900724
41.920173
41.928463
41.921236
42.002568
41.927863
41.980489
41.934889
41.911454
41.993663
41.831019
41.905582
41.971866
41.941723
42.012229
41.944686
41.940432
41.947549
41.899121
41.838851
41.919916
41.954302
41.854187
41.817104
41.912633
41.900079
41.967940
41.902367
41.915405
41.928145
41.924512
41.933341
41.899384
41.905114
42.025322
41.856384
41.937414
41.909876
41.940367
41.913349
41.852972
41.968544
41.968101
41.843583
41.917118
41.907936
41.911474
41.841653
41.953944
41.915420
41.817991
41.945583
41.915218
41.848159
41.973720
41.900900
41.839556
41.903073
41.920031
41.995915
41.918197
41.917648
41.846733
41.909871
41.930267
41.858450
41.930161
41.944237
41.990976
41.933422
41.918928
41.865420
41.980101
42.010253
41.943562
41.945759
41.941551
41.942665
41.934193
41.835555
41.991692
41.914074
41.932621
41.837238
41.934561
41.988225
41.989953
41.915803
41.931673
41.906071
41.983477
41.912159
41.896375
41.927611
41.911746
41.868137
41.995195
41.929053
41.951177
41.982787
41.918086
41.844919
41.833226
41.933074
41.951853
41.967496
41.946929
41.926946
41.856641
42.001404
41.958838
41.924214
41.987454
41.923680
41.932031
41.844168
41.941032
41.839924
41.908395
41.926341
41.977112
41.902397
41.837228
41.981068
41.902619
41.851314
41.957240
41.833156
41.984929
41.836538
41.914977
41.898577
41.933528
41.914074
41.908455
41.976023
41.918288
41.842621
41.973070
42.006700
42.013842
41.829240
41.943386
41.919734
41.927999
41.927561
41.919769
41.872839
41.979324
41.958893
41.936411
41.969960
41.916226
41.835252
41.953289
41.923721
41.958651
41.937656
41.835948
41.939697
41.979743
41.908828
41.928337
41.919462
41.926371
41.851198
41.927924
41.923333
41.928906
41.930756
41.880348
41.831573
42.012935
41.910073
41.855064
41.937514
41.981542
41.899232
41.989757
41.914805
41.913389
41.919664
41.915526
41.948567
41.939435
41.945603
41.901959
41.919104
41.904086
41.987680
41.939399
41.923564
41.920198
41.834134
41.832254
41.926326
41.994570
41.984510
41.904091
41.930917
42.012804
41.923212
41.961615
41.843513
41.998450
41.989419
42.000592
41.896738
41.976941
41.929678
41.898738
41.926770
41.898779
41.939722
41.913258
41.901485
41.957008
41.953309
41.935776
41.932570
41.942721
41.954398
41.935836
41.858592
41.937877
41.991949
41.977535
41.825647
41.925515
41.974506
41.932334
41.918308
41.956766
41.989903
41.920833
41.962350
41.930182
41.913948
41.907770
41.942262
41.945316
42.016533
41.978175
41.958928
41.965808
41.932071
41.953314
41.847560
41.999216
41.932802
41.922062
41.894550
41.959180
41.931341
41.975721
41.936784
41.959488
41.998763
41.959664
41.951999
41.987559
41.946460
41.985765
41.882354
41.903975
41.899741
41.897358
41.954493
41.925152
41.926251
41.948738
41.950255
41.962774
41.895276
41.866761
41.939475
41.996172
41.913666
41.865955
41.928770
41.945946
41.959518
41.940916
41.868444
41.943628
41.934833
41.833559
41.859534
42.017052
42.011413
41.942710
41.937005
41.840821
41.916378
41.928655
41.923186
41.921518
41.931774
41.998299
41.929804
41.950129
41.858970
41.918797
41.925575
41.895795
41.932570
41.908778
41.971417
41.917406
42.007749
41.960964
41.911615
41.956580
41.944555
41.957699
41.911378
41.923751
41.843709
41.975146
41.996596
41.905366
41.999186
41.954080
41.934652
41.953773
41.949872
41.923191
41.956217
41.865128
41.905804
41.913344
41.949262
41.870430
41.972732
41.857745
41.820672
41.946253
41.850558
41.871589
42.010017
41.941269
41.959311
41.962900
41.929078
41.915264
41.933226
41.955562
41.937514
41.935650
41.935877
41.978619
41.823046
41.923131
41.914856
42.010531
41.985281
41.908642
41.851778
41.928488
42.003490
42.019411
41.937378
41.931094
41.938850
41.838432
41.844384
41.942045
41.930575
41.935569
41.944857
41.972929
41.970656
41.961141
41.981169
41.933296
41.924209
41.925353
41.868742
41.833932
41.847333
42.008202
41.896234
41.934087
41.996505
41.936254
41.939248
41.947775
41.945256
41.994645
42.023841
42.016901
41.829744
41.915491
