41.906696
41.895830
41.900492
41.918343
41.903385
41.906651
41.909025
41.929899
41.888241
41.932510
41.915249
41.899066
41.883448
41.896894
41.902584
41.919719
41.890670
41.919926
41.916131
41.908395
41.891521
41.886144
41.893477
41.905850
41.914195
41.916247
41.908254
41.899736
41.908213
41.899409
41.893331
41.909377
41.888069
41.916730
41.909791
41.912341
41.904141
41.918439
41.890503
41.895251
41.912719
41.890105
41.882531
41.877581
41.914795
41.904262
41.908072
41.889485
41.893270
41.888860
41.876624
41.883669
41.901667
41.905870
41.897045
41.918257
41.920354
41.902720
41.893719
41.906807
41.903874
41.878700
41.902130
41.895447
41.882405
41.881885
41.892358
41.886693
41.902548
41.894515
41.891708
41.898567
41.885776
41.879829
41.895594
41.895190
41.914085
41.901021
41.884446
41.911640
41.888714
41.898310
41.879265
41.917476
41.899429
41.903012
41.908163
41.897232
41.898995
41.900356
41.901762
41.902866
41.890161
41.907477
41.894460
41.891930
41.898063
41.903335
41.881291
41.870974
41.886960
41.868303
41.904569
41.909786
41.905023
41.895609
41.895528
41.894681
41.890473
41.885867
41.882914
41.885595
41.885605
41.886119
41.887631
41.894344
41.887495
41.890458
41.896062
41.884471
41.866645
41.906228
41.894036
41.892237
41.915632
41.888220
41.873212
41.895684
41.856011
41.879875
41.860618
41.889012
41.880298
41.879481
41.904020
41.913636
41.895578
41.908541
41.883871
41.892983
41.881558
41.880716
41.896602
41.872401
41.897781
41.881966
41.895800
41.908183
41.888271
41.861691
41.899797
41.887459
41.883019
41.882969
41.903869
41.914493
41.895684
41.896304
41.888145
41.873938
41.871196
41.905461
41.899731
41.894691
41.903743
41.895357
41.888301
41.881225
41.903042
41.882692
41.894268
41.890146
41.905028
41.889435
41.892207
41.901969
41.887444
41.895639
41.910174
41.875550
41.912462
41.900840
41.895362
41.912164
41.910033
41.890685
41.886703
41.896969
41.885171
41.894797
41.891209
41.884582
41.894823
41.914997
41.893487
41.917577
41.893744
41.880167
41.904438
41.895992
41.877692
41.897262
41.906117
41.897095
41.872290
41.894979
41.881800
41.892696
41.890972
41.884698
41.895951
41.908022
41.884239
41.899121
41.909040
41.897604
41.890539
41.895054
41.882364
41.882470
41.886935
41.896511
41.901913
41.898754
41.892892
41.898300
41.915788
41.877138
41.890488
41.889596
41.897025
41.895563
41.891829
41.908848
41.892902
41.907170
41.895452
41.906873
41.880797
41.879245
41.882531
41.883821
41.888518
41.897378
41.897927
41.907422
41.908652
41.889662
41.919790
41.873787
41.894732
41.904897
41.894036
41.884415
41.889223
41.909851
41.899247
41.865874
41.903556
41.897882
41.884854
41.887827
41.896990
41.886623
41.899368
41.910229
41.896849
41.881321
41.887580
41.884279
41.890539
41.885670
41.893426
41.891577
41.921629
41.906429
41.892328
41.906303
41.896511
41.886950
41.899515
41.889747
41.891048
41.892751
41.897317
41.880373
41.889732
41.884531
41.875928
41.874769
41.875651
41.918081
41.880822
41.900855
41.894238
41.881548
41.898204
41.889405
41.891093
41.886023
41.905633
41.900074
41.896259
41.900900
41.892172
41.888099
41.890816
41.881145
41.886295
41.862235
41.905169
41.884672
41.886406
41.916080
41.894001
41.889238
41.913465
41.888321
41.865214
41.887202
41.878741
41.885025
41.896103
41.909236
41.876876
41.908878
41.924058
41.896879
41.899973
41.893311
41.900895
41.904322
41.916569
41.936552
41.903189
41.899479
41.899671
41.886895
41.925016
42.074148
41.911076
41.901273
41.902846
41.898779
41.895150
41.896778
41.910199
41.895412
41.886870
41.909493
41.904524
41.905305
41.923322
41.910975
41.912074
41.897499
41.914090
41.883745
41.920394
41.899701
41.912678
41.906066
41.916670
41.898134
41.897232
41.874986
41.896319
41.905260
41.901742
41.915717
41.887858
41.895478
41.896738
41.912568
41.901702
41.906656
41.898713
41.898265
41.879764
41.883352
41.901903
41.905955
41.922204
41.904857
41.914583
41.895447
41.897841
41.901636
41.871171
41.888427
41.904333
41.889768
41.887742
41.898648
41.908868
41.892313
41.906096
41.915269
41.891461
41.892781
41.905199
41.927012
41.902836
41.897141
41.906474
41.885242
41.898134
41.901072
41.894697
41.887142
41.889511
41.909917
41.922173
41.890725
41.895578
41.910637
41.906046
41.888472
41.908138
41.899106
41.918031
41.909972
41.909534
41.911383
41.897055
41.883256
41.882934
41.886053
41.909166
41.911645
41.898874
41.890483
41.896042
41.868837
41.904620
41.898174
41.889601
41.894324
41.902594
41.903002
41.905209
41.910058
41.878846
41.902816
41.898623
41.908369
41.888094
41.896188
41.904191
41.906918
41.900331
41.902261
41.919734
41.902181
41.878378
41.899726
41.906913
41.888760
41.884163
41.901702
41.903662
41.882410
41.904045
41.908727
41.893477
41.882888
41.906278
41.888765
41.919175
41.903405
41.899877
41.903667
41.910909
41.916000
41.899847
41.909337
41.908490
41.907750
41.889143
41.910461
41.890695
41.929421
41.911958
41.898360
41.906585
41.893371
41.872078
41.880807
41.908405
41.917512
41.913298
41.894434
41.894308
41.899479
41.896556
41.888614
41.902629
41.901606
41.909115
41.895578
41.907780
