41.935075
41.958792
41.944258
41.934858
41.867930
41.878080
41.967340
41.963746
41.953254
41.955123
41.948068
41.930993
41.931381
41.858798
41.966302
41.943456
41.947523
41.956353
41.915440
41.928055
41.869911
41.984329
41.902543
41.919507
41.884919
41.896198
41.919548
41.973287
41.942101
41.933674
41.921896
41.923091
41.938966
41.911182
41.936285
41.877108
41.941425
41.933321
41.950416
41.951873
41.926901
41.935292
41.951359
41.946193
41.924703
41.957548
41.969396
41.959775
41.903708
41.937857
41.852609
41.923937
41.898234
41.957558
41.937026
41.926326
41.870375
41.924562
41.942091
41.961222
41.925288
41.923086
41.918378
41.906464
41.925918
41.906212
41.925590
41.918378
41.954841
41.930439
41.917118
41.931013
41.912472
41.908546
41.921846
41.905492
41.945800
41.913581
41.939767
41.902060
41.939258
41.932717
41.907971
41.920420
41.920077
41.945104
41.937787
41.940800
41.936441
41.925545
41.908878
41.921765
41.926709
41.917214
41.948088
41.927586
41.944762
41.920152
41.928871
41.928151
41.922617
41.929330
41.939883
41.919074
41.922763
41.911378
41.875409
41.919890
41.908994
41.890534
41.925742
41.901727
41.911928
41.921196
41.859030
41.922481
41.947775
41.926976
41.919638
41.921921
41.913792
41.927374
41.918630
41.947423
41.925646
41.930303
41.919351
41.874255
41.866176
41.921891
41.903592
41.914639
41.891935
41.925177
41.934002
41.918847
41.958535
41.851108
41.929542
41.913127
41.923952
41.919971
41.872013
41.852398
41.915995
41.922299
41.902181
41.932722
41.918464
41.894278
41.908505
41.910325
41.927788
41.922985
41.920500
41.929032
41.922909
41.919195
41.935942
41.924910
41.909624
41.928478
41.944192
41.932712
41.937041
41.927334
41.956227
41.957311
41.915244
41.930303
41.925752
41.911736
41.902422
41.917436
41.916816
41.922849
41.911882
41.886260
41.903239
41.859136
41.923615
41.935761
41.887036
41.925913
41.869775
41.921513
41.927410
41.911202
41.932364
41.914412
41.930161
41.916499
41.922632
41.935171
41.929783
41.910738
41.931159
41.932021
41.909085
41.906046
41.932505
41.944253
41.934964
41.895039
41.917663
41.910783
41.935161
41.921493
41.880787
41.863813
41.905492
41.914714
41.916035
41.918993
41.908904
41.907150
41.942171
41.919850
41.907341
41.921196
41.913172
41.892665
41.916468
41.924174
41.929017
41.907876
41.899061
41.917083
41.919774
41.928493
41.913465
41.912059
41.918832
41.934647
41.922612
41.955567
41.914034
41.930948
41.928231
41.903652
41.913485
41.917048
41.920939
41.854116
41.911111
41.914392
41.933009
41.936895
41.846723
41.899247
41.847585
41.918005
41.854766
41.876634
41.966659
41.883014
41.906616
41.906006
41.918177
41.877869
41.938890
41.907533
41.923433
41.916539
41.924577
41.910980
41.918792
41.944550
41.916735
41.917335
41.946742
41.911922
41.964573
41.933150
41.930318
41.981043
41.927062
41.917844
41.919795
41.905199
41.923615
41.912331
41.906812
41.908354
41.870808
41.923297
41.904438
41.924114
41.935050
41.920233
41.910562
41.931326
41.885151
41.957069
41.883896
41.925071
41.922340
41.924214
41.900734
41.930282
41.926240
41.926548
41.859690
41.937862
41.948234
41.927415
41.932223
41.903698
41.964119
41.920460
41.923741
41.930479
41.889309
41.936315
41.909755
41.916599
41.921140
41.943940
41.942655
41.861530
41.915586
41.922244
41.902705
41.933478
41.961005
41.946097
41.882934
41.938205
41.941571
41.928337
41.936703
41.899751
41.943250
41.926417
41.929158
41.926371
41.935877
41.943033
41.926417
41.942171
41.938331
41.939047
41.957542
41.958737
41.973927
41.936481
41.890907
41.931305
41.925318
41.936567
41.908203
41.889208
41.933906
41.889586
41.941828
41.931749
41.933820
41.922446
41.887958
41.921780
41.941728
41.929295
41.924386
41.948955
41.917552
41.921982
41.927097
41.931809
41.900432
41.950336
41.930212
41.940065
41.974708
41.956066
41.898159
41.934848
41.924023
41.941728
41.861369
41.930943
41.949237
41.953430
41.959805
41.930091
41.950346
41.925736
41.917260
41.927818
41.932349
41.967829
41.961257
41.952200
41.928997
41.951399
41.955905
41.965611
41.937252
41.942867
41.943880
41.924729
41.912749
41.946213
41.939107
41.962209
41.923675
41.936970
41.943638
41.919880
41.965274
41.982882
41.938996
41.889717
41.919921
41.890660
41.941783
41.867119
41.926503
41.938447
41.936854
41.919996
41.941365
41.952432
41.923459
41.969850
41.931527
41.948415
41.943109
41.930202
41.927193
41.937036
41.942549
41.927551
41.915642
41.953107
41.954735
41.926911
41.933165
41.901722
41.943980
41.907321
41.913999
41.938175
41.874643
41.946475
41.954952
41.935393
41.940649
41.930786
41.934143
41.940352
41.948693
41.943799
41.940140
41.930454
41.935433
41.899746
41.941813
41.875006
41.921453
41.903834
41.915843
41.903143
41.934667
41.931205
41.934823
41.933210
41.913303
41.932293
41.918187
41.951853
41.967758
41.944384
41.900291
41.934788
41.967194
41.926991
41.922138
41.865884
41.940432
41.944479
41.948798
41.960990
41.946319
41.900195
41.941924
41.928231
41.972440
41.970102
41.943265
41.879098
41.948804
41.909322
41.957679
41.940684
41.937519
41.935151
41.918681
41.925046
41.937368
41.948385
41.953329
41.935866
