41.906303
41.920440
41.936698
41.919472
41.910325
41.903451
41.919618
41.902387
41.915642
41.901324
41.899736
41.901782
41.902972
41.915274
41.905945
41.908934
41.887973
41.916584
41.907432
41.918197
41.894959
41.904328
41.930585
41.889999
41.889753
41.899641
41.909604
41.906762
41.904700
41.925590
41.935569
41.919215
41.907452
41.916836
41.918303
41.918847
41.910496
41.926850
41.918691
41.876251
41.932540
41.894868
41.920460
41.915496
41.909372
41.910078
41.920379
41.923857
41.918530
41.886199
41.891023
41.904333
41.875213
41.884526
41.899293
41.904403
41.885680
41.893714
41.905809
41.896874
41.899666
41.918530
41.903118
41.899096
41.875470
41.914478
41.907069
41.896889
41.907109
41.888951
41.902181
41.903718
41.888205
41.886325
41.892872
41.895044
41.939777
41.912154
41.903672
41.910632
41.887721
41.901389
41.885746
41.883312
41.882289
41.905895
41.913389
41.886492
41.881230
41.910552
41.892933
41.886456
41.887601
41.899086
41.892761
41.896193
41.887999
41.894984
41.927158
41.899106
41.899323
41.878222
41.893164
41.879744
41.886588
41.905295
41.902201
41.891859
41.898779
41.898668
41.881628
41.894631
41.904015
41.888961
41.895815
41.888820
41.895120
41.931250
41.893109
41.891789
41.875268
41.878216
41.882989
41.884541
41.903108
41.881986
41.891527
41.905638
41.875873
41.893855
41.894571
41.873439
41.897741
41.904514
41.905265
41.891652
41.916579
41.898653
41.900437
41.890629
41.899434
41.870904
41.883836
41.891527
41.912336
41.911595
41.904081
41.879492
41.862800
41.898864
41.890413
41.898396
41.898703
41.903390
41.889853
41.886184
41.878484
41.932646
41.904670
41.882959
41.896249
41.898129
41.885615
41.890443
41.910476
41.892791
41.899268
41.898688
41.891718
41.885867
41.896783
41.889783
41.898129
41.893668
41.892550
41.882808
41.913576
41.891854
41.887989
41.888770
41.900643
41.904595
41.888125
41.884693
41.905013
41.901364
41.900235
41.909372
41.913288
41.887933
41.864564
41.900114
41.905169
41.893270
41.915405
41.881855
41.903299
41.901944
41.881301
41.886048
41.891103
41.902342
41.903410
41.904443
41.884879
41.902629
41.905461
41.895548
41.886840
41.886199
41.884511
41.897317
41.891622
41.888412
41.916614
41.892983
41.898502
41.889919
41.867865
41.903672
41.892514
41.899076
41.902110
41.888810
41.913218
41.898426
41.908853
41.891199
41.880247
41.885025
41.910330
41.906081
41.892041
41.887721
41.898668
41.898784
41.896758
41.893502
41.887984
41.878977
41.917108
41.885479
41.885983
41.909992
41.889158
41.921044
41.896818
41.894555
41.917935
41.897247
41.883725
41.908122
41.901213
41.914226
41.885564
41.899933
41.897746
41.886482
41.900507
41.899459
41.901127
41.885796
41.917058
41.909392
41.872955
41.893502
41.883916
41.888225
41.921427
41.906147
41.904207
41.887893
41.917990
41.906439
41.918262
41.895120
41.901737
41.888336
41.889722
41.898814
41.912381
41.901404
41.900906
41.898673
41.886955
41.892676
41.882153
41.890347
41.898033
41.907956
41.892489
41.896949
41.907765
41.897186
41.916262
41.901077
41.870833
41.893527
41.902846
41.894429
41.897761
41.914372
41.891028
41.899157
41.898013
41.896133
41.894218
41.894812
41.882223
41.891829
41.891441
41.900155
41.899862
41.897882
41.892847
41.902599
41.917673
41.897710
41.890508
41.903042
41.902382
41.901082
41.909473
41.909670
41.892086
41.902680
41.895715
41.897700
41.926195
41.899363
41.920001
41.896758
41.902070
41.894727
41.890524
41.895241
41.897458
41.905648
41.887918
41.922083
41.892691
41.903985
41.906202
41.898930
41.909796
41.885433
41.901460
41.913157
41.908798
41.915632
41.903849
41.908727
41.908536
41.874134
41.880686
41.897368
41.890458
41.902977
41.921931
41.922577
41.893280
41.917300
41.933679
41.900774
41.893532
41.886401
41.909372
41.898779
41.891017
41.910713
41.894157
41.911494
41.897221
41.920304
41.922093
41.902866
41.900437
41.909357
41.891128
41.934249
41.925278
41.908218
41.907230
41.911973
41.904912
41.906318
41.892822
41.913661
41.896113
41.906762
41.928997
41.913424
41.910698
41.912573
41.894414
41.889203
41.896662
41.898542
41.898698
41.903849
41.893925
41.913560
41.905870
41.904217
41.890967
41.914155
41.897836
41.905482
41.918005
41.909851
41.901450
41.915113
41.923978
41.893149
41.910269
41.905698
41.895639
41.891839
41.914503
41.901006
41.906510
41.923741
41.921674
41.890196
41.890755
41.903995
41.901510
41.910915
41.918126
41.888256
41.926311
41.910476
41.905109
41.908299
41.909337
41.894480
41.880651
41.924038
41.913838
41.902654
41.912028
41.883009
41.912694
41.908500
41.902569
41.882536
41.900739
41.920621
41.922435
41.915803
41.900054
41.884032
41.884335
41.913671
41.904892
41.906298
41.909327
41.905502
41.916589
41.900084
41.909176
41.893966
41.900150
41.910234
41.911439
41.930817
41.895765
41.899273
41.927032
41.922269
41.895155
41.910405
41.906943
41.898365
41.876044
41.903435
41.904202
41.894293
41.901208
41.919936
41.893714
41.905225
41.918565
41.899499
41.901994
41.887792
41.931169
41.901777
41.887943
41.893673
41.902680
41.907064
41.901042
41.902478
41.892852
41.888734
41.907200
41.930565
41.888719
41.912467
41.898285
