41.916292
41.933704
41.928856
41.929567
41.914956
41.906999
41.921881
41.927495
41.919860
41.938119
41.903365
41.910365
41.940034
41.911993
41.936386
41.912235
41.929043
41.917381
41.957401
41.914412
41.944429
41.937449
41.939928
41.958460
41.979506
42.190834
41.962300
41.952241
41.961463
41.950875
41.958067
41.937363
41.931326
41.929622
41.943557
41.974763
41.946369
41.948204
41.939752
41.926462
41.936612
41.919124
41.949832
41.941627
41.955078
41.939450
41.931688
41.933150
41.930212
41.921518
41.921039
41.919447
41.907094
41.919522
41.919598
41.915279
41.921392
41.921594
41.911948
41.913737
41.911373
41.932041
41.925852
41.922294
41.917804
41.893860
41.901873
41.931346
41.919709
41.922904
41.916695
41.913525
41.926981
41.938275
41.953556
41.920782
41.909972
41.912341
41.912890
41.909755
41.919447
41.920142
41.914457
41.943386
41.914634
41.936002
42.079334
41.908148
41.913676
41.916443
41.965127
41.965359
41.980045
41.970112
41.961635
41.978150
41.792550
41.915208
41.919689
41.904529
41.917522
41.905759
41.925414
41.915607
41.932026
41.937363
41.903451
41.912290
41.935131
41.948612
41.954972
41.938689
41.936113
41.935554
41.956232
41.935483
41.952644
41.877224
41.926976
41.935206
41.915294
41.934375
41.946747
41.931416
41.921266
41.911993
41.915637
41.920248
41.918147
41.923151
41.918892
41.923111
41.961932
41.936617
41.938946
41.925308
41.893306
41.898683
41.929889
41.905809
41.911832
41.899882
41.915299
41.900865
41.899767
41.919492
41.904872
41.908778
41.918600
41.908672
41.902286
41.921669
41.905970
41.902034
41.917501
41.916826
41.915435
41.927490
41.898068
41.885151
41.910511
41.897962
41.916105
41.913742
41.909947
41.912880
41.894167
41.893225
41.944913
41.915390
41.904106
41.906802
41.900024
41.920268
41.909302
41.896082
41.895563
41.882384
41.899147
41.884496
41.912305
41.910995
41.927218
41.918000
41.918464
41.899646
41.909186
41.895866
41.903929
41.908289
41.893482
41.915894
41.889637
41.901621
41.889667
41.923015
41.905809
41.904796
41.948521
41.913041
41.932162
41.915738
41.937852
41.921498
41.912043
41.911393
41.927783
41.913515
41.945608
41.917572
41.919714
41.916040
41.928130
41.910138
41.917189
41.945099
41.900553
41.842605
41.904605
41.953848
41.925520
41.935735
41.930171
41.930010
41.911071
41.932661
41.917638
41.907805
41.904479
41.912124
41.936320
41.930902
41.929768
41.924401
41.909085
41.922355
41.939561
41.919361
41.939183
41.916242
41.942287
41.944469
41.949398
41.917633
41.922955
41.912200
41.908117
41.931945
41.934097
41.939485
41.940563
41.933765
41.939853
41.914493
41.930277
41.907860
41.948431
41.925681
41.935892
41.938472
41.948804
41.927384
41.923070
41.935564
41.947846
41.907382
41.932087
41.936925
41.931386
41.916821
41.929753
41.929506
41.924376
41.913964
41.925862
41.930489
41.935987
41.923136
41.934722
41.926966
41.924119
41.948612
41.946621
41.936703
41.914977
41.903854
41.920173
41.920092
41.937081
41.934516
41.933956
41.913918
41.934974
41.932596
41.911565
41.919089
41.918449
41.947972
41.938023
41.915743
41.943487
41.916927
41.919124
41.927289
41.922697
41.907235
41.939067
41.946606
41.934612
41.946097
41.913772
41.929330
41.943098
41.923035
41.921397
41.924592
41.934334
41.940664
41.936270
41.927390
41.933251
41.950603
41.916846
41.918797
41.934727
41.948446
41.947599
41.946329
41.939939
41.935307
41.940916
41.928917
41.949287
41.955476
41.956222
41.959432
41.945880
41.953052
41.931487
41.950507
41.940402
41.936108
41.937227
41.926825
41.945644
41.954171
41.992272
41.946616
41.943905
41.941440
41.961519
41.942610
41.955572
41.933644
41.957996
41.966095
41.951409
41.982409
41.960677
41.969275
41.945966
41.941597
41.951601
41.932908
41.941970
41.954881
41.961962
41.950981
41.965531
41.933276
41.953475
41.964885
41.943184
41.937404
41.956227
41.937958
41.962633
41.937877
41.947085
41.913651
41.956676
41.950215
41.947045
41.956933
41.965364
41.983820
41.932999
41.953455
41.954151
41.945114
41.936532
41.934203
41.963106
41.936975
41.932979
41.959090
41.959594
41.950104
41.932147
41.941576
41.943577
41.950739
41.923700
41.933593
41.965319
41.947362
41.941980
41.940432
41.961564
41.952861
41.946853
41.950698
41.958253
41.966181
41.958702
41.969840
41.945361
41.932258
41.956051
41.953158
41.942791
41.952755
41.957220
41.955128
41.947251
41.942766
41.948662
41.935665
41.945553
41.932722
41.963686
41.941445
41.955391
41.953143
41.960844
41.948859
41.960360
41.940931
41.958555
41.940498
41.940508
41.945891
41.949388
41.951994
41.948022
41.941718
41.952815
41.951873
41.925636
41.938658
41.941420
41.942141
41.959468
41.957512
41.953465
41.953118
41.933210
41.949061
41.930665
41.933876
41.946294
41.976583
41.950855
41.964346
41.978558
41.947508
41.916408
41.946556
41.930081
41.922143
41.933392
41.957028
41.955920
41.945815
41.945447
41.943759
41.934697
41.786992
41.924981
41.956459
41.933195
41.953637
41.963459
41.937479
41.967168
41.958455
41.944792
41.928327
41.931537
41.936118
41.940377
41.962376
41.968499
41.950452
41.945931
41.940458
41.939500
41.945875
41.924759
41.938936
41.973670
41.953289
