41.984208
41.920540
42.001263
41.923489
42.015248
41.920067
41.915783
42.011886
41.967607
41.989323
41.831074
41.961569
41.947715
41.933528
42.003067
41.999499
41.947987
41.931648
41.993305
41.956802
41.989112
41.904328
41.942489
41.940856
41.955567
41.921211
41.964926
41.997382
41.936093
41.860446
41.937656
42.004226
41.944167
41.838438
42.009840
41.974985
41.953606
41.885973
42.037635
41.858103
41.969457
41.954977
41.927586
41.941733
41.991778
41.929678
41.935821
41.950900
41.990704
41.935645
41.987892
41.909085
41.895105
41.893613
41.800433
41.902362
41.908863
41.916342
41.939263
41.936764
41.909912
41.976633
41.896985
41.933886
41.917416
41.989832
41.905003
41.920304
41.912416
41.924159
41.811999
41.926699
41.992554
41.832339
41.916544
41.964336
41.836180
41.994353
41.961680
41.817659
41.905300
41.892983
41.903813
41.908697
41.920540
41.916136
41.987806
41.942161
41.996878
41.822063
41.833272
41.835847
41.882415
41.827894
41.923317
41.924789
41.942821
41.918268
41.935539
41.899872
41.830596
41.931825
41.991899
41.904418
41.922914
42.020489
41.999912
41.935373
41.956313
41.906726
41.967728
41.970777
41.947861
41.816580
41.924955
41.834557
41.957089
41.861943
41.923847
41.921291
41.957548
41.799530
41.894046
41.915667
42.003556
42.001061
41.936204
41.856954
41.935892
41.939092
41.842394
41.925288
41.912220
41.912623
41.923816
41.838306
41.932414
41.911499
41.819150
42.019577
41.922813
41.913671
41.915143
41.904464
41.923413
41.923307
41.829043
42.007945
41.923912
41.930343
41.943703
41.913923
41.990467
41.976018
41.941899
41.928861
41.835721
41.928055
41.937363
41.983084
41.928443
41.826881
41.851828
41.917199
41.956101
41.944530
41.877516
41.937787
41.919275
41.966377
41.946858
41.952931
41.979788
41.898406
41.985206
41.919427
41.902276
41.916393
41.916000
42.002613
41.987695
41.901158
41.930025
41.947629
41.991102
41.976235
41.912230
41.829845
41.987408
41.829074
41.845962
41.934370
41.932061
41.904282
41.839657
41.843215
41.932752
41.936391
41.982313
41.836049
41.886436
41.903128
41.911529
41.969285
41.807841
41.912568
41.969043
41.886567
41.992559
41.895558
41.913702
41.897675
41.900059
41.834073
41.935423
41.999735
41.935121
41.896037
41.975676
41.921654
41.978715
41.930711
41.976270
41.992246
41.992478
41.936753
41.829260
41.926387
41.934319
41.954468
41.820536
41.977253
41.977994
41.991188
41.942615
41.982923
41.980786
41.845957
41.909599
41.878096
41.820561
41.983956
42.001288
41.921337
41.921327
41.937197
41.820244
41.927208
41.926734
41.803658
41.895926
41.921201
41.986446
41.921725
42.024879
41.858642
41.985105
41.961882
41.847428
41.827521
41.926195
41.923665
41.925313
41.826151
41.922773
41.984747
41.940236
41.830717
41.963278
41.827279
41.893689
41.852670
41.901238
41.833771
41.829804
41.841502
41.841613
41.903451
41.849379
41.974980
41.916675
41.902488
41.938472
41.885489
41.909382
41.948874
41.921443
41.972984
41.824644
41.914528
41.970429
41.815113
41.981653
41.918686
41.993572
41.935619
41.910804
41.919044
41.919094
41.946359
41.898980
41.913717
41.926230
41.920984
41.937267
41.921014
41.805130
41.909922
41.943356
41.980897
41.994736
41.827945
41.922496
41.925278
41.932843
41.824276
41.925822
41.956338
41.974869
41.922304
41.912628
41.928176
41.982877
42.028966
41.943441
41.847524
42.026537
41.846662
41.947140
41.941970
41.844929
41.937857
41.909327
41.851380
41.932525
41.996193
41.913671
41.941642
41.915486
41.948899
41.972974
41.980398
41.957366
41.843825
41.957316
41.953057
42.023281
41.996545
41.912825
41.944691
41.999221
41.897861
42.025166
41.810910
42.006459
42.012647
41.934858
41.932681
42.011498
41.991395
41.996026
41.936617
41.953511
41.951918
41.909917
41.862497
42.030095
41.917577
42.001615
41.878070
41.846662
42.013504
41.835005
41.915541
41.929254
42.032529
41.965309
41.927712
41.905230
41.932979
41.955103
41.922098
41.857417
41.925822
42.017612
42.035548
41.999544
42.012395
41.973836
41.925076
41.940634
41.856107
41.855361
41.997100
41.976709
41.951268
42.028966
41.913621
41.932933
41.925495
41.937847
41.902110
41.852488
41.983971
41.925177
41.993431
41.913903
41.904136
41.990709
41.826176
41.935075
41.996812
41.963913
41.959574
41.849550
41.857458
41.959392
42.013670
41.974128
41.916317
41.944646
41.844158
41.929239
41.992191
41.917950
41.956499
41.942952
41.925580
41.923196
41.841759
41.963384
41.947967
41.956655
42.003163
41.977354
41.979188
41.846849
41.926709
41.907598
41.918817
41.908037
41.852408
42.001812
41.832108
42.003193
41.953153
41.877823
41.931956
41.922360
41.993491
41.828298
41.851405
41.981673
41.852509
41.848517
41.809570
41.942494
41.958193
41.849792
41.989298
41.921422
41.929567
41.923826
41.843034
41.929426
41.957406
41.922108
41.989409
41.871075
41.860839
41.856026
41.848023
42.010279
41.949262
41.986839
41.929128
42.000885
41.840549
41.865703
41.953334
41.834955
41.983800
41.846310
41.963368
41.914508
41.890967
41.945432
42.003183
41.967980
42.049932
42.041374
41.942978
41.833604
41.945719
41.959760
41.999297
41.832511
41.996167
41.837283
41.947513
