41.947337
41.945124
41.934647
41.947402
41.926150
41.952709
41.932172
41.944812
41.915627
41.928392
41.944938
41.917426
41.949166
41.926906
41.927783
41.914961
41.928775
41.940594
41.941612
41.934662
41.910622
41.934118
41.918913
41.937298
41.934395
41.925318
41.953475
41.945906
41.930897
41.948859
41.915531
41.926361
41.922632
41.928584
41.917668
41.936013
41.921599
41.938563
41.932525
41.929925
41.932656
41.933155
41.940644
41.912815
41.926906
41.915833
41.936990
41.920923
41.947221
41.926760
41.918968
41.900407
41.922234
41.915768
41.891622
41.909841
41.917990
41.919281
41.917834
41.897972
41.925736
41.911212
41.910637
41.891804
41.904665
41.898885
41.926245
41.903063
41.910909
41.918167
41.896486
41.913812
41.910708
41.918802
41.920742
41.909549
41.898552
41.912008
41.925288
41.900502
41.896944
41.888422
41.904242
41.897443
41.912033
41.918414
41.912064
41.903501
41.898476
41.916952
41.882379
41.892298
41.892187
41.908012
41.907739
41.927616
41.920379
41.895059
41.916972
41.902634
41.909554
41.887318
41.910431
41.896471
41.908536
41.910642
41.906837
41.895301
41.918011
41.909811
41.918353
41.898043
41.914553
41.895946
41.881381
41.921931
41.927042
41.901379
41.904726
41.907981
41.892066
41.894319
41.911015
41.898245
41.916740
41.910053
41.904272
41.912114
41.903869
41.896541
41.937933
41.890871
41.882687
41.914281
41.906994
41.933387
41.924895
41.922430
41.902906
41.891829
41.896702
41.901001
41.886845
41.901969
41.902392
41.911282
41.910350
41.923388
41.896481
41.898048
41.896460
41.910592
41.892731
41.920949
41.916327
41.919155
41.906994
41.905078
41.898794
41.897569
41.919815
41.901913
41.895891
41.912185
41.908833
41.889999
41.903662
41.904605
41.907004
41.905376
41.916695
41.915586
41.897504
41.915274
41.905603
41.906096
41.911494
41.912134
41.897146
41.917028
41.924880
41.910768
41.893371
41.909619
41.896471
41.929728
41.909377
41.912744
41.904217
41.893023
41.897625
41.892867
41.902982
41.915047
41.927485
41.903561
41.898512
41.893124
41.899041
41.912331
41.903506
41.910068
41.884209
41.899394
41.898239
41.910768
41.907074
41.926674
41.913248
41.904459
41.912411
41.905552
41.886966
41.896294
41.898582
41.918036
41.909100
41.900114
41.910058
41.909130
41.899908
41.894092
41.904096
41.916877
41.918646
41.885670
41.911494
41.907835
41.898527
41.903456
41.897680
41.898577
41.898078
41.920863
41.904423
41.918792
41.890680
41.914125
41.933775
41.899404
41.901843
41.905885
41.903672
41.905875
41.904035
41.905068
41.916131
41.912830
41.893301
41.909881
41.901062
41.897186
41.907669
41.907291
41.909307
41.912764
41.914966
41.899026
41.922854
41.893779
41.900346
41.896158
41.891809
41.905860
41.892136
41.911681
41.891219
41.894036
41.893764
41.898134
41.893749
41.875344
41.910557
41.869740
41.903037
41.895281
41.907185
41.880207
41.898995
41.891537
41.895699
41.907104
41.905688
41.896274
41.883669
41.910254
41.908511
41.918217
41.884567
41.912250
41.912719
41.939354
41.879713
41.911993
41.913550
41.896471
41.907014
41.918283
41.892917
41.909312
41.901032
41.900800
41.892489
41.908873
41.919613
41.900764
41.914674
41.906857
41.901934
41.893628
41.908334
41.893951
41.891889
41.903919
41.903309
41.895382
41.904126
41.905366
41.894888
41.893200
41.887701
41.875268
41.897907
41.902503
41.895533
41.920984
41.927269
41.943723
41.931573
41.906520
41.908117
41.918036
41.912099
41.897529
41.913389
41.919260
41.932253
41.935509
41.923393
41.928498
41.922440
41.913455
41.903320
41.915556
41.929405
41.922254
41.933563
41.909932
41.924991
41.928337
41.911403
41.934092
41.913656
41.926417
41.949822
41.922582
41.932283
41.928201
41.942317
41.922622
41.920868
41.919331
41.926976
41.914468
41.948980
41.936123
41.933951
41.937066
41.922904
41.923872
41.925172
41.914795
41.913868
41.907326
41.915128
41.913994
41.931285
41.939808
41.935514
41.923494
41.921730
41.939702
41.918388
41.924199
41.935231
41.929723
41.924189
41.934632
41.913777
41.896607
41.921407
41.927269
41.952140
41.919900
41.933871
41.920057
41.930832
41.926392
41.930252
41.919553
41.930766
41.921196
41.935236
41.923232
41.933326
41.934047
41.900099
41.928639
41.934118
41.910028
41.900533
41.943945
41.940432
41.918993
41.952241
41.936517
41.917995
41.929123
41.911146
41.919270
41.933120
41.935579
41.954922
41.948058
41.922168
41.931154
41.924018
41.930444
41.935352
41.925641
41.915420
41.912038
41.935776
41.933543
41.923191
41.934909
41.928518
41.944318
41.925323
41.917058
41.917683
41.911993
41.929431
41.925797
41.934244
41.919185
41.925600
41.934365
41.921231
41.928327
41.940372
41.924250
41.928271
41.923292
41.939263
41.943915
41.915591
41.929410
41.931774
41.920939
41.936879
41.934097
41.938860
41.934566
41.928105
41.935594
41.926734
41.940422
41.920278
41.925621
41.925096
41.904952
41.928786
41.923302
41.924154
41.910642
41.920374
41.927062
41.929305
41.933195
41.935262
41.901838
41.907790
41.916539
41.920530
41.932661
41.929113
41.912195
41.904277
41.922234
41.945457
41.889531
41.912159
41.933301
41.921821
41.946657
41.935388
41.942257
41.914523
41.925610
41.911943
41.921836
