41.919442
41.916428
41.931754
41.929662
41.927929
41.907699
41.918086
41.896843
41.915153
41.918126
41.928992
41.897554
41.923262
41.923398
41.918540
41.920062
41.906293
41.912305
41.916806
41.927944
41.905648
41.923912
41.907094
41.913273
41.925122
41.929899
41.930539
41.922370
41.920697
41.905900
41.919991
41.920399
41.912457
41.926331
41.912547
41.918338
41.937489
41.920591
41.926457
41.919941
41.939813
41.925122
41.925827
41.923292
41.923569
41.931673
41.900608
41.913112
41.868530
41.889309
41.895856
41.904695
41.898229
41.916907
41.895271
41.906102
41.910980
41.895100
41.902337
41.895332
41.919155
41.895639
41.904978
41.891547
41.907760
41.900643
41.906495
41.902428
41.876397
41.910154
41.897332
41.898250
41.910521
41.895720
41.911172
41.902932
41.890624
41.920253
41.901908
41.899268
41.900830
41.904942
41.903335
41.908017
41.902604
41.900790
41.893598
41.882596
41.881996
41.901329
41.907870
41.909710
41.898537
41.898088
41.908662
41.905663
41.900477
41.901803
41.891451
41.892293
41.909952
41.898935
41.899242
41.912689
41.915299
41.916146
41.890791
41.896395
41.880767
41.915420
41.890367
41.908883
41.909362
41.903143
41.883664
41.897262
41.898028
41.912517
41.894445
41.897781
41.913727
41.889551
41.899348
41.897892
41.909725
41.886008
41.881467
41.893769
41.902508
41.903844
41.880641
41.893442
41.884083
41.909100
41.878383
41.900578
41.893341
41.889501
41.898970
41.911645
41.892121
41.894928
41.904957
41.911832
41.906762
41.892827
41.890075
41.892902
41.900003
41.908722
41.907986
41.903385
41.912482
41.924164
41.897363
41.913192
41.907064
41.899439
41.932424
41.894359
41.898179
41.912532
41.909826
41.893684
41.913938
41.905708
41.896183
41.878741
41.892882
41.904741
41.928125
41.923428
41.899782
41.899126
41.895049
41.895604
41.895931
41.894545
41.895694
41.896153
41.903985
41.894213
41.897987
41.883891
41.924220
41.896022
41.892665
41.895266
41.888906
41.894994
41.918262
41.901163
41.898270
41.912235
41.881971
41.896723
41.904832
41.887268
41.899686
41.913001
41.894525
41.904312
41.906081
41.891038
41.902730
41.893381
41.885307
41.891068
41.900457
41.897579
41.900598
41.912064
41.882304
41.907780
41.911454
41.890629
41.907513
41.872713
41.892509
41.886003
41.912074
41.914846
41.908526
41.898507
41.898592
41.908647
41.904383
41.880555
41.902584
41.880883
41.912210
41.892676
41.899605
41.895200
41.906142
41.896143
41.905149
41.904680
41.889808
41.898779
41.890347
41.906318
41.901440
41.907855
41.882223
41.900679
41.903299
41.899696
41.890574
41.907009
41.923353
41.913999
41.912179
41.899928
41.888951
41.916413
41.900044
41.884400
41.896874
41.911550
41.913248
41.891038
41.903052
41.902619
41.882455
41.877697
41.880772
41.901611
41.886527
41.882626
41.906696
41.886008
41.881407
41.898365
41.895896
41.912285
41.899731
41.900739
41.879844
41.897640
41.893149
41.917124
41.898194
41.900936
41.881734
41.892580
41.888150
41.901561
41.906989
41.916221
41.895241
41.897116
41.887732
41.900633
41.910300
41.912568
41.885050
41.886895
41.896259
41.889677
41.912497
41.912149
41.889022
41.891189
41.886189
41.897846
41.897977
41.898078
41.891975
41.902377
41.901137
41.879073
41.899958
41.903612
41.906898
41.911323
41.889102
41.900911
41.897589
41.906480
41.910421
41.888997
41.884370
41.899474
41.909992
41.914825
41.916584
41.920162
41.921407
41.939001
41.938154
41.950139
41.935740
41.920672
41.892051
41.926906
41.897640
41.936658
41.956081
41.934743
41.929738
41.942489
41.904222
41.914069
41.926770
41.914447
41.920823
41.928972
41.920394
41.937923
41.936108
41.941214
41.913807
41.941834
41.930091
41.923257
41.920994
41.910663
41.922516
41.917779
41.950331
41.946354
41.937827
41.921473
41.914599
41.916645
41.924119
41.933135
41.931467
41.900522
41.943774
41.922627
41.924734
41.915617
41.944127
41.930303
41.911106
41.927369
41.908883
41.937782
41.926664
41.927274
41.926140
41.907795
41.910249
41.921473
41.922738
41.912401
41.933931
41.922612
41.936794
41.930000
41.911650
41.933488
41.925545
41.916655
41.912285
41.916095
41.924386
41.926623
41.929350
41.941733
41.941652
41.936769
41.914795
41.937766
41.924275
41.913666
41.909362
41.948723
41.938210
41.928241
41.932429
41.919346
41.949786
41.931653
41.921891
41.911212
41.931900
41.940947
41.943356
41.942882
41.915874
41.932016
41.918983
41.934113
41.946556
41.918736
41.914906
41.930217
41.949958
41.908304
41.907689
41.924794
41.919628
41.932868
41.943940
41.918439
41.931688
41.912114
41.909382
41.902639
41.921296
41.944772
41.918227
41.900951
41.916887
41.917179
41.909216
41.939928
41.921055
41.919507
41.932016
41.922204
41.925847
41.912124
41.921947
41.924663
41.922788
41.917572
41.926603
41.939334
41.928796
41.910436
41.926034
41.920606
41.911146
41.916665
41.932313
41.908062
41.945946
41.920908
41.950255
41.923000
41.943391
41.914090
41.919900
41.927853
41.946878
41.937832
41.952029
41.925883
41.948229
41.935766
41.918399
41.928841
41.934727
41.915843
41.926800
41.951853
41.950381
41.928816
41.931759
41.922304
41.938109
41.912940
41.929395
41.918429
41.920011
41.937242
41.933977
41.922244
