41.895362
41.919744
41.915007
41.908364
41.945709
41.894268
41.904635
41.903965
41.910642
41.923081
41.929965
41.918509
41.921498
41.916630
41.919422
41.929854
41.897776
41.915218
41.908223
41.905970
41.925958
41.931033
41.938497
41.932520
41.893462
41.922874
41.929753
41.937509
41.928518
41.909246
41.933684
41.936320
41.931064
41.941889
41.913938
41.903466
41.898718
41.905482
41.919412
41.923554
41.933926
41.919961
41.923393
41.932777
41.905280
41.929935
41.892509
41.922773
41.911968
41.888997
41.897347
41.915879
41.893270
41.902231
41.902216
41.893482
41.877340
41.894172
41.888871
41.902649
41.910461
41.892529
41.903829
41.900578
41.906953
41.882374
41.905280
41.903844
41.912512
41.908576
41.895951
41.885181
41.907966
41.882445
41.897670
41.903829
41.900800
41.886991
41.908616
41.924235
41.899177
41.885353
41.898345
41.923191
41.903924
41.900397
41.906439
41.914165
41.906626
41.905517
41.888840
41.880918
41.908631
41.897806
41.890095
41.881412
41.892101
41.892595
41.894424
41.902176
41.898713
41.896360
41.916756
41.893396
41.874154
41.888205
41.905769
41.912336
41.933029
41.925540
41.909352
41.886512
41.916473
41.893139
41.896062
41.884481
41.914523
41.890110
41.922073
41.893260
41.915405
41.902387
41.901833
41.882142
41.883040
41.931401
41.909508
41.906278
41.896345
41.895039
41.907790
41.898154
41.907624
41.880580
41.879738
41.907704
41.905537
41.904141
41.911590
41.897277
41.914236
41.911786
41.870541
41.886205
41.881502
41.897685
41.926634
41.907145
41.913913
41.899827
41.880968
41.894510
41.896743
41.899031
41.902105
41.892837
41.913102
41.911449
41.913016
41.898774
41.891496
41.882354
41.861636
41.905708
41.898643
41.911882
41.880550
41.907503
41.891804
41.887853
41.877597
41.899484
41.912190
41.899177
41.899353
41.900457
41.903093
41.898854
41.912608
41.896899
41.882702
41.897584
41.890957
41.900225
41.904081
41.887701
41.903516
41.904207
41.884446
41.887379
41.887404
41.919679
41.902296
41.912946
41.877642
41.911953
41.881709
41.895921
41.884783
41.905406
41.894404
41.892892
41.888296
41.890095
41.915405
41.898300
41.901067
41.910804
41.870647
41.892600
41.903183
41.903773
41.907326
41.901944
41.898859
41.911358
41.893482
41.913505
41.913213
41.887676
41.893598
41.886376
41.895180
41.895563
41.912457
41.892524
41.908868
41.887495
41.897942
41.891945
41.894308
41.905351
41.906621
41.920253
41.908984
41.919800
41.903244
41.896249
41.884824
41.898638
41.939258
41.900528
41.908304
41.912547
41.904126
41.892998
41.890695
41.877667
41.907704
41.917466
41.914730
41.908153
41.899817
41.918857
41.895578
41.879804
41.900709
41.903803
41.898078
41.891814
41.895054
41.902715
41.914563
41.909443
41.901273
41.908178
41.900371
41.906197
41.904882
41.907467
41.904816
41.915596
41.900407
41.906485
41.906399
41.902055
41.905633
41.894147
41.897176
41.914044
41.933483
41.898360
41.912159
41.908606
41.910002
41.873847
41.875288
41.891194
41.896843
41.904721
41.905955
41.897035
41.892272
41.901520
41.890599
41.890115
41.904353
41.897287
41.911081
41.898743
41.904423
41.896561
41.893744
41.892923
41.915087
41.881583
41.902800
41.899464
41.910033
41.892282
41.888064
41.892303
41.906994
41.885595
41.880202
41.902397
41.879738
41.885534
41.905915
41.914946
41.886210
41.912729
41.905764
41.898542
41.937141
41.931678
41.914977
41.933079
41.929919
41.949222
41.909871
41.909181
41.923847
41.926382
41.911207
41.934939
41.920858
41.920949
41.926185
41.917108
41.905063
41.915324
41.899651
41.919054
41.928816
41.914856
41.945049
41.922587
41.929511
41.921896
41.893366
41.914090
41.913364
41.905366
41.914851
41.917985
41.927178
41.929577
41.925968
41.899101
41.893169
41.905507
41.899767
41.917955
41.924522
41.921548
41.939475
41.922597
41.938870
41.903693
41.914972
41.918378
41.915944
41.896032
41.933533
41.920475
41.935771
41.911434
41.916851
41.929355
41.898789
41.921130
41.926341
41.931013
41.923584
41.906973
41.917365
41.895614
41.926120
41.902438
41.927999
41.947992
41.917118
41.919704
41.926689
41.913671
41.917638
41.934531
41.915637
41.927319
41.922561
41.924542
41.935574
41.923403
41.920500
41.940402
41.928972
41.938059
41.894157
41.921034
41.899716
41.929652
41.910678
41.943996
41.915939
41.932454
41.912079
41.928518
41.907689
41.924860
41.936517
41.932414
41.918948
41.933563
41.939470
41.913898
41.919729
41.923590
41.911620
41.906585
41.929486
41.918802
41.912825
41.929284
41.930323
41.904368
41.908999
41.913908
41.916226
41.924456
41.913908
41.895941
41.924547
41.910108
41.919548
41.940599
41.908410
41.912482
41.912976
41.916156
41.919437
41.920450
41.908445
41.910889
41.937988
41.929511
41.910758
41.942912
41.909821
41.925918
41.916675
41.927188
41.910073
41.926210
41.916735
41.934430
41.930056
41.894797
41.924729
41.912915
41.901278
41.927516
41.934939
41.908707
41.925137
41.899389
41.913470
41.917597
41.926996
41.929975
41.935766
41.911686
41.931411
41.928508
41.921926
41.906051
41.917804
41.897584
41.925893
41.902624
41.921800
41.910990
41.940236
41.928856
41.930580
41.944399
41.923736
41.918560
41.906711
41.941340
41.944988
41.915904
