41.919452
41.945392
41.922612
41.932858
41.928145
41.956509
41.933654
41.912048
41.912598
41.919447
41.916005
41.926361
41.905290
41.924134
41.941682
41.938895
41.920818
41.933457
41.919341
41.916937
41.934244
41.914820
41.932485
41.943396
41.932681
41.919462
41.917179
41.916035
41.937686
41.911479
41.917527
41.922768
41.920016
41.932757
41.914916
41.925202
41.920011
41.922884
41.914296
41.916373
41.904141
41.906626
41.917169
41.940392
41.911600
41.915163
41.899973
41.921569
41.926553
41.913777
41.919467
41.920394
41.927379
41.936365
41.933578
41.904726
41.907341
41.927752
41.903561
41.920283
41.915838
41.905003
41.906656
41.925878
41.925227
41.924739
41.913480
41.929703
41.912396
41.909382
41.933236
41.930287
41.933306
41.943597
41.907316
41.931552
41.939364
41.923373
41.918439
41.914916
41.902841
41.944172
41.923650
41.936471
41.938094
41.917743
41.930222
41.912749
41.933069
41.915269
41.909715
41.930912
41.919376
41.920475
41.943068
41.922778
41.914039
41.917607
41.918454
41.928730
41.925525
41.933347
41.910416
41.941400
41.930736
41.929269
41.936113
41.908505
41.927924
41.917063
41.923257
41.955426
41.908254
41.936048
41.940256
41.915178
41.929058
41.933992
41.908586
41.896723
41.904680
41.918550
41.914674
41.922829
41.925071
41.929995
41.925288
41.930061
41.913999
41.921312
41.905109
41.925484
41.921624
41.906812
41.908213
41.922007
41.919119
41.928196
41.910300
41.912689
41.912719
41.912815
41.938109
41.918187
41.913606
41.931048
41.924597
41.943219
41.926099
41.916488
41.923907
41.911015
41.916413
41.910254
41.927379
41.923544
41.934163
41.898708
41.929063
41.907770
41.928327
41.943119
41.930842
41.931557
41.931814
41.920843
41.920072
41.912557
41.921286
41.922909
41.923161
41.909750
41.949504
41.948063
41.910617
41.937222
41.915239
41.930383
41.898678
41.939964
41.926845
41.922511
41.932918
41.946843
41.925071
41.936738
41.898975
41.916720
41.928856
41.922325
41.927475
41.936965
41.926573
41.941239
41.929849
41.928518
41.912855
41.917335
41.910869
41.925036
41.930524
41.934198
41.933155
41.913248
41.919472
41.939273
41.924860
41.913812
41.909448
41.942988
41.919180
41.915571
41.922380
41.934460
41.938694
41.928972
41.917507
41.898965
41.891401
41.918766
41.916942
41.921614
41.905517
41.933110
41.939087
41.931477
41.914780
41.892529
41.898169
41.910385
41.938875
41.923590
41.942670
41.922758
41.923378
41.925868
41.935695
41.927319
41.923403
41.933024
41.942463
41.933069
41.945548
41.935055
41.911298
41.898698
41.927178
41.906414
41.915501
41.903687
41.923665
41.930544
41.944162
41.950124
41.912608
41.923383
41.925454
41.917547
41.911262
41.919437
41.908989
41.903834
41.914583
41.926573
41.922320
41.910930
41.910330
41.902851
41.910915
41.927349
41.907225
41.924164
41.921569
41.925404
41.937267
41.919598
41.936597
41.894918
41.911912
41.924749
41.908687
41.903829
41.912573
41.918525
41.926351
41.916015
41.892791
41.907976
41.946395
41.917134
41.894248
41.940226
41.922385
41.927989
41.924688
41.925157
41.917118
41.920697
41.928151
41.918121
41.931905
41.896707
41.941017
41.921019
41.917265
41.910864
41.910950
41.931285
41.898481
41.919870
41.935488
41.927284
41.909750
41.916821
41.936698
41.916393
41.929335
41.902271
41.924517
41.921649
41.914367
41.909060
41.914987
41.933649
41.910330
41.944399
41.942297
41.928922
41.923872
41.916771
41.929017
41.926936
41.947125
41.936809
41.971447
41.951706
41.942237
41.926251
41.933982
41.942252
41.948249
41.913807
41.929995
41.951858
41.936108
41.953672
41.931804
41.942312
41.932969
41.918157
41.937096
41.949585
41.946914
41.948224
41.948169
41.941264
41.941289
41.921251
41.941450
41.936940
41.927007
41.949353
41.941788
41.938578
41.933095
41.935907
41.910058
41.932097
41.935216
41.941622
41.940916
41.935373
41.954136
41.938512
41.956323
41.922390
41.945568
41.921009
41.946087
41.931240
41.943098
41.942680
41.938563
41.942539
41.937157
41.951863
41.927954
41.944676
41.938396
41.934984
41.943214
41.911025
41.959604
41.941587
41.945840
41.941884
41.927475
41.911852
41.937298
41.922199
41.932182
41.933926
41.943895
41.935282
41.941692
41.934405
41.941199
41.936315
41.929713
41.908883
41.927510
41.956953
41.948667
41.949887
41.962592
41.970893
41.955108
41.923862
41.941546
41.940306
41.951913
41.942892
41.943940
41.956519
41.945754
41.949927
41.950285
41.919618
41.954040
41.958046
41.969441
41.965279
41.936365
41.947100
41.950492
41.941062
41.938684
41.946405
41.940004
41.949529
41.976799
41.965369
41.966579
41.945865
41.951107
41.934833
41.951560
41.935373
41.936481
41.951308
41.930192
41.955023
41.971024
41.956913
41.953763
41.952331
41.964815
41.948950
41.932026
41.935831
41.954337
41.951616
41.960536
41.943325
41.949640
41.945281
41.964649
41.937434
41.969542
41.944212
41.945170
41.935247
41.925268
41.960002
41.938104
41.940644
41.929652
41.932389
41.939515
41.967456
41.953853
41.949489
41.956686
41.943224
41.926261
41.947060
41.939173
41.954705
41.927233
41.959266
41.944590
41.928236
41.923917
41.994061
41.973730
41.966861
41.951797
41.961600
41.948632
41.966881
41.955648
41.965702
