Release 14.4 - xst P.49d (nt64)
Copyright (c) 1995-2012 Xilinx, Inc.  All rights reserved.
--> Parameter TMPDIR set to xst/projnav.tmp


Total REAL time to Xst completion: 0.00 secs
Total CPU time to Xst completion: 0.10 secs
 
--> Parameter xsthdpdir set to xst


Total REAL time to Xst completion: 0.00 secs
Total CPU time to Xst completion: 0.10 secs
 
--> Reading design: ring_oscillator_three.prj

TABLE OF CONTENTS
  1) Synthesis Options Summary
  2) HDL Compilation
  3) Design Hierarchy Analysis
  4) HDL Analysis
  5) HDL Synthesis
     5.1) HDL Synthesis Report
  6) Advanced HDL Synthesis
     6.1) Advanced HDL Synthesis Report
  7) Low Level Synthesis
  8) Partition Report
  9) Final Report
	9.1) Device utilization summary
	9.2) Partition Resource Summary
	9.3) TIMING REPORT


=========================================================================
*                      Synthesis Options Summary                        *
=========================================================================
---- Source Parameters
Input File Name                    : "ring_oscillator_three.prj"
Input Format                       : mixed
Ignore Synthesis Constraint File   : NO

---- Target Parameters
Output File Name                   : "ring_oscillator_three"
Output Format                      : NGC
Target Device                      : xc4vlx60-11-ff668

---- Source Options
Top Module Name                    : ring_oscillator_three
Automatic FSM Extraction           : YES
FSM Encoding Algorithm             : Auto
Safe Implementation                : No
FSM Style                          : LUT
RAM Extraction                     : Yes
RAM Style                          : Auto
ROM Extraction                     : Yes
Mux Style                          : Auto
Decoder Extraction                 : YES
Priority Encoder Extraction        : Yes
Shift Register Extraction          : YES
Logical Shifter Extraction         : YES
XOR Collapsing                     : YES
ROM Style                          : Auto
Mux Extraction                     : Yes
Resource Sharing                   : YES
Asynchronous To Synchronous        : NO
Use DSP Block                      : Auto
Automatic Register Balancing       : No

---- Target Options
Add IO Buffers                     : YES
Global Maximum Fanout              : 100000
Add Generic Clock Buffer(BUFG)     : 32
Number of Regional Clock Buffers   : 32
Register Duplication               : YES
Slice Packing                      : YES
Optimize Instantiated Primitives   : NO
Use Clock Enable                   : Auto
Use Synchronous Set                : Auto
Use Synchronous Reset              : Auto
Pack IO Registers into IOBs        : Auto
Equivalent register Removal        : YES

---- General Options
Optimization Goal                  : Speed
Optimization Effort                : 1
Power Reduction                    : NO
Keep Hierarchy                     : No
Netlist Hierarchy                  : As_Optimized
RTL Output                         : Yes
Global Optimization                : AllClockNets
Read Cores                         : YES
Write Timing Constraints           : NO
Cross Clock Analysis               : NO
Hierarchy Separator                : /
Bus Delimiter                      : <>
Case Specifier                     : Maintain
Slice Utilization Ratio            : 100
BRAM Utilization Ratio             : 100
DSP48 Utilization Ratio            : 100
Verilog 2001                       : YES
Auto BRAM Packing                  : NO
Slice Utilization Ratio Delta      : 5

=========================================================================


=========================================================================
*                          HDL Compilation                              *
=========================================================================
Compiling vhdl file "E:/Adam/Characterizing/ISE/ring_oscillator/ring_osc_three.vhd" in Library work.
Entity <ring_oscillator_three> compiled.
Entity <ring_oscillator_three> (Architecture <behavioral>) compiled.

=========================================================================
*                     Design Hierarchy Analysis                         *
=========================================================================
Analyzing hierarchy for entity <ring_oscillator_three> in library <work> (architecture <behavioral>) with generics.
	NUM_INVERTERS = 51


=========================================================================
*                            HDL Analysis                               *
=========================================================================
Analyzing generic Entity <ring_oscillator_three> in library <work> (Architecture <behavioral>).
	NUM_INVERTERS = 51
WARNING:Xst:2211 - "E:/Adam/Characterizing/ISE/ring_oscillator/ring_osc_three.vhd" line 27: Instantiating black box module <inverter>.
WARNING:Xst:2211 - "E:/Adam/Characterizing/ISE/ring_oscillator/ring_osc_three.vhd" line 27: Instantiating black box module <inverter>.
WARNING:Xst:2211 - "E:/Adam/Characterizing/ISE/ring_oscillator/ring_osc_three.vhd" line 27: Instantiating black box module <inverter>.
WARNING:Xst:2211 - "E:/Adam/Characterizing/ISE/ring_oscillator/ring_osc_three.vhd" line 27: Instantiating black box module <inverter>.
WARNING:Xst:2211 - "E:/Adam/Characterizing/ISE/ring_oscillator/ring_osc_three.vhd" line 27: Instantiating black box module <inverter>.
WARNING:Xst:2211 - "E:/Adam/Characterizing/ISE/ring_oscillator/ring_osc_three.vhd" line 27: Instantiating black box module <inverter>.
WARNING:Xst:2211 - "E:/Adam/Characterizing/ISE/ring_oscillator/ring_osc_three.vhd" line 27: Instantiating black box module <inverter>.
WARNING:Xst:2211 - "E:/Adam/Characterizing/ISE/ring_oscillator/ring_osc_three.vhd" line 27: Instantiating black box module <inverter>.
WARNING:Xst:2211 - "E:/Adam/Characterizing/ISE/ring_oscillator/ring_osc_three.vhd" line 27: Instantiating black box module <inverter>.
WARNING:Xst:2211 - "E:/Adam/Characterizing/ISE/ring_oscillator/ring_osc_three.vhd" line 27: Instantiating black box module <inverter>.
WARNING:Xst:2211 - "E:/Adam/Characterizing/ISE/ring_oscillator/ring_osc_three.vhd" line 27: Instantiating black box module <inverter>.
WARNING:Xst:2211 - "E:/Adam/Characterizing/ISE/ring_oscillator/ring_osc_three.vhd" line 27: Instantiating black box module <inverter>.
WARNING:Xst:2211 - "E:/Adam/Characterizing/ISE/ring_oscillator/ring_osc_three.vhd" line 27: Instantiating black box module <inverter>.
WARNING:Xst:2211 - "E:/Adam/Characterizing/ISE/ring_oscillator/ring_osc_three.vhd" line 27: Instantiating black box module <inverter>.
WARNING:Xst:2211 - "E:/Adam/Characterizing/ISE/ring_oscillator/ring_osc_three.vhd" line 27: Instantiating black box module <inverter>.
WARNING:Xst:2211 - "E:/Adam/Characterizing/ISE/ring_oscillator/ring_osc_three.vhd" line 27: Instantiating black box module <inverter>.
WARNING:Xst:2211 - "E:/Adam/Characterizing/ISE/ring_oscillator/ring_osc_three.vhd" line 27: Instantiating black box module <inverter>.
WARNING:Xst:2211 - "E:/Adam/Characterizing/ISE/ring_oscillator/ring_osc_three.vhd" line 27: Instantiating black box module <inverter>.
WARNING:Xst:2211 - "E:/Adam/Characterizing/ISE/ring_oscillator/ring_osc_three.vhd" line 27: Instantiating black box module <inverter>.
WARNING:Xst:2211 - "E:/Adam/Characterizing/ISE/ring_oscillator/ring_osc_three.vhd" line 27: Instantiating black box module <inverter>.
WARNING:Xst:2211 - "E:/Adam/Characterizing/ISE/ring_oscillator/ring_osc_three.vhd" line 27: Instantiating black box module <inverter>.
WARNING:Xst:2211 - "E:/Adam/Characterizing/ISE/ring_oscillator/ring_osc_three.vhd" line 27: Instantiating black box module <inverter>.
WARNING:Xst:2211 - "E:/Adam/Characterizing/ISE/ring_oscillator/ring_osc_three.vhd" line 27: Instantiating black box module <inverter>.
WARNING:Xst:2211 - "E:/Adam/Characterizing/ISE/ring_oscillator/ring_osc_three.vhd" line 27: Instantiating black box module <inverter>.
WARNING:Xst:2211 - "E:/Adam/Characterizing/ISE/ring_oscillator/ring_osc_three.vhd" line 27: Instantiating black box module <inverter>.
WARNING:Xst:2211 - "E:/Adam/Characterizing/ISE/ring_oscillator/ring_osc_three.vhd" line 27: Instantiating black box module <inverter>.
WARNING:Xst:2211 - "E:/Adam/Characterizing/ISE/ring_oscillator/ring_osc_three.vhd" line 27: Instantiating black box module <inverter>.
WARNING:Xst:2211 - "E:/Adam/Characterizing/ISE/ring_oscillator/ring_osc_three.vhd" line 27: Instantiating black box module <inverter>.
WARNING:Xst:2211 - "E:/Adam/Characterizing/ISE/ring_oscillator/ring_osc_three.vhd" line 27: Instantiating black box module <inverter>.
WARNING:Xst:2211 - "E:/Adam/Characterizing/ISE/ring_oscillator/ring_osc_three.vhd" line 27: Instantiating black box module <inverter>.
WARNING:Xst:2211 - "E:/Adam/Characterizing/ISE/ring_oscillator/ring_osc_three.vhd" line 27: Instantiating black box module <inverter>.
WARNING:Xst:2211 - "E:/Adam/Characterizing/ISE/ring_oscillator/ring_osc_three.vhd" line 27: Instantiating black box module <inverter>.
WARNING:Xst:2211 - "E:/Adam/Characterizing/ISE/ring_oscillator/ring_osc_three.vhd" line 27: Instantiating black box module <inverter>.
WARNING:Xst:2211 - "E:/Adam/Characterizing/ISE/ring_oscillator/ring_osc_three.vhd" line 27: Instantiating black box module <inverter>.
WARNING:Xst:2211 - "E:/Adam/Characterizing/ISE/ring_oscillator/ring_osc_three.vhd" line 27: Instantiating black box module <inverter>.
WARNING:Xst:2211 - "E:/Adam/Characterizing/ISE/ring_oscillator/ring_osc_three.vhd" line 27: Instantiating black box module <inverter>.
WARNING:Xst:2211 - "E:/Adam/Characterizing/ISE/ring_oscillator/ring_osc_three.vhd" line 27: Instantiating black box module <inverter>.
WARNING:Xst:2211 - "E:/Adam/Characterizing/ISE/ring_oscillator/ring_osc_three.vhd" line 27: Instantiating black box module <inverter>.
WARNING:Xst:2211 - "E:/Adam/Characterizing/ISE/ring_oscillator/ring_osc_three.vhd" line 27: Instantiating black box module <inverter>.
WARNING:Xst:2211 - "E:/Adam/Characterizing/ISE/ring_oscillator/ring_osc_three.vhd" line 27: Instantiating black box module <inverter>.
WARNING:Xst:2211 - "E:/Adam/Characterizing/ISE/ring_oscillator/ring_osc_three.vhd" line 27: Instantiating black box module <inverter>.
WARNING:Xst:2211 - "E:/Adam/Characterizing/ISE/ring_oscillator/ring_osc_three.vhd" line 27: Instantiating black box module <inverter>.
WARNING:Xst:2211 - "E:/Adam/Characterizing/ISE/ring_oscillator/ring_osc_three.vhd" line 27: Instantiating black box module <inverter>.
WARNING:Xst:2211 - "E:/Adam/Characterizing/ISE/ring_oscillator/ring_osc_three.vhd" line 27: Instantiating black box module <inverter>.
WARNING:Xst:2211 - "E:/Adam/Characterizing/ISE/ring_oscillator/ring_osc_three.vhd" line 27: Instantiating black box module <inverter>.
WARNING:Xst:2211 - "E:/Adam/Characterizing/ISE/ring_oscillator/ring_osc_three.vhd" line 27: Instantiating black box module <inverter>.
WARNING:Xst:2211 - "E:/Adam/Characterizing/ISE/ring_oscillator/ring_osc_three.vhd" line 27: Instantiating black box module <inverter>.
WARNING:Xst:2211 - "E:/Adam/Characterizing/ISE/ring_oscillator/ring_osc_three.vhd" line 27: Instantiating black box module <inverter>.
WARNING:Xst:2211 - "E:/Adam/Characterizing/ISE/ring_oscillator/ring_osc_three.vhd" line 27: Instantiating black box module <inverter>.
WARNING:Xst:2211 - "E:/Adam/Characterizing/ISE/ring_oscillator/ring_osc_three.vhd" line 27: Instantiating black box module <inverter>.
WARNING:Xst:2211 - "E:/Adam/Characterizing/ISE/ring_oscillator/ring_osc_three.vhd" line 35: Instantiating black box module <inverter>.
Entity <ring_oscillator_three> analyzed. Unit <ring_oscillator_three> generated.


=========================================================================
*                           HDL Synthesis                               *
=========================================================================

Performing bidirectional port resolution...

Synthesizing Unit <ring_oscillator_three>.
    Related source file is "E:/Adam/Characterizing/ISE/ring_oscillator/ring_osc_three.vhd".
WARNING:Xst:1780 - Signal <ring_osc1> is never used or assigned. This unconnected signal will be trimmed during the optimization process.
WARNING:Xst:1780 - Signal <en> is never used or assigned. This unconnected signal will be trimmed during the optimization process.
Unit <ring_oscillator_three> synthesized.


=========================================================================
HDL Synthesis Report

Found no macro
=========================================================================

=========================================================================
*                       Advanced HDL Synthesis                          *
=========================================================================


=========================================================================
Advanced HDL Synthesis Report

Found no macro
=========================================================================

=========================================================================
*                         Low Level Synthesis                           *
=========================================================================

Optimizing unit <ring_oscillator_three> ...

Mapping all equations...
Building and optimizing final netlist ...
Found area constraint ratio of 100 (+ 5) on block ring_oscillator_three, actual ratio is 0.

Final Macro Processing ...

=========================================================================
Final Register Report

Found no macro
=========================================================================

=========================================================================
*                           Partition Report                            *
=========================================================================

Partition Implementation Status
-------------------------------

  No Partitions were found in this design.

-------------------------------

=========================================================================
*                            Final Report                               *
=========================================================================
Final Results
RTL Top Level Output File Name     : ring_oscillator_three.ngr
Top Level Output File Name         : ring_oscillator_three
Output Format                      : NGC
Optimization Goal                  : Speed
Keep Hierarchy                     : No

Design Statistics
# IOs                              : 0

Cell Usage :
# Others                           : 51
#      inverter                    : 51
=========================================================================

Device utilization summary:
---------------------------

Selected Device : 4vlx60ff668-11 

 Number of Slices:                        0  out of  26624     0%  
 Number of 4 input LUTs:                 51  out of  53248     0%  
 Number of IOs:                           0
 Number of bonded IOBs:                   0  out of    448     0%  

---------------------------
Partition Resource Summary:
---------------------------

  No Partitions were found in this design.

---------------------------


=========================================================================
TIMING REPORT

NOTE: THESE TIMING NUMBERS ARE ONLY A SYNTHESIS ESTIMATE.
      FOR ACCURATE TIMING INFORMATION PLEASE REFER TO THE TRACE REPORT
      GENERATED AFTER PLACE-and-ROUTE.

Clock Information:
------------------
No clock signals found in this design

Asynchronous Control Signals Information:
----------------------------------------
No asynchronous control signals found in this design

Timing Summary:
---------------
Speed Grade: -11

   Minimum period: No path found
   Minimum input arrival time before clock: No path found
   Maximum output required time after clock: No path found
   Maximum combinational path delay: 0.000ns

Timing Detail:
--------------
All values displayed in nanoseconds (ns)

=========================================================================
Timing constraint: Default path analysis
  Total number of paths / destination ports: 51 / 51
-------------------------------------------------------------------------
Delay:               0.000ns (Levels of Logic = 0)
  Source:            ring_osc_zero:Y (PAD)
  Destination:       ring_osc_gen[1].ring_oscillator:G1 (PAD)

  Data Path: ring_osc_zero:Y to ring_osc_gen[1].ring_oscillator:G1
                                Gate     Net
    Cell:in->out      fanout   Delay   Delay  Logical Name (Net Name)
    ----------------------------------------  ------------
    inverter:Y             0   0.000   0.000  ring_osc_zero (ring_osc<0>)
    inverter:G1                0.000          ring_osc_gen[1].ring_oscillator
    ----------------------------------------
    Total                      0.000ns (0.000ns logic, 0.000ns route)

=========================================================================


Total REAL time to Xst completion: 6.00 secs
Total CPU time to Xst completion: 6.44 secs
 
--> 

Total memory usage is 268476 kilobytes

Number of errors   :    0 (   0 filtered)
Number of warnings :   53 (   0 filtered)
Number of infos    :    0 (   0 filtered)

