Release 14.4 - platgen Xilinx EDK 14.4 Build EDK_P.49d
 (lin64)
Copyright (c) 1995-2012 Xilinx, Inc.  All rights reserved.

Command Line: platgen -p xc4vlx60ff668-10 -lang vhdl -intstyle default -msg
__xps/ise/xmsgprops.lst system.mhs 

ERROR:EDK - INFO:Security:50 - The XILINXD_LICENSE_FILE environment variable is
   set to '2100@xilinx-ece.byu.edu'.
   INFO:Security:52 - The LM_LICENSE_FILE environment variable is set to
   '2100@xilinx-ece.byu.edu'.
   INFO:Security:71 - If a license for part 'xc4vlx60' is available, it will be
   possible to use 'XPS_TDP' instead of 'XPS'.
   INFO:Security:68a - user is adam, on host unknown.
   WARNING:Security:43 - No license file was found in the standard Xilinx
   license directory.
   WARNING:Security:44 - Since no license file was found,
          please run the Xilinx License Configuration Manager
          (xlcm or "Manage Xilinx Licenses")
          to assist in obtaining a license.
   WARNING:Security:9b - No 'XPS' feature version 2012.12 was available for part
   'xc4vlx60'.
   ERROR:Security:12 - No 'xc4vlx60' feature version 2012.12 was available
   (-96),
        so 'XPS_TDP' may not be used.

   License server machine is down or not responding.
    See the system adminstrator about starting the license server system, or
    make sure you're referring to the right host (see LM_LICENSE_FILE).
   Feature:       XPS
   Hostname:      xilinx-ece.byu.edu
   License path: 
   2100@xilinx-ece.byu.edu:/home/adam/.Xilinx/*.lic:/opt/Xilinx/14.4/ISE_DS/EDK/
   data/*.lic:/opt/Xilinx/14.4/ISE_DS/ISE/data/*.lic:/opt/Xilinx/14.4/ISE_DS/ISE
   /coregen/core_licenses/Xilinx.lic:/opt/Xilinx/14.4/ISE_DS/ISE/coregen/core_li
   censes/XilinxFree.lic:/opt/Xilinx/14.4/ISE_DS/EDK/data/core_licenses/Xilinx.l
   ic:
   FLEXnet Licensing error:-96,7.  System Error: 2 "No such file or directory"
   For further information, refer to the FLEXnet Licensing documentation,
   available at "www.acresso.com".License server machine is down or not
   responding.
    See the system adminstrator about starting the license server system, or
    make sure you're referring to the right host (see LM_LICENSE_FILE).
   Feature:       xc4vlx60
   Hostname:      xilinx-ece.byu.edu
   License path: 
   2100@xilinx-ece.byu.edu:/home/adam/.Xilinx/*.lic:/opt/Xilinx/14.4/ISE_DS/EDK/
   data/*.lic:/opt/Xilinx/14.4/ISE_DS/ISE/data/*.lic:/opt/Xilinx/14.4/ISE_DS/ISE
   /coregen/core_licenses/Xilinx.lic:/opt/Xilinx/14.4/ISE_DS/ISE/coregen/core_li
   censes/XilinxFree.lic:/opt/Xilinx/14.4/ISE_DS/EDK/data/core_licenses/Xilinx.l
   ic:
   FLEXnet Licensing error:-96,7.  System Error: 2 "No such file or directory"
   For further information, refer to the FLEXnet Licensing documentation,
   available at "www.acresso.com".
ERROR:EDK:440 - platgen failed with errors!
