Release 14.4 Xflow P.49d (lin64)
Copyright (c) 1995-2012 Xilinx, Inc.  All rights reserved.
xflow -wd implementation -p xc4vsx35ff668-11 -implement xflow.opt system.ngc  
PMSPEC -- Overriding Xilinx file
</opt/Xilinx/14.4/ISE_DS/EDK/virtex4/data/virtex4.acd> with local file
</opt/Xilinx/14.4/ISE_DS/ISE/virtex4/data/virtex4.acd>

Using Flow File:
/home/adam/RO-PUF/dut_mb_v4lx60_template_pre_rapidsmith/hw/implementation/fpga.f
lw 
Using Option File(s): 
 /home/adam/RO-PUF/dut_mb_v4lx60_template_pre_rapidsmith/hw/implementation/xflow
.opt 

Creating Script File ... 

#----------------------------------------------#
# Starting program ngdbuild
# ngdbuild -p xc4vsx35ff668-11 -nt timestamp -bm system.bmm
"/home/adam/RO-PUF/dut_mb_v4lx60_template_pre_rapidsmith/hw/implementation/syste
m.ngc" -uc system.ucf system.ngd 
#----------------------------------------------#
Release 14.4 - ngdbuild P.49d (lin64)
Copyright (c) 1995-2012 Xilinx, Inc.  All rights reserved.
PMSPEC -- Overriding Xilinx file
</opt/Xilinx/14.4/ISE_DS/EDK/virtex4/data/virtex4.acd> with local file
</opt/Xilinx/14.4/ISE_DS/ISE/virtex4/data/virtex4.acd>

Command Line: /opt/Xilinx/14.4/ISE_DS/ISE/bin/lin64/unwrapped/ngdbuild -p
xc4vsx35ff668-11 -nt timestamp -bm system.bmm
/home/adam/RO-PUF/dut_mb_v4lx60_template_pre_rapidsmith/hw/implementation/system
.ngc -uc system.ucf system.ngd

Reading NGO file
"/home/adam/RO-PUF/dut_mb_v4lx60_template_pre_rapidsmith/hw/implementation/syste
m.ngc" ...
Loading design module
"/home/adam/RO-PUF/dut_mb_v4lx60_template_pre_rapidsmith/hw/implementation/syste
m_dut_control_core_0_wrapper.ngc"...
Loading design module
"/home/adam/RO-PUF/dut_mb_v4lx60_template_pre_rapidsmith/hw/implementation/syste
m_microblaze_0_wrapper.ngc"...
Loading design module
"/home/adam/RO-PUF/dut_mb_v4lx60_template_pre_rapidsmith/hw/implementation/syste
m_mb_plb_wrapper.ngc"...
Loading design module
"/home/adam/RO-PUF/dut_mb_v4lx60_template_pre_rapidsmith/hw/implementation/syste
m_ilmb_wrapper.ngc"...
Loading design module
"/home/adam/RO-PUF/dut_mb_v4lx60_template_pre_rapidsmith/hw/implementation/syste
m_dlmb_wrapper.ngc"...
Loading design module
"/home/adam/RO-PUF/dut_mb_v4lx60_template_pre_rapidsmith/hw/implementation/syste
m_dlmb_cntlr_wrapper.ngc"...
Loading design module
"/home/adam/RO-PUF/dut_mb_v4lx60_template_pre_rapidsmith/hw/implementation/syste
m_ilmb_cntlr_wrapper.ngc"...
Loading design module
"/home/adam/RO-PUF/dut_mb_v4lx60_template_pre_rapidsmith/hw/implementation/syste
m_lmb_bram_wrapper.ngc"...
Loading design module
"/home/adam/RO-PUF/dut_mb_v4lx60_template_pre_rapidsmith/hw/implementation/syste
m_rs232_uart_1_wrapper.ngc"...
Loading design module
"/home/adam/RO-PUF/dut_mb_v4lx60_template_pre_rapidsmith/hw/implementation/syste
m_orgate_1_wrapper.ngc"...
Loading design module
"/home/adam/RO-PUF/dut_mb_v4lx60_template_pre_rapidsmith/hw/implementation/syste
m_clock_generator_0_wrapper.ngc"...
Loading design module
"/home/adam/RO-PUF/dut_mb_v4lx60_template_pre_rapidsmith/hw/implementation/syste
m_mdm_0_wrapper.ngc"...
Loading design module
"/home/adam/RO-PUF/dut_mb_v4lx60_template_pre_rapidsmith/hw/implementation/syste
m_proc_sys_reset_0_wrapper.ngc"...
Loading design module
"/home/adam/RO-PUF/dut_mb_v4lx60_template_pre_rapidsmith/hw/implementation/syste
m_xps_timer_0_wrapper.ngc"...
Loading design module
"/home/adam/RO-PUF/dut_mb_v4lx60_template_pre_rapidsmith/hw/implementation/syste
m_xps_intc_0_wrapper.ngc"...
Loading design module
"/home/adam/RO-PUF/dut_mb_v4lx60_template_pre_rapidsmith/hw/implementation/syste
m_ring_osc_0_wrapper.ngc"...
Loading device for application Rf_Device from file '4vlx60.nph' in environment
/opt/Xilinx/14.4/ISE_DS/ISE/:/opt/Xilinx/14.4/ISE_DS/EDK.
   "inverter" is an NCD, version 3.2, device xc4vlx60, package ff668, speed -11
This design is using the default stepping level (major silicon revision) for
this device (1). Unless your design is targeted at devices of this stepping
level, it is recommended that you explicitly specify the stepping level of the
parts you will be using. This will allow the tools to take advantage of any
available performance and functional enhancements for this device. The latest
stepping level for this device is '2'. Additional information on "stepping
level" is available at support.xilinx.com.
======Loading design module
"/home/adam/RO-PUF/dut_mb_v4lx60_template_pre_rapidsmith/hw/implementation/syste
m_ring_osc_1_wrapper.ngc"...
Loading design module
"/home/adam/RO-PUF/dut_mb_v4lx60_template_pre_rapidsmith/hw/implementation/syste
m_ring_osc_2_wrapper.ngc"...
Loading design module
"/home/adam/RO-PUF/dut_mb_v4lx60_template_pre_rapidsmith/hw/implementation/syste
m_ring_osc_3_wrapper.ngc"...
Loading design module
"/home/adam/RO-PUF/dut_mb_v4lx60_template_pre_rapidsmith/hw/implementation/syste
m_ring_osc_4_wrapper.ngc"...
Loading design module
"/home/adam/RO-PUF/dut_mb_v4lx60_template_pre_rapidsmith/hw/implementation/syste
m_ring_osc_5_wrapper.ngc"...
Loading design module
"/home/adam/RO-PUF/dut_mb_v4lx60_template_pre_rapidsmith/hw/implementation/syste
m_ring_osc_6_wrapper.ngc"...
Loading design module
"/home/adam/RO-PUF/dut_mb_v4lx60_template_pre_rapidsmith/hw/implementation/syste
m_ring_osc_7_wrapper.ngc"...
Gathering constraint information from source properties...
Done.

Annotating constraints to design from ucf file "system.ucf" ...
Resolving constraint associations...
Checking Constraint Associations...
INFO:ConstraintSystem:178 - TNM 'sys_clk_pin', used in period specification
   'TS_sys_clk_pin', was traced into DCM_ADV instance
   clock_generator_0/DCM0_INST/Using_DCM_ADV.DCM_ADV_INST. The following new TNM
   groups and period specifications were generated at the DCM_ADV output(s): 
   CLK0: <TIMESPEC TS_clock_generator_0_clock_generator_0_SIG_DCM0_CLK0 = PERIOD
   "clock_generator_0_clock_generator_0_SIG_DCM0_CLK0" TS_sys_clk_pin HIGH 50%>

Done...

Processing BMM file "system.bmm" ...

INFO:NgdBuild:1222 - Setting CLKIN_PERIOD attribute associated with DCM instance
   clock_generator_0/DCM0_INST/Using_DCM_ADV.DCM_ADV_INST to 10.000000 ns based
   on the period specification (<TIMESPEC TS_sys_clk_pin = PERIOD sys_clk_pin
   100000 kHz;> [system.ucf(10)]).
Checking expanded design ...
WARNING:NgdBuild:443 - SFF primitive
   'xps_timer_0/xps_timer_0/TC_CORE_I/TIMER_CONTROL_I/TCSR0_GENERATE[0].TCSR0_FF
   _I' has unconnected output pin
WARNING:NgdBuild:443 - SFF primitive
   'xps_timer_0/xps_timer_0/TC_CORE_I/TIMER_CONTROL_I/TCSR0_GENERATE[1].TCSR0_FF
   _I' has unconnected output pin
WARNING:NgdBuild:443 - SFF primitive
   'xps_timer_0/xps_timer_0/TC_CORE_I/TIMER_CONTROL_I/TCSR0_GENERATE[2].TCSR0_FF
   _I' has unconnected output pin
WARNING:NgdBuild:443 - SFF primitive
   'xps_timer_0/xps_timer_0/TC_CORE_I/TIMER_CONTROL_I/TCSR0_GENERATE[3].TCSR0_FF
   _I' has unconnected output pin
WARNING:NgdBuild:443 - SFF primitive
   'xps_timer_0/xps_timer_0/TC_CORE_I/TIMER_CONTROL_I/TCSR0_GENERATE[4].TCSR0_FF
   _I' has unconnected output pin
WARNING:NgdBuild:443 - SFF primitive
   'xps_timer_0/xps_timer_0/TC_CORE_I/TIMER_CONTROL_I/TCSR0_GENERATE[5].TCSR0_FF
   _I' has unconnected output pin
WARNING:NgdBuild:443 - SFF primitive
   'xps_timer_0/xps_timer_0/TC_CORE_I/TIMER_CONTROL_I/TCSR0_GENERATE[6].TCSR0_FF
   _I' has unconnected output pin
WARNING:NgdBuild:443 - SFF primitive
   'xps_timer_0/xps_timer_0/TC_CORE_I/TIMER_CONTROL_I/TCSR0_GENERATE[7].TCSR0_FF
   _I' has unconnected output pin
WARNING:NgdBuild:443 - SFF primitive
   'xps_timer_0/xps_timer_0/TC_CORE_I/TIMER_CONTROL_I/TCSR0_GENERATE[8].TCSR0_FF
   _I' has unconnected output pin
WARNING:NgdBuild:443 - SFF primitive
   'xps_timer_0/xps_timer_0/TC_CORE_I/TIMER_CONTROL_I/TCSR0_GENERATE[9].TCSR0_FF
   _I' has unconnected output pin
WARNING:NgdBuild:443 - SFF primitive
   'xps_timer_0/xps_timer_0/TC_CORE_I/TIMER_CONTROL_I/TCSR0_GENERATE[10].TCSR0_F
   F_I' has unconnected output pin
WARNING:NgdBuild:443 - SFF primitive
   'xps_timer_0/xps_timer_0/TC_CORE_I/TIMER_CONTROL_I/TCSR0_GENERATE[11].TCSR0_F
   F_I' has unconnected output pin
WARNING:NgdBuild:443 - SFF primitive
   'xps_timer_0/xps_timer_0/TC_CORE_I/TIMER_CONTROL_I/TCSR0_GENERATE[12].TCSR0_F
   F_I' has unconnected output pin
WARNING:NgdBuild:443 - SFF primitive
   'xps_timer_0/xps_timer_0/TC_CORE_I/TIMER_CONTROL_I/TCSR0_GENERATE[13].TCSR0_F
   F_I' has unconnected output pin
WARNING:NgdBuild:443 - SFF primitive
   'xps_timer_0/xps_timer_0/TC_CORE_I/TIMER_CONTROL_I/TCSR0_GENERATE[14].TCSR0_F
   F_I' has unconnected output pin
WARNING:NgdBuild:443 - SFF primitive
   'xps_timer_0/xps_timer_0/TC_CORE_I/TIMER_CONTROL_I/TCSR0_GENERATE[15].TCSR0_F
   F_I' has unconnected output pin
WARNING:NgdBuild:443 - SFF primitive
   'xps_timer_0/xps_timer_0/TC_CORE_I/TIMER_CONTROL_I/TCSR0_GENERATE[16].TCSR0_F
   F_I' has unconnected output pin
WARNING:NgdBuild:443 - SFF primitive
   'xps_timer_0/xps_timer_0/TC_CORE_I/TIMER_CONTROL_I/TCSR0_GENERATE[17].TCSR0_F
   F_I' has unconnected output pin
WARNING:NgdBuild:443 - SFF primitive
   'xps_timer_0/xps_timer_0/TC_CORE_I/TIMER_CONTROL_I/TCSR0_GENERATE[18].TCSR0_F
   F_I' has unconnected output pin
WARNING:NgdBuild:443 - SFF primitive
   'xps_timer_0/xps_timer_0/TC_CORE_I/TIMER_CONTROL_I/TCSR0_GENERATE[19].TCSR0_F
   F_I' has unconnected output pin
WARNING:NgdBuild:443 - SFF primitive
   'xps_timer_0/xps_timer_0/TC_CORE_I/TIMER_CONTROL_I/TCSR0_GENERATE[20].TCSR0_F
   F_I' has unconnected output pin
WARNING:NgdBuild:443 - SFF primitive
   'xps_timer_0/xps_timer_0/TC_CORE_I/TIMER_CONTROL_I/TCSR1_GENERATE[0].TCSR1_FF
   _I' has unconnected output pin
WARNING:NgdBuild:443 - SFF primitive
   'xps_timer_0/xps_timer_0/TC_CORE_I/TIMER_CONTROL_I/TCSR1_GENERATE[1].TCSR1_FF
   _I' has unconnected output pin
WARNING:NgdBuild:443 - SFF primitive
   'xps_timer_0/xps_timer_0/TC_CORE_I/TIMER_CONTROL_I/TCSR1_GENERATE[2].TCSR1_FF
   _I' has unconnected output pin
WARNING:NgdBuild:443 - SFF primitive
   'xps_timer_0/xps_timer_0/TC_CORE_I/TIMER_CONTROL_I/TCSR1_GENERATE[3].TCSR1_FF
   _I' has unconnected output pin
WARNING:NgdBuild:443 - SFF primitive
   'xps_timer_0/xps_timer_0/TC_CORE_I/TIMER_CONTROL_I/TCSR1_GENERATE[4].TCSR1_FF
   _I' has unconnected output pin
WARNING:NgdBuild:443 - SFF primitive
   'xps_timer_0/xps_timer_0/TC_CORE_I/TIMER_CONTROL_I/TCSR1_GENERATE[5].TCSR1_FF
   _I' has unconnected output pin
WARNING:NgdBuild:443 - SFF primitive
   'xps_timer_0/xps_timer_0/TC_CORE_I/TIMER_CONTROL_I/TCSR1_GENERATE[6].TCSR1_FF
   _I' has unconnected output pin
WARNING:NgdBuild:443 - SFF primitive
   'xps_timer_0/xps_timer_0/TC_CORE_I/TIMER_CONTROL_I/TCSR1_GENERATE[7].TCSR1_FF
   _I' has unconnected output pin
WARNING:NgdBuild:443 - SFF primitive
   'xps_timer_0/xps_timer_0/TC_CORE_I/TIMER_CONTROL_I/TCSR1_GENERATE[8].TCSR1_FF
   _I' has unconnected output pin
WARNING:NgdBuild:443 - SFF primitive
   'xps_timer_0/xps_timer_0/TC_CORE_I/TIMER_CONTROL_I/TCSR1_GENERATE[9].TCSR1_FF
   _I' has unconnected output pin
WARNING:NgdBuild:443 - SFF primitive
   'xps_timer_0/xps_timer_0/TC_CORE_I/TIMER_CONTROL_I/TCSR1_GENERATE[10].TCSR1_F
   F_I' has unconnected output pin
WARNING:NgdBuild:443 - SFF primitive
   'xps_timer_0/xps_timer_0/TC_CORE_I/TIMER_CONTROL_I/TCSR1_GENERATE[11].TCSR1_F
   F_I' has unconnected output pin
WARNING:NgdBuild:443 - SFF primitive
   'xps_timer_0/xps_timer_0/TC_CORE_I/TIMER_CONTROL_I/TCSR1_GENERATE[12].TCSR1_F
   F_I' has unconnected output pin
WARNING:NgdBuild:443 - SFF primitive
   'xps_timer_0/xps_timer_0/TC_CORE_I/TIMER_CONTROL_I/TCSR1_GENERATE[13].TCSR1_F
   F_I' has unconnected output pin
WARNING:NgdBuild:443 - SFF primitive
   'xps_timer_0/xps_timer_0/TC_CORE_I/TIMER_CONTROL_I/TCSR1_GENERATE[14].TCSR1_F
   F_I' has unconnected output pin
WARNING:NgdBuild:443 - SFF primitive
   'xps_timer_0/xps_timer_0/TC_CORE_I/TIMER_CONTROL_I/TCSR1_GENERATE[15].TCSR1_F
   F_I' has unconnected output pin
WARNING:NgdBuild:443 - SFF primitive
   'xps_timer_0/xps_timer_0/TC_CORE_I/TIMER_CONTROL_I/TCSR1_GENERATE[16].TCSR1_F
   F_I' has unconnected output pin
WARNING:NgdBuild:443 - SFF primitive
   'xps_timer_0/xps_timer_0/TC_CORE_I/TIMER_CONTROL_I/TCSR1_GENERATE[17].TCSR1_F
   F_I' has unconnected output pin
WARNING:NgdBuild:443 - SFF primitive
   'xps_timer_0/xps_timer_0/TC_CORE_I/TIMER_CONTROL_I/TCSR1_GENERATE[18].TCSR1_F
   F_I' has unconnected output pin
WARNING:NgdBuild:443 - SFF primitive
   'xps_timer_0/xps_timer_0/TC_CORE_I/TIMER_CONTROL_I/TCSR1_GENERATE[19].TCSR1_F
   F_I' has unconnected output pin
WARNING:NgdBuild:443 - SFF primitive
   'xps_timer_0/xps_timer_0/TC_CORE_I/TIMER_CONTROL_I/TCSR1_GENERATE[20].TCSR1_F
   F_I' has unconnected output pin

Partition Implementation Status
-------------------------------

  No Partitions were found in this design.

-------------------------------

NGDBUILD Design Results Summary:
  Number of errors:     0
  Number of warnings:  42

Writing NGD file "system.ngd" ...
Total REAL time to NGDBUILD completion:  33 sec
Total CPU time to NGDBUILD completion:   33 sec

Writing NGDBUILD log file "system.bld"...

NGDBUILD done.



#----------------------------------------------#
# Starting program map
# map -o system_map.ncd -pr b -ol high -timing -detail system.ngd system.pcf 
#----------------------------------------------#
Release 14.4 - Map P.49d (lin64)
Copyright (c) 1995-2012 Xilinx, Inc.  All rights reserved.
PMSPEC -- Overriding Xilinx file
</opt/Xilinx/14.4/ISE_DS/EDK/data/Xdh_PrimTypeLib.xda> with local file
</opt/Xilinx/14.4/ISE_DS/ISE/data/Xdh_PrimTypeLib.xda>
Using target part "4vsx35ff668-11".
Mapping design into LUTs...
Writing file system_map.ngm...
Running directed packing...
Running delay-based LUT packing...
Updating timing models...
   "inverter" is an NCD, version 3.2, device xc4vlx60, package ff668, speed -11
This design is using the default stepping level (major silicon revision) for
this device (1). Unless your design is targeted at devices of this stepping
level, it is recommended that you explicitly specify the stepping level of the
parts you will be using. This will allow the tools to take advantage of any
available performance and functional enhancements for this device. The latest
stepping level for this device is '2'. Additional information on "stepping
level" is available at support.xilinx.com.
Running timing-driven placement...
Total REAL time at the beginning of Placer: 19 secs 
Total CPU  time at the beginning of Placer: 19 secs 

Phase 1.1  Initial Placement Analysis
Phase 1.1  Initial Placement Analysis (Checksum:404f2e34) REAL time: 21 secs 

Phase 2.7  Design Feasibility Check
Phase 2.7  Design Feasibility Check (Checksum:404f2e34) REAL time: 21 secs 

Phase 3.31  Local Placement Optimization
Phase 3.31  Local Placement Optimization (Checksum:5277a41a) REAL time: 21 secs 

Phase 4.2  Initial Clock and IO Placement

Phase 4.2  Initial Clock and IO Placement (Checksum:28589bcb) REAL time: 21 secs 

Phase 5.36  Local Placement Optimization
Phase 5.36  Local Placement Optimization (Checksum:28589bcb) REAL time: 21 secs 

..........................
...............................
Phase 6.30  Global Clock Region Assignment


######################################################################################
# GLOBAL CLOCK NET DISTRIBUTION UCF REPORT:
#
# Number of Global Clock Regions : 12
# Number of Global Clock Networks: 10
#
# Clock Region Assignment: SUCCESSFUL

# Location of Clock Components
INST "mdm_0/mdm_0/BUFG_DRCK" LOC = "BUFGCTRL_X0Y27" ;
INST "ring_osc_6/ring_osc_6/USER_LOGIC_I/ring_osc_buf_BUFG" LOC = "BUFGCTRL_X0Y4" ;
INST "ring_osc_4/ring_osc_4/USER_LOGIC_I/ring_osc_buf_BUFG" LOC = "BUFGCTRL_X0Y28" ;
INST "ring_osc_2/ring_osc_2/USER_LOGIC_I/ring_osc_buf_BUFG" LOC = "BUFGCTRL_X0Y3" ;
INST "ring_osc_0/ring_osc_0/USER_LOGIC_I/ring_osc_buf_BUFG" LOC = "BUFGCTRL_X0Y29" ;
INST "ring_osc_7/ring_osc_7/USER_LOGIC_I/ring_osc_buf_BUFG" LOC = "BUFGCTRL_X0Y2" ;
INST "ring_osc_5/ring_osc_5/USER_LOGIC_I/ring_osc_buf_BUFG" LOC = "BUFGCTRL_X0Y30" ;
INST "ring_osc_3/ring_osc_3/USER_LOGIC_I/ring_osc_buf_BUFG" LOC = "BUFGCTRL_X0Y1" ;
INST "ring_osc_1/ring_osc_1/USER_LOGIC_I/ring_osc_buf_BUFG" LOC = "BUFGCTRL_X0Y0" ;
INST "clock_generator_0/clock_generator_0/DCM0_CLK0_BUFG_INST" LOC = "BUFGCTRL_X0Y31" ;
INST "XIL_ML_UNUSED_DCM_1" LOC = "DCM_ADV_X0Y4" ;
INST "XIL_ML_UNUSED_DCM_2" LOC = "DCM_ADV_X0Y3" ;
INST "XIL_ML_UNUSED_DCM_3" LOC = "DCM_ADV_X0Y5" ;
INST "XIL_ML_UNUSED_DCM_4" LOC = "DCM_ADV_X0Y2" ;
INST "XIL_ML_UNUSED_DCM_5" LOC = "DCM_ADV_X0Y6" ;
INST "XIL_ML_UNUSED_DCM_6" LOC = "DCM_ADV_X0Y1" ;
INST "XIL_ML_UNUSED_DCM_7" LOC = "DCM_ADV_X0Y0" ;
INST "clock_generator_0/clock_generator_0/DCM0_INST/Using_DCM_ADV.DCM_ADV_INST" LOC = "DCM_ADV_X0Y7" ;
INST "fpga_0_clk_1_sys_clk_pin" LOC = "C13" ;

# mdm_0/Dbg_Clk_1 driven by BUFGCTRL_X0Y27
NET "mdm_0/Dbg_Clk_1" TNM_NET = "TN_mdm_0/Dbg_Clk_1" ;
TIMEGRP "TN_mdm_0/Dbg_Clk_1" AREA_GROUP = "CLKAG_mdm_0/Dbg_Clk_1" ;
AREA_GROUP "CLKAG_mdm_0/Dbg_Clk_1" RANGE =   CLOCKREGION_X0Y0, CLOCKREGION_X1Y0, CLOCKREGION_X0Y1, CLOCKREGION_X1Y1, CLOCKREGION_X0Y2, CLOCKREGION_X1Y2, CLOCKREGION_X0Y3, CLOCKREGION_X1Y3, CLOCKREGION_X0Y4, CLOCKREGION_X1Y4, CLOCKREGION_X0Y5, CLOCKREGION_X1Y5 ;

# ring_osc_6/ring_osc_6/USER_LOGIC_I/ring_osc_buf driven by BUFGCTRL_X0Y4
NET "ring_osc_6/ring_osc_6/USER_LOGIC_I/ring_osc_buf" TNM_NET = "TN_ring_osc_6/ring_osc_6/USER_LOGIC_I/ring_osc_buf" ;
TIMEGRP "TN_ring_osc_6/ring_osc_6/USER_LOGIC_I/ring_osc_buf" AREA_GROUP = "CLKAG_ring_osc_6/ring_osc_6/USER_LOGIC_I/ring_osc_buf" ;
AREA_GROUP "CLKAG_ring_osc_6/ring_osc_6/USER_LOGIC_I/ring_osc_buf" RANGE =   CLOCKREGION_X0Y0, CLOCKREGION_X0Y1, CLOCKREGION_X0Y2, CLOCKREGION_X0Y3, CLOCKREGION_X1Y3, CLOCKREGION_X0Y4, CLOCKREGION_X1Y4, CLOCKREGION_X0Y5, CLOCKREGION_X1Y5 ;

# ring_osc_4/ring_osc_4/USER_LOGIC_I/ring_osc_buf driven by BUFGCTRL_X0Y28
NET "ring_osc_4/ring_osc_4/USER_LOGIC_I/ring_osc_buf" TNM_NET = "TN_ring_osc_4/ring_osc_4/USER_LOGIC_I/ring_osc_buf" ;
TIMEGRP "TN_ring_osc_4/ring_osc_4/USER_LOGIC_I/ring_osc_buf" AREA_GROUP = "CLKAG_ring_osc_4/ring_osc_4/USER_LOGIC_I/ring_osc_buf" ;
AREA_GROUP "CLKAG_ring_osc_4/ring_osc_4/USER_LOGIC_I/ring_osc_buf" RANGE =   CLOCKREGION_X0Y0, CLOCKREGION_X1Y0, CLOCKREGION_X0Y1, CLOCKREGION_X1Y1, CLOCKREGION_X0Y2, CLOCKREGION_X1Y2, CLOCKREGION_X0Y3, CLOCKREGION_X1Y3, CLOCKREGION_X0Y4, CLOCKREGION_X1Y4, CLOCKREGION_X0Y5, CLOCKREGION_X1Y5 ;

# ring_osc_2/ring_osc_2/USER_LOGIC_I/ring_osc_buf driven by BUFGCTRL_X0Y3
NET "ring_osc_2/ring_osc_2/USER_LOGIC_I/ring_osc_buf" TNM_NET = "TN_ring_osc_2/ring_osc_2/USER_LOGIC_I/ring_osc_buf" ;
TIMEGRP "TN_ring_osc_2/ring_osc_2/USER_LOGIC_I/ring_osc_buf" AREA_GROUP = "CLKAG_ring_osc_2/ring_osc_2/USER_LOGIC_I/ring_osc_buf" ;
AREA_GROUP "CLKAG_ring_osc_2/ring_osc_2/USER_LOGIC_I/ring_osc_buf" RANGE =   CLOCKREGION_X1Y0, CLOCKREGION_X1Y1, CLOCKREGION_X1Y2, CLOCKREGION_X0Y3, CLOCKREGION_X1Y3 ;

# ring_osc_0/ring_osc_0/USER_LOGIC_I/ring_osc_buf driven by BUFGCTRL_X0Y29
NET "ring_osc_0/ring_osc_0/USER_LOGIC_I/ring_osc_buf" TNM_NET = "TN_ring_osc_0/ring_osc_0/USER_LOGIC_I/ring_osc_buf" ;
TIMEGRP "TN_ring_osc_0/ring_osc_0/USER_LOGIC_I/ring_osc_buf" AREA_GROUP = "CLKAG_ring_osc_0/ring_osc_0/USER_LOGIC_I/ring_osc_buf" ;
AREA_GROUP "CLKAG_ring_osc_0/ring_osc_0/USER_LOGIC_I/ring_osc_buf" RANGE =   CLOCKREGION_X1Y0, CLOCKREGION_X1Y1, CLOCKREGION_X1Y2, CLOCKREGION_X1Y3, CLOCKREGION_X0Y4, CLOCKREGION_X1Y4, CLOCKREGION_X0Y5, CLOCKREGION_X1Y5 ;

# ring_osc_7/ring_osc_7/USER_LOGIC_I/ring_osc_buf driven by BUFGCTRL_X0Y2
NET "ring_osc_7/ring_osc_7/USER_LOGIC_I/ring_osc_buf" TNM_NET = "TN_ring_osc_7/ring_osc_7/USER_LOGIC_I/ring_osc_buf" ;
TIMEGRP "TN_ring_osc_7/ring_osc_7/USER_LOGIC_I/ring_osc_buf" AREA_GROUP = "CLKAG_ring_osc_7/ring_osc_7/USER_LOGIC_I/ring_osc_buf" ;
AREA_GROUP "CLKAG_ring_osc_7/ring_osc_7/USER_LOGIC_I/ring_osc_buf" RANGE =   CLOCKREGION_X0Y0, CLOCKREGION_X1Y0, CLOCKREGION_X0Y1, CLOCKREGION_X1Y1, CLOCKREGION_X0Y2, CLOCKREGION_X1Y2, CLOCKREGION_X0Y3, CLOCKREGION_X1Y3, CLOCKREGION_X0Y4, CLOCKREGION_X1Y4, CLOCKREGION_X0Y5, CLOCKREGION_X1Y5 ;

# ring_osc_5/ring_osc_5/USER_LOGIC_I/ring_osc_buf driven by BUFGCTRL_X0Y30
NET "ring_osc_5/ring_osc_5/USER_LOGIC_I/ring_osc_buf" TNM_NET = "TN_ring_osc_5/ring_osc_5/USER_LOGIC_I/ring_osc_buf" ;
TIMEGRP "TN_ring_osc_5/ring_osc_5/USER_LOGIC_I/ring_osc_buf" AREA_GROUP = "CLKAG_ring_osc_5/ring_osc_5/USER_LOGIC_I/ring_osc_buf" ;
AREA_GROUP "CLKAG_ring_osc_5/ring_osc_5/USER_LOGIC_I/ring_osc_buf" RANGE =   CLOCKREGION_X0Y0, CLOCKREGION_X0Y1, CLOCKREGION_X0Y2, CLOCKREGION_X0Y3, CLOCKREGION_X0Y4, CLOCKREGION_X1Y4, CLOCKREGION_X0Y5, CLOCKREGION_X1Y5 ;

# ring_osc_3/ring_osc_3/USER_LOGIC_I/ring_osc_buf driven by BUFGCTRL_X0Y1
NET "ring_osc_3/ring_osc_3/USER_LOGIC_I/ring_osc_buf" TNM_NET = "TN_ring_osc_3/ring_osc_3/USER_LOGIC_I/ring_osc_buf" ;
TIMEGRP "TN_ring_osc_3/ring_osc_3/USER_LOGIC_I/ring_osc_buf" AREA_GROUP = "CLKAG_ring_osc_3/ring_osc_3/USER_LOGIC_I/ring_osc_buf" ;
AREA_GROUP "CLKAG_ring_osc_3/ring_osc_3/USER_LOGIC_I/ring_osc_buf" RANGE =   CLOCKREGION_X0Y0, CLOCKREGION_X1Y0, CLOCKREGION_X0Y1, CLOCKREGION_X1Y1, CLOCKREGION_X0Y2, CLOCKREGION_X1Y2, CLOCKREGION_X0Y3, CLOCKREGION_X1Y3, CLOCKREGION_X0Y4, CLOCKREGION_X1Y4, CLOCKREGION_X0Y5, CLOCKREGION_X1Y5 ;

# ring_osc_1/ring_osc_1/USER_LOGIC_I/ring_osc_buf driven by BUFGCTRL_X0Y0
NET "ring_osc_1/ring_osc_1/USER_LOGIC_I/ring_osc_buf" TNM_NET = "TN_ring_osc_1/ring_osc_1/USER_LOGIC_I/ring_osc_buf" ;
TIMEGRP "TN_ring_osc_1/ring_osc_1/USER_LOGIC_I/ring_osc_buf" AREA_GROUP = "CLKAG_ring_osc_1/ring_osc_1/USER_LOGIC_I/ring_osc_buf" ;
AREA_GROUP "CLKAG_ring_osc_1/ring_osc_1/USER_LOGIC_I/ring_osc_buf" RANGE =   CLOCKREGION_X0Y0, CLOCKREGION_X1Y0, CLOCKREGION_X0Y1, CLOCKREGION_X1Y1, CLOCKREGION_X0Y2, CLOCKREGION_X1Y2 ;

# clk_100_0000MHz driven by BUFGCTRL_X0Y31
NET "clk_100_0000MHz" TNM_NET = "TN_clk_100_0000MHz" ;
TIMEGRP "TN_clk_100_0000MHz" AREA_GROUP = "CLKAG_clk_100_0000MHz" ;
AREA_GROUP "CLKAG_clk_100_0000MHz" RANGE =   CLOCKREGION_X0Y0, CLOCKREGION_X1Y0, CLOCKREGION_X0Y1, CLOCKREGION_X1Y1, CLOCKREGION_X0Y2, CLOCKREGION_X1Y2, CLOCKREGION_X0Y3, CLOCKREGION_X1Y3, CLOCKREGION_X0Y4, CLOCKREGION_X1Y4, CLOCKREGION_X0Y5, CLOCKREGION_X1Y5 ;

# NOTE: 
# This report is provided to help reproduce successful clock-region 
# assignments. The report provides range constraints for all global 
# clock networks, in a format that is directly usable in ucf files. 
#
#END of Global Clock Net Distribution UCF Constraints
######################################################################################


######################################################################################
GLOBAL CLOCK NET LOADS DISTRIBUTION REPORT:

Number of Global Clock Regions : 12
Number of Global Clock Networks: 10

Clock Region Assignment: SUCCESSFUL

Clock-Region: <CLOCKREGION_X0Y0> 
 key resource utilizations (used/available): global-clocks - 1/8 ;
--------+--------+--------+--------+--------+--------+--------+--------+--------+--------+--------+--------+--------+----------------------------------------
   BRAM |    DCM |   PMCD |     GT | ILOGIC | OLOGIC |   MULT |   EMAC |    PPC |   PCIE | IDLYCT | LUTRAM |     FF | <- (Types of Resources in this  Region)
   FIFO |        |        |        |        |        |        |        |        |        |        |        |        |
--------+--------+--------+--------+--------+--------+--------+--------+--------+--------+--------+--------+--------+----------------------------------------
     32 |      2 |      0 |      0 |     32 |     32 |     16 |      0 |      0 |      0 |      1 |   1280 |   2560 | <- (Available Resources in this Region)
--------+--------+--------+--------+--------+--------+--------+--------+--------+--------+--------+--------+--------+----------------------------------------
        |        |        |        |        |        |        |        |        |        |        |        |        | <Global clock Net Name>
--------+--------+--------+--------+--------+--------+--------+--------+--------+--------+--------+--------+--------+----------------------------------------
      0 |      0 |      0 |      0 |      0 |      0 |      0 |      0 |      0 |      0 |      0 |     94 |    184 |clk_100_0000MHz
--------+--------+--------+--------+--------+--------+--------+--------+--------+--------+--------+--------+--------+----------------------------------------
      0 |      0 |      0 |      0 |      0 |      0 |      0 |      0 |      0 |      0 |      0 |     94 |    184 | Total 
--------+--------+--------+--------+--------+--------+--------+--------+--------+--------+--------+--------+--------+----------------------------------------


Clock-Region: <CLOCKREGION_X1Y0> 
 key resource utilizations (used/available): global-clocks - 1/8 ;
--------+--------+--------+--------+--------+--------+--------+--------+--------+--------+--------+--------+--------+----------------------------------------
   BRAM |    DCM |   PMCD |     GT | ILOGIC | OLOGIC |   MULT |   EMAC |    PPC |   PCIE | IDLYCT | LUTRAM |     FF | <- (Types of Resources in this  Region)
   FIFO |        |        |        |        |        |        |        |        |        |        |        |        |
--------+--------+--------+--------+--------+--------+--------+--------+--------+--------+--------+--------+--------+----------------------------------------
     32 |      0 |      0 |      0 |     32 |     32 |     16 |      0 |      0 |      0 |      1 |   1280 |   2560 | <- (Available Resources in this Region)
--------+--------+--------+--------+--------+--------+--------+--------+--------+--------+--------+--------+--------+----------------------------------------
        |        |        |        |        |        |        |        |        |        |        |        |        | <Global clock Net Name>
--------+--------+--------+--------+--------+--------+--------+--------+--------+--------+--------+--------+--------+----------------------------------------
      0 |      0 |      0 |      0 |      0 |      0 |      0 |      0 |      0 |      0 |      0 |      0 |    175 |clk_100_0000MHz
--------+--------+--------+--------+--------+--------+--------+--------+--------+--------+--------+--------+--------+----------------------------------------
      0 |      0 |      0 |      0 |      0 |      0 |      0 |      0 |      0 |      0 |      0 |      0 |    175 | Total 
--------+--------+--------+--------+--------+--------+--------+--------+--------+--------+--------+--------+--------+----------------------------------------


Clock-Region: <CLOCKREGION_X0Y1> 
 key resource utilizations (used/available): global-clocks - 3/8 ;
--------+--------+--------+--------+--------+--------+--------+--------+--------+--------+--------+--------+--------+----------------------------------------
   BRAM |    DCM |   PMCD |     GT | ILOGIC | OLOGIC |   MULT |   EMAC |    PPC |   PCIE | IDLYCT | LUTRAM |     FF | <- (Types of Resources in this  Region)
   FIFO |        |        |        |        |        |        |        |        |        |        |        |        |
--------+--------+--------+--------+--------+--------+--------+--------+--------+--------+--------+--------+--------+----------------------------------------
     32 |      1 |      2 |      0 |     48 |     48 |     16 |      0 |      0 |      0 |      2 |   1280 |   2560 | <- (Available Resources in this Region)
--------+--------+--------+--------+--------+--------+--------+--------+--------+--------+--------+--------+--------+----------------------------------------
        |        |        |        |        |        |        |        |        |        |        |        |        | <Global clock Net Name>
--------+--------+--------+--------+--------+--------+--------+--------+--------+--------+--------+--------+--------+----------------------------------------
      9 |      0 |      0 |      0 |      0 |      0 |      3 |      0 |      0 |      0 |      0 |    210 |   1041 |clk_100_0000MHz
      0 |      0 |      0 |      0 |      0 |      0 |      0 |      0 |      0 |      0 |      0 |      8 |     35 |mdm_0/Dbg_Clk_1
      0 |      0 |      0 |      0 |      0 |      0 |      0 |      0 |      0 |      0 |      0 |      0 |      2 |ring_osc_6/ring_osc_6/USER_LOGIC_I/ring_osc_buf
--------+--------+--------+--------+--------+--------+--------+--------+--------+--------+--------+--------+--------+----------------------------------------
      9 |      0 |      0 |      0 |      0 |      0 |      3 |      0 |      0 |      0 |      0 |    218 |   1078 | Total 
--------+--------+--------+--------+--------+--------+--------+--------+--------+--------+--------+--------+--------+----------------------------------------


Clock-Region: <CLOCKREGION_X1Y1> 
 key resource utilizations (used/available): global-clocks - 5/8 ;
--------+--------+--------+--------+--------+--------+--------+--------+--------+--------+--------+--------+--------+----------------------------------------
   BRAM |    DCM |   PMCD |     GT | ILOGIC | OLOGIC |   MULT |   EMAC |    PPC |   PCIE | IDLYCT | LUTRAM |     FF | <- (Types of Resources in this  Region)
   FIFO |        |        |        |        |        |        |        |        |        |        |        |        |
--------+--------+--------+--------+--------+--------+--------+--------+--------+--------+--------+--------+--------+----------------------------------------
     32 |      0 |      0 |      0 |     32 |     32 |     16 |      0 |      0 |      0 |      1 |   1280 |   2560 | <- (Available Resources in this Region)
--------+--------+--------+--------+--------+--------+--------+--------+--------+--------+--------+--------+--------+----------------------------------------
        |        |        |        |        |        |        |        |        |        |        |        |        | <Global clock Net Name>
--------+--------+--------+--------+--------+--------+--------+--------+--------+--------+--------+--------+--------+----------------------------------------
      0 |      0 |      0 |      0 |      0 |      0 |      0 |      0 |      0 |      0 |      0 |     19 |    318 |clk_100_0000MHz
      0 |      0 |      0 |      0 |      0 |      0 |      0 |      0 |      0 |      0 |      0 |      0 |      8 |ring_osc_1/ring_osc_1/USER_LOGIC_I/ring_osc_buf
      0 |      0 |      0 |      0 |      0 |      0 |      0 |      0 |      0 |      0 |      0 |      0 |      2 |ring_osc_2/ring_osc_2/USER_LOGIC_I/ring_osc_buf
      0 |      0 |      0 |      0 |      0 |      0 |      0 |      0 |      0 |      0 |      0 |      0 |      5 |ring_osc_3/ring_osc_3/USER_LOGIC_I/ring_osc_buf
      0 |      0 |      0 |      0 |      0 |      0 |      0 |      0 |      0 |      0 |      0 |      0 |      9 |ring_osc_7/ring_osc_7/USER_LOGIC_I/ring_osc_buf
--------+--------+--------+--------+--------+--------+--------+--------+--------+--------+--------+--------+--------+----------------------------------------
      0 |      0 |      0 |      0 |      0 |      0 |      0 |      0 |      0 |      0 |      0 |     19 |    342 | Total 
--------+--------+--------+--------+--------+--------+--------+--------+--------+--------+--------+--------+--------+----------------------------------------


Clock-Region: <CLOCKREGION_X0Y2> 
 key resource utilizations (used/available): global-clocks - 6/8 ;
--------+--------+--------+--------+--------+--------+--------+--------+--------+--------+--------+--------+--------+----------------------------------------
   BRAM |    DCM |   PMCD |     GT | ILOGIC | OLOGIC |   MULT |   EMAC |    PPC |   PCIE | IDLYCT | LUTRAM |     FF | <- (Types of Resources in this  Region)
   FIFO |        |        |        |        |        |        |        |        |        |        |        |        |
--------+--------+--------+--------+--------+--------+--------+--------+--------+--------+--------+--------+--------+----------------------------------------
     32 |      0 |      0 |      0 |     48 |     48 |     16 |      0 |      0 |      0 |      2 |   1280 |   2560 | <- (Available Resources in this Region)
--------+--------+--------+--------+--------+--------+--------+--------+--------+--------+--------+--------+--------+----------------------------------------
        |        |        |        |        |        |        |        |        |        |        |        |        | <Global clock Net Name>
--------+--------+--------+--------+--------+--------+--------+--------+--------+--------+--------+--------+--------+----------------------------------------
      7 |      0 |      0 |      0 |      0 |      0 |      0 |      0 |      0 |      0 |      0 |    137 |    806 |clk_100_0000MHz
      0 |      0 |      0 |      0 |      0 |      0 |      0 |      0 |      0 |      0 |      0 |      2 |    100 |mdm_0/Dbg_Clk_1
      0 |      0 |      0 |      0 |      0 |      0 |      0 |      0 |      0 |      0 |      0 |      0 |     14 |ring_osc_4/ring_osc_4/USER_LOGIC_I/ring_osc_buf
      0 |      0 |      0 |      0 |      0 |      0 |      0 |      0 |      0 |      0 |      0 |      0 |     48 |ring_osc_5/ring_osc_5/USER_LOGIC_I/ring_osc_buf
      0 |      0 |      0 |      0 |      0 |      0 |      0 |      0 |      0 |      0 |      0 |      0 |     62 |ring_osc_6/ring_osc_6/USER_LOGIC_I/ring_osc_buf
      0 |      0 |      0 |      0 |      0 |      0 |      0 |      0 |      0 |      0 |      0 |      0 |     10 |ring_osc_7/ring_osc_7/USER_LOGIC_I/ring_osc_buf
--------+--------+--------+--------+--------+--------+--------+--------+--------+--------+--------+--------+--------+----------------------------------------
      7 |      0 |      0 |      0 |      0 |      0 |      0 |      0 |      0 |      0 |      0 |    139 |   1040 | Total 
--------+--------+--------+--------+--------+--------+--------+--------+--------+--------+--------+--------+--------+----------------------------------------


Clock-Region: <CLOCKREGION_X1Y2> 
 key resource utilizations (used/available): global-clocks - 8/8 ;
--------+--------+--------+--------+--------+--------+--------+--------+--------+--------+--------+--------+--------+----------------------------------------
   BRAM |    DCM |   PMCD |     GT | ILOGIC | OLOGIC |   MULT |   EMAC |    PPC |   PCIE | IDLYCT | LUTRAM |     FF | <- (Types of Resources in this  Region)
   FIFO |        |        |        |        |        |        |        |        |        |        |        |        |
--------+--------+--------+--------+--------+--------+--------+--------+--------+--------+--------+--------+--------+----------------------------------------
     32 |      0 |      0 |      0 |     32 |     32 |     16 |      0 |      0 |      0 |      1 |   1280 |   2560 | <- (Available Resources in this Region)
--------+--------+--------+--------+--------+--------+--------+--------+--------+--------+--------+--------+--------+----------------------------------------
        |        |        |        |        |        |        |        |        |        |        |        |        | <Global clock Net Name>
--------+--------+--------+--------+--------+--------+--------+--------+--------+--------+--------+--------+--------+----------------------------------------
      0 |      0 |      0 |      0 |      1 |      1 |      0 |      0 |      0 |      0 |      0 |     16 |    368 |clk_100_0000MHz
      0 |      0 |      0 |      0 |      0 |      0 |      0 |      0 |      0 |      0 |      0 |      0 |      9 |mdm_0/Dbg_Clk_1
      0 |      0 |      0 |      0 |      0 |      0 |      0 |      0 |      0 |      0 |      0 |      0 |     58 |ring_osc_0/ring_osc_0/USER_LOGIC_I/ring_osc_buf
      0 |      0 |      0 |      0 |      0 |      0 |      0 |      0 |      0 |      0 |      0 |      0 |     58 |ring_osc_1/ring_osc_1/USER_LOGIC_I/ring_osc_buf
      0 |      0 |      0 |      0 |      0 |      0 |      0 |      0 |      0 |      0 |      0 |      0 |     70 |ring_osc_2/ring_osc_2/USER_LOGIC_I/ring_osc_buf
      0 |      0 |      0 |      0 |      0 |      0 |      0 |      0 |      0 |      0 |      0 |      0 |     89 |ring_osc_3/ring_osc_3/USER_LOGIC_I/ring_osc_buf
      0 |      0 |      0 |      0 |      0 |      0 |      0 |      0 |      0 |      0 |      0 |      0 |     33 |ring_osc_4/ring_osc_4/USER_LOGIC_I/ring_osc_buf
      0 |      0 |      0 |      0 |      0 |      0 |      0 |      0 |      0 |      0 |      0 |      0 |     77 |ring_osc_7/ring_osc_7/USER_LOGIC_I/ring_osc_buf
--------+--------+--------+--------+--------+--------+--------+--------+--------+--------+--------+--------+--------+----------------------------------------
      0 |      0 |      0 |      0 |      1 |      1 |      0 |      0 |      0 |      0 |      0 |     16 |    762 | Total 
--------+--------+--------+--------+--------+--------+--------+--------+--------+--------+--------+--------+--------+----------------------------------------


Clock-Region: <CLOCKREGION_X0Y3> 
 key resource utilizations (used/available): global-clocks - 4/8 ;
--------+--------+--------+--------+--------+--------+--------+--------+--------+--------+--------+--------+--------+----------------------------------------
   BRAM |    DCM |   PMCD |     GT | ILOGIC | OLOGIC |   MULT |   EMAC |    PPC |   PCIE | IDLYCT | LUTRAM |     FF | <- (Types of Resources in this  Region)
   FIFO |        |        |        |        |        |        |        |        |        |        |        |        |
--------+--------+--------+--------+--------+--------+--------+--------+--------+--------+--------+--------+--------+----------------------------------------
     32 |      0 |      0 |      0 |     48 |     48 |     16 |      0 |      0 |      0 |      2 |   1280 |   2560 | <- (Available Resources in this Region)
--------+--------+--------+--------+--------+--------+--------+--------+--------+--------+--------+--------+--------+----------------------------------------
        |        |        |        |        |        |        |        |        |        |        |        |        | <Global clock Net Name>
--------+--------+--------+--------+--------+--------+--------+--------+--------+--------+--------+--------+--------+----------------------------------------
      0 |      0 |      0 |      0 |      0 |      0 |      0 |      0 |      0 |      0 |      0 |      8 |     22 |clk_100_0000MHz
      0 |      0 |      0 |      0 |      0 |      0 |      0 |      0 |      0 |      0 |      0 |     16 |     15 |mdm_0/Dbg_Clk_1
      0 |      0 |      0 |      0 |      0 |      0 |      0 |      0 |      0 |      0 |      0 |      0 |      1 |ring_osc_4/ring_osc_4/USER_LOGIC_I/ring_osc_buf
      0 |      0 |      0 |      0 |      0 |      0 |      0 |      0 |      0 |      0 |      0 |      0 |      2 |ring_osc_5/ring_osc_5/USER_LOGIC_I/ring_osc_buf
--------+--------+--------+--------+--------+--------+--------+--------+--------+--------+--------+--------+--------+----------------------------------------
      0 |      0 |      0 |      0 |      0 |      0 |      0 |      0 |      0 |      0 |      0 |     24 |     40 | Total 
--------+--------+--------+--------+--------+--------+--------+--------+--------+--------+--------+--------+--------+----------------------------------------


Clock-Region: <CLOCKREGION_X1Y3> 
 key resource utilizations (used/available): global-clocks - 7/8 ;
--------+--------+--------+--------+--------+--------+--------+--------+--------+--------+--------+--------+--------+----------------------------------------
   BRAM |    DCM |   PMCD |     GT | ILOGIC | OLOGIC |   MULT |   EMAC |    PPC |   PCIE | IDLYCT | LUTRAM |     FF | <- (Types of Resources in this  Region)
   FIFO |        |        |        |        |        |        |        |        |        |        |        |        |
--------+--------+--------+--------+--------+--------+--------+--------+--------+--------+--------+--------+--------+----------------------------------------
     32 |      0 |      0 |      0 |     32 |     32 |     16 |      0 |      0 |      0 |      1 |   1280 |   2560 | <- (Available Resources in this Region)
--------+--------+--------+--------+--------+--------+--------+--------+--------+--------+--------+--------+--------+----------------------------------------
        |        |        |        |        |        |        |        |        |        |        |        |        | <Global clock Net Name>
--------+--------+--------+--------+--------+--------+--------+--------+--------+--------+--------+--------+--------+----------------------------------------
      0 |      0 |      0 |      0 |      0 |      0 |      0 |      0 |      0 |      0 |      0 |      0 |      9 |clk_100_0000MHz
      0 |      0 |      0 |      0 |      0 |      0 |      0 |      0 |      0 |      0 |      0 |      3 |     24 |mdm_0/Dbg_Clk_1
      0 |      0 |      0 |      0 |      0 |      0 |      0 |      0 |      0 |      0 |      0 |      0 |     11 |ring_osc_0/ring_osc_0/USER_LOGIC_I/ring_osc_buf
      0 |      0 |      0 |      0 |      0 |      0 |      0 |      0 |      0 |      0 |      0 |      0 |     24 |ring_osc_2/ring_osc_2/USER_LOGIC_I/ring_osc_buf
      0 |      0 |      0 |      0 |      0 |      0 |      0 |      0 |      0 |      0 |      0 |      0 |      2 |ring_osc_3/ring_osc_3/USER_LOGIC_I/ring_osc_buf
      0 |      0 |      0 |      0 |      0 |      0 |      0 |      0 |      0 |      0 |      0 |      0 |     10 |ring_osc_4/ring_osc_4/USER_LOGIC_I/ring_osc_buf
      0 |      0 |      0 |      0 |      0 |      0 |      0 |      0 |      0 |      0 |      0 |      0 |     32 |ring_osc_6/ring_osc_6/USER_LOGIC_I/ring_osc_buf
--------+--------+--------+--------+--------+--------+--------+--------+--------+--------+--------+--------+--------+----------------------------------------
      0 |      0 |      0 |      0 |      0 |      0 |      0 |      0 |      0 |      0 |      0 |      3 |    112 | Total 
--------+--------+--------+--------+--------+--------+--------+--------+--------+--------+--------+--------+--------+----------------------------------------


Clock-Region: <CLOCKREGION_X0Y4> 
 key resource utilizations (used/available): global-clocks - 2/8 ;
--------+--------+--------+--------+--------+--------+--------+--------+--------+--------+--------+--------+--------+----------------------------------------
   BRAM |    DCM |   PMCD |     GT | ILOGIC | OLOGIC |   MULT |   EMAC |    PPC |   PCIE | IDLYCT | LUTRAM |     FF | <- (Types of Resources in this  Region)
   FIFO |        |        |        |        |        |        |        |        |        |        |        |        |
--------+--------+--------+--------+--------+--------+--------+--------+--------+--------+--------+--------+--------+----------------------------------------
     32 |      1 |      2 |      0 |     48 |     48 |     16 |      0 |      0 |      0 |      2 |   1280 |   2560 | <- (Available Resources in this Region)
--------+--------+--------+--------+--------+--------+--------+--------+--------+--------+--------+--------+--------+----------------------------------------
        |        |        |        |        |        |        |        |        |        |        |        |        | <Global clock Net Name>
--------+--------+--------+--------+--------+--------+--------+--------+--------+--------+--------+--------+--------+----------------------------------------
      0 |      0 |      0 |      0 |      0 |      0 |      0 |      0 |      0 |      0 |      0 |      2 |      6 |clk_100_0000MHz
      0 |      0 |      0 |      0 |      0 |      0 |      0 |      0 |      0 |      0 |      0 |      0 |     30 |ring_osc_5/ring_osc_5/USER_LOGIC_I/ring_osc_buf
--------+--------+--------+--------+--------+--------+--------+--------+--------+--------+--------+--------+--------+----------------------------------------
      0 |      0 |      0 |      0 |      0 |      0 |      0 |      0 |      0 |      0 |      0 |      2 |     36 | Total 
--------+--------+--------+--------+--------+--------+--------+--------+--------+--------+--------+--------+--------+----------------------------------------


Clock-Region: <CLOCKREGION_X1Y4> 
 key resource utilizations (used/available): global-clocks - 2/8 ;
--------+--------+--------+--------+--------+--------+--------+--------+--------+--------+--------+--------+--------+----------------------------------------
   BRAM |    DCM |   PMCD |     GT | ILOGIC | OLOGIC |   MULT |   EMAC |    PPC |   PCIE | IDLYCT | LUTRAM |     FF | <- (Types of Resources in this  Region)
   FIFO |        |        |        |        |        |        |        |        |        |        |        |        |
--------+--------+--------+--------+--------+--------+--------+--------+--------+--------+--------+--------+--------+----------------------------------------
     32 |      0 |      0 |      0 |     32 |     32 |     16 |      0 |      0 |      0 |      1 |   1280 |   2560 | <- (Available Resources in this Region)
--------+--------+--------+--------+--------+--------+--------+--------+--------+--------+--------+--------+--------+----------------------------------------
        |        |        |        |        |        |        |        |        |        |        |        |        | <Global clock Net Name>
--------+--------+--------+--------+--------+--------+--------+--------+--------+--------+--------+--------+--------+----------------------------------------
      0 |      0 |      0 |      0 |      0 |      0 |      0 |      0 |      0 |      0 |      0 |      0 |     21 |ring_osc_0/ring_osc_0/USER_LOGIC_I/ring_osc_buf
      0 |      0 |      0 |      0 |      0 |      0 |      0 |      0 |      0 |      0 |      0 |      0 |     22 |ring_osc_4/ring_osc_4/USER_LOGIC_I/ring_osc_buf
--------+--------+--------+--------+--------+--------+--------+--------+--------+--------+--------+--------+--------+----------------------------------------
      0 |      0 |      0 |      0 |      0 |      0 |      0 |      0 |      0 |      0 |      0 |      0 |     43 | Total 
--------+--------+--------+--------+--------+--------+--------+--------+--------+--------+--------+--------+--------+----------------------------------------


Clock-Region: <CLOCKREGION_X0Y5> 
 key resource utilizations (used/available): global-clocks - 1/8 ;
--------+--------+--------+--------+--------+--------+--------+--------+--------+--------+--------+--------+--------+----------------------------------------
   BRAM |    DCM |   PMCD |     GT | ILOGIC | OLOGIC |   MULT |   EMAC |    PPC |   PCIE | IDLYCT | LUTRAM |     FF | <- (Types of Resources in this  Region)
   FIFO |        |        |        |        |        |        |        |        |        |        |        |        |
--------+--------+--------+--------+--------+--------+--------+--------+--------+--------+--------+--------+--------+----------------------------------------
     32 |      4 |      0 |      0 |     32 |     32 |     16 |      0 |      0 |      0 |      1 |   1280 |   2560 | <- (Available Resources in this Region)
--------+--------+--------+--------+--------+--------+--------+--------+--------+--------+--------+--------+--------+----------------------------------------
        |        |        |        |        |        |        |        |        |        |        |        |        | <Global clock Net Name>
--------+--------+--------+--------+--------+--------+--------+--------+--------+--------+--------+--------+--------+----------------------------------------
      0 |      1 |      0 |      0 |      0 |      0 |      0 |      0 |      0 |      0 |      0 |      0 |      0 |clk_100_0000MHz
--------+--------+--------+--------+--------+--------+--------+--------+--------+--------+--------+--------+--------+----------------------------------------
      0 |      1 |      0 |      0 |      0 |      0 |      0 |      0 |      0 |      0 |      0 |      0 |      0 | Total 
--------+--------+--------+--------+--------+--------+--------+--------+--------+--------+--------+--------+--------+----------------------------------------


Clock-Region: <CLOCKREGION_X1Y5> 
 key resource utilizations (used/available): global-clocks - 0/8 ;
--------+--------+--------+--------+--------+--------+--------+--------+--------+--------+--------+--------+--------+----------------------------------------
   BRAM |    DCM |   PMCD |     GT | ILOGIC | OLOGIC |   MULT |   EMAC |    PPC |   PCIE | IDLYCT | LUTRAM |     FF | <- (Types of Resources in this  Region)
   FIFO |        |        |        |        |        |        |        |        |        |        |        |        |
--------+--------+--------+--------+--------+--------+--------+--------+--------+--------+--------+--------+--------+----------------------------------------
     32 |      0 |      0 |      0 |     32 |     32 |     16 |      0 |      0 |      0 |      1 |   1280 |   2560 | <- (Available Resources in this Region)
--------+--------+--------+--------+--------+--------+--------+--------+--------+--------+--------+--------+--------+----------------------------------------
        |        |        |        |        |        |        |        |        |        |        |        |        | <Global clock Net Name>
--------+--------+--------+--------+--------+--------+--------+--------+--------+--------+--------+--------+--------+----------------------------------------
--------+--------+--------+--------+--------+--------+--------+--------+--------+--------+--------+--------+--------+----------------------------------------
      0 |      0 |      0 |      0 |      0 |      0 |      0 |      0 |      0 |      0 |      0 |      0 |      0 | Total 
--------+--------+--------+--------+--------+--------+--------+--------+--------+--------+--------+--------+--------+----------------------------------------

NOTE:
The above detailed report is the initial placement of the logic after the clock region assignment. The final placement
may be significantly different because of the various optimization steps which will follow. Specifically, logic blocks
maybe moved to adjacent clock-regions as long as the "number of clocks per region" constraint is not violated.


# END of Global Clock Net Loads Distribution Report:
######################################################################################


Phase 6.30  Global Clock Region Assignment (Checksum:28589bcb) REAL time: 32 secs 

Phase 7.3  Local Placement Optimization
Phase 7.3  Local Placement Optimization (Checksum:28589bcb) REAL time: 32 secs 

Phase 8.5  Local Placement Optimization
Phase 8.5  Local Placement Optimization (Checksum:28589bcb) REAL time: 32 secs 

Phase 9.8  Global Placement
.............................
...........................................................................................
.......................
.............................................................................................................................
................
Phase 9.8  Global Placement (Checksum:bdf1b573) REAL time: 46 secs 

Phase 10.5  Local Placement Optimization
Phase 10.5  Local Placement Optimization (Checksum:bdf1b573) REAL time: 46 secs 

Phase 11.18  Placement Optimization
Phase 11.18  Placement Optimization (Checksum:f0174c4f) REAL time: 59 secs 

Phase 12.5  Local Placement Optimization
Phase 12.5  Local Placement Optimization (Checksum:f0174c4f) REAL time: 59 secs 

Phase 13.34  Placement Validation
Phase 13.34  Placement Validation (Checksum:f0174c4f) REAL time: 59 secs 

Total REAL time to Placer completion: 1 mins 
Total CPU  time to Placer completion: 1 mins 
Running post-placement packing...

Design Summary:
Number of errors:      0
Number of warnings:    5
Logic Utilization:
  Number of Slice Flip Flops:         3,931 out of  30,720   12%
  Number of 4 input LUTs:             4,945 out of  30,720   16%
Logic Distribution:
  Number of occupied Slices:          4,679 out of  15,360   30%
    Number of Slices containing only related logic:   4,679 out of   4,679 100%
    Number of Slices containing unrelated logic:          0 out of   4,679   0%
      *See NOTES below for an explanation of the effects of unrelated logic.
  Total Number of 4 input LUTs:       5,311 out of  30,720   17%
    Number used as logic:             4,430
    Number used as a route-thru:        366
    Number used for Dual Port RAMs:     384
      (Two LUTs used per Dual Port RAM)
    Number used as Shift registers:     131

  The Slice Logic Distribution report is not meaningful if the design is
  over-mapped for a non-slice resource or if Placement fails.
  Number of bonded IOBs:                  9 out of     448    2%
    IOB Flip Flops:                       2
  Number of BUFG/BUFGCTRLs:              10 out of      32   31%
    Number used as BUFGs:                10
  Number of FIFO16/RAMB16s:              16 out of     192    8%
    Number used as RAMB16s:              16
  Number of DSP48s:                       3 out of     192    1%
  Number of DCM_ADVs:                     1 out of       8   12%
  Number of BSCAN_VIRTEX4s:               1 out of       4   25%

  Number of hard macros:           8
Average Fanout of Non-Clock Nets:                3.46

Peak Memory Usage:  1091 MB
Total REAL time to MAP completion:  1 mins 3 secs 
Total CPU time to MAP completion:   1 mins 3 secs 

Mapping completed.
See MAP report file "system_map.mrp" for details.



#----------------------------------------------#
# Starting program par
# par -w -ol high system_map.ncd system.ncd system.pcf 
#----------------------------------------------#
Release 14.4 - par P.49d (lin64)
Copyright (c) 1995-2012 Xilinx, Inc.  All rights reserved.
PMSPEC -- Overriding Xilinx file </opt/Xilinx/14.4/ISE_DS/EDK/data/parBmgr.acd> with local file
</opt/Xilinx/14.4/ISE_DS/ISE/data/parBmgr.acd>



Constraints file: system.pcf.
Loading device for application Rf_Device from file '4vsx35.nph' in environment
/opt/Xilinx/14.4/ISE_DS/ISE/:/opt/Xilinx/14.4/ISE_DS/EDK.
   "system" is an NCD, version 3.2, device xc4vsx35, package ff668, speed -11
This design is using the default stepping level (major silicon revision) for this device (1). Unless your design is
targeted at devices of this stepping level, it is recommended that you explicitly specify the stepping level of the
parts you will be using. This will allow the tools to take advantage of any available performance and functional
enhancements for this device. The latest stepping level for this device is '2'. Additional information on "stepping
level" is available at support.xilinx.com.
Loading device for application Rf_Device from file '4vlx60.nph' in environment
/opt/Xilinx/14.4/ISE_DS/ISE/:/opt/Xilinx/14.4/ISE_DS/EDK.
   "inverter" is an NCD, version 3.2, device xc4vlx60, package ff668, speed -11
This design is using the default stepping level (major silicon revision) for this device (1). Unless your design is
targeted at devices of this stepping level, it is recommended that you explicitly specify the stepping level of the
parts you will be using. This will allow the tools to take advantage of any available performance and functional
enhancements for this device. The latest stepping level for this device is '2'. Additional information on "stepping
level" is available at support.xilinx.com.

Initializing temperature to 85.000 Celsius. (default - Range: 0.000 to 85.000 Celsius)
Initializing voltage to 1.140 Volts. (default - Range: 1.140 to 1.260 Volts)


Device speed data version:  "PRODUCTION 1.71 2012-12-04".



Device Utilization Summary:

   Number of BSCANs                          1 out of 4      25%
   Number of BUFGs                          10 out of 32     31%
   Number of DCM_ADVs                        1 out of 8      12%
   Number of DSP48s                          3 out of 192     1%
   Number of ILOGICs                         1 out of 448     1%
   Number of External IOBs                   9 out of 448     2%
      Number of LOCed IOBs                   9 out of 9     100%

   Number of OLOGICs                         1 out of 448     1%
   Number of RAMB16s                        16 out of 192     8%
   Number of Slices                       4679 out of 15360  30%
      Number of SLICEMs                    273 out of 7680    3%



Overall effort level (-ol):   High 
Router effort level (-rl):    High 

Starting initial Timing Analysis.  REAL time: 12 secs 
Finished initial Timing Analysis.  REAL time: 12 secs 

WARNING:Par:288 - The signal dlmb_LMB_ABus<30> has no load.  PAR will not attempt to route this signal.
WARNING:Par:288 - The signal dlmb_LMB_ABus<31> has no load.  PAR will not attempt to route this signal.
Starting Router


Phase  1  : 29084 unrouted;      REAL time: 13 secs 

Phase  2  : 24742 unrouted;      REAL time: 14 secs 

Phase  3  : 7917 unrouted;      REAL time: 17 secs 

Phase  4  : 7925 unrouted; (Setup:0, Hold:0, Component Switching Limit:0)     REAL time: 20 secs 

Updating file: system.ncd with current fully routed design.

Phase  5  : 0 unrouted; (Setup:0, Hold:0, Component Switching Limit:0)     REAL time: 25 secs 

Phase  6  : 0 unrouted; (Setup:0, Hold:0, Component Switching Limit:0)     REAL time: 25 secs 

Phase  7  : 0 unrouted; (Setup:0, Hold:0, Component Switching Limit:0)     REAL time: 25 secs 

Phase  8  : 0 unrouted; (Setup:0, Hold:0, Component Switching Limit:0)     REAL time: 25 secs 

Phase  9  : 0 unrouted; (Setup:0, Hold:0, Component Switching Limit:0)     REAL time: 25 secs 

Phase 10  : 0 unrouted; (Setup:0, Hold:0, Component Switching Limit:0)     REAL time: 27 secs 
Total REAL time to Router completion: 27 secs 
Total CPU time to Router completion: 26 secs 

Partition Implementation Status
-------------------------------

  No Partitions were found in this design.

-------------------------------

Generating "PAR" statistics.

**************************
Generating Clock Report
**************************

+---------------------+--------------+------+------+------------+-------------+
|        Clock Net    |   Resource   |Locked|Fanout|Net Skew(ns)|Max Delay(ns)|
+---------------------+--------------+------+------+------------+-------------+
|     clk_100_0000MHz |BUFGCTRL_X0Y31| No   | 2988 |  0.480     |  2.738      |
+---------------------+--------------+------+------+------------+-------------+
|ring_osc_3/ring_osc_ |              |      |      |            |             |
|3/USER_LOGIC_I/ring_ |              |      |      |            |             |
|             osc_buf | BUFGCTRL_X0Y1| No   |   65 |  0.080     |  2.571      |
+---------------------+--------------+------+------+------------+-------------+
|     mdm_0/Dbg_Clk_1 |BUFGCTRL_X0Y27| No   |  176 |  0.421     |  2.635      |
+---------------------+--------------+------+------+------------+-------------+
|ring_osc_5/ring_osc_ |              |      |      |            |             |
|5/USER_LOGIC_I/ring_ |              |      |      |            |             |
|             osc_buf |BUFGCTRL_X0Y30| No   |   62 |  0.201     |  2.520      |
+---------------------+--------------+------+------+------------+-------------+
|ring_osc_7/ring_osc_ |              |      |      |            |             |
|7/USER_LOGIC_I/ring_ |              |      |      |            |             |
|             osc_buf | BUFGCTRL_X0Y2| No   |   66 |  0.267     |  2.569      |
+---------------------+--------------+------+------+------------+-------------+
|ring_osc_6/ring_osc_ |              |      |      |            |             |
|6/USER_LOGIC_I/ring_ |              |      |      |            |             |
|             osc_buf | BUFGCTRL_X0Y4| No   |   64 |  0.192     |  2.539      |
+---------------------+--------------+------+------+------------+-------------+
|ring_osc_4/ring_osc_ |              |      |      |            |             |
|4/USER_LOGIC_I/ring_ |              |      |      |            |             |
|             osc_buf |BUFGCTRL_X0Y28| No   |   68 |  0.158     |  2.515      |
+---------------------+--------------+------+------+------------+-------------+
|ring_osc_2/ring_osc_ |              |      |      |            |             |
|2/USER_LOGIC_I/ring_ |              |      |      |            |             |
|             osc_buf | BUFGCTRL_X0Y3| No   |   66 |  0.146     |  2.564      |
+---------------------+--------------+------+------+------------+-------------+
|ring_osc_1/ring_osc_ |              |      |      |            |             |
|1/USER_LOGIC_I/ring_ |              |      |      |            |             |
|             osc_buf | BUFGCTRL_X0Y0| No   |   69 |  0.186     |  2.587      |
+---------------------+--------------+------+------+------------+-------------+
|ring_osc_0/ring_osc_ |              |      |      |            |             |
|0/USER_LOGIC_I/ring_ |              |      |      |            |             |
|             osc_buf |BUFGCTRL_X0Y29| No   |   66 |  0.110     |  2.502      |
+---------------------+--------------+------+------+------------+-------------+
|  mdm_0/Dbg_Update_1 |         Local|      |   42 |  1.411     |  2.952      |
+---------------------+--------------+------+------+------------+-------------+
|fpga_0_clk_1_sys_clk |              |      |      |            |             |
|          _pin_IBUFG |         Local|      |    5 |  0.615     |  1.973      |
+---------------------+--------------+------+------+------------+-------------+
|xps_timer_0_Interrup |              |      |      |            |             |
|                   t |         Local|      |    1 |  0.000     |  1.022      |
+---------------------+--------------+------+------+------------+-------------+

* Net Skew is the difference between the minimum and maximum routing
only delays for the net. Note this is different from Clock Skew which
is reported in TRCE timing report. Clock Skew is the difference between
the minimum and maximum path delays which includes logic delays.

* The fanout is the number of component pins not the individual BEL loads,
for example SLICE loads not FF loads.

Timing Score: 0 (Setup: 0, Hold: 0, Component Switching Limit: 0)

Asterisk (*) preceding a constraint indicates it was not met.
   This may be due to a setup or hold violation.

----------------------------------------------------------------------------------------------------------
  Constraint                                |    Check    | Worst Case |  Best Case | Timing |   Timing   
                                            |             |    Slack   | Achievable | Errors |    Score   
----------------------------------------------------------------------------------------------------------
  TS_clock_generator_0_clock_generator_0_SI | SETUP       |     0.439ns|     9.561ns|       0|           0
  G_DCM0_CLK0 = PERIOD TIMEGRP         "clo | HOLD        |     0.405ns|            |       0|           0
  ck_generator_0_clock_generator_0_SIG_DCM0 |             |            |            |        |            
  _CLK0" TS_sys_clk_pin         HIGH 50%    |             |            |            |        |            
----------------------------------------------------------------------------------------------------------
  TS_sys_clk_pin = PERIOD TIMEGRP "sys_clk_ | SETUP       |     7.706ns|     2.294ns|       0|           0
  pin" 100 MHz HIGH 50%                     | HOLD        |     0.636ns|            |       0|           0
                                            | MINPERIOD   |     3.334ns|     6.666ns|       0|           0
----------------------------------------------------------------------------------------------------------


Derived Constraint Report
Review Timing Report for more details on the following derived constraints.
To create a Timing Report, run "trce -v 12 -fastpaths -o design_timing_report design.ncd design.pcf"
or "Run Timing Analysis" from Timing Analyzer (timingan).
Derived Constraints for TS_sys_clk_pin
+-------------------------------+-------------+-------------+-------------+-------------+-------------+-------------+-------------+
|                               |   Period    |       Actual Period       |      Timing Errors        |      Paths Analyzed       |
|           Constraint          | Requirement |-------------+-------------|-------------+-------------|-------------+-------------|
|                               |             |   Direct    | Derivative  |   Direct    | Derivative  |   Direct    | Derivative  |
+-------------------------------+-------------+-------------+-------------+-------------+-------------+-------------+-------------+
|TS_sys_clk_pin                 |     10.000ns|      6.666ns|      9.561ns|            0|            0|            3|       314780|
| TS_clock_generator_0_clock_gen|     10.000ns|      9.561ns|          N/A|            0|            0|       314780|            0|
| erator_0_SIG_DCM0_CLK0        |             |             |             |             |             |             |             |
+-------------------------------+-------------+-------------+-------------+-------------+-------------+-------------+-------------+

All constraints were met.


Generating Pad Report.

All signals are completely routed.

WARNING:Par:283 - There are 2 loadless signals in this design. This design will cause Bitgen to issue DRC warnings.

Total REAL time to PAR completion: 30 secs 
Total CPU time to PAR completion: 29 secs 

Peak Memory Usage:  908 MB

Placer: Placement generated during map.
Routing: Completed - No errors found.
Timing: Completed - No errors found.

Number of error messages: 0
Number of warning messages: 4
Number of info messages: 0

Writing design to file system.ncd



PAR done!



#----------------------------------------------#
# Starting program post_par_trce
# trce -e 3 -xml system.twx system.ncd system.pcf 
#----------------------------------------------#
Release 14.4 - Trace  (lin64)
Copyright (c) 1995-2012 Xilinx, Inc.  All rights reserved.


PMSPEC -- Overriding Xilinx file
</opt/Xilinx/14.4/ISE_DS/EDK/virtex4/data/virtex4.acd> with local file
</opt/Xilinx/14.4/ISE_DS/ISE/virtex4/data/virtex4.acd>
Loading device for application Rf_Device from file '4vsx35.nph' in environment
/opt/Xilinx/14.4/ISE_DS/ISE/:/opt/Xilinx/14.4/ISE_DS/EDK.
   "system" is an NCD, version 3.2, device xc4vsx35, package ff668, speed -11
This design is using the default stepping level (major silicon revision) for
this device (1). Unless your design is targeted at devices of this stepping
level, it is recommended that you explicitly specify the stepping level of the
parts you will be using. This will allow the tools to take advantage of any
available performance and functional enhancements for this device. The latest
stepping level for this device is '2'. Additional information on "stepping
level" is available at support.xilinx.com.
Loading device for application Rf_Device from file '4vlx60.nph' in environment
/opt/Xilinx/14.4/ISE_DS/ISE/:/opt/Xilinx/14.4/ISE_DS/EDK.
   "inverter" is an NCD, version 3.2, device xc4vlx60, package ff668, speed -11
This design is using the default stepping level (major silicon revision) for
this device (1). Unless your design is targeted at devices of this stepping
level, it is recommended that you explicitly specify the stepping level of the
parts you will be using. This will allow the tools to take advantage of any
available performance and functional enhancements for this device. The latest
stepping level for this device is '2'. Additional information on "stepping
level" is available at support.xilinx.com.
--------------------------------------------------------------------------------
Release 14.4 Trace  (lin64)
Copyright (c) 1995-2012 Xilinx, Inc.  All rights reserved.

/opt/Xilinx/14.4/ISE_DS/ISE/bin/lin64/unwrapped/trce -e 3 -xml system.twx
system.ncd system.pcf


Design file:              system.ncd
Physical constraint file: system.pcf
Device,speed:             xc4vsx35,-11 (PRODUCTION 1.71 2012-12-04, STEPPING
level 1)
Report level:             error report
--------------------------------------------------------------------------------

INFO:Timing:3412 - To improve timing, see the Timing Closure User Guide (UG612).
INFO:Timing:2752 - To get complete path coverage, use the unconstrained paths
   option. All paths that are not constrained will be reported in the
   unconstrained paths section(s) of the report.
INFO:Timing:3339 - The clock-to-out numbers in this timing report are based on a
   50 Ohm transmission line loading model.  For the details of this model, and
   for more information on accounting for different loading conditions, please
   see the device datasheet.


Timing summary:
---------------

Timing errors: 0  Score: 0 (Setup/Max: 0, Hold: 0)

Constraints cover 314783 paths, 0 nets, and 24059 connections

Design statistics:
   Minimum period:   9.561ns (Maximum frequency: 104.592MHz)


Analysis completed Wed Apr 25 11:17:32 2018
--------------------------------------------------------------------------------

Generating Report ...

Number of warnings: 0
Number of info messages: 3
Total time: 14 secs 


